<?xml version="1.0" encoding="UTF-8"?>
<testsuite name="com.Store.Store.StoreApplicationTests" tests="1" skipped="0" failures="0" errors="0" timestamp="2024-09-29T03:19:47" hostname="PSOFKA0723" time="1.345">
  <properties/>
  <testcase name="contextLoads()" classname="com.Store.Store.StoreApplicationTests" time="1.345"/>
  <system-out><![CDATA[22:19:30.444 [Test worker] INFO org.springframework.test.context.support.AnnotationConfigContextLoaderUtils -- Could not detect default configuration classes for test class [com.Store.Store.StoreApplicationTests]: StoreApplicationTests does not declare any static, non-private, non-final, nested classes annotated with @Configuration.
22:19:30.838 [Test worker] INFO org.springframework.boot.test.context.SpringBootTestContextBootstrapper -- Found @SpringBootConfiguration com.Store.Store.StoreApplication for test class com.Store.Store.StoreApplicationTests

  .   ____          _            __ _ _
 /\\ / ___'_ __ _ _(_)_ __  __ _ \ \ \ \
( ( )\___ | '_ | '_| | '_ \/ _` | \ \ \ \
 \\/  ___)| |_)| | | | | || (_| |  ) ) ) )
  '  |____| .__|_| |_|_| |_\__, | / / / /
 =========|_|==============|___/=/_/_/_/

 :: Spring Boot ::                (v3.3.4)

2024-09-28T22:19:31.758-05:00  INFO 3320 --- [Store] [    Test worker] com.Store.Store.StoreApplicationTests    : Starting StoreApplicationTests using Java 17.0.11 with PID 3320 (started by leonel.borja in D:\Leobor\Store\Store)
2024-09-28T22:19:31.769-05:00  INFO 3320 --- [Store] [    Test worker] com.Store.Store.StoreApplicationTests    : No active profile set, falling back to 1 default profile: "default"
2024-09-28T22:19:31.773-05:00 DEBUG 3320 --- [Store] [    Test worker] o.s.boot.SpringApplication               : Loading source class com.Store.Store.StoreApplication
2024-09-28T22:19:31.835-05:00 DEBUG 3320 --- [Store] [    Test worker] o.s.w.c.s.GenericWebApplicationContext   : Refreshing org.springframework.web.context.support.GenericWebApplicationContext@2dbd803f
2024-09-28T22:19:31.920-05:00 DEBUG 3320 --- [Store] [    Test worker] o.s.b.f.s.DefaultListableBeanFactory     : Creating shared instance of singleton bean 'org.springframework.context.annotation.internalConfigurationAnnotationProcessor'
2024-09-28T22:19:31.996-05:00 DEBUG 3320 --- [Store] [    Test worker] o.s.b.f.s.DefaultListableBeanFactory     : Creating shared instance of singleton bean 'org.springframework.boot.autoconfigure.internalCachingMetadataReaderFactory'
2024-09-28T22:19:32.085-05:00 DEBUG 3320 --- [Store] [    Test worker] o.s.c.a.ClassPathBeanDefinitionScanner   : Identified candidate component class: file [D:\Leobor\Store\Store\build\classes\java\main\com\Store\Store\adapter\ClientServiceImpl.class]
2024-09-28T22:19:32.085-05:00 DEBUG 3320 --- [Store] [    Test worker] o.s.c.a.ClassPathBeanDefinitionScanner   : Identified candidate component class: file [D:\Leobor\Store\Store\build\classes\java\main\com\Store\Store\adapter\ProductServiceImpl.class]
2024-09-28T22:19:32.088-05:00 DEBUG 3320 --- [Store] [    Test worker] o.s.c.a.ClassPathBeanDefinitionScanner   : Identified candidate component class: file [D:\Leobor\Store\Store\build\classes\java\main\com\Store\Store\adapter\VendorServiceImpl.class]
2024-09-28T22:19:32.131-05:00 DEBUG 3320 --- [Store] [    Test worker] o.s.c.a.ClassPathBeanDefinitionScanner   : Identified candidate component class: file [D:\Leobor\Store\Store\build\classes\java\main\com\Store\Store\delivery\ClientController.class]
2024-09-28T22:19:32.132-05:00 DEBUG 3320 --- [Store] [    Test worker] o.s.c.a.ClassPathBeanDefinitionScanner   : Identified candidate component class: file [D:\Leobor\Store\Store\build\classes\java\main\com\Store\Store\delivery\ProductController.class]
2024-09-28T22:19:32.134-05:00 DEBUG 3320 --- [Store] [    Test worker] o.s.c.a.ClassPathBeanDefinitionScanner   : Identified candidate component class: file [D:\Leobor\Store\Store\build\classes\java\main\com\Store\Store\delivery\VendorController.class]
2024-09-28T22:19:32.169-05:00 DEBUG 3320 --- [Store] [    Test worker] o.s.c.a.ClassPathBeanDefinitionScanner   : Ignored because not a concrete top-level class: file [D:\Leobor\Store\Store\build\classes\java\main\com\Store\Store\repository\ClientRepository.class]
2024-09-28T22:19:33.007-05:00 DEBUG 3320 --- [Store] [    Test worker] ySourcesPropertyResolver$DefaultResolver : Found key 'POSTGRES_ADDON_HOST' in PropertySource 'systemEnvironment' with value of type String
2024-09-28T22:19:33.008-05:00 DEBUG 3320 --- [Store] [    Test worker] ySourcesPropertyResolver$DefaultResolver : Found key 'POSTGRES_ADDON_DB' in PropertySource 'systemEnvironment' with value of type String
2024-09-28T22:19:34.280-05:00  INFO 3320 --- [Store] [    Test worker] .s.d.r.c.RepositoryConfigurationDelegate : Bootstrapping Spring Data JPA repositories in DEFAULT mode.
2024-09-28T22:19:34.300-05:00 DEBUG 3320 --- [Store] [    Test worker] o.s.b.f.s.DefaultListableBeanFactory     : Creating shared instance of singleton bean 'org.springframework.boot.autoconfigure.AutoConfigurationPackages'
2024-09-28T22:19:34.329-05:00 DEBUG 3320 --- [Store] [    Test worker] o.s.b.a.AutoConfigurationPackages        : @EnableAutoConfiguration was declared on a class in the package 'com.Store.Store'. Automatic @Repository and @Entity scanning is enabled.
2024-09-28T22:19:34.331-05:00 DEBUG 3320 --- [Store] [    Test worker] .s.d.r.c.RepositoryConfigurationDelegate : Scanning for JPA repositories in packages com.Store.Store.
2024-09-28T22:19:34.365-05:00 DEBUG 3320 --- [Store] [    Test worker] o.s.d.r.c.RepositoryComponentProvider    : Identified candidate component class: file [D:\Leobor\Store\Store\build\classes\java\main\com\Store\Store\repository\ClientRepository.class]
2024-09-28T22:19:34.366-05:00 DEBUG 3320 --- [Store] [    Test worker] o.s.d.r.c.RepositoryComponentProvider    : Identified candidate component class: file [D:\Leobor\Store\Store\build\classes\java\main\com\Store\Store\repository\ProductRepository.class]
2024-09-28T22:19:34.367-05:00 DEBUG 3320 --- [Store] [    Test worker] o.s.d.r.c.RepositoryComponentProvider    : Identified candidate component class: file [D:\Leobor\Store\Store\build\classes\java\main\com\Store\Store\repository\VendorRepository.class]
2024-09-28T22:19:34.850-05:00 DEBUG 3320 --- [Store] [    Test worker] ssPathScanningCandidateComponentProvider : Identified candidate component class: file [D:\Leobor\Store\Store\build\classes\java\main\com\Store\Store\adapter\ClientServiceImpl.class]
2024-09-28T22:19:34.851-05:00 DEBUG 3320 --- [Store] [    Test worker] ssPathScanningCandidateComponentProvider : Identified candidate component class: file [D:\Leobor\Store\Store\build\classes\java\main\com\Store\Store\adapter\ProductServiceImpl.class]
2024-09-28T22:19:34.851-05:00 DEBUG 3320 --- [Store] [    Test worker] ssPathScanningCandidateComponentProvider : Identified candidate component class: file [D:\Leobor\Store\Store\build\classes\java\main\com\Store\Store\adapter\VendorServiceImpl.class]
2024-09-28T22:19:34.892-05:00  INFO 3320 --- [Store] [    Test worker] .s.d.r.c.RepositoryConfigurationDelegate : Finished Spring Data repository scanning in 555 ms. Found 3 JPA repository interfaces.
2024-09-28T22:19:35.693-05:00 DEBUG 3320 --- [Store] [    Test worker] o.s.b.f.s.DefaultListableBeanFactory     : Creating shared instance of singleton bean 'propertySourcesPlaceholderConfigurer'
2024-09-28T22:19:35.701-05:00 DEBUG 3320 --- [Store] [    Test worker] o.s.b.f.s.DefaultListableBeanFactory     : Creating shared instance of singleton bean 'org.springframework.boot.test.mock.mockito.MockitoPostProcessor'
2024-09-28T22:19:35.703-05:00 DEBUG 3320 --- [Store] [    Test worker] o.s.b.f.s.DefaultListableBeanFactory     : Creating shared instance of singleton bean 'emBeanDefinitionRegistrarPostProcessor'
2024-09-28T22:19:35.704-05:00 DEBUG 3320 --- [Store] [    Test worker] o.s.b.f.s.DefaultListableBeanFactory     : Creating shared instance of singleton bean 'org.springframework.boot.sql.init.dependency.DatabaseInitializationDependencyConfigurer$DependsOnDatabaseInitializationPostProcessor'
2024-09-28T22:19:35.865-05:00 DEBUG 3320 --- [Store] [    Test worker] o.s.b.f.s.DefaultListableBeanFactory     : Creating shared instance of singleton bean 'org.springframework.context.event.internalEventListenerProcessor'
2024-09-28T22:19:35.869-05:00 DEBUG 3320 --- [Store] [    Test worker] o.s.b.f.s.DefaultListableBeanFactory     : Creating shared instance of singleton bean 'preserveErrorControllerTargetClassPostProcessor'
2024-09-28T22:19:35.871-05:00 DEBUG 3320 --- [Store] [    Test worker] o.s.b.f.s.DefaultListableBeanFactory     : Creating shared instance of singleton bean 'org.springframework.context.event.internalEventListenerFactory'
2024-09-28T22:19:35.872-05:00 DEBUG 3320 --- [Store] [    Test worker] o.s.b.f.s.DefaultListableBeanFactory     : Creating shared instance of singleton bean 'org.springframework.transaction.config.internalTransactionalEventListenerFactory'
2024-09-28T22:19:35.879-05:00 DEBUG 3320 --- [Store] [    Test worker] o.s.b.f.s.DefaultListableBeanFactory     : Creating shared instance of singleton bean 'org.springframework.boot.test.mock.mockito.MockitoPostProcessor$SpyPostProcessor'
2024-09-28T22:19:35.894-05:00 DEBUG 3320 --- [Store] [    Test worker] o.s.b.f.s.DefaultListableBeanFactory     : Creating shared instance of singleton bean 'org.springframework.context.annotation.internalAutowiredAnnotationProcessor'
2024-09-28T22:19:35.905-05:00 DEBUG 3320 --- [Store] [    Test worker] o.s.b.f.s.DefaultListableBeanFactory     : Creating shared instance of singleton bean 'org.springframework.context.annotation.internalCommonAnnotationProcessor'
2024-09-28T22:19:35.954-05:00 DEBUG 3320 --- [Store] [    Test worker] o.s.b.f.s.DefaultListableBeanFactory     : Creating shared instance of singleton bean 'org.springframework.context.annotation.internalPersistenceAnnotationProcessor'
2024-09-28T22:19:35.956-05:00 DEBUG 3320 --- [Store] [    Test worker] o.s.b.f.s.DefaultListableBeanFactory     : Creating shared instance of singleton bean 'org.springframework.boot.context.properties.ConfigurationPropertiesBindingPostProcessor'
2024-09-28T22:19:35.956-05:00 DEBUG 3320 --- [Store] [    Test worker] o.s.b.f.s.DefaultListableBeanFactory     : Creating shared instance of singleton bean 'org.springframework.boot.context.internalConfigurationPropertiesBinder'
2024-09-28T22:19:35.961-05:00 DEBUG 3320 --- [Store] [    Test worker] o.s.b.f.s.DefaultListableBeanFactory     : Creating shared instance of singleton bean 'jdbcConnectionDetailsHikariBeanPostProcessor'
2024-09-28T22:19:35.968-05:00 DEBUG 3320 --- [Store] [    Test worker] o.s.b.f.s.DefaultListableBeanFactory     : Creating shared instance of singleton bean 'org.springframework.aop.config.internalAutoProxyCreator'
2024-09-28T22:19:36.053-05:00 DEBUG 3320 --- [Store] [    Test worker] o.s.b.f.s.DefaultListableBeanFactory     : Creating shared instance of singleton bean 'persistenceExceptionTranslationPostProcessor'
2024-09-28T22:19:36.106-05:00 DEBUG 3320 --- [Store] [    Test worker] o.s.b.f.s.DefaultListableBeanFactory     : Autowiring by type from bean name 'persistenceExceptionTranslationPostProcessor' via factory method to bean named 'environment'
2024-09-28T22:19:36.118-05:00 DEBUG 3320 --- [Store] [    Test worker] o.s.b.f.s.DefaultListableBeanFactory     : Creating shared instance of singleton bean 'webServerFactoryCustomizerBeanPostProcessor'
2024-09-28T22:19:36.121-05:00 DEBUG 3320 --- [Store] [    Test worker] o.s.b.f.s.DefaultListableBeanFactory     : Creating shared instance of singleton bean 'errorPageRegistrarBeanPostProcessor'
2024-09-28T22:19:36.122-05:00 DEBUG 3320 --- [Store] [    Test worker] o.s.b.f.s.DefaultListableBeanFactory     : Creating shared instance of singleton bean 'projectingArgumentResolverBeanPostProcessor'
2024-09-28T22:19:36.125-05:00 DEBUG 3320 --- [Store] [    Test worker] o.s.b.f.s.DefaultListableBeanFactory     : Creating shared instance of singleton bean 'org.springframework.transaction.config.internalTransactionAdvisor'
2024-09-28T22:19:36.126-05:00 DEBUG 3320 --- [Store] [    Test worker] o.s.b.f.s.DefaultListableBeanFactory     : Creating shared instance of singleton bean 'org.springframework.transaction.annotation.ProxyTransactionManagementConfiguration'
2024-09-28T22:19:36.160-05:00 DEBUG 3320 --- [Store] [    Test worker] o.s.b.f.s.DefaultListableBeanFactory     : Creating shared instance of singleton bean 'transactionAttributeSource'
2024-09-28T22:19:36.165-05:00 DEBUG 3320 --- [Store] [    Test worker] o.s.b.f.s.DefaultListableBeanFactory     : Creating shared instance of singleton bean 'transactionInterceptor'
2024-09-28T22:19:36.166-05:00 DEBUG 3320 --- [Store] [    Test worker] o.s.b.f.s.DefaultListableBeanFactory     : Autowiring by type from bean name 'transactionInterceptor' via factory method to bean named 'transactionAttributeSource'
2024-09-28T22:19:36.183-05:00 DEBUG 3320 --- [Store] [    Test worker] o.s.b.f.s.DefaultListableBeanFactory     : Autowiring by type from bean name 'org.springframework.transaction.config.internalTransactionAdvisor' via factory method to bean named 'transactionAttributeSource'
2024-09-28T22:19:36.184-05:00 DEBUG 3320 --- [Store] [    Test worker] o.s.b.f.s.DefaultListableBeanFactory     : Autowiring by type from bean name 'org.springframework.transaction.config.internalTransactionAdvisor' via factory method to bean named 'transactionInterceptor'
2024-09-28T22:19:36.259-05:00 DEBUG 3320 --- [Store] [    Test worker] o.s.u.c.s.UiApplicationContextUtils      : Unable to locate ThemeSource with name 'themeSource': using default [org.springframework.ui.context.support.ResourceBundleThemeSource@dbddbe3]
2024-09-28T22:19:36.265-05:00 DEBUG 3320 --- [Store] [    Test worker] o.s.b.f.s.DefaultListableBeanFactory     : Creating shared instance of singleton bean 'dataSourceScriptDatabaseInitializer'
2024-09-28T22:19:36.266-05:00 DEBUG 3320 --- [Store] [    Test worker] o.s.b.f.s.DefaultListableBeanFactory     : Creating shared instance of singleton bean 'org.springframework.boot.autoconfigure.sql.init.DataSourceInitializationConfiguration'
2024-09-28T22:19:36.287-05:00 DEBUG 3320 --- [Store] [    Test worker] o.s.b.f.s.DefaultListableBeanFactory     : Creating shared instance of singleton bean 'dataSource'
2024-09-28T22:19:36.292-05:00 DEBUG 3320 --- [Store] [    Test worker] o.s.b.f.s.DefaultListableBeanFactory     : Creating shared instance of singleton bean 'org.springframework.boot.autoconfigure.jdbc.DataSourceConfiguration$Hikari'
2024-09-28T22:19:36.298-05:00 DEBUG 3320 --- [Store] [    Test worker] o.s.b.f.s.DefaultListableBeanFactory     : Creating shared instance of singleton bean 'spring.datasource-org.springframework.boot.autoconfigure.jdbc.DataSourceProperties'
2024-09-28T22:19:36.302-05:00 DEBUG 3320 --- [Store] [    Test worker] o.s.b.f.s.DefaultListableBeanFactory     : Creating shared instance of singleton bean 'org.springframework.boot.context.properties.BoundConfigurationProperties'
2024-09-28T22:19:36.368-05:00 DEBUG 3320 --- [Store] [    Test worker] ySourcesPropertyResolver$DefaultResolver : Found key 'POSTGRES_ADDON_PASSWORD' in PropertySource 'systemEnvironment' with value of type String
2024-09-28T22:19:36.370-05:00 DEBUG 3320 --- [Store] [    Test worker] ySourcesPropertyResolver$DefaultResolver : Found key 'POSTGRES_ADDON_HOST' in PropertySource 'systemEnvironment' with value of type String
2024-09-28T22:19:36.371-05:00 DEBUG 3320 --- [Store] [    Test worker] ySourcesPropertyResolver$DefaultResolver : Found key 'POSTGRES_ADDON_DB' in PropertySource 'systemEnvironment' with value of type String
2024-09-28T22:19:36.371-05:00 DEBUG 3320 --- [Store] [    Test worker] ySourcesPropertyResolver$DefaultResolver : Found key 'POSTGRES_ADDON_USER' in PropertySource 'systemEnvironment' with value of type String
2024-09-28T22:19:36.384-05:00 DEBUG 3320 --- [Store] [    Test worker] o.s.b.f.s.DefaultListableBeanFactory     : Creating shared instance of singleton bean 'jdbcConnectionDetails'
2024-09-28T22:19:36.385-05:00 DEBUG 3320 --- [Store] [    Test worker] o.s.b.f.s.DefaultListableBeanFactory     : Creating shared instance of singleton bean 'org.springframework.boot.autoconfigure.jdbc.DataSourceAutoConfiguration$PooledDataSourceConfiguration'
2024-09-28T22:19:36.400-05:00 DEBUG 3320 --- [Store] [    Test worker] o.s.b.f.s.DefaultListableBeanFactory     : Autowiring by type from bean name 'jdbcConnectionDetails' via factory method to bean named 'spring.datasource-org.springframework.boot.autoconfigure.jdbc.DataSourceProperties'
2024-09-28T22:19:36.405-05:00 DEBUG 3320 --- [Store] [    Test worker] o.s.b.f.s.DefaultListableBeanFactory     : Autowiring by type from bean name 'dataSource' via factory method to bean named 'spring.datasource-org.springframework.boot.autoconfigure.jdbc.DataSourceProperties'
2024-09-28T22:19:36.405-05:00 DEBUG 3320 --- [Store] [    Test worker] o.s.b.f.s.DefaultListableBeanFactory     : Autowiring by type from bean name 'dataSource' via factory method to bean named 'jdbcConnectionDetails'
2024-09-28T22:19:36.471-05:00 DEBUG 3320 --- [Store] [    Test worker] o.s.b.f.s.DefaultListableBeanFactory     : Creating shared instance of singleton bean 'spring.sql.init-org.springframework.boot.autoconfigure.sql.init.SqlInitializationProperties'
2024-09-28T22:19:36.477-05:00 DEBUG 3320 --- [Store] [    Test worker] o.s.b.f.s.DefaultListableBeanFactory     : Autowiring by type from bean name 'dataSourceScriptDatabaseInitializer' via factory method to bean named 'dataSource'
2024-09-28T22:19:36.478-05:00 DEBUG 3320 --- [Store] [    Test worker] o.s.b.f.s.DefaultListableBeanFactory     : Autowiring by type from bean name 'dataSourceScriptDatabaseInitializer' via factory method to bean named 'spring.sql.init-org.springframework.boot.autoconfigure.sql.init.SqlInitializationProperties'
2024-09-28T22:19:36.505-05:00 DEBUG 3320 --- [Store] [    Test worker] o.s.b.f.s.DefaultListableBeanFactory     : Creating shared instance of singleton bean 'entityManagerFactory'
2024-09-28T22:19:36.507-05:00 DEBUG 3320 --- [Store] [    Test worker] o.s.b.f.s.DefaultListableBeanFactory     : Creating shared instance of singleton bean 'org.springframework.boot.autoconfigure.orm.jpa.HibernateJpaConfiguration'
2024-09-28T22:19:36.509-05:00 DEBUG 3320 --- [Store] [    Test worker] o.s.b.f.s.DefaultListableBeanFactory     : Creating shared instance of singleton bean 'spring.jpa-org.springframework.boot.autoconfigure.orm.jpa.JpaProperties'
2024-09-28T22:19:36.517-05:00 DEBUG 3320 --- [Store] [    Test worker] o.s.b.f.s.DefaultListableBeanFactory     : Creating shared instance of singleton bean 'spring.jpa.hibernate-org.springframework.boot.autoconfigure.orm.jpa.HibernateProperties'
2024-09-28T22:19:36.521-05:00 DEBUG 3320 --- [Store] [    Test worker] o.s.b.f.s.DefaultListableBeanFactory     : Autowiring by type from bean name 'org.springframework.boot.autoconfigure.orm.jpa.HibernateJpaConfiguration' via constructor to bean named 'dataSource'
2024-09-28T22:19:36.521-05:00 DEBUG 3320 --- [Store] [    Test worker] o.s.b.f.s.DefaultListableBeanFactory     : Autowiring by type from bean name 'org.springframework.boot.autoconfigure.orm.jpa.HibernateJpaConfiguration' via constructor to bean named 'spring.jpa-org.springframework.boot.autoconfigure.orm.jpa.JpaProperties'
2024-09-28T22:19:36.521-05:00 DEBUG 3320 --- [Store] [    Test worker] o.s.b.f.s.DefaultListableBeanFactory     : Autowiring by type from bean name 'org.springframework.boot.autoconfigure.orm.jpa.HibernateJpaConfiguration' via constructor to bean named 'org.springframework.beans.factory.support.DefaultListableBeanFactory@408b87aa'
2024-09-28T22:19:36.521-05:00 DEBUG 3320 --- [Store] [    Test worker] o.s.b.f.s.DefaultListableBeanFactory     : Autowiring by type from bean name 'org.springframework.boot.autoconfigure.orm.jpa.HibernateJpaConfiguration' via constructor to bean named 'spring.jpa.hibernate-org.springframework.boot.autoconfigure.orm.jpa.HibernateProperties'
2024-09-28T22:19:36.525-05:00 DEBUG 3320 --- [Store] [    Test worker] o.s.b.f.s.DefaultListableBeanFactory     : Creating shared instance of singleton bean 'hikariPoolDataSourceMetadataProvider'
2024-09-28T22:19:36.526-05:00 DEBUG 3320 --- [Store] [    Test worker] o.s.b.f.s.DefaultListableBeanFactory     : Creating shared instance of singleton bean 'org.springframework.boot.autoconfigure.jdbc.metadata.DataSourcePoolMetadataProvidersConfiguration$HikariPoolDataSourceMetadataProviderConfiguration'
2024-09-28T22:19:36.570-05:00 DEBUG 3320 --- [Store] [    Test worker] o.s.b.f.s.DefaultListableBeanFactory     : Creating shared instance of singleton bean 'entityManagerFactoryBuilder'
2024-09-28T22:19:36.596-05:00 DEBUG 3320 --- [Store] [    Test worker] o.s.b.f.s.DefaultListableBeanFactory     : Creating shared instance of singleton bean 'jpaVendorAdapter'
2024-09-28T22:19:36.646-05:00 DEBUG 3320 --- [Store] [    Test worker] o.s.b.f.s.DefaultListableBeanFactory     : Autowiring by type from bean name 'entityManagerFactoryBuilder' via factory method to bean named 'jpaVendorAdapter'
2024-09-28T22:19:36.655-05:00 DEBUG 3320 --- [Store] [    Test worker] o.s.b.f.s.DefaultListableBeanFactory     : Creating shared instance of singleton bean 'persistenceManagedTypes'
2024-09-28T22:19:36.658-05:00 DEBUG 3320 --- [Store] [    Test worker] o.s.b.f.s.DefaultListableBeanFactory     : Autowiring by type from bean name 'persistenceManagedTypes' via factory method to bean named 'org.springframework.beans.factory.support.DefaultListableBeanFactory@408b87aa'
2024-09-28T22:19:36.658-05:00 DEBUG 3320 --- [Store] [    Test worker] o.s.b.f.s.DefaultListableBeanFactory     : Autowiring by type from bean name 'persistenceManagedTypes' via factory method to bean named 'org.springframework.web.context.support.GenericWebApplicationContext@2dbd803f'
2024-09-28T22:19:36.676-05:00 DEBUG 3320 --- [Store] [    Test worker] o.s.b.f.s.DefaultListableBeanFactory     : Autowiring by type from bean name 'entityManagerFactory' via factory method to bean named 'entityManagerFactoryBuilder'
2024-09-28T22:19:36.677-05:00 DEBUG 3320 --- [Store] [    Test worker] o.s.b.f.s.DefaultListableBeanFactory     : Autowiring by type from bean name 'entityManagerFactory' via factory method to bean named 'persistenceManagedTypes'
2024-09-28T22:19:36.743-05:00 DEBUG 3320 --- [Store] [    Test worker] j.LocalContainerEntityManagerFactoryBean : Building JPA container EntityManagerFactory for persistence unit 'default'
2024-09-28T22:19:36.845-05:00 DEBUG 3320 --- [Store] [    Test worker] o.hibernate.jpa.internal.util.LogHelper  : PersistenceUnitInfo [
	name: default
	persistence provider classname: null
	classloader: jdk.internal.loader.ClassLoaders$AppClassLoader@4e0e2f2a
	excludeUnlistedClasses: true
	JTA datasource: null
	Non JTA datasource: HikariDataSource (null)
	Transaction type: RESOURCE_LOCAL
	PU root URL: file:/D:/Leobor/Store/Store/build/classes/java/test/
	Shared Cache Mode: UNSPECIFIED
	Validation Mode: AUTO
	Jar files URLs []
	Managed classes names [
		com.Store.Store.domain.dto.Client
		com.Store.Store.domain.dto.Product
		com.Store.Store.domain.dto.Vendor]
	Mapping files names []
	Properties []
2024-09-28T22:19:36.883-05:00 DEBUG 3320 --- [Store] [    Test worker] o.h.i.internal.IntegratorServiceImpl     : Adding Integrator [org.hibernate.boot.beanvalidation.BeanValidationIntegrator].
2024-09-28T22:19:36.891-05:00 DEBUG 3320 --- [Store] [    Test worker] o.h.i.internal.IntegratorServiceImpl     : Adding Integrator [org.hibernate.cache.internal.CollectionCacheInvalidator].
2024-09-28T22:19:37.124-05:00  INFO 3320 --- [Store] [    Test worker] org.hibernate.Version                    : HHH000412: Hibernate ORM core version 6.5.3.Final
2024-09-28T22:19:37.127-05:00 DEBUG 3320 --- [Store] [    Test worker] org.hibernate.cfg.Environment            : HHH000206: 'hibernate.properties' not found
2024-09-28T22:19:37.234-05:00 DEBUG 3320 --- [Store] [    Test worker] org.hibernate.orm.idgen.factory          : Registering IdentifierGenerator strategy [uuid2] -> [org.hibernate.id.UUIDGenerator]
2024-09-28T22:19:37.235-05:00 DEBUG 3320 --- [Store] [    Test worker] org.hibernate.orm.idgen.factory          : Registering IdentifierGenerator strategy [guid] -> [org.hibernate.id.GUIDGenerator]
2024-09-28T22:19:37.239-05:00 DEBUG 3320 --- [Store] [    Test worker] org.hibernate.orm.idgen.factory          : Registering IdentifierGenerator strategy [uuid] -> [org.hibernate.id.UUIDHexGenerator]
2024-09-28T22:19:37.239-05:00 DEBUG 3320 --- [Store] [    Test worker] org.hibernate.orm.idgen.factory          : Registering IdentifierGenerator strategy [uuid.hex] -> [org.hibernate.id.UUIDHexGenerator]
2024-09-28T22:19:37.240-05:00 DEBUG 3320 --- [Store] [    Test worker] org.hibernate.orm.idgen.factory          : Registering IdentifierGenerator strategy [assigned] -> [org.hibernate.id.Assigned]
2024-09-28T22:19:37.243-05:00 DEBUG 3320 --- [Store] [    Test worker] org.hibernate.orm.idgen.factory          : Registering IdentifierGenerator strategy [identity] -> [org.hibernate.id.IdentityGenerator]
2024-09-28T22:19:37.244-05:00 DEBUG 3320 --- [Store] [    Test worker] org.hibernate.orm.idgen.factory          : Registering IdentifierGenerator strategy [select] -> [org.hibernate.id.SelectGenerator]
2024-09-28T22:19:37.246-05:00 DEBUG 3320 --- [Store] [    Test worker] org.hibernate.orm.idgen.factory          : Registering IdentifierGenerator strategy [sequence] -> [org.hibernate.id.enhanced.SequenceStyleGenerator]
2024-09-28T22:19:37.247-05:00 DEBUG 3320 --- [Store] [    Test worker] org.hibernate.orm.idgen.factory          : Registering IdentifierGenerator strategy [increment] -> [org.hibernate.id.IncrementGenerator]
2024-09-28T22:19:37.248-05:00 DEBUG 3320 --- [Store] [    Test worker] org.hibernate.orm.idgen.factory          : Registering IdentifierGenerator strategy [foreign] -> [org.hibernate.id.ForeignGenerator]
2024-09-28T22:19:37.249-05:00 DEBUG 3320 --- [Store] [    Test worker] org.hibernate.orm.idgen.factory          : Registering IdentifierGenerator strategy [enhanced-sequence] -> [org.hibernate.id.enhanced.SequenceStyleGenerator]
2024-09-28T22:19:37.251-05:00 DEBUG 3320 --- [Store] [    Test worker] org.hibernate.orm.idgen.factory          : Registering IdentifierGenerator strategy [enhanced-table] -> [org.hibernate.id.enhanced.TableGenerator]
2024-09-28T22:19:37.286-05:00 DEBUG 3320 --- [Store] [    Test worker] o.h.c.internal.RegionFactoryInitiator    : Cannot default RegionFactory based on registered strategies as `[]` RegionFactory strategies were registered
2024-09-28T22:19:37.290-05:00  INFO 3320 --- [Store] [    Test worker] o.h.c.internal.RegionFactoryInitiator    : HHH000026: Second-level cache disabled
2024-09-28T22:19:37.576-05:00 DEBUG 3320 --- [Store] [    Test worker] org.hibernate.type.BasicTypeRegistry     : Adding type registration boolean -> org.hibernate.type.BasicTypeReference@7a55fb81
2024-09-28T22:19:37.576-05:00 DEBUG 3320 --- [Store] [    Test worker] org.hibernate.type.BasicTypeRegistry     : Adding type registration boolean -> org.hibernate.type.BasicTypeReference@7a55fb81
2024-09-28T22:19:37.576-05:00 DEBUG 3320 --- [Store] [    Test worker] org.hibernate.type.BasicTypeRegistry     : Adding type registration java.lang.Boolean -> org.hibernate.type.BasicTypeReference@7a55fb81
2024-09-28T22:19:37.576-05:00 DEBUG 3320 --- [Store] [    Test worker] org.hibernate.type.BasicTypeRegistry     : Adding type registration numeric_boolean -> org.hibernate.type.BasicTypeReference@5a3cf878
2024-09-28T22:19:37.576-05:00 DEBUG 3320 --- [Store] [    Test worker] org.hibernate.type.BasicTypeRegistry     : Adding type registration org.hibernate.type.NumericBooleanConverter -> org.hibernate.type.BasicTypeReference@5a3cf878
2024-09-28T22:19:37.576-05:00 DEBUG 3320 --- [Store] [    Test worker] org.hibernate.type.BasicTypeRegistry     : Adding type registration true_false -> org.hibernate.type.BasicTypeReference@1d2d8846
2024-09-28T22:19:37.576-05:00 DEBUG 3320 --- [Store] [    Test worker] org.hibernate.type.BasicTypeRegistry     : Adding type registration org.hibernate.type.TrueFalseConverter -> org.hibernate.type.BasicTypeReference@1d2d8846
2024-09-28T22:19:37.576-05:00 DEBUG 3320 --- [Store] [    Test worker] org.hibernate.type.BasicTypeRegistry     : Adding type registration yes_no -> org.hibernate.type.BasicTypeReference@34cd65ac
2024-09-28T22:19:37.576-05:00 DEBUG 3320 --- [Store] [    Test worker] org.hibernate.type.BasicTypeRegistry     : Adding type registration org.hibernate.type.YesNoConverter -> org.hibernate.type.BasicTypeReference@34cd65ac
2024-09-28T22:19:37.576-05:00 DEBUG 3320 --- [Store] [    Test worker] org.hibernate.type.BasicTypeRegistry     : Adding type registration byte -> org.hibernate.type.BasicTypeReference@61911947
2024-09-28T22:19:37.577-05:00 DEBUG 3320 --- [Store] [    Test worker] org.hibernate.type.BasicTypeRegistry     : Adding type registration byte -> org.hibernate.type.BasicTypeReference@61911947
2024-09-28T22:19:37.577-05:00 DEBUG 3320 --- [Store] [    Test worker] org.hibernate.type.BasicTypeRegistry     : Adding type registration java.lang.Byte -> org.hibernate.type.BasicTypeReference@61911947
2024-09-28T22:19:37.578-05:00 DEBUG 3320 --- [Store] [    Test worker] org.hibernate.type.BasicTypeRegistry     : Adding type registration binary -> org.hibernate.type.BasicTypeReference@5c53c235
2024-09-28T22:19:37.578-05:00 DEBUG 3320 --- [Store] [    Test worker] org.hibernate.type.BasicTypeRegistry     : Adding type registration byte[] -> org.hibernate.type.BasicTypeReference@5c53c235
2024-09-28T22:19:37.578-05:00 DEBUG 3320 --- [Store] [    Test worker] org.hibernate.type.BasicTypeRegistry     : Adding type registration [B -> org.hibernate.type.BasicTypeReference@5c53c235
2024-09-28T22:19:37.578-05:00 DEBUG 3320 --- [Store] [    Test worker] org.hibernate.type.BasicTypeRegistry     : Adding type registration binary_wrapper -> org.hibernate.type.BasicTypeReference@2dcd0e41
2024-09-28T22:19:37.578-05:00 DEBUG 3320 --- [Store] [    Test worker] org.hibernate.type.BasicTypeRegistry     : Adding type registration wrapper-binary -> org.hibernate.type.BasicTypeReference@2dcd0e41
2024-09-28T22:19:37.579-05:00 DEBUG 3320 --- [Store] [    Test worker] org.hibernate.type.BasicTypeRegistry     : Adding type registration image -> org.hibernate.type.BasicTypeReference@7272ee51
2024-09-28T22:19:37.579-05:00 DEBUG 3320 --- [Store] [    Test worker] org.hibernate.type.BasicTypeRegistry     : Adding type registration blob -> org.hibernate.type.BasicTypeReference@1b409a79
2024-09-28T22:19:37.579-05:00 DEBUG 3320 --- [Store] [    Test worker] org.hibernate.type.BasicTypeRegistry     : Adding type registration java.sql.Blob -> org.hibernate.type.BasicTypeReference@1b409a79
2024-09-28T22:19:37.580-05:00 DEBUG 3320 --- [Store] [    Test worker] org.hibernate.type.BasicTypeRegistry     : Adding type registration materialized_blob -> org.hibernate.type.BasicTypeReference@5940b14e
2024-09-28T22:19:37.580-05:00 DEBUG 3320 --- [Store] [    Test worker] org.hibernate.type.BasicTypeRegistry     : Adding type registration materialized_blob_wrapper -> org.hibernate.type.BasicTypeReference@1cba0321
2024-09-28T22:19:37.580-05:00 DEBUG 3320 --- [Store] [    Test worker] org.hibernate.type.BasicTypeRegistry     : Adding type registration short -> org.hibernate.type.BasicTypeReference@795f6681
2024-09-28T22:19:37.580-05:00 DEBUG 3320 --- [Store] [    Test worker] org.hibernate.type.BasicTypeRegistry     : Adding type registration short -> org.hibernate.type.BasicTypeReference@795f6681
2024-09-28T22:19:37.580-05:00 DEBUG 3320 --- [Store] [    Test worker] org.hibernate.type.BasicTypeRegistry     : Adding type registration java.lang.Short -> org.hibernate.type.BasicTypeReference@795f6681
2024-09-28T22:19:37.580-05:00 DEBUG 3320 --- [Store] [    Test worker] org.hibernate.type.BasicTypeRegistry     : Adding type registration integer -> org.hibernate.type.BasicTypeReference@66d3b881
2024-09-28T22:19:37.580-05:00 DEBUG 3320 --- [Store] [    Test worker] org.hibernate.type.BasicTypeRegistry     : Adding type registration int -> org.hibernate.type.BasicTypeReference@66d3b881
2024-09-28T22:19:37.580-05:00 DEBUG 3320 --- [Store] [    Test worker] org.hibernate.type.BasicTypeRegistry     : Adding type registration java.lang.Integer -> org.hibernate.type.BasicTypeReference@66d3b881
2024-09-28T22:19:37.580-05:00 DEBUG 3320 --- [Store] [    Test worker] org.hibernate.type.BasicTypeRegistry     : Adding type registration long -> org.hibernate.type.BasicTypeReference@3a45afd4
2024-09-28T22:19:37.580-05:00 DEBUG 3320 --- [Store] [    Test worker] org.hibernate.type.BasicTypeRegistry     : Adding type registration long -> org.hibernate.type.BasicTypeReference@3a45afd4
2024-09-28T22:19:37.581-05:00 DEBUG 3320 --- [Store] [    Test worker] org.hibernate.type.BasicTypeRegistry     : Adding type registration java.lang.Long -> org.hibernate.type.BasicTypeReference@3a45afd4
2024-09-28T22:19:37.581-05:00 DEBUG 3320 --- [Store] [    Test worker] org.hibernate.type.BasicTypeRegistry     : Adding type registration float -> org.hibernate.type.BasicTypeReference@762a10b6
2024-09-28T22:19:37.581-05:00 DEBUG 3320 --- [Store] [    Test worker] org.hibernate.type.BasicTypeRegistry     : Adding type registration float -> org.hibernate.type.BasicTypeReference@762a10b6
2024-09-28T22:19:37.581-05:00 DEBUG 3320 --- [Store] [    Test worker] org.hibernate.type.BasicTypeRegistry     : Adding type registration java.lang.Float -> org.hibernate.type.BasicTypeReference@762a10b6
2024-09-28T22:19:37.581-05:00 DEBUG 3320 --- [Store] [    Test worker] org.hibernate.type.BasicTypeRegistry     : Adding type registration double -> org.hibernate.type.BasicTypeReference@74431b9c
2024-09-28T22:19:37.581-05:00 DEBUG 3320 --- [Store] [    Test worker] org.hibernate.type.BasicTypeRegistry     : Adding type registration double -> org.hibernate.type.BasicTypeReference@74431b9c
2024-09-28T22:19:37.581-05:00 DEBUG 3320 --- [Store] [    Test worker] org.hibernate.type.BasicTypeRegistry     : Adding type registration java.lang.Double -> org.hibernate.type.BasicTypeReference@74431b9c
2024-09-28T22:19:37.581-05:00 DEBUG 3320 --- [Store] [    Test worker] org.hibernate.type.BasicTypeRegistry     : Adding type registration big_integer -> org.hibernate.type.BasicTypeReference@f2fb225
2024-09-28T22:19:37.582-05:00 DEBUG 3320 --- [Store] [    Test worker] org.hibernate.type.BasicTypeRegistry     : Adding type registration java.math.BigInteger -> org.hibernate.type.BasicTypeReference@f2fb225
2024-09-28T22:19:37.582-05:00 DEBUG 3320 --- [Store] [    Test worker] org.hibernate.type.BasicTypeRegistry     : Adding type registration big_decimal -> org.hibernate.type.BasicTypeReference@1883871b
2024-09-28T22:19:37.582-05:00 DEBUG 3320 --- [Store] [    Test worker] org.hibernate.type.BasicTypeRegistry     : Adding type registration java.math.BigDecimal -> org.hibernate.type.BasicTypeReference@1883871b
2024-09-28T22:19:37.582-05:00 DEBUG 3320 --- [Store] [    Test worker] org.hibernate.type.BasicTypeRegistry     : Adding type registration character -> org.hibernate.type.BasicTypeReference@3e0a9b1d
2024-09-28T22:19:37.582-05:00 DEBUG 3320 --- [Store] [    Test worker] org.hibernate.type.BasicTypeRegistry     : Adding type registration char -> org.hibernate.type.BasicTypeReference@3e0a9b1d
2024-09-28T22:19:37.582-05:00 DEBUG 3320 --- [Store] [    Test worker] org.hibernate.type.BasicTypeRegistry     : Adding type registration java.lang.Character -> org.hibernate.type.BasicTypeReference@3e0a9b1d
2024-09-28T22:19:37.582-05:00 DEBUG 3320 --- [Store] [    Test worker] org.hibernate.type.BasicTypeRegistry     : Adding type registration character_nchar -> org.hibernate.type.BasicTypeReference@52f9e8bb
2024-09-28T22:19:37.582-05:00 DEBUG 3320 --- [Store] [    Test worker] org.hibernate.type.BasicTypeRegistry     : Adding type registration string -> org.hibernate.type.BasicTypeReference@2035d65b
2024-09-28T22:19:37.582-05:00 DEBUG 3320 --- [Store] [    Test worker] org.hibernate.type.BasicTypeRegistry     : Adding type registration java.lang.String -> org.hibernate.type.BasicTypeReference@2035d65b
2024-09-28T22:19:37.583-05:00 DEBUG 3320 --- [Store] [    Test worker] org.hibernate.type.BasicTypeRegistry     : Adding type registration nstring -> org.hibernate.type.BasicTypeReference@240a2619
2024-09-28T22:19:37.583-05:00 DEBUG 3320 --- [Store] [    Test worker] org.hibernate.type.BasicTypeRegistry     : Adding type registration characters -> org.hibernate.type.BasicTypeReference@4e3283f6
2024-09-28T22:19:37.583-05:00 DEBUG 3320 --- [Store] [    Test worker] org.hibernate.type.BasicTypeRegistry     : Adding type registration char[] -> org.hibernate.type.BasicTypeReference@4e3283f6
2024-09-28T22:19:37.583-05:00 DEBUG 3320 --- [Store] [    Test worker] org.hibernate.type.BasicTypeRegistry     : Adding type registration [C -> org.hibernate.type.BasicTypeReference@4e3283f6
2024-09-28T22:19:37.583-05:00 DEBUG 3320 --- [Store] [    Test worker] org.hibernate.type.BasicTypeRegistry     : Adding type registration wrapper-characters -> org.hibernate.type.BasicTypeReference@539316bb
2024-09-28T22:19:37.583-05:00 DEBUG 3320 --- [Store] [    Test worker] org.hibernate.type.BasicTypeRegistry     : Adding type registration text -> org.hibernate.type.BasicTypeReference@5d1a859c
2024-09-28T22:19:37.584-05:00 DEBUG 3320 --- [Store] [    Test worker] org.hibernate.type.BasicTypeRegistry     : Adding type registration ntext -> org.hibernate.type.BasicTypeReference@28554ac8
2024-09-28T22:19:37.584-05:00 DEBUG 3320 --- [Store] [    Test worker] org.hibernate.type.BasicTypeRegistry     : Adding type registration clob -> org.hibernate.type.BasicTypeReference@72224107
2024-09-28T22:19:37.584-05:00 DEBUG 3320 --- [Store] [    Test worker] org.hibernate.type.BasicTypeRegistry     : Adding type registration java.sql.Clob -> org.hibernate.type.BasicTypeReference@72224107
2024-09-28T22:19:37.584-05:00 DEBUG 3320 --- [Store] [    Test worker] org.hibernate.type.BasicTypeRegistry     : Adding type registration nclob -> org.hibernate.type.BasicTypeReference@394fb736
2024-09-28T22:19:37.584-05:00 DEBUG 3320 --- [Store] [    Test worker] org.hibernate.type.BasicTypeRegistry     : Adding type registration java.sql.NClob -> org.hibernate.type.BasicTypeReference@394fb736
2024-09-28T22:19:37.584-05:00 DEBUG 3320 --- [Store] [    Test worker] org.hibernate.type.BasicTypeRegistry     : Adding type registration materialized_clob -> org.hibernate.type.BasicTypeReference@3070f3e6
2024-09-28T22:19:37.584-05:00 DEBUG 3320 --- [Store] [    Test worker] org.hibernate.type.BasicTypeRegistry     : Adding type registration materialized_clob_char_array -> org.hibernate.type.BasicTypeReference@3271ec2a
2024-09-28T22:19:37.585-05:00 DEBUG 3320 --- [Store] [    Test worker] org.hibernate.type.BasicTypeRegistry     : Adding type registration materialized_clob_character_array -> org.hibernate.type.BasicTypeReference@52bba91a
2024-09-28T22:19:37.585-05:00 DEBUG 3320 --- [Store] [    Test worker] org.hibernate.type.BasicTypeRegistry     : Adding type registration materialized_nclob -> org.hibernate.type.BasicTypeReference@1689527c
2024-09-28T22:19:37.585-05:00 DEBUG 3320 --- [Store] [    Test worker] org.hibernate.type.BasicTypeRegistry     : Adding type registration materialized_nclob_character_array -> org.hibernate.type.BasicTypeReference@21516c88
2024-09-28T22:19:37.585-05:00 DEBUG 3320 --- [Store] [    Test worker] org.hibernate.type.BasicTypeRegistry     : Adding type registration materialized_nclob_char_array -> org.hibernate.type.BasicTypeReference@1c7cd434
2024-09-28T22:19:37.585-05:00 DEBUG 3320 --- [Store] [    Test worker] org.hibernate.type.BasicTypeRegistry     : Adding type registration Duration -> org.hibernate.type.BasicTypeReference@13004dd8
2024-09-28T22:19:37.585-05:00 DEBUG 3320 --- [Store] [    Test worker] org.hibernate.type.BasicTypeRegistry     : Adding type registration java.time.Duration -> org.hibernate.type.BasicTypeReference@13004dd8
2024-09-28T22:19:37.585-05:00 DEBUG 3320 --- [Store] [    Test worker] org.hibernate.type.BasicTypeRegistry     : Adding type registration LocalDateTime -> org.hibernate.type.BasicTypeReference@4fc6e776
2024-09-28T22:19:37.585-05:00 DEBUG 3320 --- [Store] [    Test worker] org.hibernate.type.BasicTypeRegistry     : Adding type registration java.time.LocalDateTime -> org.hibernate.type.BasicTypeReference@4fc6e776
2024-09-28T22:19:37.586-05:00 DEBUG 3320 --- [Store] [    Test worker] org.hibernate.type.BasicTypeRegistry     : Adding type registration LocalDate -> org.hibernate.type.BasicTypeReference@65d9e72a
2024-09-28T22:19:37.586-05:00 DEBUG 3320 --- [Store] [    Test worker] org.hibernate.type.BasicTypeRegistry     : Adding type registration java.time.LocalDate -> org.hibernate.type.BasicTypeReference@65d9e72a
2024-09-28T22:19:37.586-05:00 DEBUG 3320 --- [Store] [    Test worker] org.hibernate.type.BasicTypeRegistry     : Adding type registration LocalTime -> org.hibernate.type.BasicTypeReference@1f7e52d1
2024-09-28T22:19:37.586-05:00 DEBUG 3320 --- [Store] [    Test worker] org.hibernate.type.BasicTypeRegistry     : Adding type registration java.time.LocalTime -> org.hibernate.type.BasicTypeReference@1f7e52d1
2024-09-28T22:19:37.586-05:00 DEBUG 3320 --- [Store] [    Test worker] org.hibernate.type.BasicTypeRegistry     : Adding type registration OffsetDateTime -> org.hibernate.type.BasicTypeReference@e01a26b
2024-09-28T22:19:37.586-05:00 DEBUG 3320 --- [Store] [    Test worker] org.hibernate.type.BasicTypeRegistry     : Adding type registration java.time.OffsetDateTime -> org.hibernate.type.BasicTypeReference@e01a26b
2024-09-28T22:19:37.586-05:00 DEBUG 3320 --- [Store] [    Test worker] org.hibernate.type.BasicTypeRegistry     : Adding type registration OffsetDateTimeWithTimezone -> org.hibernate.type.BasicTypeReference@7604198a
2024-09-28T22:19:37.586-05:00 DEBUG 3320 --- [Store] [    Test worker] org.hibernate.type.BasicTypeRegistry     : Adding type registration OffsetDateTimeWithoutTimezone -> org.hibernate.type.BasicTypeReference@5cce40d7
2024-09-28T22:19:37.586-05:00 DEBUG 3320 --- [Store] [    Test worker] org.hibernate.type.BasicTypeRegistry     : Adding type registration OffsetTime -> org.hibernate.type.BasicTypeReference@314b7945
2024-09-28T22:19:37.586-05:00 DEBUG 3320 --- [Store] [    Test worker] org.hibernate.type.BasicTypeRegistry     : Adding type registration java.time.OffsetTime -> org.hibernate.type.BasicTypeReference@314b7945
2024-09-28T22:19:37.586-05:00 DEBUG 3320 --- [Store] [    Test worker] org.hibernate.type.BasicTypeRegistry     : Adding type registration OffsetTimeUtc -> org.hibernate.type.BasicTypeReference@32da97fd
2024-09-28T22:19:37.586-05:00 DEBUG 3320 --- [Store] [    Test worker] org.hibernate.type.BasicTypeRegistry     : Adding type registration OffsetTimeWithTimezone -> org.hibernate.type.BasicTypeReference@64440065
2024-09-28T22:19:37.586-05:00 DEBUG 3320 --- [Store] [    Test worker] org.hibernate.type.BasicTypeRegistry     : Adding type registration OffsetTimeWithoutTimezone -> org.hibernate.type.BasicTypeReference@4aa22cc2
2024-09-28T22:19:37.586-05:00 DEBUG 3320 --- [Store] [    Test worker] org.hibernate.type.BasicTypeRegistry     : Adding type registration ZonedDateTime -> org.hibernate.type.BasicTypeReference@2049e582
2024-09-28T22:19:37.586-05:00 DEBUG 3320 --- [Store] [    Test worker] org.hibernate.type.BasicTypeRegistry     : Adding type registration java.time.ZonedDateTime -> org.hibernate.type.BasicTypeReference@2049e582
2024-09-28T22:19:37.587-05:00 DEBUG 3320 --- [Store] [    Test worker] org.hibernate.type.BasicTypeRegistry     : Adding type registration ZonedDateTimeWithTimezone -> org.hibernate.type.BasicTypeReference@464aeb09
2024-09-28T22:19:37.587-05:00 DEBUG 3320 --- [Store] [    Test worker] org.hibernate.type.BasicTypeRegistry     : Adding type registration ZonedDateTimeWithoutTimezone -> org.hibernate.type.BasicTypeReference@2c99c8d
2024-09-28T22:19:37.587-05:00 DEBUG 3320 --- [Store] [    Test worker] org.hibernate.type.BasicTypeRegistry     : Adding type registration date -> org.hibernate.type.BasicTypeReference@59d6642a
2024-09-28T22:19:37.587-05:00 DEBUG 3320 --- [Store] [    Test worker] org.hibernate.type.BasicTypeRegistry     : Adding type registration java.sql.Date -> org.hibernate.type.BasicTypeReference@59d6642a
2024-09-28T22:19:37.587-05:00 DEBUG 3320 --- [Store] [    Test worker] org.hibernate.type.BasicTypeRegistry     : Adding type registration time -> org.hibernate.type.BasicTypeReference@365cef67
2024-09-28T22:19:37.588-05:00 DEBUG 3320 --- [Store] [    Test worker] org.hibernate.type.BasicTypeRegistry     : Adding type registration java.sql.Time -> org.hibernate.type.BasicTypeReference@365cef67
2024-09-28T22:19:37.588-05:00 DEBUG 3320 --- [Store] [    Test worker] org.hibernate.type.BasicTypeRegistry     : Adding type registration timestamp -> org.hibernate.type.BasicTypeReference@27df5806
2024-09-28T22:19:37.588-05:00 DEBUG 3320 --- [Store] [    Test worker] org.hibernate.type.BasicTypeRegistry     : Adding type registration java.sql.Timestamp -> org.hibernate.type.BasicTypeReference@27df5806
2024-09-28T22:19:37.588-05:00 DEBUG 3320 --- [Store] [    Test worker] org.hibernate.type.BasicTypeRegistry     : Adding type registration java.util.Date -> org.hibernate.type.BasicTypeReference@27df5806
2024-09-28T22:19:37.588-05:00 DEBUG 3320 --- [Store] [    Test worker] org.hibernate.type.BasicTypeRegistry     : Adding type registration calendar -> org.hibernate.type.BasicTypeReference@69bc9584
2024-09-28T22:19:37.588-05:00 DEBUG 3320 --- [Store] [    Test worker] org.hibernate.type.BasicTypeRegistry     : Adding type registration java.util.Calendar -> org.hibernate.type.BasicTypeReference@69bc9584
2024-09-28T22:19:37.588-05:00 DEBUG 3320 --- [Store] [    Test worker] org.hibernate.type.BasicTypeRegistry     : Adding type registration java.util.GregorianCalendar -> org.hibernate.type.BasicTypeReference@69bc9584
2024-09-28T22:19:37.588-05:00 DEBUG 3320 --- [Store] [    Test worker] org.hibernate.type.BasicTypeRegistry     : Adding type registration calendar_date -> org.hibernate.type.BasicTypeReference@3214bad
2024-09-28T22:19:37.588-05:00 DEBUG 3320 --- [Store] [    Test worker] org.hibernate.type.BasicTypeRegistry     : Adding type registration calendar_time -> org.hibernate.type.BasicTypeReference@52d7ab79
2024-09-28T22:19:37.588-05:00 DEBUG 3320 --- [Store] [    Test worker] org.hibernate.type.BasicTypeRegistry     : Adding type registration instant -> org.hibernate.type.BasicTypeReference@f95d64d
2024-09-28T22:19:37.589-05:00 DEBUG 3320 --- [Store] [    Test worker] org.hibernate.type.BasicTypeRegistry     : Adding type registration java.time.Instant -> org.hibernate.type.BasicTypeReference@f95d64d
2024-09-28T22:19:37.589-05:00 DEBUG 3320 --- [Store] [    Test worker] org.hibernate.type.BasicTypeRegistry     : Adding type registration uuid -> org.hibernate.type.BasicTypeReference@288728e
2024-09-28T22:19:37.589-05:00 DEBUG 3320 --- [Store] [    Test worker] org.hibernate.type.BasicTypeRegistry     : Adding type registration java.util.UUID -> org.hibernate.type.BasicTypeReference@288728e
2024-09-28T22:19:37.589-05:00 DEBUG 3320 --- [Store] [    Test worker] org.hibernate.type.BasicTypeRegistry     : Adding type registration pg-uuid -> org.hibernate.type.BasicTypeReference@288728e
2024-09-28T22:19:37.589-05:00 DEBUG 3320 --- [Store] [    Test worker] org.hibernate.type.BasicTypeRegistry     : Adding type registration uuid-binary -> org.hibernate.type.BasicTypeReference@b7d2d51
2024-09-28T22:19:37.589-05:00 DEBUG 3320 --- [Store] [    Test worker] org.hibernate.type.BasicTypeRegistry     : Adding type registration uuid-char -> org.hibernate.type.BasicTypeReference@641ed324
2024-09-28T22:19:37.589-05:00 DEBUG 3320 --- [Store] [    Test worker] org.hibernate.type.BasicTypeRegistry     : Adding type registration class -> org.hibernate.type.BasicTypeReference@45984654
2024-09-28T22:19:37.589-05:00 DEBUG 3320 --- [Store] [    Test worker] org.hibernate.type.BasicTypeRegistry     : Adding type registration java.lang.Class -> org.hibernate.type.BasicTypeReference@45984654
2024-09-28T22:19:37.590-05:00 DEBUG 3320 --- [Store] [    Test worker] org.hibernate.type.BasicTypeRegistry     : Adding type registration currency -> org.hibernate.type.BasicTypeReference@4c5406b
2024-09-28T22:19:37.590-05:00 DEBUG 3320 --- [Store] [    Test worker] org.hibernate.type.BasicTypeRegistry     : Adding type registration Currency -> org.hibernate.type.BasicTypeReference@4c5406b
2024-09-28T22:19:37.590-05:00 DEBUG 3320 --- [Store] [    Test worker] org.hibernate.type.BasicTypeRegistry     : Adding type registration java.util.Currency -> org.hibernate.type.BasicTypeReference@4c5406b
2024-09-28T22:19:37.590-05:00 DEBUG 3320 --- [Store] [    Test worker] org.hibernate.type.BasicTypeRegistry     : Adding type registration locale -> org.hibernate.type.BasicTypeReference@66b0e207
2024-09-28T22:19:37.590-05:00 DEBUG 3320 --- [Store] [    Test worker] org.hibernate.type.BasicTypeRegistry     : Adding type registration java.util.Locale -> org.hibernate.type.BasicTypeReference@66b0e207
2024-09-28T22:19:37.590-05:00 DEBUG 3320 --- [Store] [    Test worker] org.hibernate.type.BasicTypeRegistry     : Adding type registration serializable -> org.hibernate.type.BasicTypeReference@74a58a06
2024-09-28T22:19:37.590-05:00 DEBUG 3320 --- [Store] [    Test worker] org.hibernate.type.BasicTypeRegistry     : Adding type registration java.io.Serializable -> org.hibernate.type.BasicTypeReference@74a58a06
2024-09-28T22:19:37.590-05:00 DEBUG 3320 --- [Store] [    Test worker] org.hibernate.type.BasicTypeRegistry     : Adding type registration timezone -> org.hibernate.type.BasicTypeReference@7308c820
2024-09-28T22:19:37.590-05:00 DEBUG 3320 --- [Store] [    Test worker] org.hibernate.type.BasicTypeRegistry     : Adding type registration java.util.TimeZone -> org.hibernate.type.BasicTypeReference@7308c820
2024-09-28T22:19:37.591-05:00 DEBUG 3320 --- [Store] [    Test worker] org.hibernate.type.BasicTypeRegistry     : Adding type registration ZoneOffset -> org.hibernate.type.BasicTypeReference@5d601832
2024-09-28T22:19:37.591-05:00 DEBUG 3320 --- [Store] [    Test worker] org.hibernate.type.BasicTypeRegistry     : Adding type registration java.time.ZoneOffset -> org.hibernate.type.BasicTypeReference@5d601832
2024-09-28T22:19:37.591-05:00 DEBUG 3320 --- [Store] [    Test worker] org.hibernate.type.BasicTypeRegistry     : Adding type registration url -> org.hibernate.type.BasicTypeReference@3ca17943
2024-09-28T22:19:37.591-05:00 DEBUG 3320 --- [Store] [    Test worker] org.hibernate.type.BasicTypeRegistry     : Adding type registration java.net.URL -> org.hibernate.type.BasicTypeReference@3ca17943
2024-09-28T22:19:37.591-05:00 DEBUG 3320 --- [Store] [    Test worker] org.hibernate.type.BasicTypeRegistry     : Adding type registration vector -> org.hibernate.type.BasicTypeReference@640c216b
2024-09-28T22:19:37.591-05:00 DEBUG 3320 --- [Store] [    Test worker] org.hibernate.type.BasicTypeRegistry     : Adding type registration row_version -> org.hibernate.type.BasicTypeReference@5170bc02
2024-09-28T22:19:37.626-05:00 DEBUG 3320 --- [Store] [    Test worker] org.hibernate.type.BasicTypeRegistry     : Adding type registration object -> org.hibernate.type.JavaObjectType@635ff2a5
2024-09-28T22:19:37.626-05:00 DEBUG 3320 --- [Store] [    Test worker] org.hibernate.type.BasicTypeRegistry     : Adding type registration java.lang.Object -> org.hibernate.type.JavaObjectType@635ff2a5
2024-09-28T22:19:37.629-05:00 DEBUG 3320 --- [Store] [    Test worker] org.hibernate.type.BasicTypeRegistry     : Adding type registration null -> org.hibernate.type.NullType@64c25a62
2024-09-28T22:19:37.629-05:00 DEBUG 3320 --- [Store] [    Test worker] org.hibernate.type.BasicTypeRegistry     : Adding type registration imm_date -> org.hibernate.type.BasicTypeReference@43e8f1c
2024-09-28T22:19:37.629-05:00 DEBUG 3320 --- [Store] [    Test worker] org.hibernate.type.BasicTypeRegistry     : Adding type registration imm_time -> org.hibernate.type.BasicTypeReference@66a82a13
2024-09-28T22:19:37.630-05:00 DEBUG 3320 --- [Store] [    Test worker] org.hibernate.type.BasicTypeRegistry     : Adding type registration imm_timestamp -> org.hibernate.type.BasicTypeReference@675ec28b
2024-09-28T22:19:37.630-05:00 DEBUG 3320 --- [Store] [    Test worker] org.hibernate.type.BasicTypeRegistry     : Adding type registration imm_calendar -> org.hibernate.type.BasicTypeReference@11399548
2024-09-28T22:19:37.630-05:00 DEBUG 3320 --- [Store] [    Test worker] org.hibernate.type.BasicTypeRegistry     : Adding type registration imm_calendar_date -> org.hibernate.type.BasicTypeReference@610fbe1c
2024-09-28T22:19:37.630-05:00 DEBUG 3320 --- [Store] [    Test worker] org.hibernate.type.BasicTypeRegistry     : Adding type registration imm_calendar_time -> org.hibernate.type.BasicTypeReference@46d0f89c
2024-09-28T22:19:37.630-05:00 DEBUG 3320 --- [Store] [    Test worker] org.hibernate.type.BasicTypeRegistry     : Adding type registration imm_binary -> org.hibernate.type.BasicTypeReference@570b2057
2024-09-28T22:19:37.630-05:00 DEBUG 3320 --- [Store] [    Test worker] org.hibernate.type.BasicTypeRegistry     : Adding type registration imm_serializable -> org.hibernate.type.BasicTypeReference@a457c2b
2024-09-28T22:19:37.642-05:00 DEBUG 3320 --- [Store] [    Test worker] o.h.boot.internal.BootstrapContextImpl   : Injecting JPA temp ClassLoader [org.springframework.instrument.classloading.SimpleThrowawayClassLoader@5fb7ab9c] into BootstrapContext; was [null]
2024-09-28T22:19:37.643-05:00 DEBUG 3320 --- [Store] [    Test worker] o.h.boot.internal.ClassLoaderAccessImpl  : ClassLoaderAccessImpl#injectTempClassLoader(org.springframework.instrument.classloading.SimpleThrowawayClassLoader@5fb7ab9c) [was null]
2024-09-28T22:19:37.644-05:00 DEBUG 3320 --- [Store] [    Test worker] o.h.boot.internal.BootstrapContextImpl   : Injecting ScanEnvironment [org.hibernate.jpa.boot.internal.StandardJpaScanEnvironmentImpl@6ee37ca7] into BootstrapContext; was [null]
2024-09-28T22:19:37.645-05:00 DEBUG 3320 --- [Store] [    Test worker] o.h.boot.internal.BootstrapContextImpl   : Injecting ScanOptions [org.hibernate.boot.archive.scan.internal.StandardScanOptions@6775c0d1] into BootstrapContext; was [org.hibernate.boot.archive.scan.internal.StandardScanOptions@38f617f4]
2024-09-28T22:19:38.433-05:00  INFO 3320 --- [Store] [    Test worker] o.s.o.j.p.SpringPersistenceUnitInfo      : No LoadTimeWeaver setup: ignoring JPA class transformer
2024-09-28T22:19:38.433-05:00 DEBUG 3320 --- [Store] [    Test worker] o.h.boot.internal.BootstrapContextImpl   : Injecting JPA temp ClassLoader [null] into BootstrapContext; was [org.springframework.instrument.classloading.SimpleThrowawayClassLoader@5fb7ab9c]
2024-09-28T22:19:38.433-05:00 DEBUG 3320 --- [Store] [    Test worker] o.h.boot.internal.ClassLoaderAccessImpl  : ClassLoaderAccessImpl#injectTempClassLoader(null) [was org.springframework.instrument.classloading.SimpleThrowawayClassLoader@5fb7ab9c]
2024-09-28T22:19:38.522-05:00  INFO 3320 --- [Store] [    Test worker] com.zaxxer.hikari.HikariDataSource       : HikariPool-1 - Starting...
2024-09-28T22:19:40.699-05:00  INFO 3320 --- [Store] [    Test worker] com.zaxxer.hikari.pool.HikariPool        : HikariPool-1 - Added connection org.postgresql.jdbc.PgConnection@42edde25
2024-09-28T22:19:40.704-05:00  INFO 3320 --- [Store] [    Test worker] com.zaxxer.hikari.HikariDataSource       : HikariPool-1 - Start completed.
2024-09-28T22:19:40.719-05:00 DEBUG 3320 --- [Store] [    Test worker] o.h.e.j.e.i.JdbcEnvironmentInitiator     : Database ->
	   name : PostgreSQL
	version : 16.3 (Debian 16.3-1.pgdg120+1)
	  major : 16
	  minor : 3
2024-09-28T22:19:40.719-05:00 DEBUG 3320 --- [Store] [    Test worker] o.h.e.j.e.i.JdbcEnvironmentInitiator     : Driver ->
	   name : PostgreSQL JDBC Driver
	version : 42.7.4
	  major : 42
	  minor : 7
2024-09-28T22:19:40.721-05:00 DEBUG 3320 --- [Store] [    Test worker] o.h.e.j.e.i.JdbcEnvironmentInitiator     : JDBC version : 4.2
2024-09-28T22:19:40.873-05:00  WARN 3320 --- [Store] [    Test worker] org.hibernate.orm.deprecation            : HHH90000025: PostgreSQLDialect does not need to be specified explicitly using 'hibernate.dialect' (remove the property setting and it will be selected by default)
2024-09-28T22:19:40.876-05:00 DEBUG 3320 --- [Store] [    Test worker] org.hibernate.orm.dialect                : HHH035001: Using dialect: org.hibernate.dialect.PostgreSQLDialect, version: 16.3
2024-09-28T22:19:40.881-05:00 DEBUG 3320 --- [Store] [    Test worker] o.h.e.j.env.spi.IdentifierHelperBuilder  : JDBC driver metadata reported database stores quoted identifiers in neither upper, lower nor mixed case
2024-09-28T22:19:41.067-05:00 DEBUG 3320 --- [Store] [    Test worker] org.hibernate.orm.jdbc.lob               : HHH10010004: Disabling contextual LOB creation as Dialect reported it is not supported
2024-09-28T22:19:41.088-05:00 DEBUG 3320 --- [Store] [    Test worker] o.h.t.d.sql.spi.DdlTypeRegistry          : addDescriptor(2003, org.hibernate.type.descriptor.sql.internal.ArrayDdlTypeImpl@3639b04) replaced previous registration(org.hibernate.type.descriptor.sql.internal.ArrayDdlTypeImpl@5cb8580)
2024-09-28T22:19:41.089-05:00 DEBUG 3320 --- [Store] [    Test worker] o.h.t.d.sql.spi.DdlTypeRegistry          : addDescriptor(6, org.hibernate.type.descriptor.sql.internal.CapacityDependentDdlType@2ca1e49a) replaced previous registration(org.hibernate.type.descriptor.sql.internal.DdlTypeImpl@1aee6d14)
2024-09-28T22:19:41.094-05:00 DEBUG 3320 --- [Store] [    Test worker] o.h.t.d.jdbc.spi.JdbcTypeRegistry        : addDescriptor(2004, BlobTypeDescriptor(BLOB_BINDING)) replaced previous registration(BlobTypeDescriptor(DEFAULT))
2024-09-28T22:19:41.094-05:00 DEBUG 3320 --- [Store] [    Test worker] o.h.t.d.jdbc.spi.JdbcTypeRegistry        : addDescriptor(2005, ClobTypeDescriptor(CLOB_BINDING)) replaced previous registration(ClobTypeDescriptor(DEFAULT))
2024-09-28T22:19:41.111-05:00 DEBUG 3320 --- [Store] [    Test worker] org.hibernate.type.BasicTypeRegistry     : Adding type registration JAVA_OBJECT -> org.hibernate.type.JavaObjectType@1feb586d
2024-09-28T22:19:41.111-05:00 DEBUG 3320 --- [Store] [    Test worker] org.hibernate.type.BasicTypeRegistry     : Adding type registration java.lang.Object -> org.hibernate.type.JavaObjectType@1feb586d
2024-09-28T22:19:41.111-05:00 DEBUG 3320 --- [Store] [    Test worker] org.hibernate.type.BasicTypeRegistry     : Type registration key [java.lang.Object] overrode previous entry : `org.hibernate.type.JavaObjectType@635ff2a5`
2024-09-28T22:19:41.120-05:00 DEBUG 3320 --- [Store] [    Test worker] org.hibernate.type.BasicTypeRegistry     : Adding type registration org.hibernate.type.DurationType -> basicType@1(java.time.Duration,3015)
2024-09-28T22:19:41.120-05:00 DEBUG 3320 --- [Store] [    Test worker] org.hibernate.type.BasicTypeRegistry     : Adding type registration Duration -> basicType@1(java.time.Duration,3015)
2024-09-28T22:19:41.120-05:00 DEBUG 3320 --- [Store] [    Test worker] org.hibernate.type.BasicTypeRegistry     : Adding type registration java.time.Duration -> basicType@1(java.time.Duration,3015)
2024-09-28T22:19:41.125-05:00 DEBUG 3320 --- [Store] [    Test worker] org.hibernate.type.BasicTypeRegistry     : Adding type registration org.hibernate.type.OffsetDateTimeType -> basicType@2(java.time.OffsetDateTime,3003)
2024-09-28T22:19:41.126-05:00 DEBUG 3320 --- [Store] [    Test worker] org.hibernate.type.BasicTypeRegistry     : Adding type registration OffsetDateTime -> basicType@2(java.time.OffsetDateTime,3003)
2024-09-28T22:19:41.126-05:00 DEBUG 3320 --- [Store] [    Test worker] org.hibernate.type.BasicTypeRegistry     : Adding type registration java.time.OffsetDateTime -> basicType@2(java.time.OffsetDateTime,3003)
2024-09-28T22:19:41.126-05:00 DEBUG 3320 --- [Store] [    Test worker] org.hibernate.type.BasicTypeRegistry     : Adding type registration org.hibernate.type.ZonedDateTimeType -> basicType@3(java.time.ZonedDateTime,3003)
2024-09-28T22:19:41.126-05:00 DEBUG 3320 --- [Store] [    Test worker] org.hibernate.type.BasicTypeRegistry     : Adding type registration ZonedDateTime -> basicType@3(java.time.ZonedDateTime,3003)
2024-09-28T22:19:41.126-05:00 DEBUG 3320 --- [Store] [    Test worker] org.hibernate.type.BasicTypeRegistry     : Adding type registration java.time.ZonedDateTime -> basicType@3(java.time.ZonedDateTime,3003)
2024-09-28T22:19:41.127-05:00 DEBUG 3320 --- [Store] [    Test worker] org.hibernate.type.BasicTypeRegistry     : Adding type registration org.hibernate.type.OffsetTimeType -> basicType@4(java.time.OffsetTime,3007)
2024-09-28T22:19:41.127-05:00 DEBUG 3320 --- [Store] [    Test worker] org.hibernate.type.BasicTypeRegistry     : Adding type registration OffsetTime -> basicType@4(java.time.OffsetTime,3007)
2024-09-28T22:19:41.127-05:00 DEBUG 3320 --- [Store] [    Test worker] org.hibernate.type.BasicTypeRegistry     : Adding type registration java.time.OffsetTime -> basicType@4(java.time.OffsetTime,3007)
2024-09-28T22:19:41.130-05:00 DEBUG 3320 --- [Store] [    Test worker] o.h.type.spi.TypeConfiguration$Scope     : Scoping TypeConfiguration [org.hibernate.type.spi.TypeConfiguration@72e36677] to MetadataBuildingContext [org.hibernate.boot.internal.MetadataBuildingContextRootImpl@6b86826a]
2024-09-28T22:19:41.220-05:00 DEBUG 3320 --- [Store] [    Test worker] o.h.boot.model.relational.Namespace      : Created database namespace [logicalName=Name{catalog=null, schema=null}, physicalName=Name{catalog=null, schema=null}]
2024-09-28T22:19:41.326-05:00 DEBUG 3320 --- [Store] [    Test worker] o.h.boot.model.internal.EntityBinder     : Binding entity from annotated class: com.Store.Store.domain.dto.Client
2024-09-28T22:19:41.344-05:00 DEBUG 3320 --- [Store] [    Test worker] o.h.boot.model.internal.EntityBinder     : Import with entity name Client
2024-09-28T22:19:41.381-05:00 DEBUG 3320 --- [Store] [    Test worker] o.h.boot.model.internal.EntityBinder     : Bind entity com.Store.Store.domain.dto.Client on table clients
2024-09-28T22:19:41.406-05:00 DEBUG 3320 --- [Store] [    Test worker] o.h.boot.model.internal.AnnotatedColumn  : Binding column: AnnotatedDiscriminatorColumn(column='DTYPE')
2024-09-28T22:19:41.441-05:00 DEBUG 3320 --- [Store] [    Test worker] o.h.boot.model.internal.AnnotatedColumn  : Binding column: AnnotatedColumn(column='id')
2024-09-28T22:19:41.446-05:00 DEBUG 3320 --- [Store] [    Test worker] o.h.boot.internal.ClassLoaderAccessImpl  : Not known whether passed class name [com.Store.Store.domain.dto.Client] is safe
2024-09-28T22:19:41.446-05:00 DEBUG 3320 --- [Store] [    Test worker] o.h.boot.internal.ClassLoaderAccessImpl  : No temp ClassLoader provided; using live ClassLoader for loading potentially unsafe class : com.Store.Store.domain.dto.Client
2024-09-28T22:19:41.452-05:00 DEBUG 3320 --- [Store] [    Test worker] o.h.boot.model.internal.PropertyBinder   : MetadataSourceProcessor property id with lazy=false
2024-09-28T22:19:41.461-05:00 DEBUG 3320 --- [Store] [    Test worker] o.h.b.m.internal.AbstractPropertyHolder  : Attempting to locate auto-apply AttributeConverter for property [com.Store.Store.domain.dto.Client:id]
2024-09-28T22:19:41.470-05:00 DEBUG 3320 --- [Store] [    Test worker] o.h.b.model.internal.BasicValueBinder    : building BasicValue for id
2024-09-28T22:19:41.481-05:00 DEBUG 3320 --- [Store] [    Test worker] org.hibernate.mapping.BasicValue         : Skipping column re-registration: clients.id
2024-09-28T22:19:41.482-05:00 DEBUG 3320 --- [Store] [    Test worker] o.h.boot.model.internal.PropertyBinder   : Building property id
2024-09-28T22:19:41.487-05:00 DEBUG 3320 --- [Store] [    Test worker] o.h.boot.model.internal.BinderHelper     : #makeIdGenerator(BasicValue([Column(id)]), id, assigned, , ...)
2024-09-28T22:19:41.490-05:00 DEBUG 3320 --- [Store] [    Test worker] o.h.boot.model.internal.AnnotatedColumn  : Binding column: AnnotatedColumn(column='created_date')
2024-09-28T22:19:41.491-05:00 DEBUG 3320 --- [Store] [    Test worker] o.h.boot.model.internal.PropertyBinder   : MetadataSourceProcessor property createdDate with lazy=false
2024-09-28T22:19:41.491-05:00 DEBUG 3320 --- [Store] [    Test worker] o.h.b.m.internal.AbstractPropertyHolder  : Attempting to locate auto-apply AttributeConverter for property [com.Store.Store.domain.dto.Client:createdDate]
2024-09-28T22:19:41.491-05:00 DEBUG 3320 --- [Store] [    Test worker] o.h.b.model.internal.BasicValueBinder    : building BasicValue for createdDate
2024-09-28T22:19:41.491-05:00 DEBUG 3320 --- [Store] [    Test worker] org.hibernate.mapping.BasicValue         : Skipping column re-registration: clients.created_date
2024-09-28T22:19:41.491-05:00 DEBUG 3320 --- [Store] [    Test worker] o.h.boot.model.internal.PropertyBinder   : Building property createdDate
2024-09-28T22:19:41.492-05:00 DEBUG 3320 --- [Store] [    Test worker] o.h.boot.model.internal.AnnotatedColumn  : Binding column: AnnotatedColumn(column='document_number')
2024-09-28T22:19:41.492-05:00 DEBUG 3320 --- [Store] [    Test worker] o.h.boot.model.internal.PropertyBinder   : MetadataSourceProcessor property documentNumber with lazy=false
2024-09-28T22:19:41.492-05:00 DEBUG 3320 --- [Store] [    Test worker] o.h.b.m.internal.AbstractPropertyHolder  : Attempting to locate auto-apply AttributeConverter for property [com.Store.Store.domain.dto.Client:documentNumber]
2024-09-28T22:19:41.493-05:00 DEBUG 3320 --- [Store] [    Test worker] o.h.b.model.internal.BasicValueBinder    : building BasicValue for documentNumber
2024-09-28T22:19:41.493-05:00 DEBUG 3320 --- [Store] [    Test worker] org.hibernate.mapping.BasicValue         : Skipping column re-registration: clients.document_number
2024-09-28T22:19:41.493-05:00 DEBUG 3320 --- [Store] [    Test worker] o.h.boot.model.internal.PropertyBinder   : Building property documentNumber
2024-09-28T22:19:41.493-05:00 DEBUG 3320 --- [Store] [    Test worker] o.h.boot.model.internal.AnnotatedColumn  : Binding column: AnnotatedColumn(column='document_type')
2024-09-28T22:19:41.493-05:00 DEBUG 3320 --- [Store] [    Test worker] o.h.boot.model.internal.PropertyBinder   : MetadataSourceProcessor property documentType with lazy=false
2024-09-28T22:19:41.493-05:00 DEBUG 3320 --- [Store] [    Test worker] o.h.b.m.internal.AbstractPropertyHolder  : Attempting to locate auto-apply AttributeConverter for property [com.Store.Store.domain.dto.Client:documentType]
2024-09-28T22:19:41.493-05:00 DEBUG 3320 --- [Store] [    Test worker] o.h.b.model.internal.BasicValueBinder    : building BasicValue for documentType
2024-09-28T22:19:41.493-05:00 DEBUG 3320 --- [Store] [    Test worker] org.hibernate.mapping.BasicValue         : Skipping column re-registration: clients.document_type
2024-09-28T22:19:41.494-05:00 DEBUG 3320 --- [Store] [    Test worker] o.h.boot.model.internal.PropertyBinder   : Building property documentType
2024-09-28T22:19:41.494-05:00 DEBUG 3320 --- [Store] [    Test worker] o.h.boot.model.internal.AnnotatedColumn  : Binding column: AnnotatedColumn(column='email')
2024-09-28T22:19:41.494-05:00 DEBUG 3320 --- [Store] [    Test worker] o.h.boot.model.internal.PropertyBinder   : MetadataSourceProcessor property email with lazy=false
2024-09-28T22:19:41.494-05:00 DEBUG 3320 --- [Store] [    Test worker] o.h.b.m.internal.AbstractPropertyHolder  : Attempting to locate auto-apply AttributeConverter for property [com.Store.Store.domain.dto.Client:email]
2024-09-28T22:19:41.494-05:00 DEBUG 3320 --- [Store] [    Test worker] o.h.b.model.internal.BasicValueBinder    : building BasicValue for email
2024-09-28T22:19:41.494-05:00 DEBUG 3320 --- [Store] [    Test worker] org.hibernate.mapping.BasicValue         : Skipping column re-registration: clients.email
2024-09-28T22:19:41.494-05:00 DEBUG 3320 --- [Store] [    Test worker] o.h.boot.model.internal.PropertyBinder   : Building property email
2024-09-28T22:19:41.495-05:00 DEBUG 3320 --- [Store] [    Test worker] o.h.boot.model.internal.AnnotatedColumn  : Binding column: AnnotatedColumn(column='last_name')
2024-09-28T22:19:41.495-05:00 DEBUG 3320 --- [Store] [    Test worker] o.h.boot.model.internal.PropertyBinder   : MetadataSourceProcessor property lastName with lazy=false
2024-09-28T22:19:41.495-05:00 DEBUG 3320 --- [Store] [    Test worker] o.h.b.m.internal.AbstractPropertyHolder  : Attempting to locate auto-apply AttributeConverter for property [com.Store.Store.domain.dto.Client:lastName]
2024-09-28T22:19:41.495-05:00 DEBUG 3320 --- [Store] [    Test worker] o.h.b.model.internal.BasicValueBinder    : building BasicValue for lastName
2024-09-28T22:19:41.495-05:00 DEBUG 3320 --- [Store] [    Test worker] org.hibernate.mapping.BasicValue         : Skipping column re-registration: clients.last_name
2024-09-28T22:19:41.495-05:00 DEBUG 3320 --- [Store] [    Test worker] o.h.boot.model.internal.PropertyBinder   : Building property lastName
2024-09-28T22:19:41.496-05:00 DEBUG 3320 --- [Store] [    Test worker] o.h.boot.model.internal.AnnotatedColumn  : Binding column: AnnotatedColumn(column='name')
2024-09-28T22:19:41.496-05:00 DEBUG 3320 --- [Store] [    Test worker] o.h.boot.model.internal.PropertyBinder   : MetadataSourceProcessor property name with lazy=false
2024-09-28T22:19:41.496-05:00 DEBUG 3320 --- [Store] [    Test worker] o.h.b.m.internal.AbstractPropertyHolder  : Attempting to locate auto-apply AttributeConverter for property [com.Store.Store.domain.dto.Client:name]
2024-09-28T22:19:41.496-05:00 DEBUG 3320 --- [Store] [    Test worker] o.h.b.model.internal.BasicValueBinder    : building BasicValue for name
2024-09-28T22:19:41.497-05:00 DEBUG 3320 --- [Store] [    Test worker] org.hibernate.mapping.BasicValue         : Skipping column re-registration: clients.name
2024-09-28T22:19:41.497-05:00 DEBUG 3320 --- [Store] [    Test worker] o.h.boot.model.internal.PropertyBinder   : Building property name
2024-09-28T22:19:41.498-05:00 DEBUG 3320 --- [Store] [    Test worker] o.h.boot.model.internal.AnnotatedColumn  : Binding column: AnnotatedColumn(column='phone')
2024-09-28T22:19:41.498-05:00 DEBUG 3320 --- [Store] [    Test worker] o.h.boot.model.internal.PropertyBinder   : MetadataSourceProcessor property phone with lazy=false
2024-09-28T22:19:41.498-05:00 DEBUG 3320 --- [Store] [    Test worker] o.h.b.m.internal.AbstractPropertyHolder  : Attempting to locate auto-apply AttributeConverter for property [com.Store.Store.domain.dto.Client:phone]
2024-09-28T22:19:41.498-05:00 DEBUG 3320 --- [Store] [    Test worker] o.h.b.model.internal.BasicValueBinder    : building BasicValue for phone
2024-09-28T22:19:41.498-05:00 DEBUG 3320 --- [Store] [    Test worker] org.hibernate.mapping.BasicValue         : Skipping column re-registration: clients.phone
2024-09-28T22:19:41.498-05:00 DEBUG 3320 --- [Store] [    Test worker] o.h.boot.model.internal.PropertyBinder   : Building property phone
2024-09-28T22:19:41.498-05:00 DEBUG 3320 --- [Store] [    Test worker] o.h.boot.model.internal.AnnotatedColumn  : Binding column: AnnotatedColumn(column='updated_date')
2024-09-28T22:19:41.498-05:00 DEBUG 3320 --- [Store] [    Test worker] o.h.boot.model.internal.PropertyBinder   : MetadataSourceProcessor property updatedDate with lazy=false
2024-09-28T22:19:41.498-05:00 DEBUG 3320 --- [Store] [    Test worker] o.h.b.m.internal.AbstractPropertyHolder  : Attempting to locate auto-apply AttributeConverter for property [com.Store.Store.domain.dto.Client:updatedDate]
2024-09-28T22:19:41.498-05:00 DEBUG 3320 --- [Store] [    Test worker] o.h.b.model.internal.BasicValueBinder    : building BasicValue for updatedDate
2024-09-28T22:19:41.499-05:00 DEBUG 3320 --- [Store] [    Test worker] org.hibernate.mapping.BasicValue         : Skipping column re-registration: clients.updated_date
2024-09-28T22:19:41.499-05:00 DEBUG 3320 --- [Store] [    Test worker] o.h.boot.model.internal.PropertyBinder   : Building property updatedDate
2024-09-28T22:19:41.502-05:00 DEBUG 3320 --- [Store] [    Test worker] o.h.b.r.c.i.ClassLoaderServiceImpl       : HHH000194: Package not found or no package-info.java: com.Store.Store.domain.dto
2024-09-28T22:19:41.514-05:00 DEBUG 3320 --- [Store] [    Test worker] o.h.boot.model.internal.EntityBinder     : Binding entity from annotated class: com.Store.Store.domain.dto.Product
2024-09-28T22:19:41.514-05:00 DEBUG 3320 --- [Store] [    Test worker] o.h.boot.model.internal.EntityBinder     : Import with entity name Product
2024-09-28T22:19:41.514-05:00 DEBUG 3320 --- [Store] [    Test worker] o.h.boot.model.internal.EntityBinder     : Bind entity com.Store.Store.domain.dto.Product on table products
2024-09-28T22:19:41.515-05:00 DEBUG 3320 --- [Store] [    Test worker] o.h.boot.model.internal.AnnotatedColumn  : Binding column: AnnotatedDiscriminatorColumn(column='DTYPE')
2024-09-28T22:19:41.518-05:00 DEBUG 3320 --- [Store] [    Test worker] o.h.boot.model.internal.AnnotatedColumn  : Binding column: AnnotatedColumn(column='id')
2024-09-28T22:19:41.518-05:00 DEBUG 3320 --- [Store] [    Test worker] o.h.boot.internal.ClassLoaderAccessImpl  : Not known whether passed class name [com.Store.Store.domain.dto.Product] is safe
2024-09-28T22:19:41.518-05:00 DEBUG 3320 --- [Store] [    Test worker] o.h.boot.internal.ClassLoaderAccessImpl  : No temp ClassLoader provided; using live ClassLoader for loading potentially unsafe class : com.Store.Store.domain.dto.Product
2024-09-28T22:19:41.518-05:00 DEBUG 3320 --- [Store] [    Test worker] o.h.boot.model.internal.PropertyBinder   : MetadataSourceProcessor property id with lazy=false
2024-09-28T22:19:41.518-05:00 DEBUG 3320 --- [Store] [    Test worker] o.h.b.m.internal.AbstractPropertyHolder  : Attempting to locate auto-apply AttributeConverter for property [com.Store.Store.domain.dto.Product:id]
2024-09-28T22:19:41.518-05:00 DEBUG 3320 --- [Store] [    Test worker] o.h.b.model.internal.BasicValueBinder    : building BasicValue for id
2024-09-28T22:19:41.518-05:00 DEBUG 3320 --- [Store] [    Test worker] org.hibernate.mapping.BasicValue         : Skipping column re-registration: products.id
2024-09-28T22:19:41.519-05:00 DEBUG 3320 --- [Store] [    Test worker] o.h.boot.model.internal.PropertyBinder   : Building property id
2024-09-28T22:19:41.519-05:00 DEBUG 3320 --- [Store] [    Test worker] o.h.boot.model.internal.BinderHelper     : #makeIdGenerator(BasicValue([Column(id)]), id, assigned, , ...)
2024-09-28T22:19:41.519-05:00 DEBUG 3320 --- [Store] [    Test worker] o.h.boot.model.internal.AnnotatedColumn  : Binding column: AnnotatedColumn(column='description')
2024-09-28T22:19:41.519-05:00 DEBUG 3320 --- [Store] [    Test worker] o.h.boot.model.internal.PropertyBinder   : MetadataSourceProcessor property description with lazy=false
2024-09-28T22:19:41.519-05:00 DEBUG 3320 --- [Store] [    Test worker] o.h.b.m.internal.AbstractPropertyHolder  : Attempting to locate auto-apply AttributeConverter for property [com.Store.Store.domain.dto.Product:description]
2024-09-28T22:19:41.520-05:00 DEBUG 3320 --- [Store] [    Test worker] o.h.b.model.internal.BasicValueBinder    : building BasicValue for description
2024-09-28T22:19:41.520-05:00 DEBUG 3320 --- [Store] [    Test worker] org.hibernate.mapping.BasicValue         : Skipping column re-registration: products.description
2024-09-28T22:19:41.520-05:00 DEBUG 3320 --- [Store] [    Test worker] o.h.boot.model.internal.PropertyBinder   : Building property description
2024-09-28T22:19:41.521-05:00 DEBUG 3320 --- [Store] [    Test worker] o.h.boot.model.internal.AnnotatedColumn  : Binding column: AnnotatedColumn(column='image')
2024-09-28T22:19:41.521-05:00 DEBUG 3320 --- [Store] [    Test worker] o.h.boot.model.internal.PropertyBinder   : MetadataSourceProcessor property image with lazy=false
2024-09-28T22:19:41.521-05:00 DEBUG 3320 --- [Store] [    Test worker] o.h.b.m.internal.AbstractPropertyHolder  : Attempting to locate auto-apply AttributeConverter for property [com.Store.Store.domain.dto.Product:image]
2024-09-28T22:19:41.521-05:00 DEBUG 3320 --- [Store] [    Test worker] o.h.b.model.internal.BasicValueBinder    : building BasicValue for image
2024-09-28T22:19:41.521-05:00 DEBUG 3320 --- [Store] [    Test worker] org.hibernate.mapping.BasicValue         : Skipping column re-registration: products.image
2024-09-28T22:19:41.521-05:00 DEBUG 3320 --- [Store] [    Test worker] o.h.boot.model.internal.PropertyBinder   : Building property image
2024-09-28T22:19:41.521-05:00 DEBUG 3320 --- [Store] [    Test worker] o.h.boot.model.internal.AnnotatedColumn  : Binding column: AnnotatedColumn(column='name')
2024-09-28T22:19:41.521-05:00 DEBUG 3320 --- [Store] [    Test worker] o.h.boot.model.internal.PropertyBinder   : MetadataSourceProcessor property name with lazy=false
2024-09-28T22:19:41.521-05:00 DEBUG 3320 --- [Store] [    Test worker] o.h.b.m.internal.AbstractPropertyHolder  : Attempting to locate auto-apply AttributeConverter for property [com.Store.Store.domain.dto.Product:name]
2024-09-28T22:19:41.521-05:00 DEBUG 3320 --- [Store] [    Test worker] o.h.b.model.internal.BasicValueBinder    : building BasicValue for name
2024-09-28T22:19:41.521-05:00 DEBUG 3320 --- [Store] [    Test worker] org.hibernate.mapping.BasicValue         : Skipping column re-registration: products.name
2024-09-28T22:19:41.521-05:00 DEBUG 3320 --- [Store] [    Test worker] o.h.boot.model.internal.PropertyBinder   : Building property name
2024-09-28T22:19:41.523-05:00 DEBUG 3320 --- [Store] [    Test worker] o.h.boot.model.internal.AnnotatedColumn  : Binding column: AnnotatedColumn(column='precio_costo')
2024-09-28T22:19:41.523-05:00 DEBUG 3320 --- [Store] [    Test worker] o.h.boot.model.internal.PropertyBinder   : MetadataSourceProcessor property precioCosto with lazy=false
2024-09-28T22:19:41.523-05:00 DEBUG 3320 --- [Store] [    Test worker] o.h.b.m.internal.AbstractPropertyHolder  : Attempting to locate auto-apply AttributeConverter for property [com.Store.Store.domain.dto.Product:precioCosto]
2024-09-28T22:19:41.523-05:00 DEBUG 3320 --- [Store] [    Test worker] o.h.b.model.internal.BasicValueBinder    : building BasicValue for precioCosto
2024-09-28T22:19:41.523-05:00 DEBUG 3320 --- [Store] [    Test worker] org.hibernate.mapping.BasicValue         : Skipping column re-registration: products.precio_costo
2024-09-28T22:19:41.523-05:00 DEBUG 3320 --- [Store] [    Test worker] o.h.boot.model.internal.PropertyBinder   : Building property precioCosto
2024-09-28T22:19:41.523-05:00 DEBUG 3320 --- [Store] [    Test worker] o.h.boot.model.internal.AnnotatedColumn  : Binding column: AnnotatedColumn(column='precio_venta')
2024-09-28T22:19:41.523-05:00 DEBUG 3320 --- [Store] [    Test worker] o.h.boot.model.internal.PropertyBinder   : MetadataSourceProcessor property precioVenta with lazy=false
2024-09-28T22:19:41.523-05:00 DEBUG 3320 --- [Store] [    Test worker] o.h.b.m.internal.AbstractPropertyHolder  : Attempting to locate auto-apply AttributeConverter for property [com.Store.Store.domain.dto.Product:precioVenta]
2024-09-28T22:19:41.523-05:00 DEBUG 3320 --- [Store] [    Test worker] o.h.b.model.internal.BasicValueBinder    : building BasicValue for precioVenta
2024-09-28T22:19:41.523-05:00 DEBUG 3320 --- [Store] [    Test worker] org.hibernate.mapping.BasicValue         : Skipping column re-registration: products.precio_venta
2024-09-28T22:19:41.524-05:00 DEBUG 3320 --- [Store] [    Test worker] o.h.boot.model.internal.PropertyBinder   : Building property precioVenta
2024-09-28T22:19:41.524-05:00 DEBUG 3320 --- [Store] [    Test worker] o.h.boot.model.internal.AnnotatedColumn  : Binding column: AnnotatedColumn(column='status')
2024-09-28T22:19:41.524-05:00 DEBUG 3320 --- [Store] [    Test worker] o.h.boot.model.internal.PropertyBinder   : MetadataSourceProcessor property status with lazy=false
2024-09-28T22:19:41.524-05:00 DEBUG 3320 --- [Store] [    Test worker] o.h.b.m.internal.AbstractPropertyHolder  : Attempting to locate auto-apply AttributeConverter for property [com.Store.Store.domain.dto.Product:status]
2024-09-28T22:19:41.524-05:00 DEBUG 3320 --- [Store] [    Test worker] o.h.b.model.internal.BasicValueBinder    : building BasicValue for status
2024-09-28T22:19:41.524-05:00 DEBUG 3320 --- [Store] [    Test worker] org.hibernate.mapping.BasicValue         : Skipping column re-registration: products.status
2024-09-28T22:19:41.524-05:00 DEBUG 3320 --- [Store] [    Test worker] o.h.boot.model.internal.PropertyBinder   : Building property status
2024-09-28T22:19:41.525-05:00 DEBUG 3320 --- [Store] [    Test worker] o.h.boot.model.internal.AnnotatedColumn  : Binding column: AnnotatedColumn(column='stock')
2024-09-28T22:19:41.525-05:00 DEBUG 3320 --- [Store] [    Test worker] o.h.boot.model.internal.PropertyBinder   : MetadataSourceProcessor property stock with lazy=false
2024-09-28T22:19:41.525-05:00 DEBUG 3320 --- [Store] [    Test worker] o.h.b.m.internal.AbstractPropertyHolder  : Attempting to locate auto-apply AttributeConverter for property [com.Store.Store.domain.dto.Product:stock]
2024-09-28T22:19:41.525-05:00 DEBUG 3320 --- [Store] [    Test worker] o.h.b.model.internal.BasicValueBinder    : building BasicValue for stock
2024-09-28T22:19:41.525-05:00 DEBUG 3320 --- [Store] [    Test worker] org.hibernate.mapping.BasicValue         : Skipping column re-registration: products.stock
2024-09-28T22:19:41.525-05:00 DEBUG 3320 --- [Store] [    Test worker] o.h.boot.model.internal.PropertyBinder   : Building property stock
2024-09-28T22:19:41.525-05:00 DEBUG 3320 --- [Store] [    Test worker] o.h.boot.model.internal.AnnotatedColumn  : Binding column: AnnotatedColumn(column='vendor_id')
2024-09-28T22:19:41.525-05:00 DEBUG 3320 --- [Store] [    Test worker] o.h.boot.model.internal.PropertyBinder   : MetadataSourceProcessor property vendorId with lazy=false
2024-09-28T22:19:41.525-05:00 DEBUG 3320 --- [Store] [    Test worker] o.h.b.m.internal.AbstractPropertyHolder  : Attempting to locate auto-apply AttributeConverter for property [com.Store.Store.domain.dto.Product:vendorId]
2024-09-28T22:19:41.526-05:00 DEBUG 3320 --- [Store] [    Test worker] o.h.b.model.internal.BasicValueBinder    : building BasicValue for vendorId
2024-09-28T22:19:41.526-05:00 DEBUG 3320 --- [Store] [    Test worker] org.hibernate.mapping.BasicValue         : Skipping column re-registration: products.vendor_id
2024-09-28T22:19:41.526-05:00 DEBUG 3320 --- [Store] [    Test worker] o.h.boot.model.internal.PropertyBinder   : Building property vendorId
2024-09-28T22:19:41.526-05:00 DEBUG 3320 --- [Store] [    Test worker] o.h.b.r.c.i.ClassLoaderServiceImpl       : HHH000194: Package not found or no package-info.java: com.Store.Store.domain.dto
2024-09-28T22:19:41.528-05:00 DEBUG 3320 --- [Store] [    Test worker] o.h.boot.model.internal.EntityBinder     : Binding entity from annotated class: com.Store.Store.domain.dto.Vendor
2024-09-28T22:19:41.528-05:00 DEBUG 3320 --- [Store] [    Test worker] o.h.boot.model.internal.EntityBinder     : Import with entity name Vendor
2024-09-28T22:19:41.528-05:00 DEBUG 3320 --- [Store] [    Test worker] o.h.boot.model.internal.EntityBinder     : Bind entity com.Store.Store.domain.dto.Vendor on table vendors
2024-09-28T22:19:41.529-05:00 DEBUG 3320 --- [Store] [    Test worker] o.h.boot.model.internal.AnnotatedColumn  : Binding column: AnnotatedDiscriminatorColumn(column='DTYPE')
2024-09-28T22:19:41.531-05:00 DEBUG 3320 --- [Store] [    Test worker] o.h.boot.model.internal.AnnotatedColumn  : Binding column: AnnotatedColumn(column='id')
2024-09-28T22:19:41.531-05:00 DEBUG 3320 --- [Store] [    Test worker] o.h.boot.internal.ClassLoaderAccessImpl  : Not known whether passed class name [com.Store.Store.domain.dto.Vendor] is safe
2024-09-28T22:19:41.531-05:00 DEBUG 3320 --- [Store] [    Test worker] o.h.boot.internal.ClassLoaderAccessImpl  : No temp ClassLoader provided; using live ClassLoader for loading potentially unsafe class : com.Store.Store.domain.dto.Vendor
2024-09-28T22:19:41.531-05:00 DEBUG 3320 --- [Store] [    Test worker] o.h.boot.model.internal.PropertyBinder   : MetadataSourceProcessor property id with lazy=false
2024-09-28T22:19:41.531-05:00 DEBUG 3320 --- [Store] [    Test worker] o.h.b.m.internal.AbstractPropertyHolder  : Attempting to locate auto-apply AttributeConverter for property [com.Store.Store.domain.dto.Vendor:id]
2024-09-28T22:19:41.531-05:00 DEBUG 3320 --- [Store] [    Test worker] o.h.b.model.internal.BasicValueBinder    : building BasicValue for id
2024-09-28T22:19:41.532-05:00 DEBUG 3320 --- [Store] [    Test worker] org.hibernate.mapping.BasicValue         : Skipping column re-registration: vendors.id
2024-09-28T22:19:41.532-05:00 DEBUG 3320 --- [Store] [    Test worker] o.h.boot.model.internal.PropertyBinder   : Building property id
2024-09-28T22:19:41.532-05:00 DEBUG 3320 --- [Store] [    Test worker] o.h.boot.model.internal.BinderHelper     : #makeIdGenerator(BasicValue([Column(id)]), id, assigned, , ...)
2024-09-28T22:19:41.532-05:00 DEBUG 3320 --- [Store] [    Test worker] o.h.boot.model.internal.AnnotatedColumn  : Binding column: AnnotatedColumn(column='created_date')
2024-09-28T22:19:41.532-05:00 DEBUG 3320 --- [Store] [    Test worker] o.h.boot.model.internal.PropertyBinder   : MetadataSourceProcessor property createdDate with lazy=false
2024-09-28T22:19:41.532-05:00 DEBUG 3320 --- [Store] [    Test worker] o.h.b.m.internal.AbstractPropertyHolder  : Attempting to locate auto-apply AttributeConverter for property [com.Store.Store.domain.dto.Vendor:createdDate]
2024-09-28T22:19:41.532-05:00 DEBUG 3320 --- [Store] [    Test worker] o.h.b.model.internal.BasicValueBinder    : building BasicValue for createdDate
2024-09-28T22:19:41.532-05:00 DEBUG 3320 --- [Store] [    Test worker] org.hibernate.mapping.BasicValue         : Skipping column re-registration: vendors.created_date
2024-09-28T22:19:41.533-05:00 DEBUG 3320 --- [Store] [    Test worker] o.h.boot.model.internal.PropertyBinder   : Building property createdDate
2024-09-28T22:19:41.533-05:00 DEBUG 3320 --- [Store] [    Test worker] o.h.boot.model.internal.AnnotatedColumn  : Binding column: AnnotatedColumn(column='email')
2024-09-28T22:19:41.533-05:00 DEBUG 3320 --- [Store] [    Test worker] o.h.boot.model.internal.PropertyBinder   : MetadataSourceProcessor property email with lazy=false
2024-09-28T22:19:41.533-05:00 DEBUG 3320 --- [Store] [    Test worker] o.h.b.m.internal.AbstractPropertyHolder  : Attempting to locate auto-apply AttributeConverter for property [com.Store.Store.domain.dto.Vendor:email]
2024-09-28T22:19:41.533-05:00 DEBUG 3320 --- [Store] [    Test worker] o.h.b.model.internal.BasicValueBinder    : building BasicValue for email
2024-09-28T22:19:41.533-05:00 DEBUG 3320 --- [Store] [    Test worker] org.hibernate.mapping.BasicValue         : Skipping column re-registration: vendors.email
2024-09-28T22:19:41.534-05:00 DEBUG 3320 --- [Store] [    Test worker] o.h.boot.model.internal.PropertyBinder   : Building property email
2024-09-28T22:19:41.534-05:00 DEBUG 3320 --- [Store] [    Test worker] o.h.boot.model.internal.AnnotatedColumn  : Binding column: AnnotatedColumn(column='name')
2024-09-28T22:19:41.534-05:00 DEBUG 3320 --- [Store] [    Test worker] o.h.boot.model.internal.PropertyBinder   : MetadataSourceProcessor property name with lazy=false
2024-09-28T22:19:41.534-05:00 DEBUG 3320 --- [Store] [    Test worker] o.h.b.m.internal.AbstractPropertyHolder  : Attempting to locate auto-apply AttributeConverter for property [com.Store.Store.domain.dto.Vendor:name]
2024-09-28T22:19:41.534-05:00 DEBUG 3320 --- [Store] [    Test worker] o.h.b.model.internal.BasicValueBinder    : building BasicValue for name
2024-09-28T22:19:41.534-05:00 DEBUG 3320 --- [Store] [    Test worker] org.hibernate.mapping.BasicValue         : Skipping column re-registration: vendors.name
2024-09-28T22:19:41.534-05:00 DEBUG 3320 --- [Store] [    Test worker] o.h.boot.model.internal.PropertyBinder   : Building property name
2024-09-28T22:19:41.535-05:00 DEBUG 3320 --- [Store] [    Test worker] o.h.boot.model.internal.AnnotatedColumn  : Binding column: AnnotatedColumn(column='nit')
2024-09-28T22:19:41.535-05:00 DEBUG 3320 --- [Store] [    Test worker] o.h.boot.model.internal.PropertyBinder   : MetadataSourceProcessor property nit with lazy=false
2024-09-28T22:19:41.535-05:00 DEBUG 3320 --- [Store] [    Test worker] o.h.b.m.internal.AbstractPropertyHolder  : Attempting to locate auto-apply AttributeConverter for property [com.Store.Store.domain.dto.Vendor:nit]
2024-09-28T22:19:41.535-05:00 DEBUG 3320 --- [Store] [    Test worker] o.h.b.model.internal.BasicValueBinder    : building BasicValue for nit
2024-09-28T22:19:41.535-05:00 DEBUG 3320 --- [Store] [    Test worker] org.hibernate.mapping.BasicValue         : Skipping column re-registration: vendors.nit
2024-09-28T22:19:41.535-05:00 DEBUG 3320 --- [Store] [    Test worker] o.h.boot.model.internal.PropertyBinder   : Building property nit
2024-09-28T22:19:41.535-05:00 DEBUG 3320 --- [Store] [    Test worker] o.h.boot.model.internal.AnnotatedColumn  : Binding column: AnnotatedColumn(column='phone')
2024-09-28T22:19:41.535-05:00 DEBUG 3320 --- [Store] [    Test worker] o.h.boot.model.internal.PropertyBinder   : MetadataSourceProcessor property phone with lazy=false
2024-09-28T22:19:41.535-05:00 DEBUG 3320 --- [Store] [    Test worker] o.h.b.m.internal.AbstractPropertyHolder  : Attempting to locate auto-apply AttributeConverter for property [com.Store.Store.domain.dto.Vendor:phone]
2024-09-28T22:19:41.536-05:00 DEBUG 3320 --- [Store] [    Test worker] o.h.b.model.internal.BasicValueBinder    : building BasicValue for phone
2024-09-28T22:19:41.536-05:00 DEBUG 3320 --- [Store] [    Test worker] org.hibernate.mapping.BasicValue         : Skipping column re-registration: vendors.phone
2024-09-28T22:19:41.536-05:00 DEBUG 3320 --- [Store] [    Test worker] o.h.boot.model.internal.PropertyBinder   : Building property phone
2024-09-28T22:19:41.536-05:00 DEBUG 3320 --- [Store] [    Test worker] o.h.boot.model.internal.AnnotatedColumn  : Binding column: AnnotatedColumn(column='updated_date')
2024-09-28T22:19:41.536-05:00 DEBUG 3320 --- [Store] [    Test worker] o.h.boot.model.internal.PropertyBinder   : MetadataSourceProcessor property updatedDate with lazy=false
2024-09-28T22:19:41.536-05:00 DEBUG 3320 --- [Store] [    Test worker] o.h.b.m.internal.AbstractPropertyHolder  : Attempting to locate auto-apply AttributeConverter for property [com.Store.Store.domain.dto.Vendor:updatedDate]
2024-09-28T22:19:41.536-05:00 DEBUG 3320 --- [Store] [    Test worker] o.h.b.model.internal.BasicValueBinder    : building BasicValue for updatedDate
2024-09-28T22:19:41.536-05:00 DEBUG 3320 --- [Store] [    Test worker] org.hibernate.mapping.BasicValue         : Skipping column re-registration: vendors.updated_date
2024-09-28T22:19:41.536-05:00 DEBUG 3320 --- [Store] [    Test worker] o.h.boot.model.internal.PropertyBinder   : Building property updatedDate
2024-09-28T22:19:41.538-05:00 DEBUG 3320 --- [Store] [    Test worker] o.h.b.r.c.i.ClassLoaderServiceImpl       : HHH000194: Package not found or no package-info.java: com.Store.Store.domain.dto
2024-09-28T22:19:41.541-05:00 DEBUG 3320 --- [Store] [    Test worker] o.h.b.model.internal.BasicValueBinder    : Starting `BasicValueBinder#fillSimpleValue` for id
2024-09-28T22:19:41.543-05:00 DEBUG 3320 --- [Store] [    Test worker] o.h.b.model.internal.BasicValueBinder    : Starting `BasicValueBinder#fillSimpleValue` for createdDate
2024-09-28T22:19:41.543-05:00 DEBUG 3320 --- [Store] [    Test worker] o.h.b.model.internal.BasicValueBinder    : Starting `BasicValueBinder#fillSimpleValue` for documentNumber
2024-09-28T22:19:41.544-05:00 DEBUG 3320 --- [Store] [    Test worker] o.h.b.model.internal.BasicValueBinder    : Starting `BasicValueBinder#fillSimpleValue` for documentType
2024-09-28T22:19:41.544-05:00 DEBUG 3320 --- [Store] [    Test worker] o.h.b.model.internal.BasicValueBinder    : Starting `BasicValueBinder#fillSimpleValue` for email
2024-09-28T22:19:41.544-05:00 DEBUG 3320 --- [Store] [    Test worker] o.h.b.model.internal.BasicValueBinder    : Starting `BasicValueBinder#fillSimpleValue` for lastName
2024-09-28T22:19:41.544-05:00 DEBUG 3320 --- [Store] [    Test worker] o.h.b.model.internal.BasicValueBinder    : Starting `BasicValueBinder#fillSimpleValue` for name
2024-09-28T22:19:41.544-05:00 DEBUG 3320 --- [Store] [    Test worker] o.h.b.model.internal.BasicValueBinder    : Starting `BasicValueBinder#fillSimpleValue` for phone
2024-09-28T22:19:41.544-05:00 DEBUG 3320 --- [Store] [    Test worker] o.h.b.model.internal.BasicValueBinder    : Starting `BasicValueBinder#fillSimpleValue` for updatedDate
2024-09-28T22:19:41.544-05:00 DEBUG 3320 --- [Store] [    Test worker] o.h.b.model.internal.BasicValueBinder    : Starting `BasicValueBinder#fillSimpleValue` for id
2024-09-28T22:19:41.544-05:00 DEBUG 3320 --- [Store] [    Test worker] o.h.b.model.internal.BasicValueBinder    : Starting `BasicValueBinder#fillSimpleValue` for description
2024-09-28T22:19:41.544-05:00 DEBUG 3320 --- [Store] [    Test worker] o.h.b.model.internal.BasicValueBinder    : Starting `BasicValueBinder#fillSimpleValue` for image
2024-09-28T22:19:41.544-05:00 DEBUG 3320 --- [Store] [    Test worker] o.h.b.model.internal.BasicValueBinder    : Starting `BasicValueBinder#fillSimpleValue` for name
2024-09-28T22:19:41.544-05:00 DEBUG 3320 --- [Store] [    Test worker] o.h.b.model.internal.BasicValueBinder    : Starting `BasicValueBinder#fillSimpleValue` for precioCosto
2024-09-28T22:19:41.544-05:00 DEBUG 3320 --- [Store] [    Test worker] o.h.b.model.internal.BasicValueBinder    : Starting `BasicValueBinder#fillSimpleValue` for precioVenta
2024-09-28T22:19:41.544-05:00 DEBUG 3320 --- [Store] [    Test worker] o.h.b.model.internal.BasicValueBinder    : Starting `BasicValueBinder#fillSimpleValue` for status
2024-09-28T22:19:41.544-05:00 DEBUG 3320 --- [Store] [    Test worker] o.h.b.model.internal.BasicValueBinder    : Starting `BasicValueBinder#fillSimpleValue` for stock
2024-09-28T22:19:41.544-05:00 DEBUG 3320 --- [Store] [    Test worker] o.h.b.model.internal.BasicValueBinder    : Starting `BasicValueBinder#fillSimpleValue` for vendorId
2024-09-28T22:19:41.545-05:00 DEBUG 3320 --- [Store] [    Test worker] o.h.b.model.internal.BasicValueBinder    : Starting `BasicValueBinder#fillSimpleValue` for id
2024-09-28T22:19:41.547-05:00 DEBUG 3320 --- [Store] [    Test worker] o.h.b.model.internal.BasicValueBinder    : Starting `BasicValueBinder#fillSimpleValue` for createdDate
2024-09-28T22:19:41.547-05:00 DEBUG 3320 --- [Store] [    Test worker] o.h.b.model.internal.BasicValueBinder    : Starting `BasicValueBinder#fillSimpleValue` for email
2024-09-28T22:19:41.548-05:00 DEBUG 3320 --- [Store] [    Test worker] o.h.b.model.internal.BasicValueBinder    : Starting `BasicValueBinder#fillSimpleValue` for name
2024-09-28T22:19:41.548-05:00 DEBUG 3320 --- [Store] [    Test worker] o.h.b.model.internal.BasicValueBinder    : Starting `BasicValueBinder#fillSimpleValue` for nit
2024-09-28T22:19:41.548-05:00 DEBUG 3320 --- [Store] [    Test worker] o.h.b.model.internal.BasicValueBinder    : Starting `BasicValueBinder#fillSimpleValue` for phone
2024-09-28T22:19:41.548-05:00 DEBUG 3320 --- [Store] [    Test worker] o.h.b.model.internal.BasicValueBinder    : Starting `BasicValueBinder#fillSimpleValue` for updatedDate
2024-09-28T22:19:41.553-05:00 DEBUG 3320 --- [Store] [    Test worker] org.hibernate.mapping.PrimaryKey         : Forcing column [id] to be non-null as it is part of the primary key for table [clients]
2024-09-28T22:19:41.553-05:00 DEBUG 3320 --- [Store] [    Test worker] org.hibernate.mapping.PrimaryKey         : Forcing column [id] to be non-null as it is part of the primary key for table [products]
2024-09-28T22:19:41.553-05:00 DEBUG 3320 --- [Store] [    Test worker] org.hibernate.mapping.PrimaryKey         : Forcing column [id] to be non-null as it is part of the primary key for table [vendors]
2024-09-28T22:19:41.733-05:00 DEBUG 3320 --- [Store] [    Test worker] o.hibernate.internal.SessionFactoryImpl  : Building session factory
2024-09-28T22:19:41.835-05:00 DEBUG 3320 --- [Store] [    Test worker] .h.s.i.SessionFactoryServiceRegistryImpl : EventListenerRegistry access via ServiceRegistry is deprecated.  Use `sessionFactory.getEventEngine().getListenerRegistry()` instead
2024-09-28T22:19:41.836-05:00 DEBUG 3320 --- [Store] [    Test worker] o.hibernate.internal.SessionFactoryImpl  : Instantiating SessionFactory with settings: {java.specification.version=17, sun.cpu.isalist=amd64, hibernate.resource.beans.container=org.springframework.orm.hibernate5.SpringBeanContainer@349aeec4, hibernate.connection.handling_mode=DELAYED_ACQUISITION_AND_HOLD, sun.jnu.encoding=Cp1252, hibernate.dialect=org.hibernate.dialect.PostgreSQLDialect, org.gradle.test.worker=1, hibernate.implicit_naming_strategy=org.springframework.boot.orm.jpa.hibernate.SpringImplicitNamingStrategy, java.class.path=C:\\Users\\leonel.borja.SOFKA\\.gradle\\caches\\8.10.1\\workerMain\\gradle-worker.jar;D:\\Leobor\\Store\\Store\\build\\classes\\java\\test;D:\\Leobor\\Store\\Store\\build\\classes\\java\\main;D:\\Leobor\\Store\\Store\\build\\resources\\main;C:\\Users\\leonel.borja.SOFKA\\.gradle\\caches\\modules-2\\files-2.1\\org.springframework.boot\\spring-boot-starter-data-jpa\\3.3.4\\60df2a5bea8752fb215f3c8e1dffeb3554773a49\\spring-boot-starter-data-jpa-3.3.4.jar;C:\\Users\\leonel.borja.SOFKA\\.gradle\\caches\\modules-2\\files-2.1\\org.springframework.boot\\spring-boot-starter-web\\3.3.4\\b43a9fd107611337777b47dc7518e2aca59e58eb\\spring-boot-starter-web-3.3.4.jar;C:\\Users\\leonel.borja.SOFKA\\.gradle\\caches\\modules-2\\files-2.1\\org.springframework.boot\\spring-boot-starter-webflux\\3.3.4\\c20cd6fecbe7770892ec9110be363a9b12249cf5\\spring-boot-starter-webflux-3.3.4.jar;C:\\Users\\leonel.borja.SOFKA\\.gradle\\caches\\modules-2\\files-2.1\\org.postgresql\\postgresql\\42.7.4\\264310fd7b2cd76738787dc0b9f7ea2e3b11adc1\\postgresql-42.7.4.jar;C:\\Users\\leonel.borja.SOFKA\\.gradle\\caches\\modules-2\\files-2.1\\com.mysql\\mysql-connector-j\\8.3.0\\1cc7fa5d61f4bbc113531a4ba6d85d41cf3d57e1\\mysql-connector-j-8.3.0.jar;C:\\Users\\leonel.borja.SOFKA\\.gradle\\caches\\modules-2\\files-2.1\\org.springframework.boot\\spring-boot-starter-test\\3.3.4\\5817e13f51a61b15881b71273d3c6d8b4e7175f4\\spring-boot-starter-test-3.3.4.jar;C:\\Users\\leonel.borja.SOFKA\\.gradle\\caches\\modules-2\\files-2.1\\io.projectreactor\\reactor-test\\3.6.10\\db3509e21cd717517f3c85491609231a40a9288c\\reactor-test-3.6.10.jar;C:\\Users\\leonel.borja.SOFKA\\.gradle\\caches\\modules-2\\files-2.1\\org.junit.jupiter\\junit-jupiter\\5.10.3\\6686d8fbf251f9bf8ecba413cab57b9e00f9134d\\junit-jupiter-5.10.3.jar;C:\\Users\\leonel.borja.SOFKA\\.gradle\\caches\\modules-2\\files-2.1\\org.junit.jupiter\\junit-jupiter-engine\\5.10.3\\48c14e866bb1a87ca35d24ff068463bb202ada24\\junit-jupiter-engine-5.10.3.jar;C:\\Users\\leonel.borja.SOFKA\\.gradle\\caches\\modules-2\\files-2.1\\org.junit.platform\\junit-platform-engine\\1.10.3\\365a320c3cfd47f3346625e541e424e35dc75c42\\junit-platform-engine-1.10.3.jar;C:\\Users\\leonel.borja.SOFKA\\.gradle\\caches\\modules-2\\files-2.1\\org.mockito\\mockito-junit-jupiter\\5.11.0\\8e658dd339f40305ed4293db25545b5df98b171b\\mockito-junit-jupiter-5.11.0.jar;C:\\Users\\leonel.borja.SOFKA\\.gradle\\caches\\modules-2\\files-2.1\\org.junit.jupiter\\junit-jupiter-params\\5.10.3\\4852f4e4af9074d9214213b199751f99efeab8b9\\junit-jupiter-params-5.10.3.jar;C:\\Users\\leonel.borja.SOFKA\\.gradle\\caches\\modules-2\\files-2.1\\org.junit.jupiter\\junit-jupiter-api\\5.10.3\\a22aa91d1d6c69b2020a9aeb6d095ea81132bfa5\\junit-jupiter-api-5.10.3.jar;C:\\Users\\leonel.borja.SOFKA\\.gradle\\caches\\modules-2\\files-2.1\\org.junit.platform\\junit-platform-commons\\1.10.3\\a353d42a2f13343a7cb80c5228ae66ff64495481\\junit-platform-commons-1.10.3.jar;C:\\Users\\leonel.borja.SOFKA\\.gradle\\caches\\modules-2\\files-2.1\\org.junit.platform\\junit-platform-launcher\\1.10.3\\2e07e6389624f3e93fb2e87aec2fdc30cc84b069\\junit-platform-launcher-1.10.3.jar;C:\\Users\\leonel.borja.SOFKA\\.gradle\\caches\\modules-2\\files-2.1\\org.springframework.boot\\spring-boot-starter-aop\\3.3.4\\4e0fef42facab9dbdbc7784dc4fb7698bf1c6b49\\spring-boot-starter-aop-3.3.4.jar;C:\\Users\\leonel.borja.SOFKA\\.gradle\\caches\\modules-2\\files-2.1\\org.springframework.boot\\spring-boot-starter-jdbc\\3.3.4\\b6bc324d5af04af752a6f3e44ea8e4cd96b28343\\spring-boot-starter-jdbc-3.3.4.jar;C:\\Users\\leonel.borja.SOFKA\\.gradle\\caches\\modules-2\\files-2.1\\org.hibernate.orm\\hibernate-core\\6.5.3.Final\\1e23c320a5d10f5eaecbd23095fca5c5c83c1fb5\\hibernate-core-6.5.3.Final.jar;C:\\Users\\leonel.borja.SOFKA\\.gradle\\caches\\modules-2\\files-2.1\\org.springframework.data\\spring-data-jpa\\3.3.4\\f92296e4b6d18f5f79c5e6074da96bf0de2006d3\\spring-data-jpa-3.3.4.jar;C:\\Users\\leonel.borja.SOFKA\\.gradle\\caches\\modules-2\\files-2.1\\org.springframework\\spring-aspects\\6.1.13\\d606215f2876e8a3ed1945db5adfbb76a7e3f0e7\\spring-aspects-6.1.13.jar;C:\\Users\\leonel.borja.SOFKA\\.gradle\\caches\\modules-2\\files-2.1\\org.springframework.boot\\spring-boot-starter-json\\3.3.4\\816ab4ccd364350e3d0b5c1d53c2e5302a49eae6\\spring-boot-starter-json-3.3.4.jar;C:\\Users\\leonel.borja.SOFKA\\.gradle\\caches\\modules-2\\files-2.1\\org.springframework.boot\\spring-boot-starter\\3.3.4\\f02312a6816fb439a55d2920b9af8f0f8abf5bac\\spring-boot-starter-3.3.4.jar;C:\\Users\\leonel.borja.SOFKA\\.gradle\\caches\\modules-2\\files-2.1\\org.springframework.boot\\spring-boot-starter-tomcat\\3.3.4\\7e552e904d54a0bd3f2ac8666e3344caa799a181\\spring-boot-starter-tomcat-3.3.4.jar;C:\\Users\\leonel.borja.SOFKA\\.gradle\\caches\\modules-2\\files-2.1\\org.springframework\\spring-webmvc\\6.1.13\\ca5f025b133c69026bfe01daa6132d0ac2e4a59f\\spring-webmvc-6.1.13.jar;C:\\Users\\leonel.borja.SOFKA\\.gradle\\caches\\modules-2\\files-2.1\\org.springframework\\spring-webflux\\6.1.13\\2f490a97e87da44fba826ade3dc003aa132caca7\\spring-webflux-6.1.13.jar;C:\\Users\\leonel.borja.SOFKA\\.gradle\\caches\\modules-2\\files-2.1\\org.springframework\\spring-web\\6.1.13\\e4028dbbc4ae1fb4bfd3257c53302956d7687b66\\spring-web-6.1.13.jar;C:\\Users\\leonel.borja.SOFKA\\.gradle\\caches\\modules-2\\files-2.1\\org.springframework.boot\\spring-boot-starter-reactor-netty\\3.3.4\\356a0c609e1ce219edad5b3943bab487bc423a6f\\spring-boot-starter-reactor-netty-3.3.4.jar;C:\\Users\\leonel.borja.SOFKA\\.gradle\\caches\\modules-2\\files-2.1\\org.checkerframework\\checker-qual\\3.42.0\\638ec33f363a94d41a4f03c3e7d3dcfba64e402d\\checker-qual-3.42.0.jar;C:\\Users\\leonel.borja.SOFKA\\.gradle\\caches\\modules-2\\files-2.1\\org.springframework.boot\\spring-boot-test-autoconfigure\\3.3.4\\c07efb09dba261d7d48de3e56ddfb17d40fed09d\\spring-boot-test-autoconfigure-3.3.4.jar;C:\\Users\\leonel.borja.SOFKA\\.gradle\\caches\\modules-2\\files-2.1\\org.springframework.boot\\spring-boot-test\\3.3.4\\d52240058128264d69d21b8c1609cdafe3ce3794\\spring-boot-test-3.3.4.jar;C:\\Users\\leonel.borja.SOFKA\\.gradle\\caches\\modules-2\\files-2.1\\com.jayway.jsonpath\\json-path\\2.9.0\\37fe2217f577b0b68b18e62c4d17a8858ecf9b69\\json-path-2.9.0.jar;C:\\Users\\leonel.borja.SOFKA\\.gradle\\caches\\modules-2\\files-2.1\\org.glassfish.jaxb\\jaxb-runtime\\4.0.5\\ca84c2a7169b5293e232b9d00d1e4e36d4c3914a\\jaxb-runtime-4.0.5.jar;C:\\Users\\leonel.borja.SOFKA\\.gradle\\caches\\modules-2\\files-2.1\\org.glassfish.jaxb\\jaxb-core\\4.0.5\\7b4b11ea5542eea4ad55e1080b23be436795b3\\jaxb-core-4.0.5.jar;C:\\Users\\leonel.borja.SOFKA\\.gradle\\caches\\modules-2\\files-2.1\\jakarta.xml.bind\\jakarta.xml.bind-api\\4.0.2\\6cd5a999b834b63238005b7144136379dc36cad2\\jakarta.xml.bind-api-4.0.2.jar;C:\\Users\\leonel.borja.SOFKA\\.gradle\\caches\\modules-2\\files-2.1\\net.minidev\\json-smart\\2.5.1\\4c11d2808d009132dfbbf947ebf37de6bf266c8e\\json-smart-2.5.1.jar;C:\\Users\\leonel.borja.SOFKA\\.gradle\\caches\\modules-2\\files-2.1\\org.assertj\\assertj-core\\3.25.3\\792b270e73aa1cfc28fa135be0b95e69ea451432\\assertj-core-3.25.3.jar;C:\\Users\\leonel.borja.SOFKA\\.gradle\\caches\\modules-2\\files-2.1\\org.awaitility\\awaitility\\4.2.2\\7336242073ebf83fe034e42b46a403c5501b63c9\\awaitility-4.2.2.jar;C:\\Users\\leonel.borja.SOFKA\\.gradle\\caches\\modules-2\\files-2.1\\org.hamcrest\\hamcrest\\2.2\\1820c0968dba3a11a1b30669bb1f01978a91dedc\\hamcrest-2.2.jar;C:\\Users\\leonel.borja.SOFKA\\.gradle\\caches\\modules-2\\files-2.1\\org.mockito\\mockito-core\\5.11.0\\e4069fa4f4ff2c94322cfec5f2e45341c6c70aff\\mockito-core-5.11.0.jar;C:\\Users\\leonel.borja.SOFKA\\.gradle\\caches\\modules-2\\files-2.1\\org.skyscreamer\\jsonassert\\1.5.3\\aaa43e0823d2a0e106e8754d6a9c4ab24e05e9bc\\jsonassert-1.5.3.jar;C:\\Users\\leonel.borja.SOFKA\\.gradle\\caches\\modules-2\\files-2.1\\org.springframework\\spring-test\\6.1.13\\9f0038d672a513ddc201296922da13b1212dd0f7\\spring-test-6.1.13.jar;C:\\Users\\leonel.borja.SOFKA\\.gradle\\caches\\modules-2\\files-2.1\\org.springframework.boot\\spring-boot-autoconfigure\\3.3.4\\979234a0f3035fe60d5e505018789f98a7ec7ee3\\spring-boot-autoconfigure-3.3.4.jar;C:\\Users\\leonel.borja.SOFKA\\.gradle\\caches\\modules-2\\files-2.1\\org.springframework.boot\\spring-boot\\3.3.4\\f06c6950aa5766b63328e821641f5c7d71be819d\\spring-boot-3.3.4.jar;C:\\Users\\leonel.borja.SOFKA\\.gradle\\caches\\modules-2\\files-2.1\\org.springframework\\spring-context\\6.1.13\\d5163ddae069c5d78c841cd3a60c4db25bf16401\\spring-context-6.1.13.jar;C:\\Users\\leonel.borja.SOFKA\\.gradle\\caches\\modules-2\\files-2.1\\org.springframework\\spring-aop\\6.1.13\\ad2c631e1717fdc6d91d56c06d4fd61e0215c19a\\spring-aop-6.1.13.jar;C:\\Users\\leonel.borja.SOFKA\\.gradle\\caches\\modules-2\\files-2.1\\org.springframework\\spring-orm\\6.1.13\\68093388cd8fca9ad2731e63bfb8de3f2604474\\spring-orm-6.1.13.jar;C:\\Users\\leonel.borja.SOFKA\\.gradle\\caches\\modules-2\\files-2.1\\org.springframework\\spring-jdbc\\6.1.13\\11811219be3452cfd989c57d3de4529f6927352f\\spring-jdbc-6.1.13.jar;C:\\Users\\leonel.borja.SOFKA\\.gradle\\caches\\modules-2\\files-2.1\\org.springframework.data\\spring-data-commons\\3.3.4\\f0f6bca5b0cd7d318666e2d3f02726c615334678\\spring-data-commons-3.3.4.jar;C:\\Users\\leonel.borja.SOFKA\\.gradle\\caches\\modules-2\\files-2.1\\org.springframework\\spring-tx\\6.1.13\\ed041ecf9a5f480e1b11d0b58a06d8034ff8cfea\\spring-tx-6.1.13.jar;C:\\Users\\leonel.borja.SOFKA\\.gradle\\caches\\modules-2\\files-2.1\\org.springframework\\spring-beans\\6.1.13\\90bbee6278b46b145e64e5ae29316bdd459c6826\\spring-beans-6.1.13.jar;C:\\Users\\leonel.borja.SOFKA\\.gradle\\caches\\modules-2\\files-2.1\\org.springframework\\spring-expression\\6.1.13\\be30254712ca0549cbd539ba05c57064917253f3\\spring-expression-6.1.13.jar;C:\\Users\\leonel.borja.SOFKA\\.gradle\\caches\\modules-2\\files-2.1\\org.springframework\\spring-core\\6.1.13\\ddbd765408d2665f47017c8f05a7682012f91da3\\spring-core-6.1.13.jar;C:\\Users\\leonel.borja.SOFKA\\.gradle\\caches\\modules-2\\files-2.1\\org.xmlunit\\xmlunit-core\\2.9.1\\e5833662d9a1279a37da3ef6f62a1da29fcd68c4\\xmlunit-core-2.9.1.jar;C:\\Users\\leonel.borja.SOFKA\\.gradle\\caches\\modules-2\\files-2.1\\io.projectreactor.netty\\reactor-netty-http\\1.1.22\\2faf64b3822b0512f15d72a325e2826eb8564413\\reactor-netty-http-1.1.22.jar;C:\\Users\\leonel.borja.SOFKA\\.gradle\\caches\\modules-2\\files-2.1\\io.projectreactor.netty\\reactor-netty-core\\1.1.22\\8356b59b29f86e7142c9daca0434653a64ae64b\\reactor-netty-core-1.1.22.jar;C:\\Users\\leonel.borja.SOFKA\\.gradle\\caches\\modules-2\\files-2.1\\io.projectreactor\\reactor-core\\3.6.10\\6860a576ae0bd1957c5d4c87e861025248818c01\\reactor-core-3.6.10.jar;C:\\Users\\leonel.borja.SOFKA\\.gradle\\caches\\modules-2\\files-2.1\\org.aspectj\\aspectjweaver\\1.9.22.1\\bca243d0af0db4758fbae45c5f4995cb5dabb612\\aspectjweaver-1.9.22.1.jar;C:\\Users\\leonel.borja.SOFKA\\.gradle\\caches\\modules-2\\files-2.1\\com.zaxxer\\HikariCP\\5.1.0\\8c96e36c14461fc436bb02b264b96ef3ca5dca8c\\HikariCP-5.1.0.jar;C:\\Users\\leonel.borja.SOFKA\\.gradle\\caches\\modules-2\\files-2.1\\jakarta.persistence\\jakarta.persistence-api\\3.1.0\\66901fa1c373c6aff65c13791cc11da72060a8d6\\jakarta.persistence-api-3.1.0.jar;C:\\Users\\leonel.borja.SOFKA\\.gradle\\caches\\modules-2\\files-2.1\\jakarta.transaction\\jakarta.transaction-api\\2.0.1\\51a520e3fae406abb84e2e1148e6746ce3f80a1a\\jakarta.transaction-api-2.0.1.jar;C:\\Users\\leonel.borja.SOFKA\\.gradle\\caches\\modules-2\\files-2.1\\org.jboss.logging\\jboss-logging\\3.5.3.Final\\c88fc1d8a96d4c3491f55d4317458ccad53ca663\\jboss-logging-3.5.3.Final.jar;C:\\Users\\leonel.borja.SOFKA\\.gradle\\caches\\modules-2\\files-2.1\\org.hibernate.common\\hibernate-commons-annotations\\6.0.6.Final\\77a5f94b56d49508e0ee334751db5b78e5ccd50c\\hibernate-commons-annotations-6.0.6.Final.jar;C:\\Users\\leonel.borja.SOFKA\\.gradle\\caches\\modules-2\\files-2.1\\io.smallrye\\jandex\\3.1.2\\a6c1c89925c7df06242b03dddb353116ceb9584c\\jandex-3.1.2.jar;C:\\Users\\leonel.borja.SOFKA\\.gradle\\caches\\modules-2\\files-2.1\\com.fasterxml\\classmate\\1.7.0\\e98374da1f2143ac8e6e0a95036994bb19137a3\\classmate-1.7.0.jar;C:\\Users\\leonel.borja.SOFKA\\.gradle\\caches\\modules-2\\files-2.1\\net.bytebuddy\\byte-buddy\\1.14.19\\4c0c637b8f47dc08f89240e6f59900011752c97b\\byte-buddy-1.14.19.jar;C:\\Users\\leonel.borja.SOFKA\\.gradle\\caches\\modules-2\\files-2.1\\jakarta.inject\\jakarta.inject-api\\2.0.1\\4c28afe1991a941d7702fe1362c365f0a8641d1e\\jakarta.inject-api-2.0.1.jar;C:\\Users\\leonel.borja.SOFKA\\.gradle\\caches\\modules-2\\files-2.1\\org.antlr\\antlr4-runtime\\4.13.0\\5a02e48521624faaf5ff4d99afc88b01686af655\\antlr4-runtime-4.13.0.jar;C:\\Users\\leonel.borja.SOFKA\\.gradle\\caches\\modules-2\\files-2.1\\jakarta.annotation\\jakarta.annotation-api\\2.1.1\\48b9bda22b091b1f48b13af03fe36db3be6e1ae3\\jakarta.annotation-api-2.1.1.jar;C:\\Users\\leonel.borja.SOFKA\\.gradle\\caches\\modules-2\\files-2.1\\org.springframework.boot\\spring-boot-starter-logging\\3.3.4\\c83073c0f5574b2146695ab716bcef3d6baa45e6\\spring-boot-starter-logging-3.3.4.jar;C:\\Users\\leonel.borja.SOFKA\\.gradle\\caches\\modules-2\\files-2.1\\ch.qos.logback\\logback-classic\\1.5.8\\229bb1ef6b14dfbf74ff443af9097d836dc5f0dd\\logback-classic-1.5.8.jar;C:\\Users\\leonel.borja.SOFKA\\.gradle\\caches\\modules-2\\files-2.1\\org.apache.logging.log4j\\log4j-to-slf4j\\2.23.1\\425ad1eb8a39904d2830e907a324e956fb456520\\log4j-to-slf4j-2.23.1.jar;C:\\Users\\leonel.borja.SOFKA\\.gradle\\caches\\modules-2\\files-2.1\\org.slf4j\\jul-to-slf4j\\2.0.16\\6d57da3e961daac65bcca0dd3def6cd11e48a24a\\jul-to-slf4j-2.0.16.jar;C:\\Users\\leonel.borja.SOFKA\\.gradle\\caches\\modules-2\\files-2.1\\org.slf4j\\slf4j-api\\2.0.16\\172931663a09a1fa515567af5fbef00897d3c04\\slf4j-api-2.0.16.jar;C:\\Users\\leonel.borja.SOFKA\\.gradle\\caches\\modules-2\\files-2.1\\org.yaml\\snakeyaml\\2.2\\3af797a25458550a16bf89acc8e4ab2b7f2bfce0\\snakeyaml-2.2.jar;C:\\Users\\leonel.borja.SOFKA\\.gradle\\caches\\modules-2\\files-2.1\\com.fasterxml.jackson.datatype\\jackson-datatype-jsr310\\2.17.2\\267b85e9ba2892a37be6d80aa9ca1438a0d8c210\\jackson-datatype-jsr310-2.17.2.jar;C:\\Users\\leonel.borja.SOFKA\\.gradle\\caches\\modules-2\\files-2.1\\com.fasterxml.jackson.module\\jackson-module-parameter-names\\2.17.2\\d27b9f95ccce98984c1ba58d61c5a9c072b1ad95\\jackson-module-parameter-names-2.17.2.jar;C:\\Users\\leonel.borja.SOFKA\\.gradle\\caches\\modules-2\\files-2.1\\com.fasterxml.jackson.core\\jackson-annotations\\2.17.2\\147b7b9412ffff24339f8aba080b292448e08698\\jackson-annotations-2.17.2.jar;C:\\Users\\leonel.borja.SOFKA\\.gradle\\caches\\modules-2\\files-2.1\\com.fasterxml.jackson.core\\jackson-core\\2.17.2\\969a35cb35c86512acbadcdbbbfb044c877db814\\jackson-core-2.17.2.jar;C:\\Users\\leonel.borja.SOFKA\\.gradle\\caches\\modules-2\\files-2.1\\com.fasterxml.jackson.datatype\\jackson-datatype-jdk8\\2.17.2\\efd3dd0e1d0db8bc72abbe71c15e697bb83b4b45\\jackson-datatype-jdk8-2.17.2.jar;C:\\Users\\leonel.borja.SOFKA\\.gradle\\caches\\modules-2\\files-2.1\\com.fasterxml.jackson.core\\jackson-databind\\2.17.2\\e6deb029e5901e027c129341fac39e515066b68c\\jackson-databind-2.17.2.jar;C:\\Users\\leonel.borja.SOFKA\\.gradle\\caches\\modules-2\\files-2.1\\org.apache.tomcat.embed\\tomcat-embed-websocket\\10.1.30\\b8cc73d6878688d5afb8fb78c3f9ea1bc3e5e6cf\\tomcat-embed-websocket-10.1.30.jar;C:\\Users\\leonel.borja.SOFKA\\.gradle\\caches\\modules-2\\files-2.1\\org.apache.tomcat.embed\\tomcat-embed-core\\10.1.30\\852ff3547f179175feaff39c443e9b980ec2cc2\\tomcat-embed-core-10.1.30.jar;C:\\Users\\leonel.borja.SOFKA\\.gradle\\caches\\modules-2\\files-2.1\\org.apache.tomcat.embed\\tomcat-embed-el\\10.1.30\\432b176aa50de87c3bbda99b0fe85523abfd1382\\tomcat-embed-el-10.1.30.jar;C:\\Users\\leonel.borja.SOFKA\\.gradle\\caches\\modules-2\\files-2.1\\io.micrometer\\micrometer-observation\\1.13.4\\2673c9b181ab2512002b23b7ad0f1dd02212696c\\micrometer-observation-1.13.4.jar;C:\\Users\\leonel.borja.SOFKA\\.gradle\\caches\\modules-2\\files-2.1\\org.eclipse.angus\\angus-activation\\2.0.2\\41f1e0ddd157c856926ed149ab837d110955a9fc\\angus-activation-2.0.2.jar;C:\\Users\\leonel.borja.SOFKA\\.gradle\\caches\\modules-2\\files-2.1\\jakarta.activation\\jakarta.activation-api\\2.1.3\\fa165bd70cda600368eee31555222776a46b881f\\jakarta.activation-api-2.1.3.jar;C:\\Users\\leonel.borja.SOFKA\\.gradle\\caches\\modules-2\\files-2.1\\net.minidev\\accessors-smart\\2.5.1\\19b820261eb2e7de7d5bde11d1c06e4501dd7e5f\\accessors-smart-2.5.1.jar;C:\\Users\\leonel.borja.SOFKA\\.gradle\\caches\\modules-2\\files-2.1\\net.bytebuddy\\byte-buddy-agent\\1.14.19\\154da3a65b4f4a909d3e5bdec55d1b2b4cbb6ce1\\byte-buddy-agent-1.14.19.jar;C:\\Users\\leonel.borja.SOFKA\\.gradle\\caches\\modules-2\\files-2.1\\org.objenesis\\objenesis\\3.3\\1049c09f1de4331e8193e579448d0916d75b7631\\objenesis-3.3.jar;C:\\Users\\leonel.borja.SOFKA\\.gradle\\caches\\modules-2\\files-2.1\\com.vaadin.external.google\\android-json\\0.0.20131108.vaadin1\\fa26d351fe62a6a17f5cda1287c1c6110dec413f\\android-json-0.0.20131108.vaadin1.jar;C:\\Users\\leonel.borja.SOFKA\\.gradle\\caches\\modules-2\\files-2.1\\org.springframework\\spring-jcl\\6.1.13\\37291ff008a66a9dbf2c98e11bd468cfadaa7ebc\\spring-jcl-6.1.13.jar;C:\\Users\\leonel.borja.SOFKA\\.gradle\\caches\\modules-2\\files-2.1\\org.reactivestreams\\reactive-streams\\1.0.4\\3864a1320d97d7b045f729a326e1e077661f31b7\\reactive-streams-1.0.4.jar;C:\\Users\\leonel.borja.SOFKA\\.gradle\\caches\\modules-2\\files-2.1\\org.opentest4j\\opentest4j\\1.3.0\\152ea56b3a72f655d4fd677fc0ef2596c3dd5e6e\\opentest4j-1.3.0.jar;C:\\Users\\leonel.borja.SOFKA\\.gradle\\caches\\modules-2\\files-2.1\\io.micrometer\\micrometer-commons\\1.13.4\\edcf69518a4c382c48e19c7fb7d4aedfb115c0c3\\micrometer-commons-1.13.4.jar;C:\\Users\\leonel.borja.SOFKA\\.gradle\\caches\\modules-2\\files-2.1\\io.netty\\netty-codec-http2\\4.1.113.Final\\e7e86e501158596e13ca3c2acebd832137228455\\netty-codec-http2-4.1.113.Final.jar;C:\\Users\\leonel.borja.SOFKA\\.gradle\\caches\\modules-2\\files-2.1\\io.netty\\netty-handler-proxy\\4.1.113.Final\\68d6c8a37a874b8094f3856b0070b9fc3cb862e\\netty-handler-proxy-4.1.113.Final.jar;C:\\Users\\leonel.borja.SOFKA\\.gradle\\caches\\modules-2\\files-2.1\\io.netty\\netty-codec-http\\4.1.113.Final\\4851935f2cf98b34499c46725a51c45e6804c67\\netty-codec-http-4.1.113.Final.jar;C:\\Users\\leonel.borja.SOFKA\\.gradle\\caches\\modules-2\\files-2.1\\io.netty\\netty-resolver-dns-native-macos\\4.1.113.Final\\3c7ad5582227667c01fb46480bda9e4ea5734494\\netty-resolver-dns-native-macos-4.1.113.Final-osx-x86_64.jar;C:\\Users\\leonel.borja.SOFKA\\.gradle\\caches\\modules-2\\files-2.1\\io.netty\\netty-resolver-dns-classes-macos\\4.1.113.Final\\ff3ba7ed178595704d653c83a8315ae61e2a63e2\\netty-resolver-dns-classes-macos-4.1.113.Final.jar;C:\\Users\\leonel.borja.SOFKA\\.gradle\\caches\\modules-2\\files-2.1\\io.netty\\netty-resolver-dns\\4.1.113.Final\\41285e5dcaf43ffaa8809cc3f9104778595a77e8\\netty-resolver-dns-4.1.113.Final.jar;C:\\Users\\leonel.borja.SOFKA\\.gradle\\caches\\modules-2\\files-2.1\\io.netty\\netty-transport-native-epoll\\4.1.113.Final\\a26dddb61a54c5d939c2e35197232f618322c1b1\\netty-transport-native-epoll-4.1.113.Final-linux-x86_64.jar;C:\\Users\\leonel.borja.SOFKA\\.gradle\\caches\\modules-2\\files-2.1\\org.ow2.asm\\asm\\9.6\\aa205cf0a06dbd8e04ece91c0b37c3f5d567546a\\asm-9.6.jar;C:\\Users\\leonel.borja.SOFKA\\.gradle\\caches\\modules-2\\files-2.1\\org.glassfish.jaxb\\txw2\\4.0.5\\f36a4ef12120a9bb06d766d6a0e54b144fd7ed98\\txw2-4.0.5.jar;C:\\Users\\leonel.borja.SOFKA\\.gradle\\caches\\modules-2\\files-2.1\\com.sun.istack\\istack-commons-runtime\\4.1.2\\18ec117c85f3ba0ac65409136afa8e42bc74e739\\istack-commons-runtime-4.1.2.jar;C:\\Users\\leonel.borja.SOFKA\\.gradle\\caches\\modules-2\\files-2.1\\ch.qos.logback\\logback-core\\1.5.8\\3fce599197de3b6f387cc9bee412ead2b4994a46\\logback-core-1.5.8.jar;C:\\Users\\leonel.borja.SOFKA\\.gradle\\caches\\modules-2\\files-2.1\\org.apache.logging.log4j\\log4j-api\\2.23.1\\9c15c29c526d9c6783049c0a77722693c66706e1\\log4j-api-2.23.1.jar;C:\\Users\\leonel.borja.SOFKA\\.gradle\\caches\\modules-2\\files-2.1\\io.netty\\netty-handler\\4.1.113.Final\\df48be9ca640df01c66c1ee88fc2cd91987c31ab\\netty-handler-4.1.113.Final.jar;C:\\Users\\leonel.borja.SOFKA\\.gradle\\caches\\modules-2\\files-2.1\\io.netty\\netty-codec-dns\\4.1.113.Final\\af2d096266a680455a6432157b3ce0bc8c5b3257\\netty-codec-dns-4.1.113.Final.jar;C:\\Users\\leonel.borja.SOFKA\\.gradle\\caches\\modules-2\\files-2.1\\io.netty\\netty-codec-socks\\4.1.113.Final\\39efd7a056ae0ede07e73081db9572c86f252195\\netty-codec-socks-4.1.113.Final.jar;C:\\Users\\leonel.borja.SOFKA\\.gradle\\caches\\modules-2\\files-2.1\\io.netty\\netty-codec\\4.1.113.Final\\370ab9b7c1b31b32423498331c1f723cda3332cb\\netty-codec-4.1.113.Final.jar;C:\\Users\\leonel.borja.SOFKA\\.gradle\\caches\\modules-2\\files-2.1\\io.netty\\netty-transport-classes-epoll\\4.1.113.Final\\314f680c386eddbb944cad1c63a116b9b3b75e42\\netty-transport-classes-epoll-4.1.113.Final.jar;C:\\Users\\leonel.borja.SOFKA\\.gradle\\caches\\modules-2\\files-2.1\\io.netty\\netty-transport-native-unix-common\\4.1.113.Final\\e8d1d4ba444e203fd8af42a9d22e1032d89daa32\\netty-transport-native-unix-common-4.1.113.Final.jar;C:\\Users\\leonel.borja.SOFKA\\.gradle\\caches\\modules-2\\files-2.1\\io.netty\\netty-transport\\4.1.113.Final\\8ba0a07b6ca61aefd607ca2a91ebd1cce28f5e3d\\netty-transport-4.1.113.Final.jar;C:\\Users\\leonel.borja.SOFKA\\.gradle\\caches\\modules-2\\files-2.1\\io.netty\\netty-buffer\\4.1.113.Final\\69462f1f5528fb95477fa3b15a1e755ada0df66\\netty-buffer-4.1.113.Final.jar;C:\\Users\\leonel.borja.SOFKA\\.gradle\\caches\\modules-2\\files-2.1\\io.netty\\netty-resolver\\4.1.113.Final\\ffe3172485dd1e433271a60195d4a26fd9398be7\\netty-resolver-4.1.113.Final.jar;C:\\Users\\leonel.borja.SOFKA\\.gradle\\caches\\modules-2\\files-2.1\\io.netty\\netty-common\\4.1.113.Final\\1a7fe68aa349746008e5cff490aa6077728aac5a\\netty-common-4.1.113.Final.jar, java.vm.vendor=Azul Systems, Inc., sun.arch.data.model=64, user.variant=, java.vendor.url=http://www.azul.com/, user.timezone=America/Bogota, jakarta.persistence.sharedCache.mode=UNSPECIFIED, org.jboss.logging.provider=slf4j, java.vm.specification.version=17, os.name=Windows 11, jakarta.persistence.nonJtaDataSource=HikariDataSource (HikariPool-1), user.country=CO, sun.java.launcher=SUN_STANDARD, sun.boot.library.path=C:\Program Files\Java\azul-17.0.11\bin, sun.java.command=worker.org.gradle.process.internal.worker.GradleWorkerMain 'Gradle Test Executor 1', javax.persistence.nonJtaDataSource=HikariDataSource (HikariPool-1), hibernate.transaction.jta.platform=org.hibernate.engine.transaction.jta.platform.internal.NoJtaPlatform@3700994c, jdk.debug=release, sun.cpu.endian=little, hibernate.cdi.extensions=true, user.home=C:\Users\leonel.borja.SOFKA, user.language=es, java.specification.vendor=Oracle Corporation, java.version.date=2024-04-16, java.home=C:\Program Files\Java\azul-17.0.11, file.separator=\, java.vm.compressedOopsMode=32-bit, line.separator=
, hibernate.persistenceUnitName=default, java.vm.specification.vendor=Oracle Corporation, java.specification.name=Java Platform API Specification, FILE_LOG_CHARSET=UTF-8, hibernate.transaction.coordinator_class=class org.hibernate.resource.transaction.backend.jdbc.internal.JdbcResourceLocalTransactionCoordinatorBuilderImpl, java.awt.headless=true, jakarta.persistence.validation.mode=AUTO, hibernate.hbm2ddl.auto=update, user.script=, sun.management.compiler=HotSpot 64-Bit Tiered Compilers, java.runtime.version=17.0.11+9-LTS, user.name=leonel.borja, path.separator=;, os.version=10.0, java.runtime.name=OpenJDK Runtime Environment, file.encoding=UTF-8, java.vm.name=OpenJDK 64-Bit Server VM, hibernate.show_sql=true, java.vendor.version=Zulu17.50+19-CA, java.vendor.url.bug=http://www.azul.com/support/, java.io.tmpdir=C:\Users\LEONEL~1.SOF\AppData\Local\Temp\, java.version=17.0.11, hibernate.physical_naming_strategy=org.hibernate.boot.model.naming.CamelCaseToUnderscoresNamingStrategy, user.dir=D:\Leobor\Store\Store, os.arch=amd64, java.vm.specification.name=Java Virtual Machine Specification, PID=3320, org.gradle.internal.worker.tmpdir=D:\Leobor\Store\Store\build\tmp\test\work, sun.os.patch.level=, CONSOLE_LOG_CHARSET=UTF-8, hibernate.boot.CfgXmlAccessService.key=org.hibernate.boot.registry.StandardServiceRegistryBuilder$1@78a165db, native.encoding=Cp1252, java.library.path=C:\Program Files\Java\azul-17.0.11\bin;C:\WINDOWS\Sun\Java\bin;C:\WINDOWS\system32;C:\WINDOWS;HKEY_LOCAL_MACHINE\SYSTEM\CurrentControlSet\Control\Session Manager\Environment    PATH    REG_EXPAND_SZ    C:\Program Files\Python311\Scripts\;C:\Program Files\Python311\;C:\Program Files\Common Files\Oracle\Java\javapath;C:\Program Files (x86)\Common Files\Oracle\Java\java8path;C:\Program Files (x86)\Common Files\Oracle\Java\javapath;C:\WINDOWS\system32;C:\WINDOWS;C:\WINDOWS\System32\Wbem;C:\WINDOWS\System32\WindowsPowerShell\v1.0\;C:\WINDOWS\System32\OpenSSH\;C:\Program Files (x86)\Microsoft SQL Server\150\Tools\Binn\;C:\Program Files\Microsoft SQL Server\150\Tools\Binn\;C:\Program Files (x86)\Microsoft SQL Server\150\DTS\Binn\;C:\Program Files\Microsoft SQL Server\150\DTS\Binn\;C:\Program Files\Microsoft SQL Server\Client SDK\ODBC\170\Tools\Binn\;C:\Program Files\Azure Data Studio\bin;C:\Program Files\dotnet\;C:\Program Files (x86)\inConcert\Shared;C:\Program Files\Java\jdk-11.0.16\bin;C:\Program Files\Java\jdk-13.0.2\bin;C:\Program Files\Python311;C:\Program Files\Microsoft VS Code\bin;C:\Program Files\nodejs\;C:\workspace\gradle-8.7-bin (1)\gradle-8.7\bin;C:\Program Files\Java\jdk-17.0.3.1\bin;C:\Program Files\Java\azul-17.0.11\bin;C:\Program Files\MongoDB\Server\7.0\bin;C:\Program Files\mongosh;C:\Program Files\MongoDB\Tools\100\bin;C:\Users\leonel.borja.SOFKA\AppData\Local\Programs\nosqlbooster4mongo;C:\Program Files\Git\cmd;C:\ffmpeg-7.0.2-essentials_build\bin;C:\Users\leonel.borja.SOFKA\.console-ninja\.bin;C:\Users\leonel.borja.SOFKA\AppData\Local\Microsoft\WindowsApps;C:\Users\leonel.borja.SOFKA\AppData\Roaming\npm;C:\Users\leonel.borja.SOFKA\AppData\Local\Programs\mongosh\;C:\Program Files\mongosh\;C:\ffmpeg-7.0.2-essentials_build\bin;C:\Program Files\heroku\bin;., java.vendor=Azul Systems, Inc., java.vm.info=mixed mode, sharing, java.vm.version=17.0.11+9-LTS, sun.io.unicode.encoding=UnicodeLittle, hibernate.archive.scanner=org.hibernate.boot.archive.scan.internal.DisabledScanner, hibernate.connection.datasource=HikariDataSource (HikariPool-1), java.class.version=61.0, LOGGED_APPLICATION_NAME=[Store] }
2024-09-28T22:19:41.843-05:00 DEBUG 3320 --- [Store] [    Test worker] o.hibernate.internal.SessionFactoryImpl  : Session factory constructed with filter configurations : {}
2024-09-28T22:19:41.959-05:00 DEBUG 3320 --- [Store] [    Test worker] o.h.q.sqm.function.SqmFunctionRegistry   : Registered SqmFunctionTemplate [NamedSqmFunctionTemplate(max)] under max; prior registration was null
2024-09-28T22:19:41.959-05:00 DEBUG 3320 --- [Store] [    Test worker] o.h.q.sqm.function.SqmFunctionRegistry   : Registered SqmFunctionTemplate [NamedSqmFunctionTemplate(min)] under min; prior registration was null
2024-09-28T22:19:41.960-05:00 DEBUG 3320 --- [Store] [    Test worker] o.h.q.sqm.function.SqmFunctionRegistry   : Registered SqmFunctionTemplate [NamedSqmFunctionTemplate(sum)] under sum; prior registration was null
2024-09-28T22:19:41.962-05:00 DEBUG 3320 --- [Store] [    Test worker] o.h.q.sqm.function.SqmFunctionRegistry   : Registered SqmFunctionTemplate [NamedSqmFunctionTemplate(avg)] under avg; prior registration was null
2024-09-28T22:19:41.965-05:00 DEBUG 3320 --- [Store] [    Test worker] o.h.q.sqm.function.SqmFunctionRegistry   : Registered SqmFunctionTemplate [org.hibernate.dialect.function.CountFunction@17e2835c] under count; prior registration was null
2024-09-28T22:19:41.966-05:00 DEBUG 3320 --- [Store] [    Test worker] o.h.q.sqm.function.SqmFunctionRegistry   : Registered SqmFunctionTemplate [org.hibernate.dialect.function.EveryAnyEmulation@628bcf2c] under every; prior registration was null
2024-09-28T22:19:41.966-05:00 DEBUG 3320 --- [Store] [    Test worker] o.h.q.sqm.function.SqmFunctionRegistry   : Registered SqmFunctionTemplate [org.hibernate.dialect.function.EveryAnyEmulation@4b76251c] under any; prior registration was null
2024-09-28T22:19:41.967-05:00 DEBUG 3320 --- [Store] [    Test worker] o.h.q.sqm.function.SqmFunctionRegistry   : Registered SqmFunctionTemplate [NamedSqmFunctionTemplate(floor)] under floor; prior registration was null
2024-09-28T22:19:41.967-05:00 DEBUG 3320 --- [Store] [    Test worker] o.h.q.sqm.function.SqmFunctionRegistry   : Registered SqmFunctionTemplate [NamedSqmFunctionTemplate(ceiling)] under ceiling; prior registration was null
2024-09-28T22:19:41.967-05:00 DEBUG 3320 --- [Store] [    Test worker] o.h.q.sqm.function.SqmFunctionRegistry   : Registered SqmFunctionTemplate [NamedSqmFunctionTemplate(mod)] under mod; prior registration was null
2024-09-28T22:19:41.967-05:00 DEBUG 3320 --- [Store] [    Test worker] o.h.q.sqm.function.SqmFunctionRegistry   : Registered SqmFunctionTemplate [NamedSqmFunctionTemplate(abs)] under abs; prior registration was null
2024-09-28T22:19:41.967-05:00 DEBUG 3320 --- [Store] [    Test worker] o.h.q.sqm.function.SqmFunctionRegistry   : Registered SqmFunctionTemplate [NamedSqmFunctionTemplate(sign)] under sign; prior registration was null
2024-09-28T22:19:41.967-05:00 DEBUG 3320 --- [Store] [    Test worker] o.h.q.sqm.function.SqmFunctionRegistry   : Registered SqmFunctionTemplate [NamedSqmFunctionTemplate(sqrt)] under sqrt; prior registration was null
2024-09-28T22:19:41.967-05:00 DEBUG 3320 --- [Store] [    Test worker] o.h.q.sqm.function.SqmFunctionRegistry   : Registered SqmFunctionTemplate [NamedSqmFunctionTemplate(ln)] under ln; prior registration was null
2024-09-28T22:19:41.967-05:00 DEBUG 3320 --- [Store] [    Test worker] o.h.q.sqm.function.SqmFunctionRegistry   : Registered SqmFunctionTemplate [NamedSqmFunctionTemplate(exp)] under exp; prior registration was null
2024-09-28T22:19:41.967-05:00 DEBUG 3320 --- [Store] [    Test worker] o.h.q.sqm.function.SqmFunctionRegistry   : Registered SqmFunctionTemplate [NamedSqmFunctionTemplate(power)] under power; prior registration was null
2024-09-28T22:19:41.969-05:00 DEBUG 3320 --- [Store] [    Test worker] o.h.q.sqm.function.SqmFunctionRegistry   : Registered SqmFunctionTemplate [NamedSqmFunctionTemplate(round)] under round; prior registration was null
2024-09-28T22:19:41.969-05:00 DEBUG 3320 --- [Store] [    Test worker] o.h.q.sqm.function.SqmFunctionRegistry   : Registered SqmFunctionTemplate [NamedSqmFunctionTemplate(sin)] under sin; prior registration was null
2024-09-28T22:19:41.969-05:00 DEBUG 3320 --- [Store] [    Test worker] o.h.q.sqm.function.SqmFunctionRegistry   : Registered SqmFunctionTemplate [NamedSqmFunctionTemplate(cos)] under cos; prior registration was null
2024-09-28T22:19:41.969-05:00 DEBUG 3320 --- [Store] [    Test worker] o.h.q.sqm.function.SqmFunctionRegistry   : Registered SqmFunctionTemplate [NamedSqmFunctionTemplate(tan)] under tan; prior registration was null
2024-09-28T22:19:41.969-05:00 DEBUG 3320 --- [Store] [    Test worker] o.h.q.sqm.function.SqmFunctionRegistry   : Registered SqmFunctionTemplate [NamedSqmFunctionTemplate(asin)] under asin; prior registration was null
2024-09-28T22:19:41.969-05:00 DEBUG 3320 --- [Store] [    Test worker] o.h.q.sqm.function.SqmFunctionRegistry   : Registered SqmFunctionTemplate [NamedSqmFunctionTemplate(acos)] under acos; prior registration was null
2024-09-28T22:19:41.969-05:00 DEBUG 3320 --- [Store] [    Test worker] o.h.q.sqm.function.SqmFunctionRegistry   : Registered SqmFunctionTemplate [NamedSqmFunctionTemplate(atan)] under atan; prior registration was null
2024-09-28T22:19:41.970-05:00 DEBUG 3320 --- [Store] [    Test worker] o.h.q.sqm.function.SqmFunctionRegistry   : Registered SqmFunctionTemplate [NamedSqmFunctionTemplate(atan2)] under atan2; prior registration was null
2024-09-28T22:19:41.973-05:00 DEBUG 3320 --- [Store] [    Test worker] o.h.q.sqm.function.SqmFunctionRegistry   : Registered SqmFunctionTemplate [org.hibernate.query.sqm.function.PatternBasedSqmFunctionDescriptor@665b441e] under sinh; prior registration was null
2024-09-28T22:19:41.974-05:00 DEBUG 3320 --- [Store] [    Test worker] o.h.q.sqm.function.SqmFunctionRegistry   : Registered SqmFunctionTemplate [org.hibernate.query.sqm.function.PatternBasedSqmFunctionDescriptor@2ac3d530] under cosh; prior registration was null
2024-09-28T22:19:41.974-05:00 DEBUG 3320 --- [Store] [    Test worker] o.h.q.sqm.function.SqmFunctionRegistry   : Registered SqmFunctionTemplate [org.hibernate.query.sqm.function.PatternBasedSqmFunctionDescriptor@3a5e4f32] under tanh; prior registration was null
2024-09-28T22:19:41.974-05:00 DEBUG 3320 --- [Store] [    Test worker] o.h.q.sqm.function.SqmFunctionRegistry   : Registered SqmFunctionTemplate [org.hibernate.query.sqm.function.PatternBasedSqmFunctionDescriptor@2b0494a8] under pi; prior registration was null
2024-09-28T22:19:41.974-05:00 DEBUG 3320 --- [Store] [    Test worker] o.h.q.sqm.function.SqmFunctionRegistry   : Registered SqmFunctionTemplate [org.hibernate.query.sqm.function.PatternBasedSqmFunctionDescriptor@17c34e62] under log; prior registration was null
2024-09-28T22:19:41.975-05:00 DEBUG 3320 --- [Store] [    Test worker] o.h.q.sqm.function.SqmFunctionRegistry   : Registered SqmFunctionTemplate [NamedSqmFunctionTemplate(coalesce)] under coalesce; prior registration was null
2024-09-28T22:19:41.975-05:00 DEBUG 3320 --- [Store] [    Test worker] o.h.q.sqm.function.SqmFunctionRegistry   : Registered SqmFunctionTemplate [NamedSqmFunctionTemplate(nullif)] under nullif; prior registration was null
2024-09-28T22:19:41.975-05:00 DEBUG 3320 --- [Store] [    Test worker] o.h.q.sqm.function.SqmFunctionRegistry   : Registered SqmFunctionTemplate [NamedSqmFunctionTemplate(left)] under left; prior registration was null
2024-09-28T22:19:41.975-05:00 DEBUG 3320 --- [Store] [    Test worker] o.h.q.sqm.function.SqmFunctionRegistry   : Registered SqmFunctionTemplate [NamedSqmFunctionTemplate(right)] under right; prior registration was null
2024-09-28T22:19:41.976-05:00 DEBUG 3320 --- [Store] [    Test worker] o.h.q.sqm.function.SqmFunctionRegistry   : Registered SqmFunctionTemplate [NamedSqmFunctionTemplate(replace)] under replace; prior registration was null
2024-09-28T22:19:41.977-05:00 DEBUG 3320 --- [Store] [    Test worker] o.h.q.sqm.function.SqmFunctionRegistry   : Registered SqmFunctionTemplate [NamedSqmFunctionTemplate(concat)] under concat; prior registration was null
2024-09-28T22:19:41.978-05:00 DEBUG 3320 --- [Store] [    Test worker] o.h.q.sqm.function.SqmFunctionRegistry   : Registered SqmFunctionTemplate [NamedSqmFunctionTemplate(lower)] under lower; prior registration was null
2024-09-28T22:19:41.978-05:00 DEBUG 3320 --- [Store] [    Test worker] o.h.q.sqm.function.SqmFunctionRegistry   : Registered SqmFunctionTemplate [NamedSqmFunctionTemplate(upper)] under upper; prior registration was null
2024-09-28T22:19:41.978-05:00 DEBUG 3320 --- [Store] [    Test worker] o.h.q.sqm.function.SqmFunctionRegistry   : Registered SqmFunctionTemplate [NamedSqmFunctionTemplate(substring)] under substring; prior registration was null
2024-09-28T22:19:41.979-05:00 DEBUG 3320 --- [Store] [    Test worker] o.h.q.sqm.function.SqmFunctionRegistry   : Registered SqmFunctionTemplate [NamedSqmFunctionTemplate(locate)] under locate; prior registration was null
2024-09-28T22:19:41.979-05:00 DEBUG 3320 --- [Store] [    Test worker] o.h.q.sqm.function.SqmFunctionRegistry   : Registered SqmFunctionTemplate [NamedSqmFunctionTemplate(character_length)] under character_length; prior registration was null
2024-09-28T22:19:41.979-05:00 DEBUG 3320 --- [Store] [    Test worker] o.h.q.sqm.function.SqmFunctionRegistry   : Registering alternate key : length -> character_length
2024-09-28T22:19:41.982-05:00 DEBUG 3320 --- [Store] [    Test worker] o.h.q.sqm.function.SqmFunctionRegistry   : Registered SqmFunctionTemplate [org.hibernate.dialect.function.LocatePositionEmulation@7378c4a4] under position; prior registration was null
2024-09-28T22:19:41.993-05:00 DEBUG 3320 --- [Store] [    Test worker] o.h.q.sqm.function.SqmFunctionRegistry   : Registered SqmFunctionTemplate [org.hibernate.dialect.function.InsertSubstringOverlayEmulation@59a3eaf7] under overlay; prior registration was null
2024-09-28T22:19:41.997-05:00 DEBUG 3320 --- [Store] [    Test worker] o.h.q.sqm.function.SqmFunctionRegistry   : Registered SqmFunctionTemplate [org.hibernate.dialect.function.TrimFunction@4eb5764d] under trim; prior registration was null
2024-09-28T22:19:42.000-05:00 DEBUG 3320 --- [Store] [    Test worker] o.h.q.sqm.function.SqmFunctionRegistry   : Registered SqmFunctionTemplate [org.hibernate.dialect.function.CastFunction@998fbd4] under cast; prior registration was null
2024-09-28T22:19:42.000-05:00 DEBUG 3320 --- [Store] [    Test worker] o.h.q.sqm.function.SqmFunctionRegistry   : Registered SqmFunctionTemplate [org.hibernate.query.sqm.function.PatternBasedSqmFunctionDescriptor@30333941] under collate; prior registration was null
2024-09-28T22:19:42.001-05:00 DEBUG 3320 --- [Store] [    Test worker] o.h.q.sqm.function.SqmFunctionRegistry   : Registered SqmFunctionTemplate [org.hibernate.dialect.function.ExtractFunction@675230cd] under extract; prior registration was null
2024-09-28T22:19:42.002-05:00 DEBUG 3320 --- [Store] [    Test worker] o.h.q.sqm.function.SqmFunctionRegistry   : Registered SqmFunctionTemplate [NamedSqmFunctionTemplate(least)] under least; prior registration was null
2024-09-28T22:19:42.002-05:00 DEBUG 3320 --- [Store] [    Test worker] o.h.q.sqm.function.SqmFunctionRegistry   : Registered SqmFunctionTemplate [NamedSqmFunctionTemplate(greatest)] under greatest; prior registration was null
2024-09-28T22:19:42.002-05:00 DEBUG 3320 --- [Store] [    Test worker] o.h.q.sqm.function.SqmFunctionRegistry   : Registered SqmFunctionTemplate [org.hibernate.dialect.function.CoalesceIfnullEmulation@52bb3dcd] under ifnull; prior registration was null
2024-09-28T22:19:42.002-05:00 DEBUG 3320 --- [Store] [    Test worker] o.h.q.sqm.function.SqmFunctionRegistry   : Registered SqmFunctionTemplate [NamedSqmFunctionTemplate(lpad)] under lpad; prior registration was null
2024-09-28T22:19:42.003-05:00 DEBUG 3320 --- [Store] [    Test worker] o.h.q.sqm.function.SqmFunctionRegistry   : Registered SqmFunctionTemplate [NamedSqmFunctionTemplate(rpad)] under rpad; prior registration was null
2024-09-28T22:19:42.003-05:00 DEBUG 3320 --- [Store] [    Test worker] o.h.q.sqm.function.SqmFunctionRegistry   : Registered SqmFunctionTemplate [org.hibernate.dialect.function.LpadRpadPadEmulation@336070ab] under pad; prior registration was null
2024-09-28T22:19:42.004-05:00 DEBUG 3320 --- [Store] [    Test worker] o.h.q.sqm.function.SqmFunctionRegistry   : Registered SqmFunctionTemplate [org.hibernate.dialect.function.CastStrEmulation@10f10230] under str; prior registration was null
2024-09-28T22:19:42.009-05:00 DEBUG 3320 --- [Store] [    Test worker] o.h.q.sqm.function.SqmFunctionRegistry   : Registered SqmFunctionTemplate [org.hibernate.dialect.function.FormatFunction@484876a1] under format; prior registration was null
2024-09-28T22:19:42.010-05:00 DEBUG 3320 --- [Store] [    Test worker] o.h.q.sqm.function.SqmFunctionRegistry   : Registered SqmFunctionTemplate [org.hibernate.dialect.function.TimestampaddFunction@3f40568e] under timestampadd; prior registration was null
2024-09-28T22:19:42.012-05:00 DEBUG 3320 --- [Store] [    Test worker] o.h.q.sqm.function.SqmFunctionRegistry   : Registered SqmFunctionTemplate [org.hibernate.dialect.function.TimestampdiffFunction@4fef4f96] under timestampdiff; prior registration was null
2024-09-28T22:19:42.012-05:00 DEBUG 3320 --- [Store] [    Test worker] o.h.q.sqm.function.SqmFunctionRegistry   : Registering alternate key : dateadd -> timestampadd
2024-09-28T22:19:42.012-05:00 DEBUG 3320 --- [Store] [    Test worker] o.h.q.sqm.function.SqmFunctionRegistry   : Registering alternate key : datediff -> timestampdiff
2024-09-28T22:19:42.013-05:00 DEBUG 3320 --- [Store] [    Test worker] o.h.q.sqm.function.SqmFunctionRegistry   : Registered SqmFunctionTemplate [org.hibernate.dialect.function.CurrentFunction@686fb58a] under current_date; prior registration was null
2024-09-28T22:19:42.013-05:00 DEBUG 3320 --- [Store] [    Test worker] o.h.q.sqm.function.SqmFunctionRegistry   : Registered SqmFunctionTemplate [org.hibernate.dialect.function.CurrentFunction@2c4be45f] under current_time; prior registration was null
2024-09-28T22:19:42.013-05:00 DEBUG 3320 --- [Store] [    Test worker] o.h.q.sqm.function.SqmFunctionRegistry   : Registered SqmFunctionTemplate [org.hibernate.dialect.function.CurrentFunction@4be7acd9] under current_timestamp; prior registration was null
2024-09-28T22:19:42.013-05:00 DEBUG 3320 --- [Store] [    Test worker] o.h.q.sqm.function.SqmFunctionRegistry   : Registering alternate key : current date -> current_date
2024-09-28T22:19:42.013-05:00 DEBUG 3320 --- [Store] [    Test worker] o.h.q.sqm.function.SqmFunctionRegistry   : Registering alternate key : current time -> current_time
2024-09-28T22:19:42.013-05:00 DEBUG 3320 --- [Store] [    Test worker] o.h.q.sqm.function.SqmFunctionRegistry   : Registering alternate key : current timestamp -> current_timestamp
2024-09-28T22:19:42.014-05:00 DEBUG 3320 --- [Store] [    Test worker] o.h.q.sqm.function.SqmFunctionRegistry   : Registered SqmFunctionTemplate [org.hibernate.dialect.function.CurrentFunction@58afecfd] under local_date; prior registration was null
2024-09-28T22:19:42.014-05:00 DEBUG 3320 --- [Store] [    Test worker] o.h.q.sqm.function.SqmFunctionRegistry   : Registered SqmFunctionTemplate [org.hibernate.dialect.function.CurrentFunction@4d79d187] under local_time; prior registration was null
2024-09-28T22:19:42.014-05:00 DEBUG 3320 --- [Store] [    Test worker] o.h.q.sqm.function.SqmFunctionRegistry   : Registered SqmFunctionTemplate [org.hibernate.dialect.function.CurrentFunction@3e63bd6b] under local_datetime; prior registration was null
2024-09-28T22:19:42.014-05:00 DEBUG 3320 --- [Store] [    Test worker] o.h.q.sqm.function.SqmFunctionRegistry   : Registered SqmFunctionTemplate [org.hibernate.dialect.function.CurrentFunction@48144f1a] under offset_datetime; prior registration was null
2024-09-28T22:19:42.014-05:00 DEBUG 3320 --- [Store] [    Test worker] o.h.q.sqm.function.SqmFunctionRegistry   : Registering alternate key : local date -> local_date
2024-09-28T22:19:42.014-05:00 DEBUG 3320 --- [Store] [    Test worker] o.h.q.sqm.function.SqmFunctionRegistry   : Registering alternate key : local time -> local_time
2024-09-28T22:19:42.014-05:00 DEBUG 3320 --- [Store] [    Test worker] o.h.q.sqm.function.SqmFunctionRegistry   : Registering alternate key : local datetime -> local_datetime
2024-09-28T22:19:42.014-05:00 DEBUG 3320 --- [Store] [    Test worker] o.h.q.sqm.function.SqmFunctionRegistry   : Registering alternate key : offset datetime -> offset_datetime
2024-09-28T22:19:42.014-05:00 DEBUG 3320 --- [Store] [    Test worker] o.h.q.sqm.function.SqmFunctionRegistry   : Registered SqmFunctionTemplate [org.hibernate.dialect.function.CurrentFunction@6f7b8ae1] under instant; prior registration was null
2024-09-28T22:19:42.014-05:00 DEBUG 3320 --- [Store] [    Test worker] o.h.q.sqm.function.SqmFunctionRegistry   : Registering alternate key : current_instant -> instant
2024-09-28T22:19:42.015-05:00 DEBUG 3320 --- [Store] [    Test worker] o.h.q.sqm.function.SqmFunctionRegistry   : Registered SqmFunctionTemplate [org.hibernate.dialect.function.SqlFunction@163fbbc9] under sql; prior registration was null
2024-09-28T22:19:42.015-05:00 DEBUG 3320 --- [Store] [    Test worker] o.h.q.sqm.function.SqmFunctionRegistry   : Registered SqmFunctionTemplate [NamedSqmFunctionTemplate(cot)] under cot; prior registration was null
2024-09-28T22:19:42.015-05:00 DEBUG 3320 --- [Store] [    Test worker] o.h.q.sqm.function.SqmFunctionRegistry   : Registered SqmFunctionTemplate [NamedSqmFunctionTemplate(radians)] under radians; prior registration was null
2024-09-28T22:19:42.015-05:00 DEBUG 3320 --- [Store] [    Test worker] o.h.q.sqm.function.SqmFunctionRegistry   : Registered SqmFunctionTemplate [NamedSqmFunctionTemplate(degrees)] under degrees; prior registration was null
2024-09-28T22:19:42.015-05:00 DEBUG 3320 --- [Store] [    Test worker] o.h.q.sqm.function.SqmFunctionRegistry   : Registered SqmFunctionTemplate [NamedSqmFunctionTemplate(log)] under log; prior registration was org.hibernate.query.sqm.function.PatternBasedSqmFunctionDescriptor@17c34e62
2024-09-28T22:19:42.015-05:00 DEBUG 3320 --- [Store] [    Test worker] o.h.q.sqm.function.SqmFunctionRegistry   : Registered SqmFunctionTemplate [org.hibernate.query.sqm.function.PatternBasedSqmFunctionDescriptor@1669f4e5] under mod; prior registration was NamedSqmFunctionTemplate(mod)
2024-09-28T22:19:42.016-05:00 DEBUG 3320 --- [Store] [    Test worker] o.h.q.sqm.function.SqmFunctionRegistry   : Registered SqmFunctionTemplate [NamedSqmFunctionTemplate(log10)] under log10; prior registration was null
2024-09-28T22:19:42.016-05:00 DEBUG 3320 --- [Store] [    Test worker] o.h.q.sqm.function.SqmFunctionRegistry   : Registered SqmFunctionTemplate [NamedSqmFunctionTemplate(tanh)] under tanh; prior registration was org.hibernate.query.sqm.function.PatternBasedSqmFunctionDescriptor@3a5e4f32
2024-09-28T22:19:42.016-05:00 DEBUG 3320 --- [Store] [    Test worker] o.h.q.sqm.function.SqmFunctionRegistry   : Registered SqmFunctionTemplate [NamedSqmFunctionTemplate(sinh)] under sinh; prior registration was org.hibernate.query.sqm.function.PatternBasedSqmFunctionDescriptor@665b441e
2024-09-28T22:19:42.016-05:00 DEBUG 3320 --- [Store] [    Test worker] o.h.q.sqm.function.SqmFunctionRegistry   : Registered SqmFunctionTemplate [NamedSqmFunctionTemplate(cosh)] under cosh; prior registration was org.hibernate.query.sqm.function.PatternBasedSqmFunctionDescriptor@2ac3d530
2024-09-28T22:19:42.016-05:00 DEBUG 3320 --- [Store] [    Test worker] o.h.q.sqm.function.SqmFunctionRegistry   : Registered SqmFunctionTemplate [NamedSqmFunctionTemplate(acosh)] under acosh; prior registration was null
2024-09-28T22:19:42.016-05:00 DEBUG 3320 --- [Store] [    Test worker] o.h.q.sqm.function.SqmFunctionRegistry   : Registered SqmFunctionTemplate [NamedSqmFunctionTemplate(asinh)] under asinh; prior registration was null
2024-09-28T22:19:42.016-05:00 DEBUG 3320 --- [Store] [    Test worker] o.h.q.sqm.function.SqmFunctionRegistry   : Registered SqmFunctionTemplate [NamedSqmFunctionTemplate(atanh)] under atanh; prior registration was null
2024-09-28T22:19:42.016-05:00 DEBUG 3320 --- [Store] [    Test worker] o.h.q.sqm.function.SqmFunctionRegistry   : Registered SqmFunctionTemplate [NamedSqmFunctionTemplate(cbrt)] under cbrt; prior registration was null
2024-09-28T22:19:42.016-05:00 DEBUG 3320 --- [Store] [    Test worker] o.h.q.sqm.function.SqmFunctionRegistry   : Registered SqmFunctionTemplate [NamedSqmFunctionTemplate(pi)] under pi; prior registration was org.hibernate.query.sqm.function.PatternBasedSqmFunctionDescriptor@2b0494a8
2024-09-28T22:19:42.016-05:00 DEBUG 3320 --- [Store] [    Test worker] o.h.q.sqm.function.SqmFunctionRegistry   : Registered SqmFunctionTemplate [NamedSqmFunctionTemplate(ltrim)] under ltrim; prior registration was null
2024-09-28T22:19:42.016-05:00 DEBUG 3320 --- [Store] [    Test worker] o.h.q.sqm.function.SqmFunctionRegistry   : Registered SqmFunctionTemplate [NamedSqmFunctionTemplate(rtrim)] under rtrim; prior registration was null
2024-09-28T22:19:42.016-05:00 DEBUG 3320 --- [Store] [    Test worker] o.h.q.sqm.function.SqmFunctionRegistry   : Registered SqmFunctionTemplate [NamedSqmFunctionTemplate(repeat)] under repeat; prior registration was null
2024-09-28T22:19:42.016-05:00 DEBUG 3320 --- [Store] [    Test worker] o.h.q.sqm.function.SqmFunctionRegistry   : Registered SqmFunctionTemplate [NamedSqmFunctionTemplate(md5)] under md5; prior registration was null
2024-09-28T22:19:42.016-05:00 DEBUG 3320 --- [Store] [    Test worker] o.h.q.sqm.function.SqmFunctionRegistry   : Registered SqmFunctionTemplate [NamedSqmFunctionTemplate(initcap)] under initcap; prior registration was null
2024-09-28T22:19:42.016-05:00 DEBUG 3320 --- [Store] [    Test worker] o.h.q.sqm.function.SqmFunctionRegistry   : Registered SqmFunctionTemplate [NamedSqmFunctionTemplate(substr)] under substr; prior registration was null
2024-09-28T22:19:42.016-05:00 DEBUG 3320 --- [Store] [    Test worker] o.h.q.sqm.function.SqmFunctionRegistry   : Registered SqmFunctionTemplate [NamedSqmFunctionTemplate(substr)] under substring; prior registration was NamedSqmFunctionTemplate(substring)
2024-09-28T22:19:42.016-05:00 DEBUG 3320 --- [Store] [    Test worker] o.h.q.sqm.function.SqmFunctionRegistry   : Registered SqmFunctionTemplate [NamedSqmFunctionTemplate(translate)] under translate; prior registration was null
2024-09-28T22:19:42.016-05:00 DEBUG 3320 --- [Store] [    Test worker] o.h.q.sqm.function.SqmFunctionRegistry   : Registered SqmFunctionTemplate [NamedSqmFunctionTemplate(to_number)] under to_number; prior registration was null
2024-09-28T22:19:42.016-05:00 DEBUG 3320 --- [Store] [    Test worker] o.h.q.sqm.function.SqmFunctionRegistry   : Registered SqmFunctionTemplate [NamedSqmFunctionTemplate(to_char)] under to_char; prior registration was null
2024-09-28T22:19:42.016-05:00 DEBUG 3320 --- [Store] [    Test worker] o.h.q.sqm.function.SqmFunctionRegistry   : Registered SqmFunctionTemplate [NamedSqmFunctionTemplate(to_date)] under to_date; prior registration was null
2024-09-28T22:19:42.016-05:00 DEBUG 3320 --- [Store] [    Test worker] o.h.q.sqm.function.SqmFunctionRegistry   : Registered SqmFunctionTemplate [NamedSqmFunctionTemplate(to_timestamp)] under to_timestamp; prior registration was null
2024-09-28T22:19:42.018-05:00 DEBUG 3320 --- [Store] [    Test worker] o.h.q.sqm.function.SqmFunctionRegistry   : Registered SqmFunctionTemplate [org.hibernate.dialect.function.ConcatPipeFunction@79fcd194] under concat; prior registration was NamedSqmFunctionTemplate(concat)
2024-09-28T22:19:42.018-05:00 DEBUG 3320 --- [Store] [    Test worker] o.h.q.sqm.function.SqmFunctionRegistry   : Registered SqmFunctionTemplate [NamedSqmFunctionTemplate(localtime)] under localtime; prior registration was null
2024-09-28T22:19:42.019-05:00 DEBUG 3320 --- [Store] [    Test worker] o.h.q.sqm.function.SqmFunctionRegistry   : Registered SqmFunctionTemplate [NamedSqmFunctionTemplate(localtimestamp)] under localtimestamp; prior registration was null
2024-09-28T22:19:42.019-05:00 DEBUG 3320 --- [Store] [    Test worker] o.h.q.sqm.function.SqmFunctionRegistry   : Registered SqmFunctionTemplate [NamedSqmFunctionTemplate(localtime)] under local_time; prior registration was org.hibernate.dialect.function.CurrentFunction@4d79d187
2024-09-28T22:19:42.019-05:00 DEBUG 3320 --- [Store] [    Test worker] o.h.q.sqm.function.SqmFunctionRegistry   : Registered SqmFunctionTemplate [NamedSqmFunctionTemplate(localtimestamp)] under local_datetime; prior registration was org.hibernate.dialect.function.CurrentFunction@3e63bd6b
2024-09-28T22:19:42.020-05:00 DEBUG 3320 --- [Store] [    Test worker] o.h.q.sqm.function.SqmFunctionRegistry   : Registered SqmFunctionTemplate [org.hibernate.dialect.function.LengthFunction@575c23f1] under character_length; prior registration was NamedSqmFunctionTemplate(character_length)
2024-09-28T22:19:42.020-05:00 DEBUG 3320 --- [Store] [    Test worker] o.h.q.sqm.function.SqmFunctionRegistry   : Registering alternate key : length -> character_length
2024-09-28T22:19:42.020-05:00 DEBUG 3320 --- [Store] [    Test worker] o.h.q.sqm.function.SqmFunctionRegistry   : Registered SqmFunctionTemplate [org.hibernate.dialect.function.LengthFunction@62f7d7bd] under bit_length; prior registration was null
2024-09-28T22:19:42.020-05:00 DEBUG 3320 --- [Store] [    Test worker] o.h.q.sqm.function.SqmFunctionRegistry   : Registered SqmFunctionTemplate [org.hibernate.dialect.function.LengthFunction@de63949] under octet_length; prior registration was null
2024-09-28T22:19:42.020-05:00 DEBUG 3320 --- [Store] [    Test worker] o.h.q.sqm.function.SqmFunctionRegistry   : Registered SqmFunctionTemplate [NamedSqmFunctionTemplate(ascii)] under ascii; prior registration was null
2024-09-28T22:19:42.020-05:00 DEBUG 3320 --- [Store] [    Test worker] o.h.q.sqm.function.SqmFunctionRegistry   : Registered SqmFunctionTemplate [NamedSqmFunctionTemplate(chr)] under chr; prior registration was null
2024-09-28T22:19:42.020-05:00 DEBUG 3320 --- [Store] [    Test worker] o.h.q.sqm.function.SqmFunctionRegistry   : Registering alternate key : char -> chr
2024-09-28T22:19:42.020-05:00 DEBUG 3320 --- [Store] [    Test worker] o.h.q.sqm.function.SqmFunctionRegistry   : Registered SqmFunctionTemplate [org.hibernate.query.sqm.function.PatternBasedSqmFunctionDescriptor@5c5c784c] under position; prior registration was org.hibernate.dialect.function.LocatePositionEmulation@7378c4a4
2024-09-28T22:19:42.020-05:00 DEBUG 3320 --- [Store] [    Test worker] o.h.q.sqm.function.SqmFunctionRegistry   : Registered SqmFunctionTemplate [org.hibernate.query.sqm.function.PatternBasedSqmFunctionDescriptor@6a299b9d] under bitand; prior registration was null
2024-09-28T22:19:42.020-05:00 DEBUG 3320 --- [Store] [    Test worker] o.h.q.sqm.function.SqmFunctionRegistry   : Registered SqmFunctionTemplate [org.hibernate.query.sqm.function.PatternBasedSqmFunctionDescriptor@363fe35a] under bitor; prior registration was null
2024-09-28T22:19:42.020-05:00 DEBUG 3320 --- [Store] [    Test worker] o.h.q.sqm.function.SqmFunctionRegistry   : Registered SqmFunctionTemplate [org.hibernate.query.sqm.function.PatternBasedSqmFunctionDescriptor@a2fb8a5] under bitxor; prior registration was null
2024-09-28T22:19:42.021-05:00 DEBUG 3320 --- [Store] [    Test worker] o.h.q.sqm.function.SqmFunctionRegistry   : Registered SqmFunctionTemplate [org.hibernate.query.sqm.function.PatternBasedSqmFunctionDescriptor@350e3fb4] under bitnot; prior registration was null
2024-09-28T22:19:42.021-05:00 DEBUG 3320 --- [Store] [    Test worker] o.h.q.sqm.function.SqmFunctionRegistry   : Registered SqmFunctionTemplate [NamedSqmFunctionTemplate(bit_and)] under bit_and; prior registration was null
2024-09-28T22:19:42.021-05:00 DEBUG 3320 --- [Store] [    Test worker] o.h.q.sqm.function.SqmFunctionRegistry   : Registered SqmFunctionTemplate [NamedSqmFunctionTemplate(bit_or)] under bit_or; prior registration was null
2024-09-28T22:19:42.021-05:00 DEBUG 3320 --- [Store] [    Test worker] o.h.q.sqm.function.SqmFunctionRegistry   : Registered SqmFunctionTemplate [NamedSqmFunctionTemplate(bool_and)] under bool_and; prior registration was null
2024-09-28T22:19:42.021-05:00 DEBUG 3320 --- [Store] [    Test worker] o.h.q.sqm.function.SqmFunctionRegistry   : Registering alternate key : every -> bool_and
2024-09-28T22:19:42.021-05:00 DEBUG 3320 --- [Store] [    Test worker] o.h.q.sqm.function.SqmFunctionRegistry   : Registered SqmFunctionTemplate [NamedSqmFunctionTemplate(bool_or)] under bool_or; prior registration was null
2024-09-28T22:19:42.021-05:00 DEBUG 3320 --- [Store] [    Test worker] o.h.q.sqm.function.SqmFunctionRegistry   : Registering alternate key : any -> bool_or
2024-09-28T22:19:42.021-05:00 DEBUG 3320 --- [Store] [    Test worker] o.h.q.sqm.function.SqmFunctionRegistry   : Registered SqmFunctionTemplate [org.hibernate.query.sqm.function.PatternBasedSqmFunctionDescriptor@13ddaffb] under median; prior registration was null
2024-09-28T22:19:42.021-05:00 DEBUG 3320 --- [Store] [    Test worker] o.h.q.sqm.function.SqmFunctionRegistry   : Registered SqmFunctionTemplate [NamedSqmFunctionTemplate(stddev)] under stddev; prior registration was null
2024-09-28T22:19:42.021-05:00 DEBUG 3320 --- [Store] [    Test worker] o.h.q.sqm.function.SqmFunctionRegistry   : Registered SqmFunctionTemplate [NamedSqmFunctionTemplate(stddev_pop)] under stddev_pop; prior registration was null
2024-09-28T22:19:42.021-05:00 DEBUG 3320 --- [Store] [    Test worker] o.h.q.sqm.function.SqmFunctionRegistry   : Registered SqmFunctionTemplate [NamedSqmFunctionTemplate(stddev_samp)] under stddev_samp; prior registration was null
2024-09-28T22:19:42.021-05:00 DEBUG 3320 --- [Store] [    Test worker] o.h.q.sqm.function.SqmFunctionRegistry   : Registered SqmFunctionTemplate [NamedSqmFunctionTemplate(variance)] under variance; prior registration was null
2024-09-28T22:19:42.021-05:00 DEBUG 3320 --- [Store] [    Test worker] o.h.q.sqm.function.SqmFunctionRegistry   : Registered SqmFunctionTemplate [NamedSqmFunctionTemplate(var_pop)] under var_pop; prior registration was null
2024-09-28T22:19:42.021-05:00 DEBUG 3320 --- [Store] [    Test worker] o.h.q.sqm.function.SqmFunctionRegistry   : Registered SqmFunctionTemplate [NamedSqmFunctionTemplate(var_samp)] under var_samp; prior registration was null
2024-09-28T22:19:42.021-05:00 DEBUG 3320 --- [Store] [    Test worker] o.h.q.sqm.function.SqmFunctionRegistry   : Registered SqmFunctionTemplate [NamedSqmFunctionTemplate(covar_pop)] under covar_pop; prior registration was null
2024-09-28T22:19:42.021-05:00 DEBUG 3320 --- [Store] [    Test worker] o.h.q.sqm.function.SqmFunctionRegistry   : Registered SqmFunctionTemplate [NamedSqmFunctionTemplate(covar_samp)] under covar_samp; prior registration was null
2024-09-28T22:19:42.021-05:00 DEBUG 3320 --- [Store] [    Test worker] o.h.q.sqm.function.SqmFunctionRegistry   : Registered SqmFunctionTemplate [NamedSqmFunctionTemplate(corr)] under corr; prior registration was null
2024-09-28T22:19:42.022-05:00 DEBUG 3320 --- [Store] [    Test worker] o.h.q.sqm.function.SqmFunctionRegistry   : Registered SqmFunctionTemplate [NamedSqmFunctionTemplate(regr_avgx)] under regr_avgx; prior registration was null
2024-09-28T22:19:42.022-05:00 DEBUG 3320 --- [Store] [    Test worker] o.h.q.sqm.function.SqmFunctionRegistry   : Registered SqmFunctionTemplate [NamedSqmFunctionTemplate(regr_avgy)] under regr_avgy; prior registration was null
2024-09-28T22:19:42.022-05:00 DEBUG 3320 --- [Store] [    Test worker] o.h.q.sqm.function.SqmFunctionRegistry   : Registered SqmFunctionTemplate [NamedSqmFunctionTemplate(regr_count)] under regr_count; prior registration was null
2024-09-28T22:19:42.022-05:00 DEBUG 3320 --- [Store] [    Test worker] o.h.q.sqm.function.SqmFunctionRegistry   : Registered SqmFunctionTemplate [NamedSqmFunctionTemplate(regr_intercept)] under regr_intercept; prior registration was null
2024-09-28T22:19:42.022-05:00 DEBUG 3320 --- [Store] [    Test worker] o.h.q.sqm.function.SqmFunctionRegistry   : Registered SqmFunctionTemplate [NamedSqmFunctionTemplate(regr_r2)] under regr_r2; prior registration was null
2024-09-28T22:19:42.022-05:00 DEBUG 3320 --- [Store] [    Test worker] o.h.q.sqm.function.SqmFunctionRegistry   : Registered SqmFunctionTemplate [NamedSqmFunctionTemplate(regr_slope)] under regr_slope; prior registration was null
2024-09-28T22:19:42.022-05:00 DEBUG 3320 --- [Store] [    Test worker] o.h.q.sqm.function.SqmFunctionRegistry   : Registered SqmFunctionTemplate [NamedSqmFunctionTemplate(regr_sxx)] under regr_sxx; prior registration was null
2024-09-28T22:19:42.022-05:00 DEBUG 3320 --- [Store] [    Test worker] o.h.q.sqm.function.SqmFunctionRegistry   : Registered SqmFunctionTemplate [NamedSqmFunctionTemplate(regr_sxy)] under regr_sxy; prior registration was null
2024-09-28T22:19:42.022-05:00 DEBUG 3320 --- [Store] [    Test worker] o.h.q.sqm.function.SqmFunctionRegistry   : Registered SqmFunctionTemplate [NamedSqmFunctionTemplate(regr_syy)] under regr_syy; prior registration was null
2024-09-28T22:19:42.023-05:00 DEBUG 3320 --- [Store] [    Test worker] o.h.q.sqm.function.SqmFunctionRegistry   : Registered SqmFunctionTemplate [org.hibernate.query.sqm.function.PatternBasedSqmFunctionDescriptor@2dacda9a] under insert; prior registration was null
2024-09-28T22:19:42.024-05:00 DEBUG 3320 --- [Store] [    Test worker] o.h.q.sqm.function.SqmFunctionRegistry   : Registered SqmFunctionTemplate [org.hibernate.query.sqm.function.MultipatternSqmFunctionDescriptor@bcd9ed6] under overlay; prior registration was org.hibernate.dialect.function.InsertSubstringOverlayEmulation@59a3eaf7
2024-09-28T22:19:42.024-05:00 DEBUG 3320 --- [Store] [    Test worker] o.h.q.sqm.function.SqmFunctionRegistry   : Registered SqmFunctionTemplate [NamedSqmFunctionTemplate(soundex)] under soundex; prior registration was null
2024-09-28T22:19:42.024-05:00 DEBUG 3320 --- [Store] [    Test worker] o.h.q.sqm.function.SqmFunctionRegistry   : Registered SqmFunctionTemplate [org.hibernate.query.sqm.function.MultipatternSqmFunctionDescriptor@3ffa0f38] under locate; prior registration was NamedSqmFunctionTemplate(locate)
2024-09-28T22:19:42.025-05:00 DEBUG 3320 --- [Store] [    Test worker] o.h.q.sqm.function.SqmFunctionRegistry   : Registered SqmFunctionTemplate [NamedSqmFunctionTemplate(row_number)] under row_number; prior registration was null
2024-09-28T22:19:42.026-05:00 DEBUG 3320 --- [Store] [    Test worker] o.h.q.sqm.function.SqmFunctionRegistry   : Registered SqmFunctionTemplate [NamedSqmFunctionTemplate(lag)] under lag; prior registration was null
2024-09-28T22:19:42.026-05:00 DEBUG 3320 --- [Store] [    Test worker] o.h.q.sqm.function.SqmFunctionRegistry   : Registered SqmFunctionTemplate [NamedSqmFunctionTemplate(lead)] under lead; prior registration was null
2024-09-28T22:19:42.027-05:00 DEBUG 3320 --- [Store] [    Test worker] o.h.q.sqm.function.SqmFunctionRegistry   : Registered SqmFunctionTemplate [NamedSqmFunctionTemplate(first_value)] under first_value; prior registration was null
2024-09-28T22:19:42.027-05:00 DEBUG 3320 --- [Store] [    Test worker] o.h.q.sqm.function.SqmFunctionRegistry   : Registered SqmFunctionTemplate [NamedSqmFunctionTemplate(last_value)] under last_value; prior registration was null
2024-09-28T22:19:42.027-05:00 DEBUG 3320 --- [Store] [    Test worker] o.h.q.sqm.function.SqmFunctionRegistry   : Registered SqmFunctionTemplate [NamedSqmFunctionTemplate(nth_value)] under nth_value; prior registration was null
2024-09-28T22:19:42.028-05:00 DEBUG 3320 --- [Store] [    Test worker] o.h.q.sqm.function.SqmFunctionRegistry   : Registered SqmFunctionTemplate [org.hibernate.dialect.function.ListaggStringAggEmulation@5977bdea] under listagg; prior registration was null
2024-09-28T22:19:42.031-05:00 DEBUG 3320 --- [Store] [    Test worker] o.h.q.sqm.function.SqmFunctionRegistry   : Registered SqmFunctionTemplate [org.hibernate.dialect.function.array.PostgreSQLArrayConstructorFunction@52f7fa65] under array; prior registration was null
2024-09-28T22:19:42.031-05:00 DEBUG 3320 --- [Store] [    Test worker] o.h.q.sqm.function.SqmFunctionRegistry   : Registered SqmFunctionTemplate [org.hibernate.dialect.function.array.PostgreSQLArrayConstructorFunction@62c6db99] under array_list; prior registration was null
2024-09-28T22:19:42.032-05:00 DEBUG 3320 --- [Store] [    Test worker] o.h.q.sqm.function.SqmFunctionRegistry   : Registered SqmFunctionTemplate [org.hibernate.dialect.function.array.ArrayAggFunction@5c316230] under array_agg; prior registration was null
2024-09-28T22:19:42.036-05:00 DEBUG 3320 --- [Store] [    Test worker] o.h.q.sqm.function.SqmFunctionRegistry   : Registered SqmFunctionTemplate [org.hibernate.dialect.function.array.PostgreSQLArrayPositionFunction@6da9541c] under array_position; prior registration was null
2024-09-28T22:19:42.045-05:00 DEBUG 3320 --- [Store] [    Test worker] o.h.q.sqm.function.SqmFunctionRegistry   : Registered SqmFunctionTemplate [org.hibernate.dialect.function.array.PostgreSQLArrayPositionsFunction@8dbf0f2] under array_positions; prior registration was null
2024-09-28T22:19:42.050-05:00 DEBUG 3320 --- [Store] [    Test worker] o.h.q.sqm.function.SqmFunctionRegistry   : Registered SqmFunctionTemplate [org.hibernate.dialect.function.array.PostgreSQLArrayPositionsFunction@609ad016] under array_positions_list; prior registration was null
2024-09-28T22:19:42.050-05:00 DEBUG 3320 --- [Store] [    Test worker] o.h.q.sqm.function.SqmFunctionRegistry   : Registered SqmFunctionTemplate [org.hibernate.query.sqm.function.PatternBasedSqmFunctionDescriptor@da9374c] under array_length; prior registration was null
2024-09-28T22:19:42.052-05:00 DEBUG 3320 --- [Store] [    Test worker] o.h.q.sqm.function.SqmFunctionRegistry   : Registered SqmFunctionTemplate [org.hibernate.dialect.function.array.PostgreSQLArrayConcatFunction@3d50a3d9] under array_concat; prior registration was null
2024-09-28T22:19:42.054-05:00 DEBUG 3320 --- [Store] [    Test worker] o.h.q.sqm.function.SqmFunctionRegistry   : Registered SqmFunctionTemplate [org.hibernate.dialect.function.array.PostgreSQLArrayConcatElementFunction@746e534] under array_prepend; prior registration was null
2024-09-28T22:19:42.054-05:00 DEBUG 3320 --- [Store] [    Test worker] o.h.q.sqm.function.SqmFunctionRegistry   : Registered SqmFunctionTemplate [org.hibernate.dialect.function.array.PostgreSQLArrayConcatElementFunction@37665305] under array_append; prior registration was null
2024-09-28T22:19:42.056-05:00 DEBUG 3320 --- [Store] [    Test worker] o.h.q.sqm.function.SqmFunctionRegistry   : Registered SqmFunctionTemplate [org.hibernate.dialect.function.array.ArrayContainsOperatorFunction@6b52a40] under array_contains; prior registration was null
2024-09-28T22:19:42.056-05:00 DEBUG 3320 --- [Store] [    Test worker] o.h.q.sqm.function.SqmFunctionRegistry   : Registered SqmFunctionTemplate [org.hibernate.dialect.function.array.ArrayContainsOperatorFunction@178ba69f] under array_contains_nullable; prior registration was null
2024-09-28T22:19:42.058-05:00 DEBUG 3320 --- [Store] [    Test worker] o.h.q.sqm.function.SqmFunctionRegistry   : Registered SqmFunctionTemplate [org.hibernate.dialect.function.array.ArrayOverlapsOperatorFunction@77881b7a] under array_overlaps; prior registration was null
2024-09-28T22:19:42.058-05:00 DEBUG 3320 --- [Store] [    Test worker] o.h.q.sqm.function.SqmFunctionRegistry   : Registered SqmFunctionTemplate [org.hibernate.dialect.function.array.ArrayOverlapsOperatorFunction@59ac77f9] under array_overlaps_nullable; prior registration was null
2024-09-28T22:19:42.059-05:00 DEBUG 3320 --- [Store] [    Test worker] o.h.q.sqm.function.SqmFunctionRegistry   : Registered SqmFunctionTemplate [org.hibernate.query.sqm.function.PatternBasedSqmFunctionDescriptor@7bde704a] under array_get; prior registration was null
2024-09-28T22:19:42.061-05:00 DEBUG 3320 --- [Store] [    Test worker] o.h.q.sqm.function.SqmFunctionRegistry   : Registered SqmFunctionTemplate [org.hibernate.dialect.function.array.ArraySetUnnestFunction@629600d7] under array_set; prior registration was null
2024-09-28T22:19:42.062-05:00 DEBUG 3320 --- [Store] [    Test worker] o.h.q.sqm.function.SqmFunctionRegistry   : Registered SqmFunctionTemplate [NamedSqmFunctionTemplate(array_remove)] under array_remove; prior registration was null
2024-09-28T22:19:42.063-05:00 DEBUG 3320 --- [Store] [    Test worker] o.h.q.sqm.function.SqmFunctionRegistry   : Registered SqmFunctionTemplate [org.hibernate.dialect.function.array.ArrayRemoveIndexUnnestFunction@61c145cb] under array_remove_index; prior registration was null
2024-09-28T22:19:42.063-05:00 DEBUG 3320 --- [Store] [    Test worker] o.h.q.sqm.function.SqmFunctionRegistry   : Registered SqmFunctionTemplate [org.hibernate.query.sqm.function.PatternBasedSqmFunctionDescriptor@153409b8] under array_slice; prior registration was null
2024-09-28T22:19:42.063-05:00 DEBUG 3320 --- [Store] [    Test worker] o.h.q.sqm.function.SqmFunctionRegistry   : Registered SqmFunctionTemplate [NamedSqmFunctionTemplate(array_replace)] under array_replace; prior registration was null
2024-09-28T22:19:42.063-05:00 DEBUG 3320 --- [Store] [    Test worker] o.h.q.sqm.function.SqmFunctionRegistry   : Registered SqmFunctionTemplate [org.hibernate.query.sqm.function.PatternBasedSqmFunctionDescriptor@511bfbb0] under array_trim; prior registration was null
2024-09-28T22:19:42.066-05:00 DEBUG 3320 --- [Store] [    Test worker] o.h.q.sqm.function.SqmFunctionRegistry   : Registered SqmFunctionTemplate [org.hibernate.dialect.function.array.PostgreSQLArrayFillFunction@14bf9fd0] under array_fill; prior registration was null
2024-09-28T22:19:42.068-05:00 DEBUG 3320 --- [Store] [    Test worker] o.h.q.sqm.function.SqmFunctionRegistry   : Registered SqmFunctionTemplate [org.hibernate.dialect.function.array.PostgreSQLArrayFillFunction@391e5ffa] under array_fill_list; prior registration was null
2024-09-28T22:19:42.070-05:00 DEBUG 3320 --- [Store] [    Test worker] o.h.q.sqm.function.SqmFunctionRegistry   : Registered SqmFunctionTemplate [org.hibernate.dialect.function.array.ArrayToStringFunction@64887fbc] under array_to_string; prior registration was null
2024-09-28T22:19:42.070-05:00 DEBUG 3320 --- [Store] [    Test worker] o.h.q.sqm.function.SqmFunctionRegistry   : Registered SqmFunctionTemplate [NamedSqmFunctionTemplate(make_date)] under make_date; prior registration was null
2024-09-28T22:19:42.070-05:00 DEBUG 3320 --- [Store] [    Test worker] o.h.q.sqm.function.SqmFunctionRegistry   : Registered SqmFunctionTemplate [NamedSqmFunctionTemplate(make_time)] under make_time; prior registration was null
2024-09-28T22:19:42.071-05:00 DEBUG 3320 --- [Store] [    Test worker] o.h.q.sqm.function.SqmFunctionRegistry   : Registered SqmFunctionTemplate [NamedSqmFunctionTemplate(make_timestamp)] under make_timestamp; prior registration was null
2024-09-28T22:19:42.071-05:00 DEBUG 3320 --- [Store] [    Test worker] o.h.q.sqm.function.SqmFunctionRegistry   : Registered SqmFunctionTemplate [NamedSqmFunctionTemplate(make_timestamptz)] under make_timestamptz; prior registration was null
2024-09-28T22:19:42.073-05:00 DEBUG 3320 --- [Store] [    Test worker] o.h.q.sqm.function.SqmFunctionRegistry   : Registered SqmFunctionTemplate [org.hibernate.dialect.function.InverseDistributionFunction@28269c65] under mode; prior registration was null
2024-09-28T22:19:42.073-05:00 DEBUG 3320 --- [Store] [    Test worker] o.h.q.sqm.function.SqmFunctionRegistry   : Registered SqmFunctionTemplate [org.hibernate.dialect.function.InverseDistributionFunction@4c9d833] under percentile_cont; prior registration was null
2024-09-28T22:19:42.073-05:00 DEBUG 3320 --- [Store] [    Test worker] o.h.q.sqm.function.SqmFunctionRegistry   : Registered SqmFunctionTemplate [org.hibernate.dialect.function.InverseDistributionFunction@18b58c77] under percentile_disc; prior registration was null
2024-09-28T22:19:42.074-05:00 DEBUG 3320 --- [Store] [    Test worker] o.h.q.sqm.function.SqmFunctionRegistry   : Registered SqmFunctionTemplate [org.hibernate.dialect.function.HypotheticalSetFunction@42805abe] under rank; prior registration was null
2024-09-28T22:19:42.074-05:00 DEBUG 3320 --- [Store] [    Test worker] o.h.q.sqm.function.SqmFunctionRegistry   : Registered SqmFunctionTemplate [org.hibernate.dialect.function.HypotheticalSetFunction@2e7517aa] under dense_rank; prior registration was null
2024-09-28T22:19:42.074-05:00 DEBUG 3320 --- [Store] [    Test worker] o.h.q.sqm.function.SqmFunctionRegistry   : Registered SqmFunctionTemplate [org.hibernate.dialect.function.HypotheticalSetFunction@152035eb] under percent_rank; prior registration was null
2024-09-28T22:19:42.074-05:00 DEBUG 3320 --- [Store] [    Test worker] o.h.q.sqm.function.SqmFunctionRegistry   : Registered SqmFunctionTemplate [org.hibernate.dialect.function.HypotheticalSetFunction@76105ac0] under cume_dist; prior registration was null
2024-09-28T22:19:42.075-05:00 DEBUG 3320 --- [Store] [    Test worker] o.h.q.sqm.function.SqmFunctionRegistry   : Registered SqmFunctionTemplate [org.hibernate.dialect.function.PostgreSQLMinMaxFunction@50e24ea4] under min; prior registration was NamedSqmFunctionTemplate(min)
2024-09-28T22:19:42.075-05:00 DEBUG 3320 --- [Store] [    Test worker] o.h.q.sqm.function.SqmFunctionRegistry   : Registered SqmFunctionTemplate [org.hibernate.dialect.function.PostgreSQLMinMaxFunction@4ba402b5] under max; prior registration was NamedSqmFunctionTemplate(max)
2024-09-28T22:19:42.075-05:00 DEBUG 3320 --- [Store] [    Test worker] o.h.q.sqm.function.SqmFunctionRegistry   : Registered SqmFunctionTemplate [org.hibernate.query.sqm.function.PatternBasedSqmFunctionDescriptor@22172b00] under bitxor; prior registration was org.hibernate.query.sqm.function.PatternBasedSqmFunctionDescriptor@a2fb8a5
2024-09-28T22:19:42.081-05:00 DEBUG 3320 --- [Store] [    Test worker] o.h.q.sqm.function.SqmFunctionRegistry   : Registered SqmFunctionTemplate [org.hibernate.dialect.function.PostgreSQLTruncRoundFunction@320ba79f] under round; prior registration was NamedSqmFunctionTemplate(round)
2024-09-28T22:19:42.084-05:00 DEBUG 3320 --- [Store] [    Test worker] o.h.q.sqm.function.SqmFunctionRegistry   : Registered SqmFunctionTemplate [org.hibernate.dialect.function.PostgreSQLTruncFunction@31c0c7e5] under trunc; prior registration was null
2024-09-28T22:19:42.084-05:00 DEBUG 3320 --- [Store] [    Test worker] o.h.q.sqm.function.SqmFunctionRegistry   : Registering alternate key : truncate -> trunc
2024-09-28T22:19:42.084-05:00 DEBUG 3320 --- [Store] [    Test worker] o.h.q.sqm.function.SqmFunctionRegistry   : Registered SqmFunctionTemplate [org.hibernate.query.sqm.function.PatternBasedSqmFunctionDescriptor@912747d] under date_trunc; prior registration was null
2024-09-28T22:19:42.087-05:00 DEBUG 3320 --- [Store] [    Test worker] org.hibernate.HQL_FUNCTIONS              : abs(NUMERIC arg)
2024-09-28T22:19:42.088-05:00 DEBUG 3320 --- [Store] [    Test worker] org.hibernate.HQL_FUNCTIONS              : Double acos(NUMERIC arg)
2024-09-28T22:19:42.088-05:00 DEBUG 3320 --- [Store] [    Test worker] org.hibernate.HQL_FUNCTIONS              : Double acosh(NUMERIC arg)
2024-09-28T22:19:42.088-05:00 DEBUG 3320 --- [Store] [    Test worker] org.hibernate.HQL_FUNCTIONS              : Boolean any(BOOLEAN predicate)
2024-09-28T22:19:42.088-05:00 DEBUG 3320 --- [Store] [    Test worker] org.hibernate.HQL_FUNCTIONS              : array( ... )
2024-09-28T22:19:42.088-05:00 DEBUG 3320 --- [Store] [    Test worker] org.hibernate.HQL_FUNCTIONS              : array_agg(arg)
2024-09-28T22:19:42.088-05:00 DEBUG 3320 --- [Store] [    Test worker] org.hibernate.HQL_FUNCTIONS              : array_append( ... )
2024-09-28T22:19:42.088-05:00 DEBUG 3320 --- [Store] [    Test worker] org.hibernate.HQL_FUNCTIONS              : array_concat( ... )
2024-09-28T22:19:42.088-05:00 DEBUG 3320 --- [Store] [    Test worker] org.hibernate.HQL_FUNCTIONS              : Boolean array_contains(ARRAY haystackArray, OBJECT needleElementOrArray)
2024-09-28T22:19:42.088-05:00 DEBUG 3320 --- [Store] [    Test worker] org.hibernate.HQL_FUNCTIONS              : Boolean array_contains_nullable(ARRAY haystackArray, OBJECT needleElementOrArray)
2024-09-28T22:19:42.088-05:00 DEBUG 3320 --- [Store] [    Test worker] org.hibernate.HQL_FUNCTIONS              : array_fill(OBJECT element, INTEGER elementCount)
2024-09-28T22:19:42.088-05:00 DEBUG 3320 --- [Store] [    Test worker] org.hibernate.HQL_FUNCTIONS              : array_fill_list(OBJECT element, INTEGER elementCount)
2024-09-28T22:19:42.088-05:00 DEBUG 3320 --- [Store] [    Test worker] org.hibernate.HQL_FUNCTIONS              : array_get(ARRAY array, INTEGER index)
2024-09-28T22:19:42.088-05:00 DEBUG 3320 --- [Store] [    Test worker] org.hibernate.HQL_FUNCTIONS              : Integer array_length(ARRAY array)
2024-09-28T22:19:42.088-05:00 DEBUG 3320 --- [Store] [    Test worker] org.hibernate.HQL_FUNCTIONS              : array_list( ... )
2024-09-28T22:19:42.088-05:00 DEBUG 3320 --- [Store] [    Test worker] org.hibernate.HQL_FUNCTIONS              : Boolean array_overlaps(ARRAY array0, OBJECT array1)
2024-09-28T22:19:42.088-05:00 DEBUG 3320 --- [Store] [    Test worker] org.hibernate.HQL_FUNCTIONS              : Boolean array_overlaps_nullable(ARRAY array0, OBJECT array1)
2024-09-28T22:19:42.088-05:00 DEBUG 3320 --- [Store] [    Test worker] org.hibernate.HQL_FUNCTIONS              : Integer array_position(ARRAY array, OBJECT element[, INTEGER startPosition])
2024-09-28T22:19:42.088-05:00 DEBUG 3320 --- [Store] [    Test worker] org.hibernate.HQL_FUNCTIONS              : int[] array_positions(ARRAY array, OBJECT element)
2024-09-28T22:19:42.088-05:00 DEBUG 3320 --- [Store] [    Test worker] org.hibernate.HQL_FUNCTIONS              : List array_positions_list(ARRAY array, OBJECT element)
2024-09-28T22:19:42.088-05:00 DEBUG 3320 --- [Store] [    Test worker] org.hibernate.HQL_FUNCTIONS              : array_prepend( ... )
2024-09-28T22:19:42.088-05:00 DEBUG 3320 --- [Store] [    Test worker] org.hibernate.HQL_FUNCTIONS              : array_remove( ... )
2024-09-28T22:19:42.088-05:00 DEBUG 3320 --- [Store] [    Test worker] org.hibernate.HQL_FUNCTIONS              : array_remove_index( ... )
2024-09-28T22:19:42.088-05:00 DEBUG 3320 --- [Store] [    Test worker] org.hibernate.HQL_FUNCTIONS              : array_replace(ARRAY array, OBJECT old, OBJECT new)
2024-09-28T22:19:42.088-05:00 DEBUG 3320 --- [Store] [    Test worker] org.hibernate.HQL_FUNCTIONS              : array_set( ... )
2024-09-28T22:19:42.088-05:00 DEBUG 3320 --- [Store] [    Test worker] org.hibernate.HQL_FUNCTIONS              : array_slice(ARRAY array, INTEGER start, INTEGER end)
2024-09-28T22:19:42.088-05:00 DEBUG 3320 --- [Store] [    Test worker] org.hibernate.HQL_FUNCTIONS              : String array_to_string( ... )
2024-09-28T22:19:42.088-05:00 DEBUG 3320 --- [Store] [    Test worker] org.hibernate.HQL_FUNCTIONS              : array_trim(ARRAY array, INTEGER elementsToRemove)
2024-09-28T22:19:42.088-05:00 DEBUG 3320 --- [Store] [    Test worker] org.hibernate.HQL_FUNCTIONS              : Integer ascii(STRING arg)
2024-09-28T22:19:42.088-05:00 DEBUG 3320 --- [Store] [    Test worker] org.hibernate.HQL_FUNCTIONS              : Double asin(NUMERIC arg)
2024-09-28T22:19:42.088-05:00 DEBUG 3320 --- [Store] [    Test worker] org.hibernate.HQL_FUNCTIONS              : Double asinh(NUMERIC arg)
2024-09-28T22:19:42.088-05:00 DEBUG 3320 --- [Store] [    Test worker] org.hibernate.HQL_FUNCTIONS              : Double atan(NUMERIC arg)
2024-09-28T22:19:42.089-05:00 DEBUG 3320 --- [Store] [    Test worker] org.hibernate.HQL_FUNCTIONS              : Double atan2(NUMERIC arg0, NUMERIC arg1)
2024-09-28T22:19:42.089-05:00 DEBUG 3320 --- [Store] [    Test worker] org.hibernate.HQL_FUNCTIONS              : Double atanh(NUMERIC arg)
2024-09-28T22:19:42.089-05:00 DEBUG 3320 --- [Store] [    Test worker] org.hibernate.HQL_FUNCTIONS              : avg(arg)
2024-09-28T22:19:42.089-05:00 DEBUG 3320 --- [Store] [    Test worker] org.hibernate.HQL_FUNCTIONS              : bit_and(arg)
2024-09-28T22:19:42.089-05:00 DEBUG 3320 --- [Store] [    Test worker] org.hibernate.HQL_FUNCTIONS              : Integer bit_length(STRING_OR_CLOB arg)
2024-09-28T22:19:42.089-05:00 DEBUG 3320 --- [Store] [    Test worker] org.hibernate.HQL_FUNCTIONS              : bit_or(arg)
2024-09-28T22:19:42.089-05:00 DEBUG 3320 --- [Store] [    Test worker] org.hibernate.HQL_FUNCTIONS              : bitand(arg0, arg1)
2024-09-28T22:19:42.089-05:00 DEBUG 3320 --- [Store] [    Test worker] org.hibernate.HQL_FUNCTIONS              : bitnot(arg)
2024-09-28T22:19:42.089-05:00 DEBUG 3320 --- [Store] [    Test worker] org.hibernate.HQL_FUNCTIONS              : bitor(arg0, arg1)
2024-09-28T22:19:42.089-05:00 DEBUG 3320 --- [Store] [    Test worker] org.hibernate.HQL_FUNCTIONS              : bitxor(arg0, arg1)
2024-09-28T22:19:42.089-05:00 DEBUG 3320 --- [Store] [    Test worker] org.hibernate.HQL_FUNCTIONS              : Boolean bool_and(BOOLEAN predicate)
2024-09-28T22:19:42.089-05:00 DEBUG 3320 --- [Store] [    Test worker] org.hibernate.HQL_FUNCTIONS              : Boolean bool_or(BOOLEAN predicate)
2024-09-28T22:19:42.089-05:00 DEBUG 3320 --- [Store] [    Test worker] org.hibernate.HQL_FUNCTIONS              : cast(arg as Type)
2024-09-28T22:19:42.089-05:00 DEBUG 3320 --- [Store] [    Test worker] org.hibernate.HQL_FUNCTIONS              : Double cbrt(NUMERIC arg)
2024-09-28T22:19:42.089-05:00 DEBUG 3320 --- [Store] [    Test worker] org.hibernate.HQL_FUNCTIONS              : ceiling(NUMERIC arg)
2024-09-28T22:19:42.089-05:00 DEBUG 3320 --- [Store] [    Test worker] org.hibernate.HQL_FUNCTIONS              : Character char(INTEGER arg)
2024-09-28T22:19:42.089-05:00 DEBUG 3320 --- [Store] [    Test worker] org.hibernate.HQL_FUNCTIONS              : Integer character_length(STRING_OR_CLOB arg)
2024-09-28T22:19:42.089-05:00 DEBUG 3320 --- [Store] [    Test worker] org.hibernate.HQL_FUNCTIONS              : Character chr(INTEGER arg)
2024-09-28T22:19:42.090-05:00 DEBUG 3320 --- [Store] [    Test worker] org.hibernate.HQL_FUNCTIONS              : coalesce(arg0[, arg1[, ...]])
2024-09-28T22:19:42.090-05:00 DEBUG 3320 --- [Store] [    Test worker] org.hibernate.HQL_FUNCTIONS              : String collate(STRING string as COLLATION collation)
2024-09-28T22:19:42.090-05:00 DEBUG 3320 --- [Store] [    Test worker] org.hibernate.HQL_FUNCTIONS              : (STRING string0[, STRING string1[, ...]])
2024-09-28T22:19:42.090-05:00 DEBUG 3320 --- [Store] [    Test worker] org.hibernate.HQL_FUNCTIONS              : Double corr(NUMERIC arg0, NUMERIC arg1)
2024-09-28T22:19:42.090-05:00 DEBUG 3320 --- [Store] [    Test worker] org.hibernate.HQL_FUNCTIONS              : Double cos(NUMERIC arg)
2024-09-28T22:19:42.090-05:00 DEBUG 3320 --- [Store] [    Test worker] org.hibernate.HQL_FUNCTIONS              : Double cosh(NUMERIC arg)
2024-09-28T22:19:42.090-05:00 DEBUG 3320 --- [Store] [    Test worker] org.hibernate.HQL_FUNCTIONS              : Double cot(NUMERIC arg)
2024-09-28T22:19:42.090-05:00 DEBUG 3320 --- [Store] [    Test worker] org.hibernate.HQL_FUNCTIONS              : Long count([distinct ]{arg|*})
2024-09-28T22:19:42.090-05:00 DEBUG 3320 --- [Store] [    Test worker] org.hibernate.HQL_FUNCTIONS              : Double covar_pop(NUMERIC arg0, NUMERIC arg1)
2024-09-28T22:19:42.090-05:00 DEBUG 3320 --- [Store] [    Test worker] org.hibernate.HQL_FUNCTIONS              : Double covar_samp(NUMERIC arg0, NUMERIC arg1)
2024-09-28T22:19:42.090-05:00 DEBUG 3320 --- [Store] [    Test worker] org.hibernate.HQL_FUNCTIONS              : Double cume_dist([arg0[, ...]])
2024-09-28T22:19:42.090-05:00 DEBUG 3320 --- [Store] [    Test worker] org.hibernate.HQL_FUNCTIONS              : Date current date
2024-09-28T22:19:42.090-05:00 DEBUG 3320 --- [Store] [    Test worker] org.hibernate.HQL_FUNCTIONS              : Time current time
2024-09-28T22:19:42.090-05:00 DEBUG 3320 --- [Store] [    Test worker] org.hibernate.HQL_FUNCTIONS              : Timestamp current timestamp
2024-09-28T22:19:42.090-05:00 DEBUG 3320 --- [Store] [    Test worker] org.hibernate.HQL_FUNCTIONS              : Date current_date
2024-09-28T22:19:42.090-05:00 DEBUG 3320 --- [Store] [    Test worker] org.hibernate.HQL_FUNCTIONS              : Instant current_instant
2024-09-28T22:19:42.090-05:00 DEBUG 3320 --- [Store] [    Test worker] org.hibernate.HQL_FUNCTIONS              : Time current_time
2024-09-28T22:19:42.090-05:00 DEBUG 3320 --- [Store] [    Test worker] org.hibernate.HQL_FUNCTIONS              : Timestamp current_timestamp
2024-09-28T22:19:42.090-05:00 DEBUG 3320 --- [Store] [    Test worker] org.hibernate.HQL_FUNCTIONS              : date_trunc(STRING field, TEMPORAL datetime)
2024-09-28T22:19:42.090-05:00 DEBUG 3320 --- [Store] [    Test worker] org.hibernate.HQL_FUNCTIONS              : dateadd(TEMPORAL_UNIT field, INTEGER magnitude, TEMPORAL datetime)
2024-09-28T22:19:42.091-05:00 DEBUG 3320 --- [Store] [    Test worker] org.hibernate.HQL_FUNCTIONS              : Long|Double datediff(TEMPORAL_UNIT field, TEMPORAL start, TEMPORAL end)
2024-09-28T22:19:42.091-05:00 DEBUG 3320 --- [Store] [    Test worker] org.hibernate.HQL_FUNCTIONS              : Double degrees(NUMERIC arg)
2024-09-28T22:19:42.091-05:00 DEBUG 3320 --- [Store] [    Test worker] org.hibernate.HQL_FUNCTIONS              : Long dense_rank([arg0[, ...]])
2024-09-28T22:19:42.091-05:00 DEBUG 3320 --- [Store] [    Test worker] org.hibernate.HQL_FUNCTIONS              : Boolean every(BOOLEAN predicate)
2024-09-28T22:19:42.091-05:00 DEBUG 3320 --- [Store] [    Test worker] org.hibernate.HQL_FUNCTIONS              : Double exp(NUMERIC arg)
2024-09-28T22:19:42.091-05:00 DEBUG 3320 --- [Store] [    Test worker] org.hibernate.HQL_FUNCTIONS              : extract(TEMPORAL_UNIT field from TEMPORAL arg)
2024-09-28T22:19:42.091-05:00 DEBUG 3320 --- [Store] [    Test worker] org.hibernate.HQL_FUNCTIONS              : first_valueANY value
2024-09-28T22:19:42.091-05:00 DEBUG 3320 --- [Store] [    Test worker] org.hibernate.HQL_FUNCTIONS              : floor(NUMERIC arg)
2024-09-28T22:19:42.091-05:00 DEBUG 3320 --- [Store] [    Test worker] org.hibernate.HQL_FUNCTIONS              : String format(TEMPORAL datetime as STRING pattern)
2024-09-28T22:19:42.091-05:00 DEBUG 3320 --- [Store] [    Test worker] org.hibernate.HQL_FUNCTIONS              : greatest(COMPARABLE arg0, COMPARABLE arg1[, arg2[, ...]])
2024-09-28T22:19:42.091-05:00 DEBUG 3320 --- [Store] [    Test worker] org.hibernate.HQL_FUNCTIONS              : ifnull(arg0, arg1)
2024-09-28T22:19:42.091-05:00 DEBUG 3320 --- [Store] [    Test worker] org.hibernate.HQL_FUNCTIONS              : String initcap(arg)
2024-09-28T22:19:42.091-05:00 DEBUG 3320 --- [Store] [    Test worker] org.hibernate.HQL_FUNCTIONS              : String insert(STRING string, INTEGER start, INTEGER length, STRING replacement)
2024-09-28T22:19:42.091-05:00 DEBUG 3320 --- [Store] [    Test worker] org.hibernate.HQL_FUNCTIONS              : Instant instant
2024-09-28T22:19:42.091-05:00 DEBUG 3320 --- [Store] [    Test worker] org.hibernate.HQL_FUNCTIONS              : lagANY value[, INTEGER offset[, ANY default]]
2024-09-28T22:19:42.091-05:00 DEBUG 3320 --- [Store] [    Test worker] org.hibernate.HQL_FUNCTIONS              : last_valueANY value
2024-09-28T22:19:42.091-05:00 DEBUG 3320 --- [Store] [    Test worker] org.hibernate.HQL_FUNCTIONS              : leadANY value[, INTEGER offset[, ANY default]]
2024-09-28T22:19:42.091-05:00 DEBUG 3320 --- [Store] [    Test worker] org.hibernate.HQL_FUNCTIONS              : least(COMPARABLE arg0, COMPARABLE arg1[, arg2[, ...]])
2024-09-28T22:19:42.091-05:00 DEBUG 3320 --- [Store] [    Test worker] org.hibernate.HQL_FUNCTIONS              : String left(STRING string, INTEGER length)
2024-09-28T22:19:42.091-05:00 DEBUG 3320 --- [Store] [    Test worker] org.hibernate.HQL_FUNCTIONS              : Integer length(STRING_OR_CLOB arg)
2024-09-28T22:19:42.091-05:00 DEBUG 3320 --- [Store] [    Test worker] org.hibernate.HQL_FUNCTIONS              : String listagg(STRING arg0, STRING arg1)
2024-09-28T22:19:42.091-05:00 DEBUG 3320 --- [Store] [    Test worker] org.hibernate.HQL_FUNCTIONS              : Double ln(NUMERIC arg)
2024-09-28T22:19:42.092-05:00 DEBUG 3320 --- [Store] [    Test worker] org.hibernate.HQL_FUNCTIONS              : LocalDate local date
2024-09-28T22:19:42.092-05:00 DEBUG 3320 --- [Store] [    Test worker] org.hibernate.HQL_FUNCTIONS              : LocalDateTime local datetime
2024-09-28T22:19:42.092-05:00 DEBUG 3320 --- [Store] [    Test worker] org.hibernate.HQL_FUNCTIONS              : LocalTime local time
2024-09-28T22:19:42.092-05:00 DEBUG 3320 --- [Store] [    Test worker] org.hibernate.HQL_FUNCTIONS              : LocalDate local_date
2024-09-28T22:19:42.092-05:00 DEBUG 3320 --- [Store] [    Test worker] org.hibernate.HQL_FUNCTIONS              : LocalDateTime local_datetime
2024-09-28T22:19:42.092-05:00 DEBUG 3320 --- [Store] [    Test worker] org.hibernate.HQL_FUNCTIONS              : LocalTime local_time
2024-09-28T22:19:42.092-05:00 DEBUG 3320 --- [Store] [    Test worker] org.hibernate.HQL_FUNCTIONS              : Time localtime
2024-09-28T22:19:42.092-05:00 DEBUG 3320 --- [Store] [    Test worker] org.hibernate.HQL_FUNCTIONS              : Timestamp localtimestamp
2024-09-28T22:19:42.092-05:00 DEBUG 3320 --- [Store] [    Test worker] org.hibernate.HQL_FUNCTIONS              : Integer locate(STRING pattern, STRING string[, INTEGER start])
2024-09-28T22:19:42.092-05:00 DEBUG 3320 --- [Store] [    Test worker] org.hibernate.HQL_FUNCTIONS              : Double log(NUMERIC arg0[, NUMERIC arg1])
2024-09-28T22:19:42.092-05:00 DEBUG 3320 --- [Store] [    Test worker] org.hibernate.HQL_FUNCTIONS              : Double log10(NUMERIC arg)
2024-09-28T22:19:42.092-05:00 DEBUG 3320 --- [Store] [    Test worker] org.hibernate.HQL_FUNCTIONS              : String lower(STRING string)
2024-09-28T22:19:42.092-05:00 DEBUG 3320 --- [Store] [    Test worker] org.hibernate.HQL_FUNCTIONS              : String lpad(STRING string, INTEGER length[, STRING padding])
2024-09-28T22:19:42.092-05:00 DEBUG 3320 --- [Store] [    Test worker] org.hibernate.HQL_FUNCTIONS              : String ltrim(STRING string[, STRING characters])
2024-09-28T22:19:42.092-05:00 DEBUG 3320 --- [Store] [    Test worker] org.hibernate.HQL_FUNCTIONS              : Date make_date(INTEGER arg0, INTEGER arg1, INTEGER arg2)
2024-09-28T22:19:42.092-05:00 DEBUG 3320 --- [Store] [    Test worker] org.hibernate.HQL_FUNCTIONS              : Time make_time(INTEGER arg0, INTEGER arg1, INTEGER arg2)
2024-09-28T22:19:42.092-05:00 DEBUG 3320 --- [Store] [    Test worker] org.hibernate.HQL_FUNCTIONS              : Timestamp make_timestamp(INTEGER arg0, INTEGER arg1, INTEGER arg2, INTEGER arg3, INTEGER arg4, INTEGER arg5)
2024-09-28T22:19:42.092-05:00 DEBUG 3320 --- [Store] [    Test worker] org.hibernate.HQL_FUNCTIONS              : Timestamp make_timestamptz(INTEGER arg0, INTEGER arg1, INTEGER arg2, INTEGER arg3, INTEGER arg4, INTEGER arg5[, INTEGER arg6])
2024-09-28T22:19:42.092-05:00 DEBUG 3320 --- [Store] [    Test worker] org.hibernate.HQL_FUNCTIONS              : max(COMPARABLE arg)
2024-09-28T22:19:42.092-05:00 DEBUG 3320 --- [Store] [    Test worker] org.hibernate.HQL_FUNCTIONS              : String md5(arg)
2024-09-28T22:19:42.092-05:00 DEBUG 3320 --- [Store] [    Test worker] org.hibernate.HQL_FUNCTIONS              : Double median(NUMERIC arg)
2024-09-28T22:19:42.092-05:00 DEBUG 3320 --- [Store] [    Test worker] org.hibernate.HQL_FUNCTIONS              : min(COMPARABLE arg)
2024-09-28T22:19:42.093-05:00 DEBUG 3320 --- [Store] [    Test worker] org.hibernate.HQL_FUNCTIONS              : Integer mod(INTEGER arg0, INTEGER arg1)
2024-09-28T22:19:42.093-05:00 DEBUG 3320 --- [Store] [    Test worker] org.hibernate.HQL_FUNCTIONS              : mode()
2024-09-28T22:19:42.093-05:00 DEBUG 3320 --- [Store] [    Test worker] org.hibernate.HQL_FUNCTIONS              : nth_valueANY value, INTEGER nth
2024-09-28T22:19:42.093-05:00 DEBUG 3320 --- [Store] [    Test worker] org.hibernate.HQL_FUNCTIONS              : nullif(arg0, arg1)
2024-09-28T22:19:42.093-05:00 DEBUG 3320 --- [Store] [    Test worker] org.hibernate.HQL_FUNCTIONS              : Integer octet_length(STRING_OR_CLOB arg)
2024-09-28T22:19:42.093-05:00 DEBUG 3320 --- [Store] [    Test worker] org.hibernate.HQL_FUNCTIONS              : OffsetDateTime offset datetime
2024-09-28T22:19:42.093-05:00 DEBUG 3320 --- [Store] [    Test worker] org.hibernate.HQL_FUNCTIONS              : OffsetDateTime offset_datetime
2024-09-28T22:19:42.093-05:00 DEBUG 3320 --- [Store] [    Test worker] org.hibernate.HQL_FUNCTIONS              : String overlay(string placing replacement from start[ for length])
2024-09-28T22:19:42.093-05:00 DEBUG 3320 --- [Store] [    Test worker] org.hibernate.HQL_FUNCTIONS              : String pad(STRING string with INTEGER length {leading|trailing}[ STRING character])
2024-09-28T22:19:42.093-05:00 DEBUG 3320 --- [Store] [    Test worker] org.hibernate.HQL_FUNCTIONS              : Double percent_rank([arg0[, ...]])
2024-09-28T22:19:42.093-05:00 DEBUG 3320 --- [Store] [    Test worker] org.hibernate.HQL_FUNCTIONS              : percentile_cont(NUMERIC arg)
2024-09-28T22:19:42.093-05:00 DEBUG 3320 --- [Store] [    Test worker] org.hibernate.HQL_FUNCTIONS              : percentile_disc(NUMERIC arg)
2024-09-28T22:19:42.093-05:00 DEBUG 3320 --- [Store] [    Test worker] org.hibernate.HQL_FUNCTIONS              : Double pi
2024-09-28T22:19:42.093-05:00 DEBUG 3320 --- [Store] [    Test worker] org.hibernate.HQL_FUNCTIONS              : Integer position(STRING pattern in STRING string)
2024-09-28T22:19:42.093-05:00 DEBUG 3320 --- [Store] [    Test worker] org.hibernate.HQL_FUNCTIONS              : Double power(NUMERIC arg0, NUMERIC arg1)
2024-09-28T22:19:42.093-05:00 DEBUG 3320 --- [Store] [    Test worker] org.hibernate.HQL_FUNCTIONS              : Double radians(NUMERIC arg)
2024-09-28T22:19:42.093-05:00 DEBUG 3320 --- [Store] [    Test worker] org.hibernate.HQL_FUNCTIONS              : Long rank([arg0[, ...]])
2024-09-28T22:19:42.093-05:00 DEBUG 3320 --- [Store] [    Test worker] org.hibernate.HQL_FUNCTIONS              : Double regr_avgx(NUMERIC arg0, NUMERIC arg1)
2024-09-28T22:19:42.093-05:00 DEBUG 3320 --- [Store] [    Test worker] org.hibernate.HQL_FUNCTIONS              : Double regr_avgy(NUMERIC arg0, NUMERIC arg1)
2024-09-28T22:19:42.093-05:00 DEBUG 3320 --- [Store] [    Test worker] org.hibernate.HQL_FUNCTIONS              : Double regr_count(NUMERIC arg0, NUMERIC arg1)
2024-09-28T22:19:42.093-05:00 DEBUG 3320 --- [Store] [    Test worker] org.hibernate.HQL_FUNCTIONS              : Double regr_intercept(NUMERIC arg0, NUMERIC arg1)
2024-09-28T22:19:42.093-05:00 DEBUG 3320 --- [Store] [    Test worker] org.hibernate.HQL_FUNCTIONS              : Double regr_r2(NUMERIC arg0, NUMERIC arg1)
2024-09-28T22:19:42.093-05:00 DEBUG 3320 --- [Store] [    Test worker] org.hibernate.HQL_FUNCTIONS              : Double regr_slope(NUMERIC arg0, NUMERIC arg1)
2024-09-28T22:19:42.093-05:00 DEBUG 3320 --- [Store] [    Test worker] org.hibernate.HQL_FUNCTIONS              : Double regr_sxx(NUMERIC arg0, NUMERIC arg1)
2024-09-28T22:19:42.093-05:00 DEBUG 3320 --- [Store] [    Test worker] org.hibernate.HQL_FUNCTIONS              : Double regr_sxy(NUMERIC arg0, NUMERIC arg1)
2024-09-28T22:19:42.093-05:00 DEBUG 3320 --- [Store] [    Test worker] org.hibernate.HQL_FUNCTIONS              : Double regr_syy(NUMERIC arg0, NUMERIC arg1)
2024-09-28T22:19:42.093-05:00 DEBUG 3320 --- [Store] [    Test worker] org.hibernate.HQL_FUNCTIONS              : String repeat(STRING string, INTEGER times)
2024-09-28T22:19:42.093-05:00 DEBUG 3320 --- [Store] [    Test worker] org.hibernate.HQL_FUNCTIONS              : String replace(STRING string, STRING pattern, STRING replacement)
2024-09-28T22:19:42.093-05:00 DEBUG 3320 --- [Store] [    Test worker] org.hibernate.HQL_FUNCTIONS              : String right(STRING string, INTEGER length)
2024-09-28T22:19:42.093-05:00 DEBUG 3320 --- [Store] [    Test worker] org.hibernate.HQL_FUNCTIONS              : round(NUMERIC number[, INTEGER places])
2024-09-28T22:19:42.093-05:00 DEBUG 3320 --- [Store] [    Test worker] org.hibernate.HQL_FUNCTIONS              : Long row_number()
2024-09-28T22:19:42.093-05:00 DEBUG 3320 --- [Store] [    Test worker] org.hibernate.HQL_FUNCTIONS              : String rpad(STRING string, INTEGER length[, STRING padding])
2024-09-28T22:19:42.093-05:00 DEBUG 3320 --- [Store] [    Test worker] org.hibernate.HQL_FUNCTIONS              : String rtrim(STRING string[, STRING characters])
2024-09-28T22:19:42.094-05:00 DEBUG 3320 --- [Store] [    Test worker] org.hibernate.HQL_FUNCTIONS              : Integer sign(NUMERIC arg)
2024-09-28T22:19:42.094-05:00 DEBUG 3320 --- [Store] [    Test worker] org.hibernate.HQL_FUNCTIONS              : Double sin(NUMERIC arg)
2024-09-28T22:19:42.094-05:00 DEBUG 3320 --- [Store] [    Test worker] org.hibernate.HQL_FUNCTIONS              : Double sinh(NUMERIC arg)
2024-09-28T22:19:42.094-05:00 DEBUG 3320 --- [Store] [    Test worker] org.hibernate.HQL_FUNCTIONS              : String soundex(arg)
2024-09-28T22:19:42.094-05:00 DEBUG 3320 --- [Store] [    Test worker] org.hibernate.HQL_FUNCTIONS              : Object sql
2024-09-28T22:19:42.094-05:00 DEBUG 3320 --- [Store] [    Test worker] org.hibernate.HQL_FUNCTIONS              : Double sqrt(NUMERIC arg)
2024-09-28T22:19:42.094-05:00 DEBUG 3320 --- [Store] [    Test worker] org.hibernate.HQL_FUNCTIONS              : Double stddev(NUMERIC arg)
2024-09-28T22:19:42.094-05:00 DEBUG 3320 --- [Store] [    Test worker] org.hibernate.HQL_FUNCTIONS              : Double stddev_pop(NUMERIC arg)
2024-09-28T22:19:42.094-05:00 DEBUG 3320 --- [Store] [    Test worker] org.hibernate.HQL_FUNCTIONS              : Double stddev_samp(NUMERIC arg)
2024-09-28T22:19:42.094-05:00 DEBUG 3320 --- [Store] [    Test worker] org.hibernate.HQL_FUNCTIONS              : String str(arg)
2024-09-28T22:19:42.094-05:00 DEBUG 3320 --- [Store] [    Test worker] org.hibernate.HQL_FUNCTIONS              : String substr(STRING string, INTEGER start[, INTEGER length])
2024-09-28T22:19:42.094-05:00 DEBUG 3320 --- [Store] [    Test worker] org.hibernate.HQL_FUNCTIONS              : String substring(STRING string{ from|,} INTEGER start[{ for|,} INTEGER length])
2024-09-28T22:19:42.094-05:00 DEBUG 3320 --- [Store] [    Test worker] org.hibernate.HQL_FUNCTIONS              : sum(arg)
2024-09-28T22:19:42.094-05:00 DEBUG 3320 --- [Store] [    Test worker] org.hibernate.HQL_FUNCTIONS              : Double tan(NUMERIC arg)
2024-09-28T22:19:42.094-05:00 DEBUG 3320 --- [Store] [    Test worker] org.hibernate.HQL_FUNCTIONS              : Double tanh(NUMERIC arg)
2024-09-28T22:19:42.094-05:00 DEBUG 3320 --- [Store] [    Test worker] org.hibernate.HQL_FUNCTIONS              : timestampadd(TEMPORAL_UNIT field, INTEGER magnitude, TEMPORAL datetime)
2024-09-28T22:19:42.094-05:00 DEBUG 3320 --- [Store] [    Test worker] org.hibernate.HQL_FUNCTIONS              : Long|Double timestampdiff(TEMPORAL_UNIT field, TEMPORAL start, TEMPORAL end)
2024-09-28T22:19:42.094-05:00 DEBUG 3320 --- [Store] [    Test worker] org.hibernate.HQL_FUNCTIONS              : String to_char(ANY arg0[, STRING arg1, STRING arg2])
2024-09-28T22:19:42.094-05:00 DEBUG 3320 --- [Store] [    Test worker] org.hibernate.HQL_FUNCTIONS              : Date to_date(STRING arg0[, STRING arg1, STRING arg2])
2024-09-28T22:19:42.094-05:00 DEBUG 3320 --- [Store] [    Test worker] org.hibernate.HQL_FUNCTIONS              : Double to_number(STRING arg0[, STRING arg1, STRING arg2])
2024-09-28T22:19:42.094-05:00 DEBUG 3320 --- [Store] [    Test worker] org.hibernate.HQL_FUNCTIONS              : Timestamp to_timestamp(STRING arg0[, STRING arg1, STRING arg2])
2024-09-28T22:19:42.094-05:00 DEBUG 3320 --- [Store] [    Test worker] org.hibernate.HQL_FUNCTIONS              : String translate(STRING arg0, STRING arg1, STRING arg2)
2024-09-28T22:19:42.094-05:00 DEBUG 3320 --- [Store] [    Test worker] org.hibernate.HQL_FUNCTIONS              : String trim([[{leading|trailing|both} ][STRING arg0 ]from] STRING arg1)
2024-09-28T22:19:42.094-05:00 DEBUG 3320 --- [Store] [    Test worker] org.hibernate.HQL_FUNCTIONS              : trunc( ... )
2024-09-28T22:19:42.094-05:00 DEBUG 3320 --- [Store] [    Test worker] org.hibernate.HQL_FUNCTIONS              : truncate( ... )
2024-09-28T22:19:42.094-05:00 DEBUG 3320 --- [Store] [    Test worker] org.hibernate.HQL_FUNCTIONS              : String upper(STRING string)
2024-09-28T22:19:42.094-05:00 DEBUG 3320 --- [Store] [    Test worker] org.hibernate.HQL_FUNCTIONS              : Double var_pop(NUMERIC arg)
2024-09-28T22:19:42.094-05:00 DEBUG 3320 --- [Store] [    Test worker] org.hibernate.HQL_FUNCTIONS              : Double var_samp(NUMERIC arg)
2024-09-28T22:19:42.094-05:00 DEBUG 3320 --- [Store] [    Test worker] org.hibernate.HQL_FUNCTIONS              : Double variance(NUMERIC arg)
2024-09-28T22:19:42.107-05:00 DEBUG 3320 --- [Store] [    Test worker] org.hibernate.orm.query.plan.cache       : Starting QueryInterpretationCache(2048)
2024-09-28T22:19:42.293-05:00 DEBUG 3320 --- [Store] [    Test worker] .h.s.i.SessionFactoryServiceRegistryImpl : EventListenerRegistry access via ServiceRegistry is deprecated.  Use `sessionFactory.getEventEngine().getListenerRegistry()` instead
2024-09-28T22:19:42.296-05:00 DEBUG 3320 --- [Store] [    Test worker] h.e.i.EntityCopyObserverFactoryInitiator : Configured EntityCopyObserver strategy: disallow
2024-09-28T22:19:42.478-05:00 DEBUG 3320 --- [Store] [    Test worker] o.h.boot.internal.ClassLoaderAccessImpl  : Not known whether passed class name [com.Store.Store.domain.dto.Product] is safe
2024-09-28T22:19:42.478-05:00 DEBUG 3320 --- [Store] [    Test worker] o.h.boot.internal.ClassLoaderAccessImpl  : No temp ClassLoader provided; using live ClassLoader for loading potentially unsafe class : com.Store.Store.domain.dto.Product
2024-09-28T22:19:42.966-05:00 DEBUG 3320 --- [Store] [    Test worker] o.h.b.i.bytebuddy.BytecodeProviderImpl   : HHH000513: Unable to create the ReflectionOptimizer for [com.Store.Store.domain.dto.Product]: private accessor [description]
2024-09-28T22:19:43.026-05:00 DEBUG 3320 --- [Store] [    Test worker] o.h.boot.internal.ClassLoaderAccessImpl  : Not known whether passed class name [com.Store.Store.domain.dto.Client] is safe
2024-09-28T22:19:43.026-05:00 DEBUG 3320 --- [Store] [    Test worker] o.h.boot.internal.ClassLoaderAccessImpl  : No temp ClassLoader provided; using live ClassLoader for loading potentially unsafe class : com.Store.Store.domain.dto.Client
2024-09-28T22:19:43.104-05:00 DEBUG 3320 --- [Store] [    Test worker] o.h.b.i.bytebuddy.BytecodeProviderImpl   : HHH000513: Unable to create the ReflectionOptimizer for [com.Store.Store.domain.dto.Client]: private accessor [createdDate]
2024-09-28T22:19:43.107-05:00 DEBUG 3320 --- [Store] [    Test worker] o.h.boot.internal.ClassLoaderAccessImpl  : Not known whether passed class name [com.Store.Store.domain.dto.Vendor] is safe
2024-09-28T22:19:43.108-05:00 DEBUG 3320 --- [Store] [    Test worker] o.h.boot.internal.ClassLoaderAccessImpl  : No temp ClassLoader provided; using live ClassLoader for loading potentially unsafe class : com.Store.Store.domain.dto.Vendor
2024-09-28T22:19:43.173-05:00 DEBUG 3320 --- [Store] [    Test worker] o.h.b.i.bytebuddy.BytecodeProviderImpl   : HHH000513: Unable to create the ReflectionOptimizer for [com.Store.Store.domain.dto.Vendor]: private accessor [createdDate]
2024-09-28T22:19:43.207-05:00 DEBUG 3320 --- [Store] [    Test worker] o.hibernate.orm.model.mapping.creation   : Starting post-init callbacks
2024-09-28T22:19:43.208-05:00 DEBUG 3320 --- [Store] [    Test worker] o.hibernate.orm.model.mapping.creation   : Starting PostInitCallbackEntry : Entity(com.Store.Store.domain.dto.Product) `staticFetchableList` generator
2024-09-28T22:19:43.208-05:00 DEBUG 3320 --- [Store] [    Test worker] o.hibernate.orm.model.mapping.creation   : Starting PostInitCallbackEntry : Entity(com.Store.Store.domain.dto.Client) `staticFetchableList` generator
2024-09-28T22:19:43.208-05:00 DEBUG 3320 --- [Store] [    Test worker] o.hibernate.orm.model.mapping.creation   : Starting PostInitCallbackEntry : Entity(com.Store.Store.domain.dto.Vendor) `staticFetchableList` generator
2024-09-28T22:19:43.383-05:00 DEBUG 3320 --- [Store] [    Test worker] org.hibernate.orm.sql.ast.create         : Created new SQL alias : p1_0
2024-09-28T22:19:43.388-05:00 DEBUG 3320 --- [Store] [    Test worker] org.hibernate.orm.sql.ast.create         : Registration of TableGroup [StandardTableGroup(com.Store.Store.domain.dto.Product)] with identifierForTableGroup [com.Store.Store.domain.dto.Product] for NavigablePath [com.Store.Store.domain.dto.Product] 
2024-09-28T22:19:43.422-05:00 DEBUG 3320 --- [Store] [    Test worker] org.hibernate.orm.results.graph.AST      : DomainResult Graph:
 \-EntityResultImpl [com.Store.Store.domain.dto.Product]
 |  +-BasicFetch [com.Store.Store.domain.dto.Product.description]
 |  +-BasicFetch [com.Store.Store.domain.dto.Product.image]
 |  +-BasicFetch [com.Store.Store.domain.dto.Product.name]
 |  +-BasicFetch [com.Store.Store.domain.dto.Product.precioCosto]
 |  +-BasicFetch [com.Store.Store.domain.dto.Product.precioVenta]
 |  +-BasicFetch [com.Store.Store.domain.dto.Product.status]
 |  +-BasicFetch [com.Store.Store.domain.dto.Product.stock]
 |  \-BasicFetch [com.Store.Store.domain.dto.Product.vendorId]

2024-09-28T22:19:43.426-05:00 DEBUG 3320 --- [Store] [    Test worker] org.hibernate.orm.sql.ast.tree           : SQL AST Tree:
    SelectStatement {
      FromClause {
        StandardTableGroup (p1 : com.Store.Store.domain.dto.Product) {
          primaryTableReference : products as p1_0
        }
      }
    }

2024-09-28T22:19:43.449-05:00 DEBUG 3320 --- [Store] [    Test worker] o.h.p.entity.AbstractEntityPersister     : Static SQL for entity: com.Store.Store.domain.dto.Product
2024-09-28T22:19:43.449-05:00 DEBUG 3320 --- [Store] [    Test worker] o.h.p.entity.AbstractEntityPersister     :  Version select: select id from products where id=?
2024-09-28T22:19:43.449-05:00 DEBUG 3320 --- [Store] [    Test worker] o.h.p.entity.AbstractEntityPersister     :  Insert (0): insert into products (description,image,name,precio_costo,precio_venta,status,stock,vendor_id,id) values (?,?,?,?,?,?,?,?,?)
2024-09-28T22:19:43.449-05:00 DEBUG 3320 --- [Store] [    Test worker] o.h.p.entity.AbstractEntityPersister     :  Update (0): update products set description=?,image=?,name=?,precio_costo=?,precio_venta=?,status=?,stock=?,vendor_id=? where id=?
2024-09-28T22:19:43.449-05:00 DEBUG 3320 --- [Store] [    Test worker] o.h.p.entity.AbstractEntityPersister     :  Delete (0): delete from products where id=?
2024-09-28T22:19:43.449-05:00 DEBUG 3320 --- [Store] [    Test worker] org.hibernate.orm.sql.ast.create         : Created new SQL alias : c1_0
2024-09-28T22:19:43.450-05:00 DEBUG 3320 --- [Store] [    Test worker] org.hibernate.orm.sql.ast.create         : Registration of TableGroup [StandardTableGroup(com.Store.Store.domain.dto.Client)] with identifierForTableGroup [com.Store.Store.domain.dto.Client] for NavigablePath [com.Store.Store.domain.dto.Client] 
2024-09-28T22:19:43.451-05:00 DEBUG 3320 --- [Store] [    Test worker] org.hibernate.orm.results.graph.AST      : DomainResult Graph:
 \-EntityResultImpl [com.Store.Store.domain.dto.Client]
 |  +-BasicFetch [com.Store.Store.domain.dto.Client.createdDate]
 |  +-BasicFetch [com.Store.Store.domain.dto.Client.documentNumber]
 |  +-BasicFetch [com.Store.Store.domain.dto.Client.documentType]
 |  +-BasicFetch [com.Store.Store.domain.dto.Client.email]
 |  +-BasicFetch [com.Store.Store.domain.dto.Client.lastName]
 |  +-BasicFetch [com.Store.Store.domain.dto.Client.name]
 |  +-BasicFetch [com.Store.Store.domain.dto.Client.phone]
 |  \-BasicFetch [com.Store.Store.domain.dto.Client.updatedDate]

2024-09-28T22:19:43.451-05:00 DEBUG 3320 --- [Store] [    Test worker] org.hibernate.orm.sql.ast.tree           : SQL AST Tree:
    SelectStatement {
      FromClause {
        StandardTableGroup (c1 : com.Store.Store.domain.dto.Client) {
          primaryTableReference : clients as c1_0
        }
      }
    }

2024-09-28T22:19:43.451-05:00 DEBUG 3320 --- [Store] [    Test worker] o.h.p.entity.AbstractEntityPersister     : Static SQL for entity: com.Store.Store.domain.dto.Client
2024-09-28T22:19:43.451-05:00 DEBUG 3320 --- [Store] [    Test worker] o.h.p.entity.AbstractEntityPersister     :  Version select: select id from clients where id=?
2024-09-28T22:19:43.451-05:00 DEBUG 3320 --- [Store] [    Test worker] o.h.p.entity.AbstractEntityPersister     :  Insert (0): insert into clients (created_date,document_number,document_type,email,last_name,name,phone,updated_date,id) values (?,?,?,?,?,?,?,?,?)
2024-09-28T22:19:43.451-05:00 DEBUG 3320 --- [Store] [    Test worker] o.h.p.entity.AbstractEntityPersister     :  Update (0): update clients set created_date=?,document_number=?,document_type=?,email=?,last_name=?,name=?,phone=?,updated_date=? where id=?
2024-09-28T22:19:43.451-05:00 DEBUG 3320 --- [Store] [    Test worker] o.h.p.entity.AbstractEntityPersister     :  Delete (0): delete from clients where id=?
2024-09-28T22:19:43.451-05:00 DEBUG 3320 --- [Store] [    Test worker] org.hibernate.orm.sql.ast.create         : Created new SQL alias : v1_0
2024-09-28T22:19:43.452-05:00 DEBUG 3320 --- [Store] [    Test worker] org.hibernate.orm.sql.ast.create         : Registration of TableGroup [StandardTableGroup(com.Store.Store.domain.dto.Vendor)] with identifierForTableGroup [com.Store.Store.domain.dto.Vendor] for NavigablePath [com.Store.Store.domain.dto.Vendor] 
2024-09-28T22:19:43.452-05:00 DEBUG 3320 --- [Store] [    Test worker] org.hibernate.orm.results.graph.AST      : DomainResult Graph:
 \-EntityResultImpl [com.Store.Store.domain.dto.Vendor]
 |  +-BasicFetch [com.Store.Store.domain.dto.Vendor.createdDate]
 |  +-BasicFetch [com.Store.Store.domain.dto.Vendor.email]
 |  +-BasicFetch [com.Store.Store.domain.dto.Vendor.name]
 |  +-BasicFetch [com.Store.Store.domain.dto.Vendor.nit]
 |  +-BasicFetch [com.Store.Store.domain.dto.Vendor.phone]
 |  \-BasicFetch [com.Store.Store.domain.dto.Vendor.updatedDate]

2024-09-28T22:19:43.452-05:00 DEBUG 3320 --- [Store] [    Test worker] org.hibernate.orm.sql.ast.tree           : SQL AST Tree:
    SelectStatement {
      FromClause {
        StandardTableGroup (v1 : com.Store.Store.domain.dto.Vendor) {
          primaryTableReference : vendors as v1_0
        }
      }
    }

2024-09-28T22:19:43.453-05:00 DEBUG 3320 --- [Store] [    Test worker] o.h.p.entity.AbstractEntityPersister     : Static SQL for entity: com.Store.Store.domain.dto.Vendor
2024-09-28T22:19:43.453-05:00 DEBUG 3320 --- [Store] [    Test worker] o.h.p.entity.AbstractEntityPersister     :  Version select: select id from vendors where id=?
2024-09-28T22:19:43.453-05:00 DEBUG 3320 --- [Store] [    Test worker] o.h.p.entity.AbstractEntityPersister     :  Insert (0): insert into vendors (created_date,email,name,nit,phone,updated_date,id) values (?,?,?,?,?,?,?)
2024-09-28T22:19:43.453-05:00 DEBUG 3320 --- [Store] [    Test worker] o.h.p.entity.AbstractEntityPersister     :  Update (0): update vendors set created_date=?,email=?,name=?,nit=?,phone=?,updated_date=? where id=?
2024-09-28T22:19:43.453-05:00 DEBUG 3320 --- [Store] [    Test worker] o.h.p.entity.AbstractEntityPersister     :  Delete (0): delete from vendors where id=?
2024-09-28T22:19:43.506-05:00  INFO 3320 --- [Store] [    Test worker] o.h.e.t.j.p.i.JtaPlatformInitiator       : HHH000489: No JTA platform available (set 'hibernate.transaction.jta.platform' to enable JTA platform integration)
2024-09-28T22:19:43.508-05:00 DEBUG 3320 --- [Store] [    Test worker] o.h.type.spi.TypeConfiguration$Scope     : Scoping TypeConfiguration [org.hibernate.type.spi.TypeConfiguration@72e36677] to SessionFactoryImplementor [org.hibernate.internal.SessionFactoryImpl@28941a68]
2024-09-28T22:19:43.510-05:00 DEBUG 3320 --- [Store] [    Test worker] o.h.query.named.NamedObjectRepository    : Checking 0 named HQL queries
2024-09-28T22:19:43.511-05:00 DEBUG 3320 --- [Store] [    Test worker] o.h.query.named.NamedObjectRepository    : Checking 0 named SQL queries
2024-09-28T22:19:43.992-05:00 DEBUG 3320 --- [Store] [    Test worker] org.hibernate.mapping.Table              : No alter strings for table : clients
2024-09-28T22:19:43.999-05:00 DEBUG 3320 --- [Store] [    Test worker] org.hibernate.SQL                        : create table products (id varchar(255) not null, description varchar(255), image varchar(255), name varchar(255), precio_costo varchar(255), precio_venta varchar(255), status smallint, stock bigint, vendor_id varchar(255), primary key (id))
Hibernate: create table products (id varchar(255) not null, description varchar(255), image varchar(255), name varchar(255), precio_costo varchar(255), precio_venta varchar(255), status smallint, stock bigint, vendor_id varchar(255), primary key (id))
2024-09-28T22:19:44.095-05:00 DEBUG 3320 --- [Store] [    Test worker] org.hibernate.mapping.Table              : No alter strings for table : vendors
2024-09-28T22:19:44.098-05:00 DEBUG 3320 --- [Store] [    Test worker] o.h.internal.SessionFactoryRegistry      : Initializing SessionFactoryRegistry : org.hibernate.internal.SessionFactoryRegistry@62ec4146
2024-09-28T22:19:44.099-05:00 DEBUG 3320 --- [Store] [    Test worker] o.h.internal.SessionFactoryRegistry      : Registering SessionFactory: a9063450-e185-4a55-8c77-bae308d0dd26 (<unnamed>)
2024-09-28T22:19:44.099-05:00 DEBUG 3320 --- [Store] [    Test worker] o.h.internal.SessionFactoryRegistry      : Not binding SessionFactory to JNDI, no JNDI name configured
2024-09-28T22:19:44.099-05:00 DEBUG 3320 --- [Store] [    Test worker] o.hibernate.internal.SessionFactoryImpl  : Instantiated SessionFactory
2024-09-28T22:19:44.099-05:00  INFO 3320 --- [Store] [    Test worker] j.LocalContainerEntityManagerFactoryBean : Initialized JPA EntityManagerFactory for persistence unit 'default'
2024-09-28T22:19:44.106-05:00 DEBUG 3320 --- [Store] [    Test worker] o.s.b.f.s.DefaultListableBeanFactory     : Creating shared instance of singleton bean 'storeApplication'
2024-09-28T22:19:44.110-05:00 DEBUG 3320 --- [Store] [    Test worker] o.s.b.f.s.DefaultListableBeanFactory     : Creating shared instance of singleton bean 'clientServiceImpl'
2024-09-28T22:19:44.113-05:00 DEBUG 3320 --- [Store] [    Test worker] o.s.b.f.s.DefaultListableBeanFactory     : Creating shared instance of singleton bean 'clientRepository'
2024-09-28T22:19:44.126-05:00 DEBUG 3320 --- [Store] [    Test worker] o.s.b.f.s.DefaultListableBeanFactory     : Creating shared instance of singleton bean 'jpa.named-queries#0'
2024-09-28T22:19:44.131-05:00 DEBUG 3320 --- [Store] [    Test worker] o.s.b.f.s.DefaultListableBeanFactory     : Creating shared instance of singleton bean 'jpa.ClientRepository.fragments#0'
2024-09-28T22:19:44.141-05:00 DEBUG 3320 --- [Store] [    Test worker] o.s.b.f.s.DefaultListableBeanFactory     : Creating shared instance of singleton bean 'jpaSharedEM_entityManagerFactory'
2024-09-28T22:19:44.218-05:00 DEBUG 3320 --- [Store] [    Test worker] o.s.b.f.s.DefaultListableBeanFactory     : Creating shared instance of singleton bean 'jpaMappingContext'
2024-09-28T22:19:44.219-05:00 DEBUG 3320 --- [Store] [    Test worker] .c.JpaMetamodelMappingContextFactoryBean : Initializing JpaMetamodelMappingContext…
2024-09-28T22:19:44.257-05:00 DEBUG 3320 --- [Store] [    Test worker] .c.JpaMetamodelMappingContextFactoryBean : Finished initializing JpaMetamodelMappingContext
2024-09-28T22:19:44.319-05:00 DEBUG 3320 --- [Store] [    Test worker] tor$SharedEntityManagerInvocationHandler : Creating new EntityManager for shared EntityManager invocation
2024-09-28T22:19:44.395-05:00 DEBUG 3320 --- [Store] [    Test worker] o.h.stat.internal.StatisticsInitiator    : Statistics initialized [enabled=false]
2024-09-28T22:19:44.422-05:00 DEBUG 3320 --- [Store] [    Test worker] tor$SharedEntityManagerInvocationHandler : Creating new EntityManager for shared EntityManager invocation
2024-09-28T22:19:44.664-05:00 DEBUG 3320 --- [Store] [    Test worker] o.s.d.r.c.s.RepositoryFactorySupport     : Initializing repository instance for com.Store.Store.repository.ClientRepository…
2024-09-28T22:19:44.720-05:00 DEBUG 3320 --- [Store] [    Test worker] tor$SharedEntityManagerInvocationHandler : Creating new EntityManager for shared EntityManager invocation
2024-09-28T22:19:44.868-05:00 DEBUG 3320 --- [Store] [    Test worker] o.s.d.jpa.repository.query.NamedQuery    : Looking up named query Client.findByDocumentTypeAndDocumentNumber
2024-09-28T22:19:44.886-05:00 DEBUG 3320 --- [Store] [    Test worker] cResourceLocalTransactionCoordinatorImpl : JDBC transaction marked for rollback-only (exception provided for stack trace)

java.lang.Exception: exception just for purpose of providing stack trace
	at org.hibernate.resource.transaction.backend.jdbc.internal.JdbcResourceLocalTransactionCoordinatorImpl$TransactionDriverControlImpl.markRollbackOnly(JdbcResourceLocalTransactionCoordinatorImpl.java:309) ~[hibernate-core-6.5.3.Final.jar:6.5.3.Final]
	at org.hibernate.internal.AbstractSharedSessionContract.buildNamedQuery(AbstractSharedSessionContract.java:1109) ~[hibernate-core-6.5.3.Final.jar:6.5.3.Final]
	at org.hibernate.internal.AbstractSharedSessionContract.createNamedQuery(AbstractSharedSessionContract.java:987) ~[hibernate-core-6.5.3.Final.jar:6.5.3.Final]
	at org.hibernate.internal.AbstractSharedSessionContract.createNamedQuery(AbstractSharedSessionContract.java:140) ~[hibernate-core-6.5.3.Final.jar:6.5.3.Final]
	at java.base/jdk.internal.reflect.NativeMethodAccessorImpl.invoke0(Native Method) ~[na:na]
	at java.base/jdk.internal.reflect.NativeMethodAccessorImpl.invoke(NativeMethodAccessorImpl.java:77) ~[na:na]
	at java.base/jdk.internal.reflect.DelegatingMethodAccessorImpl.invoke(DelegatingMethodAccessorImpl.java:43) ~[na:na]
	at java.base/java.lang.reflect.Method.invoke(Method.java:568) ~[na:na]
	at org.springframework.orm.jpa.ExtendedEntityManagerCreator$ExtendedEntityManagerInvocationHandler.invoke(ExtendedEntityManagerCreator.java:364) ~[spring-orm-6.1.13.jar:6.1.13]
	at jdk.proxy3/jdk.proxy3.$Proxy117.createNamedQuery(Unknown Source) ~[na:na]
	at org.springframework.data.jpa.repository.query.NamedQuery.hasNamedQuery(NamedQuery.java:112) ~[spring-data-jpa-3.3.4.jar:3.3.4]
	at org.springframework.data.jpa.repository.query.NamedQuery.lookupFrom(NamedQuery.java:138) ~[spring-data-jpa-3.3.4.jar:3.3.4]
	at org.springframework.data.jpa.repository.query.JpaQueryLookupStrategy$DeclaredQueryLookupStrategy.resolveQuery(JpaQueryLookupStrategy.java:180) ~[spring-data-jpa-3.3.4.jar:3.3.4]
	at org.springframework.data.jpa.repository.query.JpaQueryLookupStrategy$CreateIfNotFoundQueryLookupStrategy.resolveQuery(JpaQueryLookupStrategy.java:252) ~[spring-data-jpa-3.3.4.jar:3.3.4]
	at org.springframework.data.jpa.repository.query.JpaQueryLookupStrategy$AbstractQueryLookupStrategy.resolveQuery(JpaQueryLookupStrategy.java:95) ~[spring-data-jpa-3.3.4.jar:3.3.4]
	at org.springframework.data.repository.core.support.QueryExecutorMethodInterceptor.lookupQuery(QueryExecutorMethodInterceptor.java:115) ~[spring-data-commons-3.3.4.jar:3.3.4]
	at org.springframework.data.repository.core.support.QueryExecutorMethodInterceptor.mapMethodsToQuery(QueryExecutorMethodInterceptor.java:103) ~[spring-data-commons-3.3.4.jar:3.3.4]
	at org.springframework.data.repository.core.support.QueryExecutorMethodInterceptor.lambda$new$0(QueryExecutorMethodInterceptor.java:92) ~[spring-data-commons-3.3.4.jar:3.3.4]
	at java.base/java.util.Optional.map(Optional.java:260) ~[na:na]
	at org.springframework.data.repository.core.support.QueryExecutorMethodInterceptor.<init>(QueryExecutorMethodInterceptor.java:92) ~[spring-data-commons-3.3.4.jar:3.3.4]
	at org.springframework.data.repository.core.support.RepositoryFactorySupport.getRepository(RepositoryFactorySupport.java:357) ~[spring-data-commons-3.3.4.jar:3.3.4]
	at org.springframework.data.repository.core.support.RepositoryFactoryBeanSupport.lambda$afterPropertiesSet$5(RepositoryFactoryBeanSupport.java:286) ~[spring-data-commons-3.3.4.jar:3.3.4]
	at org.springframework.data.util.Lazy.getNullable(Lazy.java:135) ~[spring-data-commons-3.3.4.jar:3.3.4]
	at org.springframework.data.util.Lazy.get(Lazy.java:113) ~[spring-data-commons-3.3.4.jar:3.3.4]
	at org.springframework.data.repository.core.support.RepositoryFactoryBeanSupport.afterPropertiesSet(RepositoryFactoryBeanSupport.java:292) ~[spring-data-commons-3.3.4.jar:3.3.4]
	at org.springframework.data.jpa.repository.support.JpaRepositoryFactoryBean.afterPropertiesSet(JpaRepositoryFactoryBean.java:132) ~[spring-data-jpa-3.3.4.jar:3.3.4]
	at org.springframework.beans.factory.support.AbstractAutowireCapableBeanFactory.invokeInitMethods(AbstractAutowireCapableBeanFactory.java:1853) ~[spring-beans-6.1.13.jar:6.1.13]
	at org.springframework.beans.factory.support.AbstractAutowireCapableBeanFactory.initializeBean(AbstractAutowireCapableBeanFactory.java:1802) ~[spring-beans-6.1.13.jar:6.1.13]
	at org.springframework.beans.factory.support.AbstractAutowireCapableBeanFactory.doCreateBean(AbstractAutowireCapableBeanFactory.java:600) ~[spring-beans-6.1.13.jar:6.1.13]
	at org.springframework.beans.factory.support.AbstractAutowireCapableBeanFactory.createBean(AbstractAutowireCapableBeanFactory.java:522) ~[spring-beans-6.1.13.jar:6.1.13]
	at org.springframework.beans.factory.support.AbstractBeanFactory.lambda$doGetBean$0(AbstractBeanFactory.java:337) ~[spring-beans-6.1.13.jar:6.1.13]
	at org.springframework.beans.factory.support.DefaultSingletonBeanRegistry.getSingleton(DefaultSingletonBeanRegistry.java:234) ~[spring-beans-6.1.13.jar:6.1.13]
	at org.springframework.beans.factory.support.AbstractBeanFactory.doGetBean(AbstractBeanFactory.java:335) ~[spring-beans-6.1.13.jar:6.1.13]
	at org.springframework.beans.factory.support.AbstractBeanFactory.getBean(AbstractBeanFactory.java:200) ~[spring-beans-6.1.13.jar:6.1.13]
	at org.springframework.beans.factory.config.DependencyDescriptor.resolveCandidate(DependencyDescriptor.java:254) ~[spring-beans-6.1.13.jar:6.1.13]
	at org.springframework.beans.factory.support.DefaultListableBeanFactory.doResolveDependency(DefaultListableBeanFactory.java:1443) ~[spring-beans-6.1.13.jar:6.1.13]
	at org.springframework.beans.factory.support.DefaultListableBeanFactory.resolveDependency(DefaultListableBeanFactory.java:1353) ~[spring-beans-6.1.13.jar:6.1.13]
	at org.springframework.beans.factory.support.ConstructorResolver.resolveAutowiredArgument(ConstructorResolver.java:904) ~[spring-beans-6.1.13.jar:6.1.13]
	at org.springframework.beans.factory.support.ConstructorResolver.createArgumentArray(ConstructorResolver.java:782) ~[spring-beans-6.1.13.jar:6.1.13]
	at org.springframework.beans.factory.support.ConstructorResolver.autowireConstructor(ConstructorResolver.java:237) ~[spring-beans-6.1.13.jar:6.1.13]
	at org.springframework.beans.factory.support.AbstractAutowireCapableBeanFactory.autowireConstructor(AbstractAutowireCapableBeanFactory.java:1375) ~[spring-beans-6.1.13.jar:6.1.13]
	at org.springframework.beans.factory.support.AbstractAutowireCapableBeanFactory.createBeanInstance(AbstractAutowireCapableBeanFactory.java:1212) ~[spring-beans-6.1.13.jar:6.1.13]
	at org.springframework.beans.factory.support.AbstractAutowireCapableBeanFactory.doCreateBean(AbstractAutowireCapableBeanFactory.java:562) ~[spring-beans-6.1.13.jar:6.1.13]
	at org.springframework.beans.factory.support.AbstractAutowireCapableBeanFactory.createBean(AbstractAutowireCapableBeanFactory.java:522) ~[spring-beans-6.1.13.jar:6.1.13]
	at org.springframework.beans.factory.support.AbstractBeanFactory.lambda$doGetBean$0(AbstractBeanFactory.java:337) ~[spring-beans-6.1.13.jar:6.1.13]
	at org.springframework.beans.factory.support.DefaultSingletonBeanRegistry.getSingleton(DefaultSingletonBeanRegistry.java:234) ~[spring-beans-6.1.13.jar:6.1.13]
	at org.springframework.beans.factory.support.AbstractBeanFactory.doGetBean(AbstractBeanFactory.java:335) ~[spring-beans-6.1.13.jar:6.1.13]
	at org.springframework.beans.factory.support.AbstractBeanFactory.getBean(AbstractBeanFactory.java:200) ~[spring-beans-6.1.13.jar:6.1.13]
	at org.springframework.beans.factory.support.DefaultListableBeanFactory.preInstantiateSingletons(DefaultListableBeanFactory.java:975) ~[spring-beans-6.1.13.jar:6.1.13]
	at org.springframework.context.support.AbstractApplicationContext.finishBeanFactoryInitialization(AbstractApplicationContext.java:971) ~[spring-context-6.1.13.jar:6.1.13]
	at org.springframework.context.support.AbstractApplicationContext.refresh(AbstractApplicationContext.java:625) ~[spring-context-6.1.13.jar:6.1.13]
	at org.springframework.boot.SpringApplication.refresh(SpringApplication.java:754) ~[spring-boot-3.3.4.jar:3.3.4]
	at org.springframework.boot.SpringApplication.refreshContext(SpringApplication.java:456) ~[spring-boot-3.3.4.jar:3.3.4]
	at org.springframework.boot.SpringApplication.run(SpringApplication.java:335) ~[spring-boot-3.3.4.jar:3.3.4]
	at org.springframework.boot.test.context.SpringBootContextLoader.lambda$loadContext$3(SpringBootContextLoader.java:137) ~[spring-boot-test-3.3.4.jar:3.3.4]
	at org.springframework.util.function.ThrowingSupplier.get(ThrowingSupplier.java:58) ~[spring-core-6.1.13.jar:6.1.13]
	at org.springframework.util.function.ThrowingSupplier.get(ThrowingSupplier.java:46) ~[spring-core-6.1.13.jar:6.1.13]
	at org.springframework.boot.SpringApplication.withHook(SpringApplication.java:1463) ~[spring-boot-3.3.4.jar:3.3.4]
	at org.springframework.boot.test.context.SpringBootContextLoader$ContextLoaderHook.run(SpringBootContextLoader.java:553) ~[spring-boot-test-3.3.4.jar:3.3.4]
	at org.springframework.boot.test.context.SpringBootContextLoader.loadContext(SpringBootContextLoader.java:137) ~[spring-boot-test-3.3.4.jar:3.3.4]
	at org.springframework.boot.test.context.SpringBootContextLoader.loadContext(SpringBootContextLoader.java:108) ~[spring-boot-test-3.3.4.jar:3.3.4]
	at org.springframework.test.context.cache.DefaultCacheAwareContextLoaderDelegate.loadContextInternal(DefaultCacheAwareContextLoaderDelegate.java:225) ~[spring-test-6.1.13.jar:6.1.13]
	at org.springframework.test.context.cache.DefaultCacheAwareContextLoaderDelegate.loadContext(DefaultCacheAwareContextLoaderDelegate.java:152) ~[spring-test-6.1.13.jar:6.1.13]
	at org.springframework.test.context.support.DefaultTestContext.getApplicationContext(DefaultTestContext.java:130) ~[spring-test-6.1.13.jar:6.1.13]
	at org.springframework.test.context.web.ServletTestExecutionListener.setUpRequestContextIfNecessary(ServletTestExecutionListener.java:191) ~[spring-test-6.1.13.jar:6.1.13]
	at org.springframework.test.context.web.ServletTestExecutionListener.prepareTestInstance(ServletTestExecutionListener.java:130) ~[spring-test-6.1.13.jar:6.1.13]
	at org.springframework.test.context.TestContextManager.prepareTestInstance(TestContextManager.java:260) ~[spring-test-6.1.13.jar:6.1.13]
	at org.springframework.test.context.junit.jupiter.SpringExtension.postProcessTestInstance(SpringExtension.java:163) ~[spring-test-6.1.13.jar:6.1.13]
	at org.junit.jupiter.engine.descriptor.ClassBasedTestDescriptor.lambda$invokeTestInstancePostProcessors$10(ClassBasedTestDescriptor.java:378) ~[junit-jupiter-engine-5.10.3.jar:5.10.3]
	at org.junit.jupiter.engine.descriptor.ClassBasedTestDescriptor.executeAndMaskThrowable(ClassBasedTestDescriptor.java:383) ~[junit-jupiter-engine-5.10.3.jar:5.10.3]
	at org.junit.jupiter.engine.descriptor.ClassBasedTestDescriptor.lambda$invokeTestInstancePostProcessors$11(ClassBasedTestDescriptor.java:378) ~[junit-jupiter-engine-5.10.3.jar:5.10.3]
	at java.base/java.util.stream.ReferencePipeline$3$1.accept(ReferencePipeline.java:197) ~[na:na]
	at java.base/java.util.stream.ReferencePipeline$2$1.accept(ReferencePipeline.java:179) ~[na:na]
	at java.base/java.util.ArrayList$ArrayListSpliterator.forEachRemaining(ArrayList.java:1625) ~[na:na]
	at java.base/java.util.stream.AbstractPipeline.copyInto(AbstractPipeline.java:509) ~[na:na]
	at java.base/java.util.stream.AbstractPipeline.wrapAndCopyInto(AbstractPipeline.java:499) ~[na:na]
	at java.base/java.util.stream.StreamSpliterators$WrappingSpliterator.forEachRemaining(StreamSpliterators.java:310) ~[na:na]
	at java.base/java.util.stream.Streams$ConcatSpliterator.forEachRemaining(Streams.java:735) ~[na:na]
	at java.base/java.util.stream.Streams$ConcatSpliterator.forEachRemaining(Streams.java:734) ~[na:na]
	at java.base/java.util.stream.ReferencePipeline$Head.forEach(ReferencePipeline.java:762) ~[na:na]
	at org.junit.jupiter.engine.descriptor.ClassBasedTestDescriptor.invokeTestInstancePostProcessors(ClassBasedTestDescriptor.java:377) ~[junit-jupiter-engine-5.10.3.jar:5.10.3]
	at org.junit.jupiter.engine.descriptor.ClassBasedTestDescriptor.lambda$instantiateAndPostProcessTestInstance$6(ClassBasedTestDescriptor.java:290) ~[junit-jupiter-engine-5.10.3.jar:5.10.3]
	at org.junit.platform.engine.support.hierarchical.ThrowableCollector.execute(ThrowableCollector.java:73) ~[junit-platform-engine-1.10.3.jar:1.10.3]
	at org.junit.jupiter.engine.descriptor.ClassBasedTestDescriptor.instantiateAndPostProcessTestInstance(ClassBasedTestDescriptor.java:289) ~[junit-jupiter-engine-5.10.3.jar:5.10.3]
	at org.junit.jupiter.engine.descriptor.ClassBasedTestDescriptor.lambda$testInstancesProvider$4(ClassBasedTestDescriptor.java:279) ~[junit-jupiter-engine-5.10.3.jar:5.10.3]
	at java.base/java.util.Optional.orElseGet(Optional.java:364) ~[na:na]
	at org.junit.jupiter.engine.descriptor.ClassBasedTestDescriptor.lambda$testInstancesProvider$5(ClassBasedTestDescriptor.java:278) ~[junit-jupiter-engine-5.10.3.jar:5.10.3]
	at org.junit.jupiter.engine.execution.TestInstancesProvider.getTestInstances(TestInstancesProvider.java:31) ~[junit-jupiter-engine-5.10.3.jar:5.10.3]
	at org.junit.jupiter.engine.descriptor.TestMethodTestDescriptor.lambda$prepare$0(TestMethodTestDescriptor.java:106) ~[junit-jupiter-engine-5.10.3.jar:5.10.3]
	at org.junit.platform.engine.support.hierarchical.ThrowableCollector.execute(ThrowableCollector.java:73) ~[junit-platform-engine-1.10.3.jar:1.10.3]
	at org.junit.jupiter.engine.descriptor.TestMethodTestDescriptor.prepare(TestMethodTestDescriptor.java:105) ~[junit-jupiter-engine-5.10.3.jar:5.10.3]
	at org.junit.jupiter.engine.descriptor.TestMethodTestDescriptor.prepare(TestMethodTestDescriptor.java:69) ~[junit-jupiter-engine-5.10.3.jar:5.10.3]
	at org.junit.platform.engine.support.hierarchical.NodeTestTask.lambda$prepare$2(NodeTestTask.java:123) ~[junit-platform-engine-1.10.3.jar:1.10.3]
	at org.junit.platform.engine.support.hierarchical.ThrowableCollector.execute(ThrowableCollector.java:73) ~[junit-platform-engine-1.10.3.jar:1.10.3]
	at org.junit.platform.engine.support.hierarchical.NodeTestTask.prepare(NodeTestTask.java:123) ~[junit-platform-engine-1.10.3.jar:1.10.3]
	at org.junit.platform.engine.support.hierarchical.NodeTestTask.execute(NodeTestTask.java:90) ~[junit-platform-engine-1.10.3.jar:1.10.3]
	at java.base/java.util.ArrayList.forEach(ArrayList.java:1511) ~[na:na]
	at org.junit.platform.engine.support.hierarchical.SameThreadHierarchicalTestExecutorService.invokeAll(SameThreadHierarchicalTestExecutorService.java:41) ~[junit-platform-engine-1.10.3.jar:1.10.3]
	at org.junit.platform.engine.support.hierarchical.NodeTestTask.lambda$executeRecursively$6(NodeTestTask.java:155) ~[junit-platform-engine-1.10.3.jar:1.10.3]
	at org.junit.platform.engine.support.hierarchical.ThrowableCollector.execute(ThrowableCollector.java:73) ~[junit-platform-engine-1.10.3.jar:1.10.3]
	at org.junit.platform.engine.support.hierarchical.NodeTestTask.lambda$executeRecursively$8(NodeTestTask.java:141) ~[junit-platform-engine-1.10.3.jar:1.10.3]
	at org.junit.platform.engine.support.hierarchical.Node.around(Node.java:137) ~[junit-platform-engine-1.10.3.jar:1.10.3]
	at org.junit.platform.engine.support.hierarchical.NodeTestTask.lambda$executeRecursively$9(NodeTestTask.java:139) ~[junit-platform-engine-1.10.3.jar:1.10.3]
	at org.junit.platform.engine.support.hierarchical.ThrowableCollector.execute(ThrowableCollector.java:73) ~[junit-platform-engine-1.10.3.jar:1.10.3]
	at org.junit.platform.engine.support.hierarchical.NodeTestTask.executeRecursively(NodeTestTask.java:138) ~[junit-platform-engine-1.10.3.jar:1.10.3]
	at org.junit.platform.engine.support.hierarchical.NodeTestTask.execute(NodeTestTask.java:95) ~[junit-platform-engine-1.10.3.jar:1.10.3]
	at java.base/java.util.ArrayList.forEach(ArrayList.java:1511) ~[na:na]
	at org.junit.platform.engine.support.hierarchical.SameThreadHierarchicalTestExecutorService.invokeAll(SameThreadHierarchicalTestExecutorService.java:41) ~[junit-platform-engine-1.10.3.jar:1.10.3]
	at org.junit.platform.engine.support.hierarchical.NodeTestTask.lambda$executeRecursively$6(NodeTestTask.java:155) ~[junit-platform-engine-1.10.3.jar:1.10.3]
	at org.junit.platform.engine.support.hierarchical.ThrowableCollector.execute(ThrowableCollector.java:73) ~[junit-platform-engine-1.10.3.jar:1.10.3]
	at org.junit.platform.engine.support.hierarchical.NodeTestTask.lambda$executeRecursively$8(NodeTestTask.java:141) ~[junit-platform-engine-1.10.3.jar:1.10.3]
	at org.junit.platform.engine.support.hierarchical.Node.around(Node.java:137) ~[junit-platform-engine-1.10.3.jar:1.10.3]
	at org.junit.platform.engine.support.hierarchical.NodeTestTask.lambda$executeRecursively$9(NodeTestTask.java:139) ~[junit-platform-engine-1.10.3.jar:1.10.3]
	at org.junit.platform.engine.support.hierarchical.ThrowableCollector.execute(ThrowableCollector.java:73) ~[junit-platform-engine-1.10.3.jar:1.10.3]
	at org.junit.platform.engine.support.hierarchical.NodeTestTask.executeRecursively(NodeTestTask.java:138) ~[junit-platform-engine-1.10.3.jar:1.10.3]
	at org.junit.platform.engine.support.hierarchical.NodeTestTask.execute(NodeTestTask.java:95) ~[junit-platform-engine-1.10.3.jar:1.10.3]
	at org.junit.platform.engine.support.hierarchical.SameThreadHierarchicalTestExecutorService.submit(SameThreadHierarchicalTestExecutorService.java:35) ~[junit-platform-engine-1.10.3.jar:1.10.3]
	at org.junit.platform.engine.support.hierarchical.HierarchicalTestExecutor.execute(HierarchicalTestExecutor.java:57) ~[junit-platform-engine-1.10.3.jar:1.10.3]
	at org.junit.platform.engine.support.hierarchical.HierarchicalTestEngine.execute(HierarchicalTestEngine.java:54) ~[junit-platform-engine-1.10.3.jar:1.10.3]
	at org.junit.platform.launcher.core.EngineExecutionOrchestrator.execute(EngineExecutionOrchestrator.java:198) ~[junit-platform-launcher-1.10.3.jar:1.10.3]
	at org.junit.platform.launcher.core.EngineExecutionOrchestrator.execute(EngineExecutionOrchestrator.java:169) ~[junit-platform-launcher-1.10.3.jar:1.10.3]
	at org.junit.platform.launcher.core.EngineExecutionOrchestrator.execute(EngineExecutionOrchestrator.java:93) ~[junit-platform-launcher-1.10.3.jar:1.10.3]
	at org.junit.platform.launcher.core.EngineExecutionOrchestrator.lambda$execute$0(EngineExecutionOrchestrator.java:58) ~[junit-platform-launcher-1.10.3.jar:1.10.3]
	at org.junit.platform.launcher.core.EngineExecutionOrchestrator.withInterceptedStreams(EngineExecutionOrchestrator.java:141) ~[junit-platform-launcher-1.10.3.jar:1.10.3]
	at org.junit.platform.launcher.core.EngineExecutionOrchestrator.execute(EngineExecutionOrchestrator.java:57) ~[junit-platform-launcher-1.10.3.jar:1.10.3]
	at org.junit.platform.launcher.core.DefaultLauncher.execute(DefaultLauncher.java:103) ~[junit-platform-launcher-1.10.3.jar:1.10.3]
	at org.junit.platform.launcher.core.DefaultLauncher.execute(DefaultLauncher.java:85) ~[junit-platform-launcher-1.10.3.jar:1.10.3]
	at org.junit.platform.launcher.core.DelegatingLauncher.execute(DelegatingLauncher.java:47) ~[junit-platform-launcher-1.10.3.jar:1.10.3]
	at org.gradle.api.internal.tasks.testing.junitplatform.JUnitPlatformTestClassProcessor$CollectAllTestClassesExecutor.processAllTestClasses(JUnitPlatformTestClassProcessor.java:124) ~[na:na]
	at org.gradle.api.internal.tasks.testing.junitplatform.JUnitPlatformTestClassProcessor$CollectAllTestClassesExecutor.access$000(JUnitPlatformTestClassProcessor.java:99) ~[na:na]
	at org.gradle.api.internal.tasks.testing.junitplatform.JUnitPlatformTestClassProcessor.stop(JUnitPlatformTestClassProcessor.java:94) ~[na:na]
	at org.gradle.api.internal.tasks.testing.SuiteTestClassProcessor.stop(SuiteTestClassProcessor.java:63) ~[na:na]
	at java.base/jdk.internal.reflect.NativeMethodAccessorImpl.invoke0(Native Method) ~[na:na]
	at java.base/jdk.internal.reflect.NativeMethodAccessorImpl.invoke(NativeMethodAccessorImpl.java:77) ~[na:na]
	at java.base/jdk.internal.reflect.DelegatingMethodAccessorImpl.invoke(DelegatingMethodAccessorImpl.java:43) ~[na:na]
	at java.base/java.lang.reflect.Method.invoke(Method.java:568) ~[na:na]
	at org.gradle.internal.dispatch.ReflectionDispatch.dispatch(ReflectionDispatch.java:36) ~[na:na]
	at org.gradle.internal.dispatch.ReflectionDispatch.dispatch(ReflectionDispatch.java:24) ~[na:na]
	at org.gradle.internal.dispatch.ContextClassLoaderDispatch.dispatch(ContextClassLoaderDispatch.java:33) ~[na:na]
	at org.gradle.internal.dispatch.ProxyDispatchAdapter$DispatchingInvocationHandler.invoke(ProxyDispatchAdapter.java:92) ~[na:na]
	at jdk.proxy1/jdk.proxy1.$Proxy4.stop(Unknown Source) ~[na:na]
	at org.gradle.api.internal.tasks.testing.worker.TestWorker$3.run(TestWorker.java:200) ~[na:na]
	at org.gradle.api.internal.tasks.testing.worker.TestWorker.executeAndMaintainThreadName(TestWorker.java:132) ~[na:na]
	at org.gradle.api.internal.tasks.testing.worker.TestWorker.execute(TestWorker.java:103) ~[na:na]
	at org.gradle.api.internal.tasks.testing.worker.TestWorker.execute(TestWorker.java:63) ~[na:na]
	at org.gradle.process.internal.worker.child.ActionExecutionWorker.execute(ActionExecutionWorker.java:56) ~[na:na]
	at org.gradle.process.internal.worker.child.SystemApplicationClassLoaderWorker.call(SystemApplicationClassLoaderWorker.java:121) ~[na:na]
	at org.gradle.process.internal.worker.child.SystemApplicationClassLoaderWorker.call(SystemApplicationClassLoaderWorker.java:71) ~[na:na]
	at worker.org.gradle.process.internal.worker.GradleWorkerMain.run(GradleWorkerMain.java:69) ~[gradle-worker.jar:na]
	at worker.org.gradle.process.internal.worker.GradleWorkerMain.main(GradleWorkerMain.java:74) ~[gradle-worker.jar:na]

2024-09-28T22:19:44.914-05:00 DEBUG 3320 --- [Store] [    Test worker] o.s.d.jpa.repository.query.NamedQuery    : Did not find named query Client.findByDocumentTypeAndDocumentNumber
2024-09-28T22:19:44.920-05:00 DEBUG 3320 --- [Store] [    Test worker] tor$SharedEntityManagerInvocationHandler : Creating new EntityManager for shared EntityManager invocation
2024-09-28T22:19:45.090-05:00 DEBUG 3320 --- [Store] [    Test worker] o.s.d.r.c.s.RepositoryFactorySupport     : Finished creation of repository instance for com.Store.Store.repository.ClientRepository.
2024-09-28T22:19:45.098-05:00 DEBUG 3320 --- [Store] [    Test worker] o.s.b.f.s.DefaultListableBeanFactory     : Autowiring by type from bean name 'clientServiceImpl' via constructor to bean named 'clientRepository'
2024-09-28T22:19:45.100-05:00 DEBUG 3320 --- [Store] [    Test worker] o.s.b.f.s.DefaultListableBeanFactory     : Creating shared instance of singleton bean 'productServiceImpl'
2024-09-28T22:19:45.101-05:00 DEBUG 3320 --- [Store] [    Test worker] o.s.b.f.s.DefaultListableBeanFactory     : Creating shared instance of singleton bean 'productRepository'
2024-09-28T22:19:45.104-05:00 DEBUG 3320 --- [Store] [    Test worker] o.s.b.f.s.DefaultListableBeanFactory     : Creating shared instance of singleton bean 'jpa.named-queries#2'
2024-09-28T22:19:45.106-05:00 DEBUG 3320 --- [Store] [    Test worker] o.s.b.f.s.DefaultListableBeanFactory     : Creating shared instance of singleton bean 'jpa.ProductRepository.fragments#0'
2024-09-28T22:19:45.109-05:00 DEBUG 3320 --- [Store] [    Test worker] tor$SharedEntityManagerInvocationHandler : Creating new EntityManager for shared EntityManager invocation
2024-09-28T22:19:45.147-05:00 DEBUG 3320 --- [Store] [    Test worker] o.s.d.r.c.s.RepositoryFactorySupport     : Initializing repository instance for com.Store.Store.repository.ProductRepository…
2024-09-28T22:19:45.150-05:00 DEBUG 3320 --- [Store] [    Test worker] tor$SharedEntityManagerInvocationHandler : Creating new EntityManager for shared EntityManager invocation
2024-09-28T22:19:45.175-05:00 DEBUG 3320 --- [Store] [    Test worker] o.s.d.r.c.s.RepositoryFactorySupport     : Finished creation of repository instance for com.Store.Store.repository.ProductRepository.
2024-09-28T22:19:45.176-05:00 DEBUG 3320 --- [Store] [    Test worker] o.s.b.f.s.DefaultListableBeanFactory     : Autowiring by type from bean name 'productServiceImpl' via constructor to bean named 'productRepository'
2024-09-28T22:19:45.177-05:00 DEBUG 3320 --- [Store] [    Test worker] o.s.b.f.s.DefaultListableBeanFactory     : Creating shared instance of singleton bean 'vendorServiceImpl'
2024-09-28T22:19:45.179-05:00 DEBUG 3320 --- [Store] [    Test worker] o.s.b.f.s.DefaultListableBeanFactory     : Creating shared instance of singleton bean 'vendorRepository'
2024-09-28T22:19:45.181-05:00 DEBUG 3320 --- [Store] [    Test worker] o.s.b.f.s.DefaultListableBeanFactory     : Creating shared instance of singleton bean 'jpa.named-queries#1'
2024-09-28T22:19:45.182-05:00 DEBUG 3320 --- [Store] [    Test worker] o.s.b.f.s.DefaultListableBeanFactory     : Creating shared instance of singleton bean 'jpa.VendorRepository.fragments#0'
2024-09-28T22:19:45.184-05:00 DEBUG 3320 --- [Store] [    Test worker] tor$SharedEntityManagerInvocationHandler : Creating new EntityManager for shared EntityManager invocation
2024-09-28T22:19:45.192-05:00 DEBUG 3320 --- [Store] [    Test worker] o.s.d.r.c.s.RepositoryFactorySupport     : Initializing repository instance for com.Store.Store.repository.VendorRepository…
2024-09-28T22:19:45.193-05:00 DEBUG 3320 --- [Store] [    Test worker] tor$SharedEntityManagerInvocationHandler : Creating new EntityManager for shared EntityManager invocation
2024-09-28T22:19:45.200-05:00 DEBUG 3320 --- [Store] [    Test worker] o.s.d.jpa.repository.query.NamedQuery    : Looking up named query Vendor.findByNit
2024-09-28T22:19:45.200-05:00 DEBUG 3320 --- [Store] [    Test worker] cResourceLocalTransactionCoordinatorImpl : JDBC transaction marked for rollback-only (exception provided for stack trace)

java.lang.Exception: exception just for purpose of providing stack trace
	at org.hibernate.resource.transaction.backend.jdbc.internal.JdbcResourceLocalTransactionCoordinatorImpl$TransactionDriverControlImpl.markRollbackOnly(JdbcResourceLocalTransactionCoordinatorImpl.java:309) ~[hibernate-core-6.5.3.Final.jar:6.5.3.Final]
	at org.hibernate.internal.AbstractSharedSessionContract.buildNamedQuery(AbstractSharedSessionContract.java:1109) ~[hibernate-core-6.5.3.Final.jar:6.5.3.Final]
	at org.hibernate.internal.AbstractSharedSessionContract.createNamedQuery(AbstractSharedSessionContract.java:987) ~[hibernate-core-6.5.3.Final.jar:6.5.3.Final]
	at org.hibernate.internal.AbstractSharedSessionContract.createNamedQuery(AbstractSharedSessionContract.java:140) ~[hibernate-core-6.5.3.Final.jar:6.5.3.Final]
	at java.base/jdk.internal.reflect.NativeMethodAccessorImpl.invoke0(Native Method) ~[na:na]
	at java.base/jdk.internal.reflect.NativeMethodAccessorImpl.invoke(NativeMethodAccessorImpl.java:77) ~[na:na]
	at java.base/jdk.internal.reflect.DelegatingMethodAccessorImpl.invoke(DelegatingMethodAccessorImpl.java:43) ~[na:na]
	at java.base/java.lang.reflect.Method.invoke(Method.java:568) ~[na:na]
	at org.springframework.orm.jpa.ExtendedEntityManagerCreator$ExtendedEntityManagerInvocationHandler.invoke(ExtendedEntityManagerCreator.java:364) ~[spring-orm-6.1.13.jar:6.1.13]
	at jdk.proxy3/jdk.proxy3.$Proxy117.createNamedQuery(Unknown Source) ~[na:na]
	at org.springframework.data.jpa.repository.query.NamedQuery.hasNamedQuery(NamedQuery.java:112) ~[spring-data-jpa-3.3.4.jar:3.3.4]
	at org.springframework.data.jpa.repository.query.NamedQuery.lookupFrom(NamedQuery.java:138) ~[spring-data-jpa-3.3.4.jar:3.3.4]
	at org.springframework.data.jpa.repository.query.JpaQueryLookupStrategy$DeclaredQueryLookupStrategy.resolveQuery(JpaQueryLookupStrategy.java:180) ~[spring-data-jpa-3.3.4.jar:3.3.4]
	at org.springframework.data.jpa.repository.query.JpaQueryLookupStrategy$CreateIfNotFoundQueryLookupStrategy.resolveQuery(JpaQueryLookupStrategy.java:252) ~[spring-data-jpa-3.3.4.jar:3.3.4]
	at org.springframework.data.jpa.repository.query.JpaQueryLookupStrategy$AbstractQueryLookupStrategy.resolveQuery(JpaQueryLookupStrategy.java:95) ~[spring-data-jpa-3.3.4.jar:3.3.4]
	at org.springframework.data.repository.core.support.QueryExecutorMethodInterceptor.lookupQuery(QueryExecutorMethodInterceptor.java:115) ~[spring-data-commons-3.3.4.jar:3.3.4]
	at org.springframework.data.repository.core.support.QueryExecutorMethodInterceptor.mapMethodsToQuery(QueryExecutorMethodInterceptor.java:103) ~[spring-data-commons-3.3.4.jar:3.3.4]
	at org.springframework.data.repository.core.support.QueryExecutorMethodInterceptor.lambda$new$0(QueryExecutorMethodInterceptor.java:92) ~[spring-data-commons-3.3.4.jar:3.3.4]
	at java.base/java.util.Optional.map(Optional.java:260) ~[na:na]
	at org.springframework.data.repository.core.support.QueryExecutorMethodInterceptor.<init>(QueryExecutorMethodInterceptor.java:92) ~[spring-data-commons-3.3.4.jar:3.3.4]
	at org.springframework.data.repository.core.support.RepositoryFactorySupport.getRepository(RepositoryFactorySupport.java:357) ~[spring-data-commons-3.3.4.jar:3.3.4]
	at org.springframework.data.repository.core.support.RepositoryFactoryBeanSupport.lambda$afterPropertiesSet$5(RepositoryFactoryBeanSupport.java:286) ~[spring-data-commons-3.3.4.jar:3.3.4]
	at org.springframework.data.util.Lazy.getNullable(Lazy.java:135) ~[spring-data-commons-3.3.4.jar:3.3.4]
	at org.springframework.data.util.Lazy.get(Lazy.java:113) ~[spring-data-commons-3.3.4.jar:3.3.4]
	at org.springframework.data.repository.core.support.RepositoryFactoryBeanSupport.afterPropertiesSet(RepositoryFactoryBeanSupport.java:292) ~[spring-data-commons-3.3.4.jar:3.3.4]
	at org.springframework.data.jpa.repository.support.JpaRepositoryFactoryBean.afterPropertiesSet(JpaRepositoryFactoryBean.java:132) ~[spring-data-jpa-3.3.4.jar:3.3.4]
	at org.springframework.beans.factory.support.AbstractAutowireCapableBeanFactory.invokeInitMethods(AbstractAutowireCapableBeanFactory.java:1853) ~[spring-beans-6.1.13.jar:6.1.13]
	at org.springframework.beans.factory.support.AbstractAutowireCapableBeanFactory.initializeBean(AbstractAutowireCapableBeanFactory.java:1802) ~[spring-beans-6.1.13.jar:6.1.13]
	at org.springframework.beans.factory.support.AbstractAutowireCapableBeanFactory.doCreateBean(AbstractAutowireCapableBeanFactory.java:600) ~[spring-beans-6.1.13.jar:6.1.13]
	at org.springframework.beans.factory.support.AbstractAutowireCapableBeanFactory.createBean(AbstractAutowireCapableBeanFactory.java:522) ~[spring-beans-6.1.13.jar:6.1.13]
	at org.springframework.beans.factory.support.AbstractBeanFactory.lambda$doGetBean$0(AbstractBeanFactory.java:337) ~[spring-beans-6.1.13.jar:6.1.13]
	at org.springframework.beans.factory.support.DefaultSingletonBeanRegistry.getSingleton(DefaultSingletonBeanRegistry.java:234) ~[spring-beans-6.1.13.jar:6.1.13]
	at org.springframework.beans.factory.support.AbstractBeanFactory.doGetBean(AbstractBeanFactory.java:335) ~[spring-beans-6.1.13.jar:6.1.13]
	at org.springframework.beans.factory.support.AbstractBeanFactory.getBean(AbstractBeanFactory.java:200) ~[spring-beans-6.1.13.jar:6.1.13]
	at org.springframework.beans.factory.config.DependencyDescriptor.resolveCandidate(DependencyDescriptor.java:254) ~[spring-beans-6.1.13.jar:6.1.13]
	at org.springframework.beans.factory.support.DefaultListableBeanFactory.doResolveDependency(DefaultListableBeanFactory.java:1443) ~[spring-beans-6.1.13.jar:6.1.13]
	at org.springframework.beans.factory.support.DefaultListableBeanFactory.resolveDependency(DefaultListableBeanFactory.java:1353) ~[spring-beans-6.1.13.jar:6.1.13]
	at org.springframework.beans.factory.support.ConstructorResolver.resolveAutowiredArgument(ConstructorResolver.java:904) ~[spring-beans-6.1.13.jar:6.1.13]
	at org.springframework.beans.factory.support.ConstructorResolver.createArgumentArray(ConstructorResolver.java:782) ~[spring-beans-6.1.13.jar:6.1.13]
	at org.springframework.beans.factory.support.ConstructorResolver.autowireConstructor(ConstructorResolver.java:237) ~[spring-beans-6.1.13.jar:6.1.13]
	at org.springframework.beans.factory.support.AbstractAutowireCapableBeanFactory.autowireConstructor(AbstractAutowireCapableBeanFactory.java:1375) ~[spring-beans-6.1.13.jar:6.1.13]
	at org.springframework.beans.factory.support.AbstractAutowireCapableBeanFactory.createBeanInstance(AbstractAutowireCapableBeanFactory.java:1212) ~[spring-beans-6.1.13.jar:6.1.13]
	at org.springframework.beans.factory.support.AbstractAutowireCapableBeanFactory.doCreateBean(AbstractAutowireCapableBeanFactory.java:562) ~[spring-beans-6.1.13.jar:6.1.13]
	at org.springframework.beans.factory.support.AbstractAutowireCapableBeanFactory.createBean(AbstractAutowireCapableBeanFactory.java:522) ~[spring-beans-6.1.13.jar:6.1.13]
	at org.springframework.beans.factory.support.AbstractBeanFactory.lambda$doGetBean$0(AbstractBeanFactory.java:337) ~[spring-beans-6.1.13.jar:6.1.13]
	at org.springframework.beans.factory.support.DefaultSingletonBeanRegistry.getSingleton(DefaultSingletonBeanRegistry.java:234) ~[spring-beans-6.1.13.jar:6.1.13]
	at org.springframework.beans.factory.support.AbstractBeanFactory.doGetBean(AbstractBeanFactory.java:335) ~[spring-beans-6.1.13.jar:6.1.13]
	at org.springframework.beans.factory.support.AbstractBeanFactory.getBean(AbstractBeanFactory.java:200) ~[spring-beans-6.1.13.jar:6.1.13]
	at org.springframework.beans.factory.support.DefaultListableBeanFactory.preInstantiateSingletons(DefaultListableBeanFactory.java:975) ~[spring-beans-6.1.13.jar:6.1.13]
	at org.springframework.context.support.AbstractApplicationContext.finishBeanFactoryInitialization(AbstractApplicationContext.java:971) ~[spring-context-6.1.13.jar:6.1.13]
	at org.springframework.context.support.AbstractApplicationContext.refresh(AbstractApplicationContext.java:625) ~[spring-context-6.1.13.jar:6.1.13]
	at org.springframework.boot.SpringApplication.refresh(SpringApplication.java:754) ~[spring-boot-3.3.4.jar:3.3.4]
	at org.springframework.boot.SpringApplication.refreshContext(SpringApplication.java:456) ~[spring-boot-3.3.4.jar:3.3.4]
	at org.springframework.boot.SpringApplication.run(SpringApplication.java:335) ~[spring-boot-3.3.4.jar:3.3.4]
	at org.springframework.boot.test.context.SpringBootContextLoader.lambda$loadContext$3(SpringBootContextLoader.java:137) ~[spring-boot-test-3.3.4.jar:3.3.4]
	at org.springframework.util.function.ThrowingSupplier.get(ThrowingSupplier.java:58) ~[spring-core-6.1.13.jar:6.1.13]
	at org.springframework.util.function.ThrowingSupplier.get(ThrowingSupplier.java:46) ~[spring-core-6.1.13.jar:6.1.13]
	at org.springframework.boot.SpringApplication.withHook(SpringApplication.java:1463) ~[spring-boot-3.3.4.jar:3.3.4]
	at org.springframework.boot.test.context.SpringBootContextLoader$ContextLoaderHook.run(SpringBootContextLoader.java:553) ~[spring-boot-test-3.3.4.jar:3.3.4]
	at org.springframework.boot.test.context.SpringBootContextLoader.loadContext(SpringBootContextLoader.java:137) ~[spring-boot-test-3.3.4.jar:3.3.4]
	at org.springframework.boot.test.context.SpringBootContextLoader.loadContext(SpringBootContextLoader.java:108) ~[spring-boot-test-3.3.4.jar:3.3.4]
	at org.springframework.test.context.cache.DefaultCacheAwareContextLoaderDelegate.loadContextInternal(DefaultCacheAwareContextLoaderDelegate.java:225) ~[spring-test-6.1.13.jar:6.1.13]
	at org.springframework.test.context.cache.DefaultCacheAwareContextLoaderDelegate.loadContext(DefaultCacheAwareContextLoaderDelegate.java:152) ~[spring-test-6.1.13.jar:6.1.13]
	at org.springframework.test.context.support.DefaultTestContext.getApplicationContext(DefaultTestContext.java:130) ~[spring-test-6.1.13.jar:6.1.13]
	at org.springframework.test.context.web.ServletTestExecutionListener.setUpRequestContextIfNecessary(ServletTestExecutionListener.java:191) ~[spring-test-6.1.13.jar:6.1.13]
	at org.springframework.test.context.web.ServletTestExecutionListener.prepareTestInstance(ServletTestExecutionListener.java:130) ~[spring-test-6.1.13.jar:6.1.13]
	at org.springframework.test.context.TestContextManager.prepareTestInstance(TestContextManager.java:260) ~[spring-test-6.1.13.jar:6.1.13]
	at org.springframework.test.context.junit.jupiter.SpringExtension.postProcessTestInstance(SpringExtension.java:163) ~[spring-test-6.1.13.jar:6.1.13]
	at org.junit.jupiter.engine.descriptor.ClassBasedTestDescriptor.lambda$invokeTestInstancePostProcessors$10(ClassBasedTestDescriptor.java:378) ~[junit-jupiter-engine-5.10.3.jar:5.10.3]
	at org.junit.jupiter.engine.descriptor.ClassBasedTestDescriptor.executeAndMaskThrowable(ClassBasedTestDescriptor.java:383) ~[junit-jupiter-engine-5.10.3.jar:5.10.3]
	at org.junit.jupiter.engine.descriptor.ClassBasedTestDescriptor.lambda$invokeTestInstancePostProcessors$11(ClassBasedTestDescriptor.java:378) ~[junit-jupiter-engine-5.10.3.jar:5.10.3]
	at java.base/java.util.stream.ReferencePipeline$3$1.accept(ReferencePipeline.java:197) ~[na:na]
	at java.base/java.util.stream.ReferencePipeline$2$1.accept(ReferencePipeline.java:179) ~[na:na]
	at java.base/java.util.ArrayList$ArrayListSpliterator.forEachRemaining(ArrayList.java:1625) ~[na:na]
	at java.base/java.util.stream.AbstractPipeline.copyInto(AbstractPipeline.java:509) ~[na:na]
	at java.base/java.util.stream.AbstractPipeline.wrapAndCopyInto(AbstractPipeline.java:499) ~[na:na]
	at java.base/java.util.stream.StreamSpliterators$WrappingSpliterator.forEachRemaining(StreamSpliterators.java:310) ~[na:na]
	at java.base/java.util.stream.Streams$ConcatSpliterator.forEachRemaining(Streams.java:735) ~[na:na]
	at java.base/java.util.stream.Streams$ConcatSpliterator.forEachRemaining(Streams.java:734) ~[na:na]
	at java.base/java.util.stream.ReferencePipeline$Head.forEach(ReferencePipeline.java:762) ~[na:na]
	at org.junit.jupiter.engine.descriptor.ClassBasedTestDescriptor.invokeTestInstancePostProcessors(ClassBasedTestDescriptor.java:377) ~[junit-jupiter-engine-5.10.3.jar:5.10.3]
	at org.junit.jupiter.engine.descriptor.ClassBasedTestDescriptor.lambda$instantiateAndPostProcessTestInstance$6(ClassBasedTestDescriptor.java:290) ~[junit-jupiter-engine-5.10.3.jar:5.10.3]
	at org.junit.platform.engine.support.hierarchical.ThrowableCollector.execute(ThrowableCollector.java:73) ~[junit-platform-engine-1.10.3.jar:1.10.3]
	at org.junit.jupiter.engine.descriptor.ClassBasedTestDescriptor.instantiateAndPostProcessTestInstance(ClassBasedTestDescriptor.java:289) ~[junit-jupiter-engine-5.10.3.jar:5.10.3]
	at org.junit.jupiter.engine.descriptor.ClassBasedTestDescriptor.lambda$testInstancesProvider$4(ClassBasedTestDescriptor.java:279) ~[junit-jupiter-engine-5.10.3.jar:5.10.3]
	at java.base/java.util.Optional.orElseGet(Optional.java:364) ~[na:na]
	at org.junit.jupiter.engine.descriptor.ClassBasedTestDescriptor.lambda$testInstancesProvider$5(ClassBasedTestDescriptor.java:278) ~[junit-jupiter-engine-5.10.3.jar:5.10.3]
	at org.junit.jupiter.engine.execution.TestInstancesProvider.getTestInstances(TestInstancesProvider.java:31) ~[junit-jupiter-engine-5.10.3.jar:5.10.3]
	at org.junit.jupiter.engine.descriptor.TestMethodTestDescriptor.lambda$prepare$0(TestMethodTestDescriptor.java:106) ~[junit-jupiter-engine-5.10.3.jar:5.10.3]
	at org.junit.platform.engine.support.hierarchical.ThrowableCollector.execute(ThrowableCollector.java:73) ~[junit-platform-engine-1.10.3.jar:1.10.3]
	at org.junit.jupiter.engine.descriptor.TestMethodTestDescriptor.prepare(TestMethodTestDescriptor.java:105) ~[junit-jupiter-engine-5.10.3.jar:5.10.3]
	at org.junit.jupiter.engine.descriptor.TestMethodTestDescriptor.prepare(TestMethodTestDescriptor.java:69) ~[junit-jupiter-engine-5.10.3.jar:5.10.3]
	at org.junit.platform.engine.support.hierarchical.NodeTestTask.lambda$prepare$2(NodeTestTask.java:123) ~[junit-platform-engine-1.10.3.jar:1.10.3]
	at org.junit.platform.engine.support.hierarchical.ThrowableCollector.execute(ThrowableCollector.java:73) ~[junit-platform-engine-1.10.3.jar:1.10.3]
	at org.junit.platform.engine.support.hierarchical.NodeTestTask.prepare(NodeTestTask.java:123) ~[junit-platform-engine-1.10.3.jar:1.10.3]
	at org.junit.platform.engine.support.hierarchical.NodeTestTask.execute(NodeTestTask.java:90) ~[junit-platform-engine-1.10.3.jar:1.10.3]
	at java.base/java.util.ArrayList.forEach(ArrayList.java:1511) ~[na:na]
	at org.junit.platform.engine.support.hierarchical.SameThreadHierarchicalTestExecutorService.invokeAll(SameThreadHierarchicalTestExecutorService.java:41) ~[junit-platform-engine-1.10.3.jar:1.10.3]
	at org.junit.platform.engine.support.hierarchical.NodeTestTask.lambda$executeRecursively$6(NodeTestTask.java:155) ~[junit-platform-engine-1.10.3.jar:1.10.3]
	at org.junit.platform.engine.support.hierarchical.ThrowableCollector.execute(ThrowableCollector.java:73) ~[junit-platform-engine-1.10.3.jar:1.10.3]
	at org.junit.platform.engine.support.hierarchical.NodeTestTask.lambda$executeRecursively$8(NodeTestTask.java:141) ~[junit-platform-engine-1.10.3.jar:1.10.3]
	at org.junit.platform.engine.support.hierarchical.Node.around(Node.java:137) ~[junit-platform-engine-1.10.3.jar:1.10.3]
	at org.junit.platform.engine.support.hierarchical.NodeTestTask.lambda$executeRecursively$9(NodeTestTask.java:139) ~[junit-platform-engine-1.10.3.jar:1.10.3]
	at org.junit.platform.engine.support.hierarchical.ThrowableCollector.execute(ThrowableCollector.java:73) ~[junit-platform-engine-1.10.3.jar:1.10.3]
	at org.junit.platform.engine.support.hierarchical.NodeTestTask.executeRecursively(NodeTestTask.java:138) ~[junit-platform-engine-1.10.3.jar:1.10.3]
	at org.junit.platform.engine.support.hierarchical.NodeTestTask.execute(NodeTestTask.java:95) ~[junit-platform-engine-1.10.3.jar:1.10.3]
	at java.base/java.util.ArrayList.forEach(ArrayList.java:1511) ~[na:na]
	at org.junit.platform.engine.support.hierarchical.SameThreadHierarchicalTestExecutorService.invokeAll(SameThreadHierarchicalTestExecutorService.java:41) ~[junit-platform-engine-1.10.3.jar:1.10.3]
	at org.junit.platform.engine.support.hierarchical.NodeTestTask.lambda$executeRecursively$6(NodeTestTask.java:155) ~[junit-platform-engine-1.10.3.jar:1.10.3]
	at org.junit.platform.engine.support.hierarchical.ThrowableCollector.execute(ThrowableCollector.java:73) ~[junit-platform-engine-1.10.3.jar:1.10.3]
	at org.junit.platform.engine.support.hierarchical.NodeTestTask.lambda$executeRecursively$8(NodeTestTask.java:141) ~[junit-platform-engine-1.10.3.jar:1.10.3]
	at org.junit.platform.engine.support.hierarchical.Node.around(Node.java:137) ~[junit-platform-engine-1.10.3.jar:1.10.3]
	at org.junit.platform.engine.support.hierarchical.NodeTestTask.lambda$executeRecursively$9(NodeTestTask.java:139) ~[junit-platform-engine-1.10.3.jar:1.10.3]
	at org.junit.platform.engine.support.hierarchical.ThrowableCollector.execute(ThrowableCollector.java:73) ~[junit-platform-engine-1.10.3.jar:1.10.3]
	at org.junit.platform.engine.support.hierarchical.NodeTestTask.executeRecursively(NodeTestTask.java:138) ~[junit-platform-engine-1.10.3.jar:1.10.3]
	at org.junit.platform.engine.support.hierarchical.NodeTestTask.execute(NodeTestTask.java:95) ~[junit-platform-engine-1.10.3.jar:1.10.3]
	at org.junit.platform.engine.support.hierarchical.SameThreadHierarchicalTestExecutorService.submit(SameThreadHierarchicalTestExecutorService.java:35) ~[junit-platform-engine-1.10.3.jar:1.10.3]
	at org.junit.platform.engine.support.hierarchical.HierarchicalTestExecutor.execute(HierarchicalTestExecutor.java:57) ~[junit-platform-engine-1.10.3.jar:1.10.3]
	at org.junit.platform.engine.support.hierarchical.HierarchicalTestEngine.execute(HierarchicalTestEngine.java:54) ~[junit-platform-engine-1.10.3.jar:1.10.3]
	at org.junit.platform.launcher.core.EngineExecutionOrchestrator.execute(EngineExecutionOrchestrator.java:198) ~[junit-platform-launcher-1.10.3.jar:1.10.3]
	at org.junit.platform.launcher.core.EngineExecutionOrchestrator.execute(EngineExecutionOrchestrator.java:169) ~[junit-platform-launcher-1.10.3.jar:1.10.3]
	at org.junit.platform.launcher.core.EngineExecutionOrchestrator.execute(EngineExecutionOrchestrator.java:93) ~[junit-platform-launcher-1.10.3.jar:1.10.3]
	at org.junit.platform.launcher.core.EngineExecutionOrchestrator.lambda$execute$0(EngineExecutionOrchestrator.java:58) ~[junit-platform-launcher-1.10.3.jar:1.10.3]
	at org.junit.platform.launcher.core.EngineExecutionOrchestrator.withInterceptedStreams(EngineExecutionOrchestrator.java:141) ~[junit-platform-launcher-1.10.3.jar:1.10.3]
	at org.junit.platform.launcher.core.EngineExecutionOrchestrator.execute(EngineExecutionOrchestrator.java:57) ~[junit-platform-launcher-1.10.3.jar:1.10.3]
	at org.junit.platform.launcher.core.DefaultLauncher.execute(DefaultLauncher.java:103) ~[junit-platform-launcher-1.10.3.jar:1.10.3]
	at org.junit.platform.launcher.core.DefaultLauncher.execute(DefaultLauncher.java:85) ~[junit-platform-launcher-1.10.3.jar:1.10.3]
	at org.junit.platform.launcher.core.DelegatingLauncher.execute(DelegatingLauncher.java:47) ~[junit-platform-launcher-1.10.3.jar:1.10.3]
	at org.gradle.api.internal.tasks.testing.junitplatform.JUnitPlatformTestClassProcessor$CollectAllTestClassesExecutor.processAllTestClasses(JUnitPlatformTestClassProcessor.java:124) ~[na:na]
	at org.gradle.api.internal.tasks.testing.junitplatform.JUnitPlatformTestClassProcessor$CollectAllTestClassesExecutor.access$000(JUnitPlatformTestClassProcessor.java:99) ~[na:na]
	at org.gradle.api.internal.tasks.testing.junitplatform.JUnitPlatformTestClassProcessor.stop(JUnitPlatformTestClassProcessor.java:94) ~[na:na]
	at org.gradle.api.internal.tasks.testing.SuiteTestClassProcessor.stop(SuiteTestClassProcessor.java:63) ~[na:na]
	at java.base/jdk.internal.reflect.NativeMethodAccessorImpl.invoke0(Native Method) ~[na:na]
	at java.base/jdk.internal.reflect.NativeMethodAccessorImpl.invoke(NativeMethodAccessorImpl.java:77) ~[na:na]
	at java.base/jdk.internal.reflect.DelegatingMethodAccessorImpl.invoke(DelegatingMethodAccessorImpl.java:43) ~[na:na]
	at java.base/java.lang.reflect.Method.invoke(Method.java:568) ~[na:na]
	at org.gradle.internal.dispatch.ReflectionDispatch.dispatch(ReflectionDispatch.java:36) ~[na:na]
	at org.gradle.internal.dispatch.ReflectionDispatch.dispatch(ReflectionDispatch.java:24) ~[na:na]
	at org.gradle.internal.dispatch.ContextClassLoaderDispatch.dispatch(ContextClassLoaderDispatch.java:33) ~[na:na]
	at org.gradle.internal.dispatch.ProxyDispatchAdapter$DispatchingInvocationHandler.invoke(ProxyDispatchAdapter.java:92) ~[na:na]
	at jdk.proxy1/jdk.proxy1.$Proxy4.stop(Unknown Source) ~[na:na]
	at org.gradle.api.internal.tasks.testing.worker.TestWorker$3.run(TestWorker.java:200) ~[na:na]
	at org.gradle.api.internal.tasks.testing.worker.TestWorker.executeAndMaintainThreadName(TestWorker.java:132) ~[na:na]
	at org.gradle.api.internal.tasks.testing.worker.TestWorker.execute(TestWorker.java:103) ~[na:na]
	at org.gradle.api.internal.tasks.testing.worker.TestWorker.execute(TestWorker.java:63) ~[na:na]
	at org.gradle.process.internal.worker.child.ActionExecutionWorker.execute(ActionExecutionWorker.java:56) ~[na:na]
	at org.gradle.process.internal.worker.child.SystemApplicationClassLoaderWorker.call(SystemApplicationClassLoaderWorker.java:121) ~[na:na]
	at org.gradle.process.internal.worker.child.SystemApplicationClassLoaderWorker.call(SystemApplicationClassLoaderWorker.java:71) ~[na:na]
	at worker.org.gradle.process.internal.worker.GradleWorkerMain.run(GradleWorkerMain.java:69) ~[gradle-worker.jar:na]
	at worker.org.gradle.process.internal.worker.GradleWorkerMain.main(GradleWorkerMain.java:74) ~[gradle-worker.jar:na]

2024-09-28T22:19:45.217-05:00 DEBUG 3320 --- [Store] [    Test worker] o.s.d.jpa.repository.query.NamedQuery    : Did not find named query Vendor.findByNit
2024-09-28T22:19:45.217-05:00 DEBUG 3320 --- [Store] [    Test worker] tor$SharedEntityManagerInvocationHandler : Creating new EntityManager for shared EntityManager invocation
2024-09-28T22:19:45.223-05:00 DEBUG 3320 --- [Store] [    Test worker] o.s.d.r.c.s.RepositoryFactorySupport     : Finished creation of repository instance for com.Store.Store.repository.VendorRepository.
2024-09-28T22:19:45.225-05:00 DEBUG 3320 --- [Store] [    Test worker] o.s.b.f.s.DefaultListableBeanFactory     : Autowiring by type from bean name 'vendorServiceImpl' via constructor to bean named 'vendorRepository'
2024-09-28T22:19:45.226-05:00 DEBUG 3320 --- [Store] [    Test worker] o.s.b.f.s.DefaultListableBeanFactory     : Creating shared instance of singleton bean 'clientController'
2024-09-28T22:19:45.236-05:00 DEBUG 3320 --- [Store] [    Test worker] o.s.b.f.s.DefaultListableBeanFactory     : Autowiring by type from bean name 'clientController' via constructor to bean named 'clientServiceImpl'
2024-09-28T22:19:45.239-05:00 DEBUG 3320 --- [Store] [    Test worker] o.s.b.f.s.DefaultListableBeanFactory     : Creating shared instance of singleton bean 'productController'
2024-09-28T22:19:45.241-05:00 DEBUG 3320 --- [Store] [    Test worker] o.s.b.f.s.DefaultListableBeanFactory     : Autowiring by type from bean name 'productController' via constructor to bean named 'productServiceImpl'
2024-09-28T22:19:45.242-05:00 DEBUG 3320 --- [Store] [    Test worker] o.s.b.f.s.DefaultListableBeanFactory     : Creating shared instance of singleton bean 'vendorController'
2024-09-28T22:19:45.243-05:00 DEBUG 3320 --- [Store] [    Test worker] o.s.b.f.s.DefaultListableBeanFactory     : Autowiring by type from bean name 'vendorController' via constructor to bean named 'vendorServiceImpl'
2024-09-28T22:19:45.244-05:00 DEBUG 3320 --- [Store] [    Test worker] o.s.b.f.s.DefaultListableBeanFactory     : Creating shared instance of singleton bean 'memInfoRunner'
2024-09-28T22:19:45.269-05:00 DEBUG 3320 --- [Store] [    Test worker] o.s.b.f.s.DefaultListableBeanFactory     : Creating shared instance of singleton bean 'org.springframework.boot.autoconfigure.context.PropertyPlaceholderAutoConfiguration'
2024-09-28T22:19:45.278-05:00 DEBUG 3320 --- [Store] [    Test worker] o.s.b.f.s.DefaultListableBeanFactory     : Creating shared instance of singleton bean 'org.springframework.boot.autoconfigure.ssl.SslAutoConfiguration'
2024-09-28T22:19:45.284-05:00 DEBUG 3320 --- [Store] [    Test worker] o.s.b.f.s.DefaultListableBeanFactory     : Creating shared instance of singleton bean 'spring.ssl-org.springframework.boot.autoconfigure.ssl.SslProperties'
2024-09-28T22:19:45.294-05:00 DEBUG 3320 --- [Store] [    Test worker] o.s.b.f.s.DefaultListableBeanFactory     : Autowiring by type from bean name 'org.springframework.boot.autoconfigure.ssl.SslAutoConfiguration' via constructor to bean named 'spring.ssl-org.springframework.boot.autoconfigure.ssl.SslProperties'
2024-09-28T22:19:45.294-05:00 DEBUG 3320 --- [Store] [    Test worker] o.s.b.f.s.DefaultListableBeanFactory     : Creating shared instance of singleton bean 'fileWatcher'
2024-09-28T22:19:45.304-05:00 DEBUG 3320 --- [Store] [    Test worker] o.s.b.f.s.DefaultListableBeanFactory     : Creating shared instance of singleton bean 'sslPropertiesSslBundleRegistrar'
2024-09-28T22:19:45.306-05:00 DEBUG 3320 --- [Store] [    Test worker] o.s.b.f.s.DefaultListableBeanFactory     : Autowiring by type from bean name 'sslPropertiesSslBundleRegistrar' via factory method to bean named 'fileWatcher'
2024-09-28T22:19:45.332-05:00 DEBUG 3320 --- [Store] [    Test worker] o.s.b.f.s.DefaultListableBeanFactory     : Creating shared instance of singleton bean 'sslBundleRegistry'
2024-09-28T22:19:45.344-05:00 DEBUG 3320 --- [Store] [    Test worker] o.s.b.f.s.DefaultListableBeanFactory     : Creating shared instance of singleton bean 'org.springframework.boot.context.properties.EnableConfigurationPropertiesRegistrar.methodValidationExcludeFilter'
2024-09-28T22:19:45.373-05:00 DEBUG 3320 --- [Store] [    Test worker] o.s.b.f.s.DefaultListableBeanFactory     : Creating shared instance of singleton bean 'org.springframework.boot.autoconfigure.websocket.servlet.WebSocketServletAutoConfiguration$TomcatWebSocketConfiguration'
2024-09-28T22:19:45.390-05:00 DEBUG 3320 --- [Store] [    Test worker] o.s.b.f.s.DefaultListableBeanFactory     : Creating shared instance of singleton bean 'websocketServletWebServerCustomizer'
2024-09-28T22:19:45.399-05:00 DEBUG 3320 --- [Store] [    Test worker] o.s.b.f.s.DefaultListableBeanFactory     : Creating shared instance of singleton bean 'org.springframework.boot.autoconfigure.websocket.servlet.WebSocketServletAutoConfiguration'
2024-09-28T22:19:45.401-05:00 DEBUG 3320 --- [Store] [    Test worker] o.s.b.f.s.DefaultListableBeanFactory     : Creating shared instance of singleton bean 'org.springframework.boot.autoconfigure.web.servlet.ServletWebServerFactoryConfiguration$EmbeddedTomcat'
2024-09-28T22:19:45.404-05:00 DEBUG 3320 --- [Store] [    Test worker] o.s.b.f.s.DefaultListableBeanFactory     : Creating shared instance of singleton bean 'tomcatServletWebServerFactory'
2024-09-28T22:19:45.718-05:00 DEBUG 3320 --- [Store] [    Test worker] o.s.b.f.s.DefaultListableBeanFactory     : Creating shared instance of singleton bean 'servletWebServerFactoryCustomizer'
2024-09-28T22:19:45.718-05:00 DEBUG 3320 --- [Store] [    Test worker] o.s.b.f.s.DefaultListableBeanFactory     : Creating shared instance of singleton bean 'org.springframework.boot.autoconfigure.web.servlet.ServletWebServerFactoryAutoConfiguration'
2024-09-28T22:19:45.720-05:00 DEBUG 3320 --- [Store] [    Test worker] o.s.b.f.s.DefaultListableBeanFactory     : Creating shared instance of singleton bean 'server-org.springframework.boot.autoconfigure.web.ServerProperties'
2024-09-28T22:19:45.734-05:00 DEBUG 3320 --- [Store] [    Test worker] o.s.b.f.s.DefaultListableBeanFactory     : Autowiring by type from bean name 'servletWebServerFactoryCustomizer' via factory method to bean named 'server-org.springframework.boot.autoconfigure.web.ServerProperties'
2024-09-28T22:19:45.738-05:00 DEBUG 3320 --- [Store] [    Test worker] o.s.b.f.s.DefaultListableBeanFactory     : Creating shared instance of singleton bean 'tomcatServletWebServerFactoryCustomizer'
2024-09-28T22:19:45.738-05:00 DEBUG 3320 --- [Store] [    Test worker] o.s.b.f.s.DefaultListableBeanFactory     : Autowiring by type from bean name 'tomcatServletWebServerFactoryCustomizer' via factory method to bean named 'server-org.springframework.boot.autoconfigure.web.ServerProperties'
2024-09-28T22:19:45.739-05:00 DEBUG 3320 --- [Store] [    Test worker] o.s.b.f.s.DefaultListableBeanFactory     : Creating shared instance of singleton bean 'localeCharsetMappingsCustomizer'
2024-09-28T22:19:45.739-05:00 DEBUG 3320 --- [Store] [    Test worker] o.s.b.f.s.DefaultListableBeanFactory     : Creating shared instance of singleton bean 'org.springframework.boot.autoconfigure.web.servlet.HttpEncodingAutoConfiguration'
2024-09-28T22:19:45.740-05:00 DEBUG 3320 --- [Store] [    Test worker] o.s.b.f.s.DefaultListableBeanFactory     : Autowiring by type from bean name 'org.springframework.boot.autoconfigure.web.servlet.HttpEncodingAutoConfiguration' via constructor to bean named 'server-org.springframework.boot.autoconfigure.web.ServerProperties'
2024-09-28T22:19:45.787-05:00 DEBUG 3320 --- [Store] [    Test worker] o.s.b.f.s.DefaultListableBeanFactory     : Creating shared instance of singleton bean 'errorPageCustomizer'
2024-09-28T22:19:45.788-05:00 DEBUG 3320 --- [Store] [    Test worker] o.s.b.f.s.DefaultListableBeanFactory     : Creating shared instance of singleton bean 'org.springframework.boot.autoconfigure.web.servlet.error.ErrorMvcAutoConfiguration'
2024-09-28T22:19:45.788-05:00 DEBUG 3320 --- [Store] [    Test worker] o.s.b.f.s.DefaultListableBeanFactory     : Autowiring by type from bean name 'org.springframework.boot.autoconfigure.web.servlet.error.ErrorMvcAutoConfiguration' via constructor to bean named 'server-org.springframework.boot.autoconfigure.web.ServerProperties'
2024-09-28T22:19:45.789-05:00 DEBUG 3320 --- [Store] [    Test worker] o.s.b.f.s.DefaultListableBeanFactory     : Creating shared instance of singleton bean 'dispatcherServletRegistration'
2024-09-28T22:19:45.790-05:00 DEBUG 3320 --- [Store] [    Test worker] o.s.b.f.s.DefaultListableBeanFactory     : Creating shared instance of singleton bean 'org.springframework.boot.autoconfigure.web.servlet.DispatcherServletAutoConfiguration$DispatcherServletRegistrationConfiguration'
2024-09-28T22:19:45.791-05:00 DEBUG 3320 --- [Store] [    Test worker] o.s.b.f.s.DefaultListableBeanFactory     : Creating shared instance of singleton bean 'dispatcherServlet'
2024-09-28T22:19:45.792-05:00 DEBUG 3320 --- [Store] [    Test worker] o.s.b.f.s.DefaultListableBeanFactory     : Creating shared instance of singleton bean 'org.springframework.boot.autoconfigure.web.servlet.DispatcherServletAutoConfiguration$DispatcherServletConfiguration'
2024-09-28T22:19:45.794-05:00 DEBUG 3320 --- [Store] [    Test worker] o.s.b.f.s.DefaultListableBeanFactory     : Creating shared instance of singleton bean 'spring.mvc-org.springframework.boot.autoconfigure.web.servlet.WebMvcProperties'
2024-09-28T22:19:45.803-05:00 DEBUG 3320 --- [Store] [    Test worker] o.s.b.f.s.DefaultListableBeanFactory     : Autowiring by type from bean name 'dispatcherServlet' via factory method to bean named 'spring.mvc-org.springframework.boot.autoconfigure.web.servlet.WebMvcProperties'
2024-09-28T22:19:45.834-05:00 DEBUG 3320 --- [Store] [    Test worker] o.s.b.f.s.DefaultListableBeanFactory     : Autowiring by type from bean name 'dispatcherServletRegistration' via factory method to bean named 'dispatcherServlet'
2024-09-28T22:19:45.834-05:00 DEBUG 3320 --- [Store] [    Test worker] o.s.b.f.s.DefaultListableBeanFactory     : Autowiring by type from bean name 'dispatcherServletRegistration' via factory method to bean named 'spring.mvc-org.springframework.boot.autoconfigure.web.servlet.WebMvcProperties'
2024-09-28T22:19:45.837-05:00 DEBUG 3320 --- [Store] [    Test worker] o.s.b.f.s.DefaultListableBeanFactory     : Creating shared instance of singleton bean 'multipartConfigElement'
2024-09-28T22:19:45.837-05:00 DEBUG 3320 --- [Store] [    Test worker] o.s.b.f.s.DefaultListableBeanFactory     : Creating shared instance of singleton bean 'org.springframework.boot.autoconfigure.web.servlet.MultipartAutoConfiguration'
2024-09-28T22:19:45.838-05:00 DEBUG 3320 --- [Store] [    Test worker] o.s.b.f.s.DefaultListableBeanFactory     : Creating shared instance of singleton bean 'spring.servlet.multipart-org.springframework.boot.autoconfigure.web.servlet.MultipartProperties'
2024-09-28T22:19:45.854-05:00 DEBUG 3320 --- [Store] [    Test worker] o.s.b.f.s.DefaultListableBeanFactory     : Autowiring by type from bean name 'org.springframework.boot.autoconfigure.web.servlet.MultipartAutoConfiguration' via constructor to bean named 'spring.servlet.multipart-org.springframework.boot.autoconfigure.web.servlet.MultipartProperties'
2024-09-28T22:19:45.861-05:00 DEBUG 3320 --- [Store] [    Test worker] o.s.b.f.s.DefaultListableBeanFactory     : Autowiring by type from bean name 'errorPageCustomizer' via factory method to bean named 'dispatcherServletRegistration'
2024-09-28T22:19:45.866-05:00 DEBUG 3320 --- [Store] [    Test worker] o.s.b.f.s.DefaultListableBeanFactory     : Creating shared instance of singleton bean 'org.springframework.boot.autoconfigure.web.servlet.DispatcherServletAutoConfiguration'
2024-09-28T22:19:45.867-05:00 DEBUG 3320 --- [Store] [    Test worker] o.s.b.f.s.DefaultListableBeanFactory     : Creating shared instance of singleton bean 'org.springframework.boot.autoconfigure.jackson.JacksonAutoConfiguration$Jackson2ObjectMapperBuilderCustomizerConfiguration'
2024-09-28T22:19:45.868-05:00 DEBUG 3320 --- [Store] [    Test worker] o.s.b.f.s.DefaultListableBeanFactory     : Creating shared instance of singleton bean 'standardJacksonObjectMapperBuilderCustomizer'
2024-09-28T22:19:45.869-05:00 DEBUG 3320 --- [Store] [    Test worker] o.s.b.f.s.DefaultListableBeanFactory     : Creating shared instance of singleton bean 'spring.jackson-org.springframework.boot.autoconfigure.jackson.JacksonProperties'
2024-09-28T22:19:45.876-05:00 DEBUG 3320 --- [Store] [    Test worker] o.s.b.f.s.DefaultListableBeanFactory     : Autowiring by type from bean name 'standardJacksonObjectMapperBuilderCustomizer' via factory method to bean named 'spring.jackson-org.springframework.boot.autoconfigure.jackson.JacksonProperties'
2024-09-28T22:19:45.878-05:00 DEBUG 3320 --- [Store] [    Test worker] o.s.b.f.s.DefaultListableBeanFactory     : Creating shared instance of singleton bean 'parameterNamesModule'
2024-09-28T22:19:45.878-05:00 DEBUG 3320 --- [Store] [    Test worker] o.s.b.f.s.DefaultListableBeanFactory     : Creating shared instance of singleton bean 'org.springframework.boot.autoconfigure.jackson.JacksonAutoConfiguration$ParameterNamesModuleConfiguration'
2024-09-28T22:19:45.888-05:00 DEBUG 3320 --- [Store] [    Test worker] o.s.b.f.s.DefaultListableBeanFactory     : Creating shared instance of singleton bean 'jsonMixinModule'
2024-09-28T22:19:45.889-05:00 DEBUG 3320 --- [Store] [    Test worker] o.s.b.f.s.DefaultListableBeanFactory     : Creating shared instance of singleton bean 'org.springframework.boot.autoconfigure.jackson.JacksonAutoConfiguration$JacksonMixinConfiguration'
2024-09-28T22:19:45.892-05:00 DEBUG 3320 --- [Store] [    Test worker] o.s.b.f.s.DefaultListableBeanFactory     : Creating shared instance of singleton bean 'jsonMixinModuleEntries'
2024-09-28T22:19:45.892-05:00 DEBUG 3320 --- [Store] [    Test worker] o.s.b.f.s.DefaultListableBeanFactory     : Autowiring by type from bean name 'jsonMixinModuleEntries' via factory method to bean named 'org.springframework.web.context.support.GenericWebApplicationContext@2dbd803f'
2024-09-28T22:19:45.903-05:00 DEBUG 3320 --- [Store] [    Test worker] o.s.b.f.s.DefaultListableBeanFactory     : Autowiring by type from bean name 'jsonMixinModule' via factory method to bean named 'org.springframework.web.context.support.GenericWebApplicationContext@2dbd803f'
2024-09-28T22:19:45.905-05:00 DEBUG 3320 --- [Store] [    Test worker] o.s.b.f.s.DefaultListableBeanFactory     : Autowiring by type from bean name 'jsonMixinModule' via factory method to bean named 'jsonMixinModuleEntries'
2024-09-28T22:19:45.911-05:00 DEBUG 3320 --- [Store] [    Test worker] o.s.b.f.s.DefaultListableBeanFactory     : Creating shared instance of singleton bean 'jsonComponentModule'
2024-09-28T22:19:45.912-05:00 DEBUG 3320 --- [Store] [    Test worker] o.s.b.f.s.DefaultListableBeanFactory     : Creating shared instance of singleton bean 'org.springframework.boot.autoconfigure.jackson.JacksonAutoConfiguration'
2024-09-28T22:19:45.921-05:00 DEBUG 3320 --- [Store] [    Test worker] o.s.b.f.s.DefaultListableBeanFactory     : Creating shared instance of singleton bean 'jacksonGeoModule'
2024-09-28T22:19:45.922-05:00 DEBUG 3320 --- [Store] [    Test worker] o.s.b.f.s.DefaultListableBeanFactory     : Creating shared instance of singleton bean 'org.springframework.data.web.config.SpringDataJacksonConfiguration'
2024-09-28T22:19:45.940-05:00 DEBUG 3320 --- [Store] [    Test worker] o.s.b.f.s.DefaultListableBeanFactory     : Creating shared instance of singleton bean 'pageModule'
2024-09-28T22:19:45.945-05:00 DEBUG 3320 --- [Store] [    Test worker] o.s.b.f.s.DefaultListableBeanFactory     : Creating shared instance of singleton bean 'org.springframework.boot.autoconfigure.jackson.JacksonAutoConfiguration$JacksonObjectMapperBuilderConfiguration'
2024-09-28T22:19:45.946-05:00 DEBUG 3320 --- [Store] [    Test worker] o.s.b.f.s.DefaultListableBeanFactory     : Creating shared instance of singleton bean 'org.springframework.boot.autoconfigure.jackson.JacksonAutoConfiguration$JacksonObjectMapperConfiguration'
2024-09-28T22:19:45.947-05:00 DEBUG 3320 --- [Store] [    Test worker] o.s.b.f.s.DefaultListableBeanFactory     : Creating shared instance of singleton bean 'jacksonObjectMapper'
2024-09-28T22:19:45.950-05:00 DEBUG 3320 --- [Store] [    Test worker] o.s.b.f.s.DefaultListableBeanFactory     : Autowiring by type from bean name 'jacksonObjectMapperBuilder' via factory method to bean named 'org.springframework.web.context.support.GenericWebApplicationContext@2dbd803f'
2024-09-28T22:19:45.950-05:00 DEBUG 3320 --- [Store] [    Test worker] o.s.b.f.s.DefaultListableBeanFactory     : Autowiring by type from bean name 'jacksonObjectMapperBuilder' via factory method to bean named 'standardJacksonObjectMapperBuilderCustomizer'
2024-09-28T22:19:45.954-05:00 DEBUG 3320 --- [Store] [    Test worker] o.s.b.f.s.DefaultListableBeanFactory     : Autowiring by type from bean name 'jacksonObjectMapper' via factory method to bean named 'jacksonObjectMapperBuilder'
2024-09-28T22:19:46.010-05:00 DEBUG 3320 --- [Store] [    Test worker] o.s.b.f.s.DefaultListableBeanFactory     : Creating shared instance of singleton bean 'org.springframework.boot.autoconfigure.http.codec.CodecsAutoConfiguration$DefaultCodecsConfiguration'
2024-09-28T22:19:46.011-05:00 DEBUG 3320 --- [Store] [    Test worker] o.s.b.f.s.DefaultListableBeanFactory     : Creating shared instance of singleton bean 'defaultCodecCustomizer'
2024-09-28T22:19:46.012-05:00 DEBUG 3320 --- [Store] [    Test worker] o.s.b.f.s.DefaultListableBeanFactory     : Creating shared instance of singleton bean 'spring.codec-org.springframework.boot.autoconfigure.codec.CodecProperties'
2024-09-28T22:19:46.015-05:00 DEBUG 3320 --- [Store] [    Test worker] o.s.b.f.s.DefaultListableBeanFactory     : Autowiring by type from bean name 'defaultCodecCustomizer' via factory method to bean named 'spring.codec-org.springframework.boot.autoconfigure.codec.CodecProperties'
2024-09-28T22:19:46.017-05:00 DEBUG 3320 --- [Store] [    Test worker] o.s.b.f.s.DefaultListableBeanFactory     : Creating shared instance of singleton bean 'org.springframework.boot.autoconfigure.http.codec.CodecsAutoConfiguration$JacksonCodecConfiguration'
2024-09-28T22:19:46.018-05:00 DEBUG 3320 --- [Store] [    Test worker] o.s.b.f.s.DefaultListableBeanFactory     : Creating shared instance of singleton bean 'jacksonCodecCustomizer'
2024-09-28T22:19:46.019-05:00 DEBUG 3320 --- [Store] [    Test worker] o.s.b.f.s.DefaultListableBeanFactory     : Autowiring by type from bean name 'jacksonCodecCustomizer' via factory method to bean named 'jacksonObjectMapper'
2024-09-28T22:19:46.020-05:00 DEBUG 3320 --- [Store] [    Test worker] o.s.b.f.s.DefaultListableBeanFactory     : Creating shared instance of singleton bean 'org.springframework.boot.autoconfigure.http.codec.CodecsAutoConfiguration'
2024-09-28T22:19:46.058-05:00 DEBUG 3320 --- [Store] [    Test worker] o.s.b.f.s.DefaultListableBeanFactory     : Creating shared instance of singleton bean 'org.springframework.boot.autoconfigure.task.TaskExecutorConfigurations$ThreadPoolTaskExecutorBuilderConfiguration'
2024-09-28T22:19:46.066-05:00 DEBUG 3320 --- [Store] [    Test worker] o.s.b.f.s.DefaultListableBeanFactory     : Creating shared instance of singleton bean 'threadPoolTaskExecutorBuilder'
2024-09-28T22:19:46.071-05:00 DEBUG 3320 --- [Store] [    Test worker] o.s.b.f.s.DefaultListableBeanFactory     : Creating shared instance of singleton bean 'spring.task.execution-org.springframework.boot.autoconfigure.task.TaskExecutionProperties'
2024-09-28T22:19:46.079-05:00 DEBUG 3320 --- [Store] [    Test worker] o.s.b.f.s.DefaultListableBeanFactory     : Autowiring by type from bean name 'threadPoolTaskExecutorBuilder' via factory method to bean named 'spring.task.execution-org.springframework.boot.autoconfigure.task.TaskExecutionProperties'
2024-09-28T22:19:46.084-05:00 DEBUG 3320 --- [Store] [    Test worker] o.s.b.f.s.DefaultListableBeanFactory     : Creating shared instance of singleton bean 'org.springframework.boot.autoconfigure.task.TaskExecutorConfigurations$TaskExecutorBuilderConfiguration'
2024-09-28T22:19:46.085-05:00 DEBUG 3320 --- [Store] [    Test worker] o.s.b.f.s.DefaultListableBeanFactory     : Creating shared instance of singleton bean 'taskExecutorBuilder'
2024-09-28T22:19:46.085-05:00 DEBUG 3320 --- [Store] [    Test worker] o.s.b.f.s.DefaultListableBeanFactory     : Autowiring by type from bean name 'taskExecutorBuilder' via factory method to bean named 'spring.task.execution-org.springframework.boot.autoconfigure.task.TaskExecutionProperties'
2024-09-28T22:19:46.089-05:00 DEBUG 3320 --- [Store] [    Test worker] o.s.b.f.s.DefaultListableBeanFactory     : Creating shared instance of singleton bean 'org.springframework.boot.autoconfigure.task.TaskExecutorConfigurations$SimpleAsyncTaskExecutorBuilderConfiguration'
2024-09-28T22:19:46.091-05:00 DEBUG 3320 --- [Store] [    Test worker] o.s.b.f.s.DefaultListableBeanFactory     : Autowiring by type from bean name 'org.springframework.boot.autoconfigure.task.TaskExecutorConfigurations$SimpleAsyncTaskExecutorBuilderConfiguration' via constructor to bean named 'spring.task.execution-org.springframework.boot.autoconfigure.task.TaskExecutionProperties'
2024-09-28T22:19:46.092-05:00 DEBUG 3320 --- [Store] [    Test worker] o.s.b.f.s.DefaultListableBeanFactory     : Creating shared instance of singleton bean 'simpleAsyncTaskExecutorBuilder'
2024-09-28T22:19:46.095-05:00 DEBUG 3320 --- [Store] [    Test worker] o.s.b.f.s.DefaultListableBeanFactory     : Creating shared instance of singleton bean 'org.springframework.boot.autoconfigure.task.TaskExecutorConfigurations$TaskExecutorConfiguration'
2024-09-28T22:19:46.096-05:00 DEBUG 3320 --- [Store] [    Test worker] o.s.b.f.s.DefaultListableBeanFactory     : Creating shared instance of singleton bean 'org.springframework.boot.autoconfigure.task.TaskExecutionAutoConfiguration'
2024-09-28T22:19:46.097-05:00 DEBUG 3320 --- [Store] [    Test worker] o.s.b.f.s.DefaultListableBeanFactory     : Creating shared instance of singleton bean 'org.springframework.boot.autoconfigure.web.servlet.error.ErrorMvcAutoConfiguration$WhitelabelErrorViewConfiguration'
2024-09-28T22:19:46.098-05:00 DEBUG 3320 --- [Store] [    Test worker] o.s.b.f.s.DefaultListableBeanFactory     : Creating shared instance of singleton bean 'error'
2024-09-28T22:19:46.100-05:00 DEBUG 3320 --- [Store] [    Test worker] o.s.b.f.s.DefaultListableBeanFactory     : Creating shared instance of singleton bean 'beanNameViewResolver'
2024-09-28T22:19:46.163-05:00 DEBUG 3320 --- [Store] [    Test worker] o.s.b.f.s.DefaultListableBeanFactory     : Creating shared instance of singleton bean 'org.springframework.boot.autoconfigure.web.servlet.error.ErrorMvcAutoConfiguration$DefaultErrorViewResolverConfiguration'
2024-09-28T22:19:46.165-05:00 DEBUG 3320 --- [Store] [    Test worker] o.s.b.f.s.DefaultListableBeanFactory     : Creating shared instance of singleton bean 'spring.web-org.springframework.boot.autoconfigure.web.WebProperties'
2024-09-28T22:19:46.172-05:00 DEBUG 3320 --- [Store] [    Test worker] o.s.b.f.s.DefaultListableBeanFactory     : Autowiring by type from bean name 'org.springframework.boot.autoconfigure.web.servlet.error.ErrorMvcAutoConfiguration$DefaultErrorViewResolverConfiguration' via constructor to bean named 'org.springframework.web.context.support.GenericWebApplicationContext@2dbd803f'
2024-09-28T22:19:46.172-05:00 DEBUG 3320 --- [Store] [    Test worker] o.s.b.f.s.DefaultListableBeanFactory     : Autowiring by type from bean name 'org.springframework.boot.autoconfigure.web.servlet.error.ErrorMvcAutoConfiguration$DefaultErrorViewResolverConfiguration' via constructor to bean named 'spring.web-org.springframework.boot.autoconfigure.web.WebProperties'
2024-09-28T22:19:46.173-05:00 DEBUG 3320 --- [Store] [    Test worker] o.s.b.f.s.DefaultListableBeanFactory     : Creating shared instance of singleton bean 'conventionErrorViewResolver'
2024-09-28T22:19:46.184-05:00 DEBUG 3320 --- [Store] [    Test worker] o.s.b.f.s.DefaultListableBeanFactory     : Creating shared instance of singleton bean 'errorAttributes'
2024-09-28T22:19:46.192-05:00 DEBUG 3320 --- [Store] [    Test worker] o.s.b.f.s.DefaultListableBeanFactory     : Creating shared instance of singleton bean 'basicErrorController'
2024-09-28T22:19:46.193-05:00 DEBUG 3320 --- [Store] [    Test worker] o.s.b.f.s.DefaultListableBeanFactory     : Autowiring by type from bean name 'basicErrorController' via factory method to bean named 'errorAttributes'
2024-09-28T22:19:46.231-05:00 DEBUG 3320 --- [Store] [    Test worker] o.s.b.f.s.DefaultListableBeanFactory     : Creating shared instance of singleton bean 'org.springframework.boot.autoconfigure.web.servlet.WebMvcAutoConfiguration$EnableWebMvcConfiguration'
2024-09-28T22:19:46.239-05:00 DEBUG 3320 --- [Store] [    Test worker] o.s.b.f.s.DefaultListableBeanFactory     : Autowiring by type from bean name 'org.springframework.boot.autoconfigure.web.servlet.WebMvcAutoConfiguration$EnableWebMvcConfiguration' via constructor to bean named 'spring.mvc-org.springframework.boot.autoconfigure.web.servlet.WebMvcProperties'
2024-09-28T22:19:46.241-05:00 DEBUG 3320 --- [Store] [    Test worker] o.s.b.f.s.DefaultListableBeanFactory     : Autowiring by type from bean name 'org.springframework.boot.autoconfigure.web.servlet.WebMvcAutoConfiguration$EnableWebMvcConfiguration' via constructor to bean named 'spring.web-org.springframework.boot.autoconfigure.web.WebProperties'
2024-09-28T22:19:46.242-05:00 DEBUG 3320 --- [Store] [    Test worker] o.s.b.f.s.DefaultListableBeanFactory     : Autowiring by type from bean name 'org.springframework.boot.autoconfigure.web.servlet.WebMvcAutoConfiguration$EnableWebMvcConfiguration' via constructor to bean named 'org.springframework.beans.factory.support.DefaultListableBeanFactory@408b87aa'
2024-09-28T22:19:46.256-05:00 DEBUG 3320 --- [Store] [    Test worker] o.s.b.f.s.DefaultListableBeanFactory     : Creating shared instance of singleton bean 'org.springframework.boot.autoconfigure.web.servlet.WebMvcAutoConfiguration$WebMvcAutoConfigurationAdapter'
2024-09-28T22:19:46.258-05:00 DEBUG 3320 --- [Store] [    Test worker] o.s.b.f.s.DefaultListableBeanFactory     : Autowiring by type from bean name 'org.springframework.boot.autoconfigure.web.servlet.WebMvcAutoConfiguration$WebMvcAutoConfigurationAdapter' via constructor to bean named 'spring.web-org.springframework.boot.autoconfigure.web.WebProperties'
2024-09-28T22:19:46.258-05:00 DEBUG 3320 --- [Store] [    Test worker] o.s.b.f.s.DefaultListableBeanFactory     : Autowiring by type from bean name 'org.springframework.boot.autoconfigure.web.servlet.WebMvcAutoConfiguration$WebMvcAutoConfigurationAdapter' via constructor to bean named 'spring.mvc-org.springframework.boot.autoconfigure.web.servlet.WebMvcProperties'
2024-09-28T22:19:46.258-05:00 DEBUG 3320 --- [Store] [    Test worker] o.s.b.f.s.DefaultListableBeanFactory     : Autowiring by type from bean name 'org.springframework.boot.autoconfigure.web.servlet.WebMvcAutoConfiguration$WebMvcAutoConfigurationAdapter' via constructor to bean named 'org.springframework.beans.factory.support.DefaultListableBeanFactory@408b87aa'
2024-09-28T22:19:46.260-05:00 DEBUG 3320 --- [Store] [    Test worker] o.s.b.f.s.DefaultListableBeanFactory     : Creating shared instance of singleton bean 'openEntityManagerInViewInterceptorConfigurer'
2024-09-28T22:19:46.262-05:00 DEBUG 3320 --- [Store] [    Test worker] o.s.b.f.s.DefaultListableBeanFactory     : Creating shared instance of singleton bean 'org.springframework.boot.autoconfigure.orm.jpa.JpaBaseConfiguration$JpaWebConfiguration'
2024-09-28T22:19:46.262-05:00 DEBUG 3320 --- [Store] [    Test worker] o.s.b.f.s.DefaultListableBeanFactory     : Autowiring by type from bean name 'org.springframework.boot.autoconfigure.orm.jpa.JpaBaseConfiguration$JpaWebConfiguration' via constructor to bean named 'spring.jpa-org.springframework.boot.autoconfigure.orm.jpa.JpaProperties'
2024-09-28T22:19:46.263-05:00 DEBUG 3320 --- [Store] [    Test worker] o.s.b.f.s.DefaultListableBeanFactory     : Creating shared instance of singleton bean 'openEntityManagerInViewInterceptor'
2024-09-28T22:19:46.264-05:00  WARN 3320 --- [Store] [    Test worker] JpaBaseConfiguration$JpaWebConfiguration : spring.jpa.open-in-view is enabled by default. Therefore, database queries may be performed during view rendering. Explicitly configure spring.jpa.open-in-view to disable this warning
2024-09-28T22:19:46.269-05:00 DEBUG 3320 --- [Store] [    Test worker] o.s.b.f.s.DefaultListableBeanFactory     : Autowiring by type from bean name 'openEntityManagerInViewInterceptorConfigurer' via factory method to bean named 'openEntityManagerInViewInterceptor'
2024-09-28T22:19:46.271-05:00 DEBUG 3320 --- [Store] [    Test worker] o.s.b.f.s.DefaultListableBeanFactory     : Creating shared instance of singleton bean 'org.springframework.data.web.config.SpringDataWebConfiguration'
2024-09-28T22:19:46.273-05:00 DEBUG 3320 --- [Store] [    Test worker] o.s.b.f.s.DefaultListableBeanFactory     : Autowiring by type from bean name 'org.springframework.data.web.config.SpringDataWebConfiguration' via constructor to bean named 'org.springframework.web.context.support.GenericWebApplicationContext@2dbd803f'
2024-09-28T22:19:46.312-05:00 DEBUG 3320 --- [Store] [    Test worker] o.s.b.f.s.DefaultListableBeanFactory     : Creating shared instance of singleton bean 'welcomePageHandlerMapping'
2024-09-28T22:19:46.316-05:00 DEBUG 3320 --- [Store] [    Test worker] o.s.b.f.s.DefaultListableBeanFactory     : Creating shared instance of singleton bean 'mvcConversionService'
2024-09-28T22:19:46.341-05:00 DEBUG 3320 --- [Store] [    Test worker] o.s.b.f.s.DefaultListableBeanFactory     : Creating shared instance of singleton bean 'mvcResourceUrlProvider'
2024-09-28T22:19:46.346-05:00 DEBUG 3320 --- [Store] [    Test worker] o.s.b.f.s.DefaultListableBeanFactory     : Autowiring by type from bean name 'welcomePageHandlerMapping' via factory method to bean named 'org.springframework.web.context.support.GenericWebApplicationContext@2dbd803f'
2024-09-28T22:19:46.346-05:00 DEBUG 3320 --- [Store] [    Test worker] o.s.b.f.s.DefaultListableBeanFactory     : Autowiring by type from bean name 'welcomePageHandlerMapping' via factory method to bean named 'mvcConversionService'
2024-09-28T22:19:46.346-05:00 DEBUG 3320 --- [Store] [    Test worker] o.s.b.f.s.DefaultListableBeanFactory     : Autowiring by type from bean name 'welcomePageHandlerMapping' via factory method to bean named 'mvcResourceUrlProvider'
2024-09-28T22:19:46.407-05:00 DEBUG 3320 --- [Store] [    Test worker] o.s.b.f.s.DefaultListableBeanFactory     : Creating shared instance of singleton bean 'welcomePageNotAcceptableHandlerMapping'
2024-09-28T22:19:46.408-05:00 DEBUG 3320 --- [Store] [    Test worker] o.s.b.f.s.DefaultListableBeanFactory     : Autowiring by type from bean name 'welcomePageNotAcceptableHandlerMapping' via factory method to bean named 'org.springframework.web.context.support.GenericWebApplicationContext@2dbd803f'
2024-09-28T22:19:46.408-05:00 DEBUG 3320 --- [Store] [    Test worker] o.s.b.f.s.DefaultListableBeanFactory     : Autowiring by type from bean name 'welcomePageNotAcceptableHandlerMapping' via factory method to bean named 'mvcConversionService'
2024-09-28T22:19:46.408-05:00 DEBUG 3320 --- [Store] [    Test worker] o.s.b.f.s.DefaultListableBeanFactory     : Autowiring by type from bean name 'welcomePageNotAcceptableHandlerMapping' via factory method to bean named 'mvcResourceUrlProvider'
2024-09-28T22:19:46.420-05:00 DEBUG 3320 --- [Store] [    Test worker] o.s.b.f.s.DefaultListableBeanFactory     : Creating shared instance of singleton bean 'localeResolver'
2024-09-28T22:19:46.426-05:00 DEBUG 3320 --- [Store] [    Test worker] o.s.b.f.s.DefaultListableBeanFactory     : Creating shared instance of singleton bean 'themeResolver'
2024-09-28T22:19:46.431-05:00 DEBUG 3320 --- [Store] [    Test worker] o.s.b.f.s.DefaultListableBeanFactory     : Creating shared instance of singleton bean 'flashMapManager'
2024-09-28T22:19:46.439-05:00 DEBUG 3320 --- [Store] [    Test worker] o.s.b.f.s.DefaultListableBeanFactory     : Creating shared instance of singleton bean 'mvcValidator'
2024-09-28T22:19:46.443-05:00 DEBUG 3320 --- [Store] [    Test worker] o.s.b.f.s.DefaultListableBeanFactory     : Creating shared instance of singleton bean 'mvcContentNegotiationManager'
2024-09-28T22:19:46.453-05:00 DEBUG 3320 --- [Store] [    Test worker] o.s.b.f.s.DefaultListableBeanFactory     : Creating shared instance of singleton bean 'requestMappingHandlerMapping'
2024-09-28T22:19:46.458-05:00 DEBUG 3320 --- [Store] [    Test worker] o.s.b.f.s.DefaultListableBeanFactory     : Autowiring by type from bean name 'requestMappingHandlerMapping' via factory method to bean named 'mvcContentNegotiationManager'
2024-09-28T22:19:46.458-05:00 DEBUG 3320 --- [Store] [    Test worker] o.s.b.f.s.DefaultListableBeanFactory     : Autowiring by type from bean name 'requestMappingHandlerMapping' via factory method to bean named 'mvcConversionService'
2024-09-28T22:19:46.458-05:00 DEBUG 3320 --- [Store] [    Test worker] o.s.b.f.s.DefaultListableBeanFactory     : Autowiring by type from bean name 'requestMappingHandlerMapping' via factory method to bean named 'mvcResourceUrlProvider'
2024-09-28T22:19:46.716-05:00 DEBUG 3320 --- [Store] [    Test worker] s.w.s.m.m.a.RequestMappingHandlerMapping : 13 mappings in 'requestMappingHandlerMapping'
2024-09-28T22:19:46.721-05:00 DEBUG 3320 --- [Store] [    Test worker] o.s.b.f.s.DefaultListableBeanFactory     : Creating shared instance of singleton bean 'mvcPatternParser'
2024-09-28T22:19:46.722-05:00 DEBUG 3320 --- [Store] [    Test worker] o.s.b.f.s.DefaultListableBeanFactory     : Creating shared instance of singleton bean 'mvcUrlPathHelper'
2024-09-28T22:19:46.724-05:00 DEBUG 3320 --- [Store] [    Test worker] o.s.b.f.s.DefaultListableBeanFactory     : Creating shared instance of singleton bean 'mvcPathMatcher'
2024-09-28T22:19:46.726-05:00 DEBUG 3320 --- [Store] [    Test worker] o.s.b.f.s.DefaultListableBeanFactory     : Creating shared instance of singleton bean 'viewControllerHandlerMapping'
2024-09-28T22:19:46.727-05:00 DEBUG 3320 --- [Store] [    Test worker] o.s.b.f.s.DefaultListableBeanFactory     : Autowiring by type from bean name 'viewControllerHandlerMapping' via factory method to bean named 'mvcConversionService'
2024-09-28T22:19:46.727-05:00 DEBUG 3320 --- [Store] [    Test worker] o.s.b.f.s.DefaultListableBeanFactory     : Autowiring by type from bean name 'viewControllerHandlerMapping' via factory method to bean named 'mvcResourceUrlProvider'
2024-09-28T22:19:46.728-05:00 DEBUG 3320 --- [Store] [    Test worker] o.s.b.f.s.DefaultListableBeanFactory     : Creating shared instance of singleton bean 'beanNameHandlerMapping'
2024-09-28T22:19:46.730-05:00 DEBUG 3320 --- [Store] [    Test worker] o.s.b.f.s.DefaultListableBeanFactory     : Autowiring by type from bean name 'beanNameHandlerMapping' via factory method to bean named 'mvcConversionService'
2024-09-28T22:19:46.730-05:00 DEBUG 3320 --- [Store] [    Test worker] o.s.b.f.s.DefaultListableBeanFactory     : Autowiring by type from bean name 'beanNameHandlerMapping' via factory method to bean named 'mvcResourceUrlProvider'
2024-09-28T22:19:46.736-05:00 DEBUG 3320 --- [Store] [    Test worker] o.s.b.f.s.DefaultListableBeanFactory     : Creating shared instance of singleton bean 'routerFunctionMapping'
2024-09-28T22:19:46.737-05:00 DEBUG 3320 --- [Store] [    Test worker] o.s.b.f.s.DefaultListableBeanFactory     : Autowiring by type from bean name 'routerFunctionMapping' via factory method to bean named 'mvcConversionService'
2024-09-28T22:19:46.737-05:00 DEBUG 3320 --- [Store] [    Test worker] o.s.b.f.s.DefaultListableBeanFactory     : Autowiring by type from bean name 'routerFunctionMapping' via factory method to bean named 'mvcResourceUrlProvider'
2024-09-28T22:19:46.740-05:00 DEBUG 3320 --- [Store] [    Test worker] o.s.b.f.s.DefaultListableBeanFactory     : Creating shared instance of singleton bean 'messageConverters'
2024-09-28T22:19:46.740-05:00 DEBUG 3320 --- [Store] [    Test worker] o.s.b.f.s.DefaultListableBeanFactory     : Creating shared instance of singleton bean 'org.springframework.boot.autoconfigure.http.HttpMessageConvertersAutoConfiguration'
2024-09-28T22:19:46.752-05:00 DEBUG 3320 --- [Store] [    Test worker] o.s.b.f.s.DefaultListableBeanFactory     : Creating shared instance of singleton bean 'stringHttpMessageConverter'
2024-09-28T22:19:46.753-05:00 DEBUG 3320 --- [Store] [    Test worker] o.s.b.f.s.DefaultListableBeanFactory     : Creating shared instance of singleton bean 'org.springframework.boot.autoconfigure.http.HttpMessageConvertersAutoConfiguration$StringHttpMessageConverterConfiguration'
2024-09-28T22:19:46.755-05:00 DEBUG 3320 --- [Store] [    Test worker] o.s.b.f.s.DefaultListableBeanFactory     : Autowiring by type from bean name 'stringHttpMessageConverter' via factory method to bean named 'environment'
2024-09-28T22:19:46.762-05:00 DEBUG 3320 --- [Store] [    Test worker] o.s.b.f.s.DefaultListableBeanFactory     : Creating shared instance of singleton bean 'mappingJackson2HttpMessageConverter'
2024-09-28T22:19:46.762-05:00 DEBUG 3320 --- [Store] [    Test worker] o.s.b.f.s.DefaultListableBeanFactory     : Creating shared instance of singleton bean 'org.springframework.boot.autoconfigure.http.JacksonHttpMessageConvertersConfiguration$MappingJackson2HttpMessageConverterConfiguration'
2024-09-28T22:19:46.764-05:00 DEBUG 3320 --- [Store] [    Test worker] o.s.b.f.s.DefaultListableBeanFactory     : Autowiring by type from bean name 'mappingJackson2HttpMessageConverter' via factory method to bean named 'jacksonObjectMapper'
2024-09-28T22:19:46.914-05:00 DEBUG 3320 --- [Store] [    Test worker] o.s.b.f.s.DefaultListableBeanFactory     : Creating shared instance of singleton bean 'resourceHandlerMapping'
2024-09-28T22:19:46.916-05:00 DEBUG 3320 --- [Store] [    Test worker] o.s.b.f.s.DefaultListableBeanFactory     : Autowiring by type from bean name 'resourceHandlerMapping' via factory method to bean named 'mvcContentNegotiationManager'
2024-09-28T22:19:46.916-05:00 DEBUG 3320 --- [Store] [    Test worker] o.s.b.f.s.DefaultListableBeanFactory     : Autowiring by type from bean name 'resourceHandlerMapping' via factory method to bean named 'mvcConversionService'
2024-09-28T22:19:46.916-05:00 DEBUG 3320 --- [Store] [    Test worker] o.s.b.f.s.DefaultListableBeanFactory     : Autowiring by type from bean name 'resourceHandlerMapping' via factory method to bean named 'mvcResourceUrlProvider'
2024-09-28T22:19:46.980-05:00 DEBUG 3320 --- [Store] [    Test worker] o.s.w.s.handler.SimpleUrlHandlerMapping  : Patterns [/webjars/**, /**] in 'resourceHandlerMapping'
2024-09-28T22:19:46.982-05:00 DEBUG 3320 --- [Store] [    Test worker] o.s.b.f.s.DefaultListableBeanFactory     : Creating shared instance of singleton bean 'defaultServletHandlerMapping'
2024-09-28T22:19:46.983-05:00 DEBUG 3320 --- [Store] [    Test worker] o.s.b.f.s.DefaultListableBeanFactory     : Creating shared instance of singleton bean 'requestMappingHandlerAdapter'
2024-09-28T22:19:46.985-05:00 DEBUG 3320 --- [Store] [    Test worker] o.s.b.f.s.DefaultListableBeanFactory     : Autowiring by type from bean name 'requestMappingHandlerAdapter' via factory method to bean named 'mvcContentNegotiationManager'
2024-09-28T22:19:46.985-05:00 DEBUG 3320 --- [Store] [    Test worker] o.s.b.f.s.DefaultListableBeanFactory     : Autowiring by type from bean name 'requestMappingHandlerAdapter' via factory method to bean named 'mvcConversionService'
2024-09-28T22:19:46.985-05:00 DEBUG 3320 --- [Store] [    Test worker] o.s.b.f.s.DefaultListableBeanFactory     : Autowiring by type from bean name 'requestMappingHandlerAdapter' via factory method to bean named 'mvcValidator'
2024-09-28T22:19:46.998-05:00 DEBUG 3320 --- [Store] [    Test worker] o.s.b.f.s.DefaultListableBeanFactory     : Creating shared instance of singleton bean 'sortResolver'
2024-09-28T22:19:47.001-05:00 DEBUG 3320 --- [Store] [    Test worker] o.s.b.f.s.DefaultListableBeanFactory     : Creating shared instance of singleton bean 'sortCustomizer'
2024-09-28T22:19:47.003-05:00 DEBUG 3320 --- [Store] [    Test worker] o.s.b.f.s.DefaultListableBeanFactory     : Creating shared instance of singleton bean 'org.springframework.boot.autoconfigure.data.web.SpringDataWebAutoConfiguration'
2024-09-28T22:19:47.004-05:00 DEBUG 3320 --- [Store] [    Test worker] o.s.b.f.s.DefaultListableBeanFactory     : Creating shared instance of singleton bean 'spring.data.web-org.springframework.boot.autoconfigure.data.web.SpringDataWebProperties'
2024-09-28T22:19:47.006-05:00 DEBUG 3320 --- [Store] [    Test worker] o.s.b.f.s.DefaultListableBeanFactory     : Autowiring by type from bean name 'org.springframework.boot.autoconfigure.data.web.SpringDataWebAutoConfiguration' via constructor to bean named 'spring.data.web-org.springframework.boot.autoconfigure.data.web.SpringDataWebProperties'
2024-09-28T22:19:47.027-05:00 DEBUG 3320 --- [Store] [    Test worker] o.s.b.f.s.DefaultListableBeanFactory     : Creating shared instance of singleton bean 'pageableResolver'
2024-09-28T22:19:47.036-05:00 DEBUG 3320 --- [Store] [    Test worker] o.s.b.f.s.DefaultListableBeanFactory     : Creating shared instance of singleton bean 'pageableCustomizer'
2024-09-28T22:19:47.043-05:00 DEBUG 3320 --- [Store] [    Test worker] o.s.b.f.s.DefaultListableBeanFactory     : Creating shared instance of singleton bean 'applicationTaskExecutor'
2024-09-28T22:19:47.045-05:00 DEBUG 3320 --- [Store] [    Test worker] o.s.b.f.s.DefaultListableBeanFactory     : Autowiring by type from bean name 'applicationTaskExecutor' via factory method to bean named 'taskExecutorBuilder'
2024-09-28T22:19:47.058-05:00 DEBUG 3320 --- [Store] [    Test worker] o.s.s.concurrent.ThreadPoolTaskExecutor  : Initializing ExecutorService 'applicationTaskExecutor'
2024-09-28T22:19:47.103-05:00 DEBUG 3320 --- [Store] [    Test worker] s.w.s.m.m.a.RequestMappingHandlerAdapter : ControllerAdvice beans: 0 @ModelAttribute, 0 @InitBinder, 1 RequestBodyAdvice, 1 ResponseBodyAdvice
2024-09-28T22:19:47.176-05:00 DEBUG 3320 --- [Store] [    Test worker] o.s.b.f.s.DefaultListableBeanFactory     : Creating shared instance of singleton bean 'handlerFunctionAdapter'
2024-09-28T22:19:47.193-05:00 DEBUG 3320 --- [Store] [    Test worker] o.s.b.f.s.DefaultListableBeanFactory     : Creating shared instance of singleton bean 'mvcUriComponentsContributor'
2024-09-28T22:19:47.195-05:00 DEBUG 3320 --- [Store] [    Test worker] o.s.b.f.s.DefaultListableBeanFactory     : Autowiring by type from bean name 'mvcUriComponentsContributor' via factory method to bean named 'mvcConversionService'
2024-09-28T22:19:47.196-05:00 DEBUG 3320 --- [Store] [    Test worker] o.s.b.f.s.DefaultListableBeanFactory     : Autowiring by type from bean name 'mvcUriComponentsContributor' via factory method to bean named 'requestMappingHandlerAdapter'
2024-09-28T22:19:47.201-05:00 DEBUG 3320 --- [Store] [    Test worker] o.s.b.f.s.DefaultListableBeanFactory     : Creating shared instance of singleton bean 'httpRequestHandlerAdapter'
2024-09-28T22:19:47.203-05:00 DEBUG 3320 --- [Store] [    Test worker] o.s.b.f.s.DefaultListableBeanFactory     : Creating shared instance of singleton bean 'simpleControllerHandlerAdapter'
2024-09-28T22:19:47.204-05:00 DEBUG 3320 --- [Store] [    Test worker] o.s.b.f.s.DefaultListableBeanFactory     : Creating shared instance of singleton bean 'handlerExceptionResolver'
2024-09-28T22:19:47.205-05:00 DEBUG 3320 --- [Store] [    Test worker] o.s.b.f.s.DefaultListableBeanFactory     : Autowiring by type from bean name 'handlerExceptionResolver' via factory method to bean named 'mvcContentNegotiationManager'
2024-09-28T22:19:47.209-05:00 DEBUG 3320 --- [Store] [    Test worker] .m.m.a.ExceptionHandlerExceptionResolver : ControllerAdvice beans: 0 @ExceptionHandler, 1 ResponseBodyAdvice
2024-09-28T22:19:47.215-05:00 DEBUG 3320 --- [Store] [    Test worker] o.s.b.f.s.DefaultListableBeanFactory     : Creating shared instance of singleton bean 'mvcViewResolver'
2024-09-28T22:19:47.215-05:00 DEBUG 3320 --- [Store] [    Test worker] o.s.b.f.s.DefaultListableBeanFactory     : Autowiring by type from bean name 'mvcViewResolver' via factory method to bean named 'mvcContentNegotiationManager'
2024-09-28T22:19:47.222-05:00 DEBUG 3320 --- [Store] [    Test worker] o.s.b.f.s.DefaultListableBeanFactory     : Creating shared instance of singleton bean 'viewNameTranslator'
2024-09-28T22:19:47.223-05:00 DEBUG 3320 --- [Store] [    Test worker] o.s.b.f.s.DefaultListableBeanFactory     : Creating shared instance of singleton bean 'defaultViewResolver'
2024-09-28T22:19:47.302-05:00 DEBUG 3320 --- [Store] [    Test worker] o.s.b.f.s.DefaultListableBeanFactory     : Creating shared instance of singleton bean 'viewResolver'
2024-09-28T22:19:47.304-05:00 DEBUG 3320 --- [Store] [    Test worker] o.s.b.f.s.DefaultListableBeanFactory     : Autowiring by type from bean name 'viewResolver' via factory method to bean named 'org.springframework.beans.factory.support.DefaultListableBeanFactory@408b87aa'
2024-09-28T22:19:47.307-05:00 DEBUG 3320 --- [Store] [    Test worker] o.s.b.f.s.DefaultListableBeanFactory     : Creating shared instance of singleton bean 'viewResolver'
2024-09-28T22:19:47.311-05:00 DEBUG 3320 --- [Store] [    Test worker] o.s.b.f.s.DefaultListableBeanFactory     : Creating shared instance of singleton bean 'requestContextFilter'
2024-09-28T22:19:47.317-05:00 DEBUG 3320 --- [Store] [    Test worker] o.s.b.f.s.DefaultListableBeanFactory     : Creating shared instance of singleton bean 'org.springframework.boot.autoconfigure.web.servlet.WebMvcAutoConfiguration'
2024-09-28T22:19:47.319-05:00 DEBUG 3320 --- [Store] [    Test worker] o.s.b.f.s.DefaultListableBeanFactory     : Creating shared instance of singleton bean 'formContentFilter'
2024-09-28T22:19:47.323-05:00 DEBUG 3320 --- [Store] [    Test worker] o.s.b.f.s.DefaultListableBeanFactory     : Creating shared instance of singleton bean 'org.springframework.boot.autoconfigure.aop.AopAutoConfiguration$AspectJAutoProxyingConfiguration$CglibAutoProxyConfiguration'
2024-09-28T22:19:47.324-05:00 DEBUG 3320 --- [Store] [    Test worker] o.s.b.f.s.DefaultListableBeanFactory     : Creating shared instance of singleton bean 'org.springframework.boot.autoconfigure.aop.AopAutoConfiguration$AspectJAutoProxyingConfiguration'
2024-09-28T22:19:47.325-05:00 DEBUG 3320 --- [Store] [    Test worker] o.s.b.f.s.DefaultListableBeanFactory     : Creating shared instance of singleton bean 'org.springframework.boot.autoconfigure.aop.AopAutoConfiguration'
2024-09-28T22:19:47.325-05:00 DEBUG 3320 --- [Store] [    Test worker] o.s.b.f.s.DefaultListableBeanFactory     : Creating shared instance of singleton bean 'org.springframework.boot.autoconfigure.availability.ApplicationAvailabilityAutoConfiguration'
2024-09-28T22:19:47.326-05:00 DEBUG 3320 --- [Store] [    Test worker] o.s.b.f.s.DefaultListableBeanFactory     : Creating shared instance of singleton bean 'applicationAvailability'
2024-09-28T22:19:47.352-05:00 DEBUG 3320 --- [Store] [    Test worker] o.s.b.f.s.DefaultListableBeanFactory     : Creating shared instance of singleton bean 'org.springframework.boot.autoconfigure.transaction.jta.JtaAutoConfiguration'
2024-09-28T22:19:47.354-05:00 DEBUG 3320 --- [Store] [    Test worker] o.s.b.f.s.DefaultListableBeanFactory     : Creating shared instance of singleton bean 'org.springframework.boot.autoconfigure.jdbc.metadata.DataSourcePoolMetadataProvidersConfiguration'
2024-09-28T22:19:47.355-05:00 DEBUG 3320 --- [Store] [    Test worker] o.s.b.f.s.DefaultListableBeanFactory     : Creating shared instance of singleton bean 'org.springframework.boot.autoconfigure.jdbc.DataSourceAutoConfiguration'
2024-09-28T22:19:47.356-05:00 DEBUG 3320 --- [Store] [    Test worker] o.s.b.f.s.DefaultListableBeanFactory     : Creating shared instance of singleton bean 'org.springframework.boot.autoconfigure.transaction.TransactionManagerCustomizationAutoConfiguration'
2024-09-28T22:19:47.357-05:00 DEBUG 3320 --- [Store] [    Test worker] o.s.b.f.s.DefaultListableBeanFactory     : Creating shared instance of singleton bean 'platformTransactionManagerCustomizers'
2024-09-28T22:19:47.363-05:00 DEBUG 3320 --- [Store] [    Test worker] o.s.b.f.s.DefaultListableBeanFactory     : Creating shared instance of singleton bean 'transactionExecutionListeners'
2024-09-28T22:19:47.367-05:00 DEBUG 3320 --- [Store] [    Test worker] o.s.b.f.s.DefaultListableBeanFactory     : Creating shared instance of singleton bean 'spring.transaction-org.springframework.boot.autoconfigure.transaction.TransactionProperties'
2024-09-28T22:19:47.378-05:00 DEBUG 3320 --- [Store] [    Test worker] o.s.b.f.s.DefaultListableBeanFactory     : Creating shared instance of singleton bean 'org.springframework.boot.autoconfigure.orm.jpa.JpaBaseConfiguration$PersistenceManagedTypesConfiguration'
2024-09-28T22:19:47.379-05:00 DEBUG 3320 --- [Store] [    Test worker] o.s.b.f.s.DefaultListableBeanFactory     : Creating shared instance of singleton bean 'transactionManager'
2024-09-28T22:19:47.405-05:00 DEBUG 3320 --- [Store] [    Test worker] o.s.b.f.s.DefaultListableBeanFactory     : Creating shared instance of singleton bean 'org.springframework.boot.autoconfigure.orm.jpa.HibernateJpaAutoConfiguration'
2024-09-28T22:19:47.412-05:00 DEBUG 3320 --- [Store] [    Test worker] o.s.b.f.s.DefaultListableBeanFactory     : Creating shared instance of singleton bean 'org.springframework.boot.autoconfigure.context.ConfigurationPropertiesAutoConfiguration'
2024-09-28T22:19:47.419-05:00 DEBUG 3320 --- [Store] [    Test worker] o.s.b.f.s.DefaultListableBeanFactory     : Creating shared instance of singleton bean 'org.springframework.boot.autoconfigure.context.LifecycleAutoConfiguration'
2024-09-28T22:19:47.423-05:00 DEBUG 3320 --- [Store] [    Test worker] o.s.b.f.s.DefaultListableBeanFactory     : Creating shared instance of singleton bean 'lifecycleProcessor'
2024-09-28T22:19:47.427-05:00 DEBUG 3320 --- [Store] [    Test worker] o.s.b.f.s.DefaultListableBeanFactory     : Creating shared instance of singleton bean 'spring.lifecycle-org.springframework.boot.autoconfigure.context.LifecycleProperties'
2024-09-28T22:19:47.437-05:00 DEBUG 3320 --- [Store] [    Test worker] o.s.b.f.s.DefaultListableBeanFactory     : Autowiring by type from bean name 'lifecycleProcessor' via factory method to bean named 'spring.lifecycle-org.springframework.boot.autoconfigure.context.LifecycleProperties'
2024-09-28T22:19:47.443-05:00 DEBUG 3320 --- [Store] [    Test worker] o.s.b.f.s.DefaultListableBeanFactory     : Creating shared instance of singleton bean 'org.springframework.boot.autoconfigure.dao.PersistenceExceptionTranslationAutoConfiguration'
2024-09-28T22:19:47.444-05:00 DEBUG 3320 --- [Store] [    Test worker] o.s.b.f.s.DefaultListableBeanFactory     : Creating shared instance of singleton bean 'org.springframework.boot.autoconfigure.data.jpa.JpaRepositoriesAutoConfiguration'
2024-09-28T22:19:47.445-05:00 DEBUG 3320 --- [Store] [    Test worker] o.s.b.f.s.DefaultListableBeanFactory     : Creating shared instance of singleton bean 'org.springframework.data.jpa.util.JpaMetamodelCacheCleanup'
2024-09-28T22:19:47.446-05:00 DEBUG 3320 --- [Store] [    Test worker] o.s.b.f.s.DefaultListableBeanFactory     : Creating shared instance of singleton bean 'org.springframework.data.jpa.repository.support.JpaEvaluationContextExtension'
2024-09-28T22:19:47.450-05:00 DEBUG 3320 --- [Store] [    Test worker] o.s.b.f.s.DefaultListableBeanFactory     : Creating shared instance of singleton bean 'data-jpa.repository-aot-processor#0'
2024-09-28T22:19:47.458-05:00 DEBUG 3320 --- [Store] [    Test worker] o.s.b.f.s.DefaultListableBeanFactory     : Creating shared instance of singleton bean 'org.springframework.boot.autoconfigure.http.JacksonHttpMessageConvertersConfiguration'
2024-09-28T22:19:47.459-05:00 DEBUG 3320 --- [Store] [    Test worker] o.s.b.f.s.DefaultListableBeanFactory     : Creating shared instance of singleton bean 'org.springframework.data.web.config.ProjectingArgumentResolverRegistrar'
2024-09-28T22:19:47.459-05:00 DEBUG 3320 --- [Store] [    Test worker] o.s.b.f.s.DefaultListableBeanFactory     : Creating shared instance of singleton bean 'offsetResolver'
2024-09-28T22:19:47.491-05:00 DEBUG 3320 --- [Store] [    Test worker] o.s.b.f.s.DefaultListableBeanFactory     : Creating shared instance of singleton bean 'org.springframework.boot.autoconfigure.info.ProjectInfoAutoConfiguration'
2024-09-28T22:19:47.496-05:00 DEBUG 3320 --- [Store] [    Test worker] o.s.b.f.s.DefaultListableBeanFactory     : Creating shared instance of singleton bean 'spring.info-org.springframework.boot.autoconfigure.info.ProjectInfoProperties'
2024-09-28T22:19:47.499-05:00 DEBUG 3320 --- [Store] [    Test worker] o.s.b.f.s.DefaultListableBeanFactory     : Autowiring by type from bean name 'org.springframework.boot.autoconfigure.info.ProjectInfoAutoConfiguration' via constructor to bean named 'spring.info-org.springframework.boot.autoconfigure.info.ProjectInfoProperties'
2024-09-28T22:19:47.500-05:00 DEBUG 3320 --- [Store] [    Test worker] o.s.b.f.s.DefaultListableBeanFactory     : Creating shared instance of singleton bean 'org.springframework.boot.autoconfigure.jdbc.JdbcTemplateConfiguration'
2024-09-28T22:19:47.501-05:00 DEBUG 3320 --- [Store] [    Test worker] o.s.b.f.s.DefaultListableBeanFactory     : Creating shared instance of singleton bean 'jdbcTemplate'
2024-09-28T22:19:47.503-05:00 DEBUG 3320 --- [Store] [    Test worker] o.s.b.f.s.DefaultListableBeanFactory     : Creating shared instance of singleton bean 'spring.jdbc-org.springframework.boot.autoconfigure.jdbc.JdbcProperties'
2024-09-28T22:19:47.504-05:00 DEBUG 3320 --- [Store] [    Test worker] o.s.b.f.s.DefaultListableBeanFactory     : Autowiring by type from bean name 'jdbcTemplate' via factory method to bean named 'dataSource'
2024-09-28T22:19:47.505-05:00 DEBUG 3320 --- [Store] [    Test worker] o.s.b.f.s.DefaultListableBeanFactory     : Autowiring by type from bean name 'jdbcTemplate' via factory method to bean named 'spring.jdbc-org.springframework.boot.autoconfigure.jdbc.JdbcProperties'
2024-09-28T22:19:47.564-05:00 DEBUG 3320 --- [Store] [    Test worker] o.s.b.f.s.DefaultListableBeanFactory     : Creating shared instance of singleton bean 'org.springframework.boot.autoconfigure.jdbc.NamedParameterJdbcTemplateConfiguration'
2024-09-28T22:19:47.565-05:00 DEBUG 3320 --- [Store] [    Test worker] o.s.b.f.s.DefaultListableBeanFactory     : Creating shared instance of singleton bean 'namedParameterJdbcTemplate'
2024-09-28T22:19:47.568-05:00 DEBUG 3320 --- [Store] [    Test worker] o.s.b.f.s.DefaultListableBeanFactory     : Autowiring by type from bean name 'namedParameterJdbcTemplate' via factory method to bean named 'jdbcTemplate'
2024-09-28T22:19:47.584-05:00 DEBUG 3320 --- [Store] [    Test worker] o.s.b.f.s.DefaultListableBeanFactory     : Creating shared instance of singleton bean 'org.springframework.boot.autoconfigure.jdbc.JdbcTemplateAutoConfiguration'
2024-09-28T22:19:47.585-05:00 DEBUG 3320 --- [Store] [    Test worker] o.s.b.f.s.DefaultListableBeanFactory     : Creating shared instance of singleton bean 'org.springframework.boot.autoconfigure.jdbc.JdbcClientAutoConfiguration'
2024-09-28T22:19:47.586-05:00 DEBUG 3320 --- [Store] [    Test worker] o.s.b.f.s.DefaultListableBeanFactory     : Creating shared instance of singleton bean 'jdbcClient'
2024-09-28T22:19:47.588-05:00 DEBUG 3320 --- [Store] [    Test worker] o.s.b.f.s.DefaultListableBeanFactory     : Autowiring by type from bean name 'jdbcClient' via factory method to bean named 'namedParameterJdbcTemplate'
2024-09-28T22:19:47.591-05:00 DEBUG 3320 --- [Store] [    Test worker] o.s.b.f.s.DefaultListableBeanFactory     : Creating shared instance of singleton bean 'org.springframework.boot.autoconfigure.netty.NettyAutoConfiguration'
2024-09-28T22:19:47.592-05:00 DEBUG 3320 --- [Store] [    Test worker] o.s.b.f.s.DefaultListableBeanFactory     : Creating shared instance of singleton bean 'spring.netty-org.springframework.boot.autoconfigure.netty.NettyProperties'
2024-09-28T22:19:47.593-05:00 DEBUG 3320 --- [Store] [    Test worker] o.s.b.f.s.DefaultListableBeanFactory     : Autowiring by type from bean name 'org.springframework.boot.autoconfigure.netty.NettyAutoConfiguration' via constructor to bean named 'spring.netty-org.springframework.boot.autoconfigure.netty.NettyProperties'
2024-09-28T22:19:47.594-05:00 DEBUG 3320 --- [Store] [    Test worker] o.s.b.f.s.DefaultListableBeanFactory     : Creating shared instance of singleton bean 'org.springframework.boot.autoconfigure.reactor.ReactorAutoConfiguration'
2024-09-28T22:19:47.595-05:00 DEBUG 3320 --- [Store] [    Test worker] o.s.b.f.s.DefaultListableBeanFactory     : Creating shared instance of singleton bean 'spring.reactor-org.springframework.boot.autoconfigure.reactor.ReactorProperties'
2024-09-28T22:19:47.596-05:00 DEBUG 3320 --- [Store] [    Test worker] o.s.b.f.s.DefaultListableBeanFactory     : Autowiring by type from bean name 'org.springframework.boot.autoconfigure.reactor.ReactorAutoConfiguration' via constructor to bean named 'spring.reactor-org.springframework.boot.autoconfigure.reactor.ReactorProperties'
2024-09-28T22:19:47.598-05:00 DEBUG 3320 --- [Store] [    Test worker] o.s.b.f.s.DefaultListableBeanFactory     : Creating shared instance of singleton bean 'org.springframework.boot.autoconfigure.sql.init.SqlInitializationAutoConfiguration'
2024-09-28T22:19:47.598-05:00 DEBUG 3320 --- [Store] [    Test worker] o.s.b.f.s.DefaultListableBeanFactory     : Creating shared instance of singleton bean 'org.springframework.boot.autoconfigure.task.TaskSchedulingConfigurations$ThreadPoolTaskSchedulerBuilderConfiguration'
2024-09-28T22:19:47.599-05:00 DEBUG 3320 --- [Store] [    Test worker] o.s.b.f.s.DefaultListableBeanFactory     : Creating shared instance of singleton bean 'threadPoolTaskSchedulerBuilder'
2024-09-28T22:19:47.600-05:00 DEBUG 3320 --- [Store] [    Test worker] o.s.b.f.s.DefaultListableBeanFactory     : Creating shared instance of singleton bean 'spring.task.scheduling-org.springframework.boot.autoconfigure.task.TaskSchedulingProperties'
2024-09-28T22:19:47.602-05:00 DEBUG 3320 --- [Store] [    Test worker] o.s.b.f.s.DefaultListableBeanFactory     : Autowiring by type from bean name 'threadPoolTaskSchedulerBuilder' via factory method to bean named 'spring.task.scheduling-org.springframework.boot.autoconfigure.task.TaskSchedulingProperties'
2024-09-28T22:19:47.607-05:00 DEBUG 3320 --- [Store] [    Test worker] o.s.b.f.s.DefaultListableBeanFactory     : Creating shared instance of singleton bean 'org.springframework.boot.autoconfigure.task.TaskSchedulingConfigurations$TaskSchedulerBuilderConfiguration'
2024-09-28T22:19:47.608-05:00 DEBUG 3320 --- [Store] [    Test worker] o.s.b.f.s.DefaultListableBeanFactory     : Creating shared instance of singleton bean 'taskSchedulerBuilder'
2024-09-28T22:19:47.608-05:00 DEBUG 3320 --- [Store] [    Test worker] o.s.b.f.s.DefaultListableBeanFactory     : Autowiring by type from bean name 'taskSchedulerBuilder' via factory method to bean named 'spring.task.scheduling-org.springframework.boot.autoconfigure.task.TaskSchedulingProperties'
2024-09-28T22:19:47.610-05:00 DEBUG 3320 --- [Store] [    Test worker] o.s.b.f.s.DefaultListableBeanFactory     : Creating shared instance of singleton bean 'org.springframework.boot.autoconfigure.task.TaskSchedulingConfigurations$SimpleAsyncTaskSchedulerBuilderConfiguration'
2024-09-28T22:19:47.611-05:00 DEBUG 3320 --- [Store] [    Test worker] o.s.b.f.s.DefaultListableBeanFactory     : Autowiring by type from bean name 'org.springframework.boot.autoconfigure.task.TaskSchedulingConfigurations$SimpleAsyncTaskSchedulerBuilderConfiguration' via constructor to bean named 'spring.task.scheduling-org.springframework.boot.autoconfigure.task.TaskSchedulingProperties'
2024-09-28T22:19:47.612-05:00 DEBUG 3320 --- [Store] [    Test worker] o.s.b.f.s.DefaultListableBeanFactory     : Creating shared instance of singleton bean 'simpleAsyncTaskSchedulerBuilder'
2024-09-28T22:19:47.617-05:00 DEBUG 3320 --- [Store] [    Test worker] o.s.b.f.s.DefaultListableBeanFactory     : Creating shared instance of singleton bean 'org.springframework.boot.autoconfigure.task.TaskSchedulingAutoConfiguration'
2024-09-28T22:19:47.619-05:00 DEBUG 3320 --- [Store] [    Test worker] o.s.b.f.s.DefaultListableBeanFactory     : Creating shared instance of singleton bean 'org.springframework.boot.autoconfigure.jdbc.DataSourceTransactionManagerAutoConfiguration$JdbcTransactionManagerConfiguration'
2024-09-28T22:19:47.620-05:00 DEBUG 3320 --- [Store] [    Test worker] o.s.b.f.s.DefaultListableBeanFactory     : Creating shared instance of singleton bean 'org.springframework.boot.autoconfigure.jdbc.DataSourceTransactionManagerAutoConfiguration'
2024-09-28T22:19:47.620-05:00 DEBUG 3320 --- [Store] [    Test worker] o.s.b.f.s.DefaultListableBeanFactory     : Creating shared instance of singleton bean 'org.springframework.boot.autoconfigure.transaction.TransactionAutoConfiguration$EnableTransactionManagementConfiguration$CglibAutoProxyConfiguration'
2024-09-28T22:19:47.621-05:00 DEBUG 3320 --- [Store] [    Test worker] o.s.b.f.s.DefaultListableBeanFactory     : Creating shared instance of singleton bean 'org.springframework.boot.autoconfigure.transaction.TransactionAutoConfiguration$EnableTransactionManagementConfiguration'
2024-09-28T22:19:47.621-05:00 DEBUG 3320 --- [Store] [    Test worker] o.s.b.f.s.DefaultListableBeanFactory     : Creating shared instance of singleton bean 'org.springframework.boot.autoconfigure.transaction.TransactionAutoConfiguration$TransactionTemplateConfiguration'
2024-09-28T22:19:47.622-05:00 DEBUG 3320 --- [Store] [    Test worker] o.s.b.f.s.DefaultListableBeanFactory     : Creating shared instance of singleton bean 'transactionTemplate'
2024-09-28T22:19:47.624-05:00 DEBUG 3320 --- [Store] [    Test worker] o.s.b.f.s.DefaultListableBeanFactory     : Autowiring by type from bean name 'transactionTemplate' via factory method to bean named 'transactionManager'
2024-09-28T22:19:47.627-05:00 DEBUG 3320 --- [Store] [    Test worker] o.s.b.f.s.DefaultListableBeanFactory     : Creating shared instance of singleton bean 'org.springframework.boot.autoconfigure.transaction.TransactionAutoConfiguration'
2024-09-28T22:19:47.628-05:00 DEBUG 3320 --- [Store] [    Test worker] o.s.b.f.s.DefaultListableBeanFactory     : Creating shared instance of singleton bean 'org.springframework.boot.autoconfigure.web.client.RestClientAutoConfiguration'
2024-09-28T22:19:47.629-05:00 DEBUG 3320 --- [Store] [    Test worker] o.s.b.f.s.DefaultListableBeanFactory     : Creating shared instance of singleton bean 'httpMessageConvertersRestClientCustomizer'
2024-09-28T22:19:47.631-05:00 DEBUG 3320 --- [Store] [    Test worker] o.s.b.f.s.DefaultListableBeanFactory     : Creating shared instance of singleton bean 'restClientSsl'
2024-09-28T22:19:47.631-05:00 DEBUG 3320 --- [Store] [    Test worker] o.s.b.f.s.DefaultListableBeanFactory     : Autowiring by type from bean name 'restClientSsl' via factory method to bean named 'sslBundleRegistry'
2024-09-28T22:19:47.632-05:00 DEBUG 3320 --- [Store] [    Test worker] o.s.b.f.s.DefaultListableBeanFactory     : Creating shared instance of singleton bean 'restClientBuilderConfigurer'
2024-09-28T22:19:47.635-05:00 DEBUG 3320 --- [Store] [    Test worker] o.s.b.f.s.DefaultListableBeanFactory     : Creating shared instance of singleton bean 'org.springframework.boot.autoconfigure.web.client.RestTemplateAutoConfiguration'
2024-09-28T22:19:47.636-05:00 DEBUG 3320 --- [Store] [    Test worker] o.s.b.f.s.DefaultListableBeanFactory     : Creating shared instance of singleton bean 'org.springframework.boot.autoconfigure.reactor.netty.ReactorNettyConfigurations$ReactorResourceFactoryConfiguration'
2024-09-28T22:19:47.637-05:00 DEBUG 3320 --- [Store] [    Test worker] o.s.b.f.s.DefaultListableBeanFactory     : Creating shared instance of singleton bean 'reactorResourceFactory'
2024-09-28T22:19:47.637-05:00 DEBUG 3320 --- [Store] [    Test worker] o.s.b.f.s.DefaultListableBeanFactory     : Creating shared instance of singleton bean 'spring.reactor.netty-org.springframework.boot.autoconfigure.reactor.netty.ReactorNettyProperties'
2024-09-28T22:19:47.639-05:00 DEBUG 3320 --- [Store] [    Test worker] o.s.b.f.s.DefaultListableBeanFactory     : Autowiring by type from bean name 'reactorResourceFactory' via factory method to bean named 'spring.reactor.netty-org.springframework.boot.autoconfigure.reactor.netty.ReactorNettyProperties'
2024-09-28T22:19:47.651-05:00 DEBUG 3320 --- [Store] [    Test worker] o.s.b.f.s.DefaultListableBeanFactory     : Creating shared instance of singleton bean 'org.springframework.boot.autoconfigure.web.reactive.function.client.ClientHttpConnectorFactoryConfiguration$ReactorNetty'
2024-09-28T22:19:47.651-05:00 DEBUG 3320 --- [Store] [    Test worker] o.s.b.f.s.DefaultListableBeanFactory     : Creating shared instance of singleton bean 'reactorClientHttpConnectorFactory'
2024-09-28T22:19:47.653-05:00 DEBUG 3320 --- [Store] [    Test worker] o.s.b.f.s.DefaultListableBeanFactory     : Autowiring by type from bean name 'reactorClientHttpConnectorFactory' via factory method to bean named 'reactorResourceFactory'
2024-09-28T22:19:47.658-05:00 DEBUG 3320 --- [Store] [    Test worker] o.s.b.f.s.DefaultListableBeanFactory     : Creating shared instance of singleton bean 'org.springframework.boot.autoconfigure.web.reactive.function.client.ClientHttpConnectorAutoConfiguration'
2024-09-28T22:19:47.659-05:00 DEBUG 3320 --- [Store] [    Test worker] o.s.b.f.s.DefaultListableBeanFactory     : Creating shared instance of singleton bean 'org.springframework.boot.autoconfigure.web.reactive.function.client.WebClientAutoConfiguration$WebClientCodecsConfiguration'
2024-09-28T22:19:47.659-05:00 DEBUG 3320 --- [Store] [    Test worker] o.s.b.f.s.DefaultListableBeanFactory     : Creating shared instance of singleton bean 'exchangeStrategiesCustomizer'
2024-09-28T22:19:47.662-05:00 DEBUG 3320 --- [Store] [    Test worker] o.s.b.f.s.DefaultListableBeanFactory     : Creating shared instance of singleton bean 'org.springframework.boot.autoconfigure.web.reactive.function.client.WebClientAutoConfiguration'
2024-09-28T22:19:47.663-05:00 DEBUG 3320 --- [Store] [    Test worker] o.s.b.f.s.DefaultListableBeanFactory     : Creating shared instance of singleton bean 'webClientSsl'
2024-09-28T22:19:47.664-05:00 DEBUG 3320 --- [Store] [    Test worker] o.s.b.f.s.DefaultListableBeanFactory     : Autowiring by type from bean name 'webClientSsl' via factory method to bean named 'reactorClientHttpConnectorFactory'
2024-09-28T22:19:47.665-05:00 DEBUG 3320 --- [Store] [    Test worker] o.s.b.f.s.DefaultListableBeanFactory     : Autowiring by type from bean name 'webClientSsl' via factory method to bean named 'sslBundleRegistry'
2024-09-28T22:19:47.666-05:00 DEBUG 3320 --- [Store] [    Test worker] o.s.b.f.s.DefaultListableBeanFactory     : Creating shared instance of singleton bean 'characterEncodingFilter'
2024-09-28T22:19:47.668-05:00 DEBUG 3320 --- [Store] [    Test worker] o.s.b.f.s.DefaultListableBeanFactory     : Creating shared instance of singleton bean 'multipartResolver'
2024-09-28T22:19:47.707-05:00 DEBUG 3320 --- [Store] [    Test worker] o.s.c.support.DefaultLifecycleProcessor  : Starting beans in phase -2147483647
2024-09-28T22:19:47.707-05:00 DEBUG 3320 --- [Store] [    Test worker] o.s.c.support.DefaultLifecycleProcessor  : Successfully started bean 'springBootLoggingLifecycle'
2024-09-28T22:19:47.707-05:00 DEBUG 3320 --- [Store] [    Test worker] o.s.c.support.DefaultLifecycleProcessor  : Starting beans in phase 0
2024-09-28T22:19:47.862-05:00 DEBUG 3320 --- [Store] [    Test worker] o.s.c.support.DefaultLifecycleProcessor  : Successfully started bean 'reactorResourceFactory'
2024-09-28T22:19:47.862-05:00 DEBUG 3320 --- [Store] [    Test worker] o.s.c.support.DefaultLifecycleProcessor  : Starting beans in phase 2147483647
2024-09-28T22:19:47.903-05:00 DEBUG 3320 --- [Store] [    Test worker] .s.b.a.l.ConditionEvaluationReportLogger : 


============================
CONDITIONS EVALUATION REPORT
============================


Positive matches:
-----------------

   AopAutoConfiguration matched:
      - @ConditionalOnProperty (spring.aop.auto=true) matched (OnPropertyCondition)

   AopAutoConfiguration.AspectJAutoProxyingConfiguration matched:
      - @ConditionalOnClass found required class 'org.aspectj.weaver.Advice' (OnClassCondition)

   AopAutoConfiguration.AspectJAutoProxyingConfiguration.CglibAutoProxyConfiguration matched:
      - @ConditionalOnProperty (spring.aop.proxy-target-class=true) matched (OnPropertyCondition)

   ApplicationAvailabilityAutoConfiguration#applicationAvailability matched:
      - @ConditionalOnMissingBean (types: org.springframework.boot.availability.ApplicationAvailability; SearchStrategy: all) did not find any beans (OnBeanCondition)

   ClientHttpConnectorAutoConfiguration matched:
      - @ConditionalOnClass found required class 'org.springframework.web.reactive.function.client.WebClient' (OnClassCondition)

   ClientHttpConnectorAutoConfiguration#webClientHttpConnector matched:
      - @ConditionalOnMissingBean (types: org.springframework.http.client.reactive.ClientHttpConnector; SearchStrategy: all) did not find any beans (OnBeanCondition)

   ClientHttpConnectorAutoConfiguration#webClientHttpConnectorCustomizer matched:
      - @ConditionalOnBean (types: org.springframework.http.client.reactive.ClientHttpConnector; SearchStrategy: all) found bean 'webClientHttpConnector' (OnBeanCondition)

   ClientHttpConnectorFactoryConfiguration.ReactorNetty matched:
      - @ConditionalOnClass found required class 'reactor.netty.http.client.HttpClient' (OnClassCondition)
      - @ConditionalOnMissingBean (types: org.springframework.boot.autoconfigure.web.reactive.function.client.ClientHttpConnectorFactory; SearchStrategy: all) did not find any beans (OnBeanCondition)

   CodecsAutoConfiguration matched:
      - @ConditionalOnClass found required classes 'org.springframework.http.codec.CodecConfigurer', 'org.springframework.web.reactive.function.client.WebClient' (OnClassCondition)

   CodecsAutoConfiguration.JacksonCodecConfiguration matched:
      - @ConditionalOnClass found required class 'com.fasterxml.jackson.databind.ObjectMapper' (OnClassCondition)

   CodecsAutoConfiguration.JacksonCodecConfiguration#jacksonCodecCustomizer matched:
      - @ConditionalOnBean (types: com.fasterxml.jackson.databind.ObjectMapper; SearchStrategy: all) found bean 'jacksonObjectMapper' (OnBeanCondition)

   DataSourceAutoConfiguration matched:
      - @ConditionalOnClass found required classes 'javax.sql.DataSource', 'org.springframework.jdbc.datasource.embedded.EmbeddedDatabaseType' (OnClassCondition)
      - @ConditionalOnMissingBean (types: io.r2dbc.spi.ConnectionFactory; SearchStrategy: all) did not find any beans (OnBeanCondition)

   DataSourceAutoConfiguration.PooledDataSourceConfiguration matched:
      - AnyNestedCondition 1 matched 1 did not; NestedCondition on DataSourceAutoConfiguration.PooledDataSourceCondition.PooledDataSourceAvailable PooledDataSource found supported DataSource; NestedCondition on DataSourceAutoConfiguration.PooledDataSourceCondition.ExplicitType @ConditionalOnProperty (spring.datasource.type) did not find property 'type' (DataSourceAutoConfiguration.PooledDataSourceCondition)
      - @ConditionalOnMissingBean (types: javax.sql.DataSource,javax.sql.XADataSource; SearchStrategy: all) did not find any beans (OnBeanCondition)

   DataSourceAutoConfiguration.PooledDataSourceConfiguration#jdbcConnectionDetails matched:
      - @ConditionalOnMissingBean (types: org.springframework.boot.autoconfigure.jdbc.JdbcConnectionDetails; SearchStrategy: all) did not find any beans (OnBeanCondition)

   DataSourceConfiguration.Hikari matched:
      - @ConditionalOnClass found required class 'com.zaxxer.hikari.HikariDataSource' (OnClassCondition)
      - @ConditionalOnProperty (spring.datasource.type=com.zaxxer.hikari.HikariDataSource) matched (OnPropertyCondition)
      - @ConditionalOnMissingBean (types: javax.sql.DataSource; SearchStrategy: all) did not find any beans (OnBeanCondition)

   DataSourceInitializationConfiguration matched:
      - @ConditionalOnClass found required class 'org.springframework.jdbc.datasource.init.DatabasePopulator' (OnClassCondition)
      - @ConditionalOnSingleCandidate (types: javax.sql.DataSource; SearchStrategy: all) found a single bean 'dataSource'; @ConditionalOnMissingBean (types: org.springframework.boot.autoconfigure.sql.init.SqlDataSourceScriptDatabaseInitializer,org.springframework.boot.autoconfigure.sql.init.SqlR2dbcScriptDatabaseInitializer; SearchStrategy: all) did not find any beans (OnBeanCondition)

   DataSourcePoolMetadataProvidersConfiguration.HikariPoolDataSourceMetadataProviderConfiguration matched:
      - @ConditionalOnClass found required class 'com.zaxxer.hikari.HikariDataSource' (OnClassCondition)

   DataSourceTransactionManagerAutoConfiguration matched:
      - @ConditionalOnClass found required classes 'javax.sql.DataSource', 'org.springframework.jdbc.core.JdbcTemplate', 'org.springframework.transaction.TransactionManager' (OnClassCondition)

   DataSourceTransactionManagerAutoConfiguration.JdbcTransactionManagerConfiguration matched:
      - @ConditionalOnSingleCandidate (types: javax.sql.DataSource; SearchStrategy: all) found a single bean 'dataSource' (OnBeanCondition)

   DispatcherServletAutoConfiguration matched:
      - @ConditionalOnClass found required class 'org.springframework.web.servlet.DispatcherServlet' (OnClassCondition)
      - found 'session' scope (OnWebApplicationCondition)

   DispatcherServletAutoConfiguration.DispatcherServletConfiguration matched:
      - @ConditionalOnClass found required class 'jakarta.servlet.ServletRegistration' (OnClassCondition)
      - Default DispatcherServlet did not find dispatcher servlet beans (DispatcherServletAutoConfiguration.DefaultDispatcherServletCondition)

   DispatcherServletAutoConfiguration.DispatcherServletRegistrationConfiguration matched:
      - @ConditionalOnClass found required class 'jakarta.servlet.ServletRegistration' (OnClassCondition)
      - DispatcherServlet Registration did not find servlet registration bean (DispatcherServletAutoConfiguration.DispatcherServletRegistrationCondition)

   DispatcherServletAutoConfiguration.DispatcherServletRegistrationConfiguration#dispatcherServletRegistration matched:
      - @ConditionalOnBean (names: dispatcherServlet types: org.springframework.web.servlet.DispatcherServlet; SearchStrategy: all) found bean 'dispatcherServlet' (OnBeanCondition)

   ErrorMvcAutoConfiguration matched:
      - @ConditionalOnClass found required classes 'jakarta.servlet.Servlet', 'org.springframework.web.servlet.DispatcherServlet' (OnClassCondition)
      - found 'session' scope (OnWebApplicationCondition)

   ErrorMvcAutoConfiguration#basicErrorController matched:
      - @ConditionalOnMissingBean (types: org.springframework.boot.web.servlet.error.ErrorController; SearchStrategy: current) did not find any beans (OnBeanCondition)

   ErrorMvcAutoConfiguration#errorAttributes matched:
      - @ConditionalOnMissingBean (types: org.springframework.boot.web.servlet.error.ErrorAttributes; SearchStrategy: current) did not find any beans (OnBeanCondition)

   ErrorMvcAutoConfiguration.DefaultErrorViewResolverConfiguration#conventionErrorViewResolver matched:
      - @ConditionalOnBean (types: org.springframework.web.servlet.DispatcherServlet; SearchStrategy: all) found bean 'dispatcherServlet'; @ConditionalOnMissingBean (types: org.springframework.boot.autoconfigure.web.servlet.error.ErrorViewResolver; SearchStrategy: all) did not find any beans (OnBeanCondition)

   ErrorMvcAutoConfiguration.WhitelabelErrorViewConfiguration matched:
      - @ConditionalOnProperty (server.error.whitelabel.enabled) matched (OnPropertyCondition)
      - ErrorTemplate Missing did not find error template view (ErrorMvcAutoConfiguration.ErrorTemplateMissingCondition)

   ErrorMvcAutoConfiguration.WhitelabelErrorViewConfiguration#beanNameViewResolver matched:
      - @ConditionalOnMissingBean (types: org.springframework.web.servlet.view.BeanNameViewResolver; SearchStrategy: all) did not find any beans (OnBeanCondition)

   ErrorMvcAutoConfiguration.WhitelabelErrorViewConfiguration#defaultErrorView matched:
      - @ConditionalOnMissingBean (names: error; SearchStrategy: all) did not find any beans (OnBeanCondition)

   GenericCacheConfiguration matched:
      - Cache org.springframework.boot.autoconfigure.cache.GenericCacheConfiguration automatic cache type (CacheCondition)

   HibernateJpaAutoConfiguration matched:
      - @ConditionalOnClass found required classes 'org.springframework.orm.jpa.LocalContainerEntityManagerFactoryBean', 'jakarta.persistence.EntityManager', 'org.hibernate.engine.spi.SessionImplementor' (OnClassCondition)

   HibernateJpaConfiguration matched:
      - @ConditionalOnSingleCandidate (types: javax.sql.DataSource; SearchStrategy: all) found a single bean 'dataSource' (OnBeanCondition)

   HttpEncodingAutoConfiguration matched:
      - @ConditionalOnClass found required class 'org.springframework.web.filter.CharacterEncodingFilter' (OnClassCondition)
      - found 'session' scope (OnWebApplicationCondition)
      - @ConditionalOnProperty (server.servlet.encoding.enabled) matched (OnPropertyCondition)

   HttpEncodingAutoConfiguration#characterEncodingFilter matched:
      - @ConditionalOnMissingBean (types: org.springframework.web.filter.CharacterEncodingFilter; SearchStrategy: all) did not find any beans (OnBeanCondition)

   HttpMessageConvertersAutoConfiguration matched:
      - @ConditionalOnClass found required class 'org.springframework.http.converter.HttpMessageConverter' (OnClassCondition)
      - NoneNestedConditions 0 matched 1 did not; NestedCondition on HttpMessageConvertersAutoConfiguration.NotReactiveWebApplicationCondition.ReactiveWebApplication not a reactive web application (HttpMessageConvertersAutoConfiguration.NotReactiveWebApplicationCondition)

   HttpMessageConvertersAutoConfiguration#messageConverters matched:
      - @ConditionalOnMissingBean (types: org.springframework.boot.autoconfigure.http.HttpMessageConverters; SearchStrategy: all) did not find any beans (OnBeanCondition)

   HttpMessageConvertersAutoConfiguration.StringHttpMessageConverterConfiguration matched:
      - @ConditionalOnClass found required class 'org.springframework.http.converter.StringHttpMessageConverter' (OnClassCondition)

   HttpMessageConvertersAutoConfiguration.StringHttpMessageConverterConfiguration#stringHttpMessageConverter matched:
      - @ConditionalOnMissingBean (types: org.springframework.http.converter.StringHttpMessageConverter; SearchStrategy: all) did not find any beans (OnBeanCondition)

   JacksonAutoConfiguration matched:
      - @ConditionalOnClass found required class 'com.fasterxml.jackson.databind.ObjectMapper' (OnClassCondition)

   JacksonAutoConfiguration.Jackson2ObjectMapperBuilderCustomizerConfiguration matched:
      - @ConditionalOnClass found required class 'org.springframework.http.converter.json.Jackson2ObjectMapperBuilder' (OnClassCondition)

   JacksonAutoConfiguration.JacksonObjectMapperBuilderConfiguration matched:
      - @ConditionalOnClass found required class 'org.springframework.http.converter.json.Jackson2ObjectMapperBuilder' (OnClassCondition)

   JacksonAutoConfiguration.JacksonObjectMapperBuilderConfiguration#jacksonObjectMapperBuilder matched:
      - @ConditionalOnMissingBean (types: org.springframework.http.converter.json.Jackson2ObjectMapperBuilder; SearchStrategy: all) did not find any beans (OnBeanCondition)

   JacksonAutoConfiguration.JacksonObjectMapperConfiguration matched:
      - @ConditionalOnClass found required class 'org.springframework.http.converter.json.Jackson2ObjectMapperBuilder' (OnClassCondition)

   JacksonAutoConfiguration.JacksonObjectMapperConfiguration#jacksonObjectMapper matched:
      - @ConditionalOnMissingBean (types: com.fasterxml.jackson.databind.ObjectMapper; SearchStrategy: all) did not find any beans (OnBeanCondition)

   JacksonAutoConfiguration.ParameterNamesModuleConfiguration matched:
      - @ConditionalOnClass found required class 'com.fasterxml.jackson.module.paramnames.ParameterNamesModule' (OnClassCondition)

   JacksonAutoConfiguration.ParameterNamesModuleConfiguration#parameterNamesModule matched:
      - @ConditionalOnMissingBean (types: com.fasterxml.jackson.module.paramnames.ParameterNamesModule; SearchStrategy: all) did not find any beans (OnBeanCondition)

   JacksonHttpMessageConvertersConfiguration.MappingJackson2HttpMessageConverterConfiguration matched:
      - @ConditionalOnClass found required class 'com.fasterxml.jackson.databind.ObjectMapper' (OnClassCondition)
      - @ConditionalOnProperty (spring.mvc.converters.preferred-json-mapper=jackson) matched (OnPropertyCondition)
      - @ConditionalOnBean (types: com.fasterxml.jackson.databind.ObjectMapper; SearchStrategy: all) found bean 'jacksonObjectMapper' (OnBeanCondition)

   JacksonHttpMessageConvertersConfiguration.MappingJackson2HttpMessageConverterConfiguration#mappingJackson2HttpMessageConverter matched:
      - @ConditionalOnMissingBean (types: org.springframework.http.converter.json.MappingJackson2HttpMessageConverter ignored: org.springframework.hateoas.server.mvc.TypeConstrainedMappingJackson2HttpMessageConverter,org.springframework.data.rest.webmvc.alps.AlpsJsonHttpMessageConverter; SearchStrategy: all) did not find any beans (OnBeanCondition)

   JdbcClientAutoConfiguration matched:
      - @ConditionalOnSingleCandidate (types: org.springframework.jdbc.core.namedparam.NamedParameterJdbcTemplate; SearchStrategy: all) found a single bean 'namedParameterJdbcTemplate'; @ConditionalOnMissingBean (types: org.springframework.jdbc.core.simple.JdbcClient; SearchStrategy: all) did not find any beans (OnBeanCondition)

   JdbcTemplateAutoConfiguration matched:
      - @ConditionalOnClass found required classes 'javax.sql.DataSource', 'org.springframework.jdbc.core.JdbcTemplate' (OnClassCondition)
      - @ConditionalOnSingleCandidate (types: javax.sql.DataSource; SearchStrategy: all) found a single bean 'dataSource' (OnBeanCondition)

   JdbcTemplateConfiguration matched:
      - @ConditionalOnMissingBean (types: org.springframework.jdbc.core.JdbcOperations; SearchStrategy: all) did not find any beans (OnBeanCondition)

   JpaBaseConfiguration#entityManagerFactory matched:
      - @ConditionalOnMissingBean (types: org.springframework.orm.jpa.LocalContainerEntityManagerFactoryBean,jakarta.persistence.EntityManagerFactory; SearchStrategy: all) did not find any beans (OnBeanCondition)

   JpaBaseConfiguration#entityManagerFactoryBuilder matched:
      - @ConditionalOnMissingBean (types: org.springframework.boot.orm.jpa.EntityManagerFactoryBuilder; SearchStrategy: all) did not find any beans (OnBeanCondition)

   JpaBaseConfiguration#jpaVendorAdapter matched:
      - @ConditionalOnMissingBean (types: org.springframework.orm.jpa.JpaVendorAdapter; SearchStrategy: all) did not find any beans (OnBeanCondition)

   JpaBaseConfiguration#transactionManager matched:
      - @ConditionalOnMissingBean (types: org.springframework.transaction.TransactionManager; SearchStrategy: all) did not find any beans (OnBeanCondition)

   JpaBaseConfiguration.JpaWebConfiguration matched:
      - @ConditionalOnClass found required class 'org.springframework.web.servlet.config.annotation.WebMvcConfigurer' (OnClassCondition)
      - found 'session' scope (OnWebApplicationCondition)
      - @ConditionalOnProperty (spring.jpa.open-in-view=true) matched (OnPropertyCondition)
      - @ConditionalOnMissingBean (types: org.springframework.orm.jpa.support.OpenEntityManagerInViewInterceptor,org.springframework.orm.jpa.support.OpenEntityManagerInViewFilter; SearchStrategy: all) did not find any beans (OnBeanCondition)

   JpaBaseConfiguration.PersistenceManagedTypesConfiguration matched:
      - @ConditionalOnMissingBean (types: org.springframework.orm.jpa.LocalContainerEntityManagerFactoryBean,jakarta.persistence.EntityManagerFactory; SearchStrategy: all) did not find any beans (OnBeanCondition)

   JpaBaseConfiguration.PersistenceManagedTypesConfiguration#persistenceManagedTypes matched:
      - @ConditionalOnMissingBean (types: org.springframework.orm.jpa.persistenceunit.PersistenceManagedTypes; SearchStrategy: all) did not find any beans (OnBeanCondition)

   JpaRepositoriesAutoConfiguration matched:
      - @ConditionalOnClass found required class 'org.springframework.data.jpa.repository.JpaRepository' (OnClassCondition)
      - @ConditionalOnProperty (spring.data.jpa.repositories.enabled=true) matched (OnPropertyCondition)
      - @ConditionalOnBean (types: javax.sql.DataSource; SearchStrategy: all) found bean 'dataSource'; @ConditionalOnMissingBean (types: org.springframework.data.jpa.repository.support.JpaRepositoryFactoryBean,org.springframework.data.jpa.repository.config.JpaRepositoryConfigExtension; SearchStrategy: all) did not find any beans (OnBeanCondition)

   JtaAutoConfiguration matched:
      - @ConditionalOnClass found required class 'jakarta.transaction.Transaction' (OnClassCondition)
      - @ConditionalOnProperty (spring.jta.enabled) matched (OnPropertyCondition)

   LifecycleAutoConfiguration#defaultLifecycleProcessor matched:
      - @ConditionalOnMissingBean (names: lifecycleProcessor; SearchStrategy: current) did not find any beans (OnBeanCondition)

   MultipartAutoConfiguration matched:
      - @ConditionalOnClass found required classes 'jakarta.servlet.Servlet', 'org.springframework.web.multipart.support.StandardServletMultipartResolver', 'jakarta.servlet.MultipartConfigElement' (OnClassCondition)
      - found 'session' scope (OnWebApplicationCondition)
      - @ConditionalOnProperty (spring.servlet.multipart.enabled) matched (OnPropertyCondition)

   MultipartAutoConfiguration#multipartConfigElement matched:
      - @ConditionalOnMissingBean (types: jakarta.servlet.MultipartConfigElement; SearchStrategy: all) did not find any beans (OnBeanCondition)

   MultipartAutoConfiguration#multipartResolver matched:
      - @ConditionalOnMissingBean (types: org.springframework.web.multipart.MultipartResolver; SearchStrategy: all) did not find any beans (OnBeanCondition)

   NamedParameterJdbcTemplateConfiguration matched:
      - @ConditionalOnSingleCandidate (types: org.springframework.jdbc.core.JdbcTemplate; SearchStrategy: all) found a single bean 'jdbcTemplate'; @ConditionalOnMissingBean (types: org.springframework.jdbc.core.namedparam.NamedParameterJdbcOperations; SearchStrategy: all) did not find any beans (OnBeanCondition)

   NettyAutoConfiguration matched:
      - @ConditionalOnClass found required class 'io.netty.util.NettyRuntime' (OnClassCondition)

   NoOpCacheConfiguration matched:
      - Cache org.springframework.boot.autoconfigure.cache.NoOpCacheConfiguration automatic cache type (CacheCondition)

   PersistenceExceptionTranslationAutoConfiguration matched:
      - @ConditionalOnClass found required class 'org.springframework.dao.annotation.PersistenceExceptionTranslationPostProcessor' (OnClassCondition)

   PersistenceExceptionTranslationAutoConfiguration#persistenceExceptionTranslationPostProcessor matched:
      - @ConditionalOnProperty (spring.dao.exceptiontranslation.enabled) matched (OnPropertyCondition)
      - @ConditionalOnMissingBean (types: org.springframework.dao.annotation.PersistenceExceptionTranslationPostProcessor; SearchStrategy: all) did not find any beans (OnBeanCondition)

   PropertyPlaceholderAutoConfiguration#propertySourcesPlaceholderConfigurer matched:
      - @ConditionalOnMissingBean (types: org.springframework.context.support.PropertySourcesPlaceholderConfigurer; SearchStrategy: current) did not find any beans (OnBeanCondition)

   ReactorAutoConfiguration matched:
      - @ConditionalOnClass found required class 'reactor.core.publisher.Hooks' (OnClassCondition)

   ReactorNettyConfigurations.ReactorResourceFactoryConfiguration#reactorResourceFactory matched:
      - @ConditionalOnMissingBean (types: org.springframework.http.client.ReactorResourceFactory; SearchStrategy: all) did not find any beans (OnBeanCondition)

   RestClientAutoConfiguration matched:
      - @ConditionalOnClass found required class 'org.springframework.web.client.RestClient' (OnClassCondition)
      - NoneNestedConditions 0 matched 1 did not; NestedCondition on NotReactiveWebApplicationCondition.ReactiveWebApplication not a reactive web application (NotReactiveWebApplicationCondition)

   RestClientAutoConfiguration#httpMessageConvertersRestClientCustomizer matched:
      - @ConditionalOnMissingBean (types: org.springframework.boot.autoconfigure.web.client.HttpMessageConvertersRestClientCustomizer; SearchStrategy: all) did not find any beans (OnBeanCondition)

   RestClientAutoConfiguration#restClientBuilder matched:
      - @ConditionalOnMissingBean (types: org.springframework.web.client.RestClient$Builder; SearchStrategy: all) did not find any beans (OnBeanCondition)

   RestClientAutoConfiguration#restClientBuilderConfigurer matched:
      - @ConditionalOnMissingBean (types: org.springframework.boot.autoconfigure.web.client.RestClientBuilderConfigurer; SearchStrategy: all) did not find any beans (OnBeanCondition)

   RestClientAutoConfiguration#restClientSsl matched:
      - @ConditionalOnBean (types: org.springframework.boot.ssl.SslBundles; SearchStrategy: all) found bean 'sslBundleRegistry'; @ConditionalOnMissingBean (types: org.springframework.boot.autoconfigure.web.client.RestClientSsl; SearchStrategy: all) did not find any beans (OnBeanCondition)

   RestTemplateAutoConfiguration matched:
      - @ConditionalOnClass found required class 'org.springframework.web.client.RestTemplate' (OnClassCondition)
      - NoneNestedConditions 0 matched 1 did not; NestedCondition on NotReactiveWebApplicationCondition.ReactiveWebApplication not a reactive web application (NotReactiveWebApplicationCondition)

   RestTemplateAutoConfiguration#restTemplateBuilder matched:
      - @ConditionalOnMissingBean (types: org.springframework.boot.web.client.RestTemplateBuilder; SearchStrategy: all) did not find any beans (OnBeanCondition)

   ServletWebServerFactoryAutoConfiguration matched:
      - @ConditionalOnClass found required class 'jakarta.servlet.ServletRequest' (OnClassCondition)
      - found 'session' scope (OnWebApplicationCondition)

   ServletWebServerFactoryAutoConfiguration#tomcatServletWebServerFactoryCustomizer matched:
      - @ConditionalOnClass found required class 'org.apache.catalina.startup.Tomcat' (OnClassCondition)

   ServletWebServerFactoryConfiguration.EmbeddedTomcat matched:
      - @ConditionalOnClass found required classes 'jakarta.servlet.Servlet', 'org.apache.catalina.startup.Tomcat', 'org.apache.coyote.UpgradeProtocol' (OnClassCondition)
      - @ConditionalOnMissingBean (types: org.springframework.boot.web.servlet.server.ServletWebServerFactory; SearchStrategy: current) did not find any beans (OnBeanCondition)

   SimpleCacheConfiguration matched:
      - Cache org.springframework.boot.autoconfigure.cache.SimpleCacheConfiguration automatic cache type (CacheCondition)

   SpringDataWebAutoConfiguration matched:
      - @ConditionalOnClass found required classes 'org.springframework.data.web.PageableHandlerMethodArgumentResolver', 'org.springframework.web.servlet.config.annotation.WebMvcConfigurer' (OnClassCondition)
      - found 'session' scope (OnWebApplicationCondition)
      - @ConditionalOnMissingBean (types: org.springframework.data.web.PageableHandlerMethodArgumentResolver; SearchStrategy: all) did not find any beans (OnBeanCondition)

   SpringDataWebAutoConfiguration#pageableCustomizer matched:
      - @ConditionalOnMissingBean (types: org.springframework.data.web.config.PageableHandlerMethodArgumentResolverCustomizer; SearchStrategy: all) did not find any beans (OnBeanCondition)

   SpringDataWebAutoConfiguration#sortCustomizer matched:
      - @ConditionalOnMissingBean (types: org.springframework.data.web.config.SortHandlerMethodArgumentResolverCustomizer; SearchStrategy: all) did not find any beans (OnBeanCondition)

   SqlInitializationAutoConfiguration matched:
      - @ConditionalOnProperty (spring.sql.init.enabled) matched (OnPropertyCondition)
      - NoneNestedConditions 0 matched 1 did not; NestedCondition on SqlInitializationAutoConfiguration.SqlInitializationModeCondition.ModeIsNever @ConditionalOnProperty (spring.sql.init.mode=never) did not find property 'mode' (SqlInitializationAutoConfiguration.SqlInitializationModeCondition)

   SslAutoConfiguration#sslBundleRegistry matched:
      - @ConditionalOnMissingBean (types: org.springframework.boot.ssl.SslBundleRegistry,org.springframework.boot.ssl.SslBundles; SearchStrategy: all) did not find any beans (OnBeanCondition)

   TaskExecutionAutoConfiguration matched:
      - @ConditionalOnClass found required class 'org.springframework.scheduling.concurrent.ThreadPoolTaskExecutor' (OnClassCondition)

   TaskExecutorConfigurations.SimpleAsyncTaskExecutorBuilderConfiguration#simpleAsyncTaskExecutorBuilder matched:
      - @ConditionalOnMissingBean (types: org.springframework.boot.task.SimpleAsyncTaskExecutorBuilder; SearchStrategy: all) did not find any beans (OnBeanCondition)
      - @ConditionalOnThreading found PLATFORM (OnThreadingCondition)

   TaskExecutorConfigurations.TaskExecutorBuilderConfiguration#taskExecutorBuilder matched:
      - @ConditionalOnMissingBean (types: org.springframework.boot.task.TaskExecutorBuilder; SearchStrategy: all) did not find any beans (OnBeanCondition)

   TaskExecutorConfigurations.TaskExecutorConfiguration matched:
      - @ConditionalOnMissingBean (types: java.util.concurrent.Executor; SearchStrategy: all) did not find any beans (OnBeanCondition)

   TaskExecutorConfigurations.TaskExecutorConfiguration#applicationTaskExecutor matched:
      - @ConditionalOnThreading found PLATFORM (OnThreadingCondition)

   TaskExecutorConfigurations.ThreadPoolTaskExecutorBuilderConfiguration#threadPoolTaskExecutorBuilder matched:
      - @ConditionalOnMissingBean (types: org.springframework.boot.task.TaskExecutorBuilder,org.springframework.boot.task.ThreadPoolTaskExecutorBuilder; SearchStrategy: all) did not find any beans (OnBeanCondition)

   TaskSchedulingAutoConfiguration matched:
      - @ConditionalOnClass found required class 'org.springframework.scheduling.concurrent.ThreadPoolTaskScheduler' (OnClassCondition)

   TaskSchedulingConfigurations.SimpleAsyncTaskSchedulerBuilderConfiguration#simpleAsyncTaskSchedulerBuilder matched:
      - @ConditionalOnMissingBean (types: org.springframework.boot.task.SimpleAsyncTaskSchedulerBuilder; SearchStrategy: all) did not find any beans (OnBeanCondition)
      - @ConditionalOnThreading found PLATFORM (OnThreadingCondition)

   TaskSchedulingConfigurations.TaskSchedulerBuilderConfiguration#taskSchedulerBuilder matched:
      - @ConditionalOnMissingBean (types: org.springframework.boot.task.TaskSchedulerBuilder; SearchStrategy: all) did not find any beans (OnBeanCondition)

   TaskSchedulingConfigurations.ThreadPoolTaskSchedulerBuilderConfiguration#threadPoolTaskSchedulerBuilder matched:
      - @ConditionalOnMissingBean (types: org.springframework.boot.task.TaskSchedulerBuilder,org.springframework.boot.task.ThreadPoolTaskSchedulerBuilder; SearchStrategy: all) did not find any beans (OnBeanCondition)

   TransactionAutoConfiguration matched:
      - @ConditionalOnClass found required class 'org.springframework.transaction.PlatformTransactionManager' (OnClassCondition)

   TransactionAutoConfiguration.EnableTransactionManagementConfiguration matched:
      - @ConditionalOnBean (types: org.springframework.transaction.TransactionManager; SearchStrategy: all) found bean 'transactionManager'; @ConditionalOnMissingBean (types: org.springframework.transaction.annotation.AbstractTransactionManagementConfiguration; SearchStrategy: all) did not find any beans (OnBeanCondition)

   TransactionAutoConfiguration.EnableTransactionManagementConfiguration.CglibAutoProxyConfiguration matched:
      - @ConditionalOnProperty (spring.aop.proxy-target-class=true) matched (OnPropertyCondition)

   TransactionAutoConfiguration.TransactionTemplateConfiguration matched:
      - @ConditionalOnSingleCandidate (types: org.springframework.transaction.PlatformTransactionManager; SearchStrategy: all) found a single bean 'transactionManager' (OnBeanCondition)

   TransactionAutoConfiguration.TransactionTemplateConfiguration#transactionTemplate matched:
      - @ConditionalOnMissingBean (types: org.springframework.transaction.support.TransactionOperations; SearchStrategy: all) did not find any beans (OnBeanCondition)

   TransactionManagerCustomizationAutoConfiguration matched:
      - @ConditionalOnClass found required class 'org.springframework.transaction.PlatformTransactionManager' (OnClassCondition)

   TransactionManagerCustomizationAutoConfiguration#platformTransactionManagerCustomizers matched:
      - @ConditionalOnMissingBean (types: org.springframework.boot.autoconfigure.transaction.TransactionManagerCustomizers; SearchStrategy: all) did not find any beans (OnBeanCondition)

   WebClientAutoConfiguration matched:
      - @ConditionalOnClass found required class 'org.springframework.web.reactive.function.client.WebClient' (OnClassCondition)

   WebClientAutoConfiguration#webClientBuilder matched:
      - @ConditionalOnMissingBean (types: org.springframework.web.reactive.function.client.WebClient$Builder; SearchStrategy: all) did not find any beans (OnBeanCondition)

   WebClientAutoConfiguration#webClientSsl matched:
      - @ConditionalOnBean (types: org.springframework.boot.ssl.SslBundles; SearchStrategy: all) found bean 'sslBundleRegistry'; @ConditionalOnMissingBean (types: org.springframework.boot.autoconfigure.web.reactive.function.client.WebClientSsl; SearchStrategy: all) did not find any beans (OnBeanCondition)

   WebClientAutoConfiguration.WebClientCodecsConfiguration matched:
      - @ConditionalOnBean (types: org.springframework.boot.web.codec.CodecCustomizer; SearchStrategy: all) found beans 'jacksonCodecCustomizer', 'defaultCodecCustomizer' (OnBeanCondition)

   WebClientAutoConfiguration.WebClientCodecsConfiguration#exchangeStrategiesCustomizer matched:
      - @ConditionalOnMissingBean (types: org.springframework.boot.autoconfigure.web.reactive.function.client.WebClientCodecCustomizer; SearchStrategy: all) did not find any beans (OnBeanCondition)

   WebMvcAutoConfiguration matched:
      - @ConditionalOnClass found required classes 'jakarta.servlet.Servlet', 'org.springframework.web.servlet.DispatcherServlet', 'org.springframework.web.servlet.config.annotation.WebMvcConfigurer' (OnClassCondition)
      - found 'session' scope (OnWebApplicationCondition)
      - @ConditionalOnMissingBean (types: org.springframework.web.servlet.config.annotation.WebMvcConfigurationSupport; SearchStrategy: all) did not find any beans (OnBeanCondition)

   WebMvcAutoConfiguration#formContentFilter matched:
      - @ConditionalOnProperty (spring.mvc.formcontent.filter.enabled) matched (OnPropertyCondition)
      - @ConditionalOnMissingBean (types: org.springframework.web.filter.FormContentFilter; SearchStrategy: all) did not find any beans (OnBeanCondition)

   WebMvcAutoConfiguration.EnableWebMvcConfiguration#flashMapManager matched:
      - @ConditionalOnMissingBean (names: flashMapManager; SearchStrategy: all) did not find any beans (OnBeanCondition)

   WebMvcAutoConfiguration.EnableWebMvcConfiguration#localeResolver matched:
      - @ConditionalOnMissingBean (names: localeResolver; SearchStrategy: all) did not find any beans (OnBeanCondition)

   WebMvcAutoConfiguration.EnableWebMvcConfiguration#themeResolver matched:
      - @ConditionalOnMissingBean (names: themeResolver; SearchStrategy: all) did not find any beans (OnBeanCondition)

   WebMvcAutoConfiguration.WebMvcAutoConfigurationAdapter#defaultViewResolver matched:
      - @ConditionalOnMissingBean (types: org.springframework.web.servlet.view.InternalResourceViewResolver; SearchStrategy: all) did not find any beans (OnBeanCondition)

   WebMvcAutoConfiguration.WebMvcAutoConfigurationAdapter#requestContextFilter matched:
      - @ConditionalOnMissingBean (types: org.springframework.web.context.request.RequestContextListener,org.springframework.web.filter.RequestContextFilter; SearchStrategy: all) did not find any beans (OnBeanCondition)

   WebMvcAutoConfiguration.WebMvcAutoConfigurationAdapter#viewResolver matched:
      - @ConditionalOnBean (types: org.springframework.web.servlet.ViewResolver; SearchStrategy: all) found beans 'defaultViewResolver', 'beanNameViewResolver', 'mvcViewResolver'; @ConditionalOnMissingBean (names: viewResolver types: org.springframework.web.servlet.view.ContentNegotiatingViewResolver; SearchStrategy: all) did not find any beans (OnBeanCondition)

   WebSocketServletAutoConfiguration matched:
      - @ConditionalOnClass found required classes 'jakarta.servlet.Servlet', 'jakarta.websocket.server.ServerContainer' (OnClassCondition)
      - found 'session' scope (OnWebApplicationCondition)

   WebSocketServletAutoConfiguration.TomcatWebSocketConfiguration matched:
      - @ConditionalOnClass found required classes 'org.apache.catalina.startup.Tomcat', 'org.apache.tomcat.websocket.server.WsSci' (OnClassCondition)

   WebSocketServletAutoConfiguration.TomcatWebSocketConfiguration#websocketServletWebServerCustomizer matched:
      - @ConditionalOnMissingBean (names: websocketServletWebServerCustomizer; SearchStrategy: all) did not find any beans (OnBeanCondition)


Negative matches:
-----------------

   ActiveMQAutoConfiguration:
      Did not match:
         - @ConditionalOnClass did not find required class 'jakarta.jms.ConnectionFactory' (OnClassCondition)

   AopAutoConfiguration.AspectJAutoProxyingConfiguration.JdkDynamicAutoProxyConfiguration:
      Did not match:
         - @ConditionalOnProperty (spring.aop.proxy-target-class=false) did not find property 'proxy-target-class' (OnPropertyCondition)

   AopAutoConfiguration.ClassProxyingConfiguration:
      Did not match:
         - @ConditionalOnMissingClass found unwanted class 'org.aspectj.weaver.Advice' (OnClassCondition)

   ArtemisAutoConfiguration:
      Did not match:
         - @ConditionalOnClass did not find required class 'jakarta.jms.ConnectionFactory' (OnClassCondition)

   BatchAutoConfiguration:
      Did not match:
         - @ConditionalOnClass did not find required class 'org.springframework.batch.core.launch.JobLauncher' (OnClassCondition)

   Cache2kCacheConfiguration:
      Did not match:
         - @ConditionalOnClass did not find required class 'org.cache2k.Cache2kBuilder' (OnClassCondition)

   CacheAutoConfiguration:
      Did not match:
         - @ConditionalOnBean (types: org.springframework.cache.interceptor.CacheAspectSupport; SearchStrategy: all) did not find any beans of type org.springframework.cache.interceptor.CacheAspectSupport (OnBeanCondition)
      Matched:
         - @ConditionalOnClass found required class 'org.springframework.cache.CacheManager' (OnClassCondition)

   CacheAutoConfiguration.CacheManagerEntityManagerFactoryDependsOnPostProcessor:
      Did not match:
         - Ancestor org.springframework.boot.autoconfigure.cache.CacheAutoConfiguration did not match (ConditionEvaluationReport.AncestorsMatchedCondition)
      Matched:
         - @ConditionalOnClass found required class 'org.springframework.orm.jpa.LocalContainerEntityManagerFactoryBean' (OnClassCondition)

   CaffeineCacheConfiguration:
      Did not match:
         - @ConditionalOnClass did not find required class 'com.github.benmanes.caffeine.cache.Caffeine' (OnClassCondition)

   CassandraAutoConfiguration:
      Did not match:
         - @ConditionalOnClass did not find required class 'com.datastax.oss.driver.api.core.CqlSession' (OnClassCondition)

   CassandraDataAutoConfiguration:
      Did not match:
         - @ConditionalOnClass did not find required class 'com.datastax.oss.driver.api.core.CqlSession' (OnClassCondition)

   CassandraReactiveDataAutoConfiguration:
      Did not match:
         - @ConditionalOnClass did not find required class 'com.datastax.oss.driver.api.core.CqlSession' (OnClassCondition)

   CassandraReactiveRepositoriesAutoConfiguration:
      Did not match:
         - @ConditionalOnClass did not find required class 'org.springframework.data.cassandra.ReactiveSession' (OnClassCondition)

   CassandraRepositoriesAutoConfiguration:
      Did not match:
         - @ConditionalOnClass did not find required class 'com.datastax.oss.driver.api.core.CqlSession' (OnClassCondition)

   ClientHttpConnectorFactoryConfiguration.HttpClient5:
      Did not match:
         - @ConditionalOnClass did not find required classes 'org.apache.hc.client5.http.impl.async.HttpAsyncClients', 'org.apache.hc.core5.http.nio.AsyncRequestProducer', 'org.apache.hc.core5.reactive.ReactiveResponseConsumer' (OnClassCondition)

   ClientHttpConnectorFactoryConfiguration.JdkClient:
      Did not match:
         - @ConditionalOnMissingBean (types: org.springframework.boot.autoconfigure.web.reactive.function.client.ClientHttpConnectorFactory; SearchStrategy: all) found beans of type 'org.springframework.boot.autoconfigure.web.reactive.function.client.ClientHttpConnectorFactory' reactorClientHttpConnectorFactory (OnBeanCondition)
      Matched:
         - @ConditionalOnClass found required class 'java.net.http.HttpClient' (OnClassCondition)

   CouchbaseAutoConfiguration:
      Did not match:
         - @ConditionalOnClass did not find required class 'com.couchbase.client.java.Cluster' (OnClassCondition)

   CouchbaseCacheConfiguration:
      Did not match:
         - @ConditionalOnClass did not find required class 'com.couchbase.client.java.Cluster' (OnClassCondition)

   CouchbaseDataAutoConfiguration:
      Did not match:
         - @ConditionalOnClass did not find required class 'com.couchbase.client.java.Bucket' (OnClassCondition)

   CouchbaseReactiveDataAutoConfiguration:
      Did not match:
         - @ConditionalOnClass did not find required class 'com.couchbase.client.java.Cluster' (OnClassCondition)

   CouchbaseReactiveRepositoriesAutoConfiguration:
      Did not match:
         - @ConditionalOnClass did not find required class 'com.couchbase.client.java.Cluster' (OnClassCondition)

   CouchbaseRepositoriesAutoConfiguration:
      Did not match:
         - @ConditionalOnClass did not find required class 'com.couchbase.client.java.Bucket' (OnClassCondition)

   DataSourceAutoConfiguration.EmbeddedDatabaseConfiguration:
      Did not match:
         - EmbeddedDataSource spring.datasource.url is set (DataSourceAutoConfiguration.EmbeddedDatabaseCondition)

   DataSourceCheckpointRestoreConfiguration:
      Did not match:
         - @ConditionalOnClass did not find required class 'org.crac.Resource' (OnClassCondition)

   DataSourceConfiguration.Dbcp2:
      Did not match:
         - @ConditionalOnClass did not find required class 'org.apache.commons.dbcp2.BasicDataSource' (OnClassCondition)

   DataSourceConfiguration.Generic:
      Did not match:
         - @ConditionalOnProperty (spring.datasource.type) did not find property 'spring.datasource.type' (OnPropertyCondition)

   DataSourceConfiguration.OracleUcp:
      Did not match:
         - @ConditionalOnClass did not find required classes 'oracle.ucp.jdbc.PoolDataSourceImpl', 'oracle.jdbc.OracleConnection' (OnClassCondition)

   DataSourceConfiguration.Tomcat:
      Did not match:
         - @ConditionalOnClass did not find required class 'org.apache.tomcat.jdbc.pool.DataSource' (OnClassCondition)

   DataSourceJmxConfiguration:
      Did not match:
         - @ConditionalOnProperty (spring.jmx.enabled=true) found different value in property 'enabled' (OnPropertyCondition)

   DataSourcePoolMetadataProvidersConfiguration.CommonsDbcp2PoolDataSourceMetadataProviderConfiguration:
      Did not match:
         - @ConditionalOnClass did not find required class 'org.apache.commons.dbcp2.BasicDataSource' (OnClassCondition)

   DataSourcePoolMetadataProvidersConfiguration.OracleUcpPoolDataSourceMetadataProviderConfiguration:
      Did not match:
         - @ConditionalOnClass did not find required classes 'oracle.ucp.jdbc.PoolDataSource', 'oracle.jdbc.OracleConnection' (OnClassCondition)

   DataSourcePoolMetadataProvidersConfiguration.TomcatDataSourcePoolMetadataProviderConfiguration:
      Did not match:
         - @ConditionalOnClass did not find required class 'org.apache.tomcat.jdbc.pool.DataSource' (OnClassCondition)

   DataSourceTransactionManagerAutoConfiguration.JdbcTransactionManagerConfiguration#transactionManager:
      Did not match:
         - @ConditionalOnMissingBean (types: org.springframework.transaction.TransactionManager; SearchStrategy: all) found beans of type 'org.springframework.transaction.TransactionManager' transactionManager (OnBeanCondition)

   DispatcherServletAutoConfiguration.DispatcherServletConfiguration#multipartResolver:
      Did not match:
         - @ConditionalOnBean (types: org.springframework.web.multipart.MultipartResolver; SearchStrategy: all) did not find any beans of type org.springframework.web.multipart.MultipartResolver (OnBeanCondition)

   ElasticsearchClientAutoConfiguration:
      Did not match:
         - @ConditionalOnClass did not find required class 'co.elastic.clients.elasticsearch.ElasticsearchClient' (OnClassCondition)

   ElasticsearchDataAutoConfiguration:
      Did not match:
         - @ConditionalOnClass did not find required class 'org.springframework.data.elasticsearch.client.elc.ElasticsearchTemplate' (OnClassCondition)

   ElasticsearchRepositoriesAutoConfiguration:
      Did not match:
         - @ConditionalOnClass did not find required class 'org.springframework.data.elasticsearch.repository.ElasticsearchRepository' (OnClassCondition)

   ElasticsearchRestClientAutoConfiguration:
      Did not match:
         - @ConditionalOnClass did not find required class 'org.elasticsearch.client.RestClientBuilder' (OnClassCondition)

   EmbeddedLdapAutoConfiguration:
      Did not match:
         - @ConditionalOnClass did not find required class 'com.unboundid.ldap.listener.InMemoryDirectoryServer' (OnClassCondition)

   EmbeddedWebServerFactoryCustomizerAutoConfiguration:
      Did not match:
         - Application is deployed as a WAR file. (OnWarDeploymentCondition)
      Matched:
         - @ConditionalOnWebApplication (required) found 'session' scope (OnWebApplicationCondition)

   ErrorWebFluxAutoConfiguration:
      Did not match:
         - not a reactive web application (OnWebApplicationCondition)
      Matched:
         - @ConditionalOnClass found required class 'org.springframework.web.reactive.config.WebFluxConfigurer' (OnClassCondition)

   FlywayAutoConfiguration:
      Did not match:
         - @ConditionalOnClass did not find required class 'org.flywaydb.core.Flyway' (OnClassCondition)

   FreeMarkerAutoConfiguration:
      Did not match:
         - @ConditionalOnClass did not find required class 'freemarker.template.Configuration' (OnClassCondition)

   GraphQlAutoConfiguration:
      Did not match:
         - @ConditionalOnClass did not find required class 'graphql.GraphQL' (OnClassCondition)

   GraphQlQueryByExampleAutoConfiguration:
      Did not match:
         - @ConditionalOnClass did not find required class 'graphql.GraphQL' (OnClassCondition)

   GraphQlQuerydslAutoConfiguration:
      Did not match:
         - @ConditionalOnClass did not find required class 'com.querydsl.core.Query' (OnClassCondition)

   GraphQlRSocketAutoConfiguration:
      Did not match:
         - @ConditionalOnClass did not find required class 'graphql.GraphQL' (OnClassCondition)

   GraphQlReactiveQueryByExampleAutoConfiguration:
      Did not match:
         - @ConditionalOnClass did not find required class 'graphql.GraphQL' (OnClassCondition)

   GraphQlReactiveQuerydslAutoConfiguration:
      Did not match:
         - @ConditionalOnClass did not find required class 'com.querydsl.core.Query' (OnClassCondition)

   GraphQlWebFluxAutoConfiguration:
      Did not match:
         - @ConditionalOnClass did not find required class 'graphql.GraphQL' (OnClassCondition)

   GraphQlWebFluxSecurityAutoConfiguration:
      Did not match:
         - @ConditionalOnClass did not find required class 'graphql.GraphQL' (OnClassCondition)

   GraphQlWebMvcAutoConfiguration:
      Did not match:
         - @ConditionalOnClass did not find required class 'graphql.GraphQL' (OnClassCondition)

   GraphQlWebMvcSecurityAutoConfiguration:
      Did not match:
         - @ConditionalOnClass did not find required class 'graphql.GraphQL' (OnClassCondition)

   GroovyTemplateAutoConfiguration:
      Did not match:
         - @ConditionalOnClass did not find required class 'groovy.text.markup.MarkupTemplateEngine' (OnClassCondition)

   GsonAutoConfiguration:
      Did not match:
         - @ConditionalOnClass did not find required class 'com.google.gson.Gson' (OnClassCondition)

   GsonHttpMessageConvertersConfiguration:
      Did not match:
         - @ConditionalOnClass did not find required class 'com.google.gson.Gson' (OnClassCondition)

   H2ConsoleAutoConfiguration:
      Did not match:
         - @ConditionalOnClass did not find required class 'org.h2.server.web.JakartaWebServlet' (OnClassCondition)

   HazelcastAutoConfiguration:
      Did not match:
         - @ConditionalOnClass did not find required class 'com.hazelcast.core.HazelcastInstance' (OnClassCondition)

   HazelcastCacheConfiguration:
      Did not match:
         - @ConditionalOnClass did not find required class 'com.hazelcast.core.HazelcastInstance' (OnClassCondition)

   HazelcastJpaDependencyAutoConfiguration:
      Did not match:
         - @ConditionalOnClass did not find required class 'com.hazelcast.core.HazelcastInstance' (OnClassCondition)

   HttpHandlerAutoConfiguration:
      Did not match:
         - not a reactive web application (OnWebApplicationCondition)
      Matched:
         - @ConditionalOnClass found required classes 'org.springframework.web.reactive.DispatcherHandler', 'org.springframework.http.server.reactive.HttpHandler' (OnClassCondition)

   HypermediaAutoConfiguration:
      Did not match:
         - @ConditionalOnClass did not find required class 'org.springframework.hateoas.EntityModel' (OnClassCondition)

   InfinispanCacheConfiguration:
      Did not match:
         - @ConditionalOnClass did not find required class 'org.infinispan.spring.embedded.provider.SpringEmbeddedCacheManager' (OnClassCondition)

   InfluxDbAutoConfiguration:
      Did not match:
         - @ConditionalOnClass did not find required class 'org.influxdb.InfluxDB' (OnClassCondition)

   IntegrationAutoConfiguration:
      Did not match:
         - @ConditionalOnClass did not find required class 'org.springframework.integration.config.EnableIntegration' (OnClassCondition)

   JCacheCacheConfiguration:
      Did not match:
         - @ConditionalOnClass did not find required class 'javax.cache.Caching' (OnClassCondition)

   JacksonHttpMessageConvertersConfiguration.MappingJackson2XmlHttpMessageConverterConfiguration:
      Did not match:
         - @ConditionalOnClass did not find required class 'com.fasterxml.jackson.dataformat.xml.XmlMapper' (OnClassCondition)

   JdbcRepositoriesAutoConfiguration:
      Did not match:
         - @ConditionalOnClass did not find required class 'org.springframework.data.jdbc.repository.config.AbstractJdbcConfiguration' (OnClassCondition)

   JerseyAutoConfiguration:
      Did not match:
         - @ConditionalOnClass did not find required class 'org.glassfish.jersey.server.spring.SpringComponentProvider' (OnClassCondition)

   JmsAutoConfiguration:
      Did not match:
         - @ConditionalOnClass did not find required class 'jakarta.jms.Message' (OnClassCondition)

   JmxAutoConfiguration:
      Did not match:
         - @ConditionalOnProperty (spring.jmx.enabled=true) found different value in property 'enabled' (OnPropertyCondition)
      Matched:
         - @ConditionalOnClass found required class 'org.springframework.jmx.export.MBeanExporter' (OnClassCondition)

   JndiConnectionFactoryAutoConfiguration:
      Did not match:
         - @ConditionalOnClass did not find required class 'org.springframework.jms.core.JmsTemplate' (OnClassCondition)

   JndiDataSourceAutoConfiguration:
      Did not match:
         - @ConditionalOnProperty (spring.datasource.jndi-name) did not find property 'jndi-name' (OnPropertyCondition)
      Matched:
         - @ConditionalOnClass found required classes 'javax.sql.DataSource', 'org.springframework.jdbc.datasource.embedded.EmbeddedDatabaseType' (OnClassCondition)

   JndiJtaConfiguration:
      Did not match:
         - @ConditionalOnJndi JNDI environment is not available (OnJndiCondition)
      Matched:
         - @ConditionalOnClass found required class 'org.springframework.transaction.jta.JtaTransactionManager' (OnClassCondition)

   JooqAutoConfiguration:
      Did not match:
         - @ConditionalOnClass did not find required class 'org.jooq.DSLContext' (OnClassCondition)

   JpaRepositoriesAutoConfiguration#entityManagerFactoryBootstrapExecutorCustomizer:
      Did not match:
         - AnyNestedCondition 0 matched 2 did not; NestedCondition on JpaRepositoriesAutoConfiguration.BootstrapExecutorCondition.LazyBootstrapMode @ConditionalOnProperty (spring.data.jpa.repositories.bootstrap-mode=lazy) did not find property 'bootstrap-mode'; NestedCondition on JpaRepositoriesAutoConfiguration.BootstrapExecutorCondition.DeferredBootstrapMode @ConditionalOnProperty (spring.data.jpa.repositories.bootstrap-mode=deferred) did not find property 'bootstrap-mode' (JpaRepositoriesAutoConfiguration.BootstrapExecutorCondition)

   JsonbAutoConfiguration:
      Did not match:
         - @ConditionalOnClass did not find required class 'jakarta.json.bind.Jsonb' (OnClassCondition)

   JsonbHttpMessageConvertersConfiguration:
      Did not match:
         - @ConditionalOnClass did not find required class 'jakarta.json.bind.Jsonb' (OnClassCondition)

   KafkaAutoConfiguration:
      Did not match:
         - @ConditionalOnClass did not find required class 'org.springframework.kafka.core.KafkaTemplate' (OnClassCondition)

   LdapAutoConfiguration:
      Did not match:
         - @ConditionalOnClass did not find required class 'org.springframework.ldap.core.ContextSource' (OnClassCondition)

   LdapRepositoriesAutoConfiguration:
      Did not match:
         - @ConditionalOnClass did not find required class 'org.springframework.data.ldap.repository.LdapRepository' (OnClassCondition)

   LiquibaseAutoConfiguration:
      Did not match:
         - @ConditionalOnClass did not find required class 'liquibase.change.DatabaseChange' (OnClassCondition)

   MailSenderAutoConfiguration:
      Did not match:
         - @ConditionalOnClass did not find required class 'jakarta.mail.internet.MimeMessage' (OnClassCondition)

   MailSenderValidatorAutoConfiguration:
      Did not match:
         - @ConditionalOnSingleCandidate did not find required type 'org.springframework.mail.javamail.JavaMailSenderImpl' (OnBeanCondition)

   MessageSourceAutoConfiguration:
      Did not match:
         - ResourceBundle did not find bundle with basename messages (MessageSourceAutoConfiguration.ResourceBundleCondition)

   MongoAutoConfiguration:
      Did not match:
         - @ConditionalOnClass did not find required class 'com.mongodb.client.MongoClient' (OnClassCondition)

   MongoDataAutoConfiguration:
      Did not match:
         - @ConditionalOnClass did not find required class 'com.mongodb.client.MongoClient' (OnClassCondition)

   MongoReactiveAutoConfiguration:
      Did not match:
         - @ConditionalOnClass did not find required class 'com.mongodb.reactivestreams.client.MongoClient' (OnClassCondition)

   MongoReactiveDataAutoConfiguration:
      Did not match:
         - @ConditionalOnClass did not find required class 'com.mongodb.reactivestreams.client.MongoClient' (OnClassCondition)

   MongoReactiveRepositoriesAutoConfiguration:
      Did not match:
         - @ConditionalOnClass did not find required class 'com.mongodb.reactivestreams.client.MongoClient' (OnClassCondition)

   MongoRepositoriesAutoConfiguration:
      Did not match:
         - @ConditionalOnClass did not find required class 'com.mongodb.client.MongoClient' (OnClassCondition)

   MustacheAutoConfiguration:
      Did not match:
         - @ConditionalOnClass did not find required class 'com.samskivert.mustache.Mustache' (OnClassCondition)

   Neo4jAutoConfiguration:
      Did not match:
         - @ConditionalOnClass did not find required class 'org.neo4j.driver.Driver' (OnClassCondition)

   Neo4jDataAutoConfiguration:
      Did not match:
         - @ConditionalOnClass did not find required class 'org.neo4j.driver.Driver' (OnClassCondition)

   Neo4jReactiveDataAutoConfiguration:
      Did not match:
         - @ConditionalOnClass did not find required class 'org.neo4j.driver.Driver' (OnClassCondition)

   Neo4jReactiveRepositoriesAutoConfiguration:
      Did not match:
         - @ConditionalOnClass did not find required class 'org.neo4j.driver.Driver' (OnClassCondition)

   Neo4jRepositoriesAutoConfiguration:
      Did not match:
         - @ConditionalOnClass did not find required class 'org.neo4j.driver.Driver' (OnClassCondition)

   OAuth2AuthorizationServerAutoConfiguration:
      Did not match:
         - @ConditionalOnClass did not find required class 'org.springframework.security.oauth2.server.authorization.OAuth2Authorization' (OnClassCondition)

   OAuth2AuthorizationServerJwtAutoConfiguration:
      Did not match:
         - @ConditionalOnClass did not find required class 'org.springframework.security.oauth2.server.authorization.OAuth2Authorization' (OnClassCondition)

   OAuth2ClientAutoConfiguration:
      Did not match:
         - @ConditionalOnClass did not find required class 'org.springframework.security.config.annotation.web.configuration.EnableWebSecurity' (OnClassCondition)

   OAuth2ResourceServerAutoConfiguration:
      Did not match:
         - @ConditionalOnClass did not find required class 'org.springframework.security.oauth2.server.resource.authentication.BearerTokenAuthenticationToken' (OnClassCondition)

   ProjectInfoAutoConfiguration#buildProperties:
      Did not match:
         - @ConditionalOnResource did not find resource '${spring.info.build.location:classpath:META-INF/build-info.properties}' (OnResourceCondition)

   ProjectInfoAutoConfiguration#gitProperties:
      Did not match:
         - GitResource did not find git info at classpath:git.properties (ProjectInfoAutoConfiguration.GitResourceAvailableCondition)

   PulsarAutoConfiguration:
      Did not match:
         - @ConditionalOnClass did not find required class 'org.apache.pulsar.client.api.PulsarClient' (OnClassCondition)

   PulsarReactiveAutoConfiguration:
      Did not match:
         - @ConditionalOnClass did not find required class 'org.apache.pulsar.client.api.PulsarClient' (OnClassCondition)

   QuartzAutoConfiguration:
      Did not match:
         - @ConditionalOnClass did not find required class 'org.quartz.Scheduler' (OnClassCondition)

   R2dbcAutoConfiguration:
      Did not match:
         - @ConditionalOnClass did not find required class 'io.r2dbc.spi.ConnectionFactory' (OnClassCondition)

   R2dbcDataAutoConfiguration:
      Did not match:
         - @ConditionalOnClass did not find required class 'org.springframework.data.r2dbc.core.R2dbcEntityTemplate' (OnClassCondition)

   R2dbcInitializationConfiguration:
      Did not match:
         - @ConditionalOnClass did not find required classes 'io.r2dbc.spi.ConnectionFactory', 'org.springframework.r2dbc.connection.init.DatabasePopulator' (OnClassCondition)

   R2dbcRepositoriesAutoConfiguration:
      Did not match:
         - @ConditionalOnClass did not find required class 'io.r2dbc.spi.ConnectionFactory' (OnClassCondition)

   R2dbcTransactionManagerAutoConfiguration:
      Did not match:
         - @ConditionalOnClass did not find required class 'org.springframework.r2dbc.connection.R2dbcTransactionManager' (OnClassCondition)

   RSocketGraphQlClientAutoConfiguration:
      Did not match:
         - @ConditionalOnClass did not find required class 'graphql.GraphQL' (OnClassCondition)

   RSocketMessagingAutoConfiguration:
      Did not match:
         - @ConditionalOnClass did not find required class 'io.rsocket.RSocket' (OnClassCondition)

   RSocketRequesterAutoConfiguration:
      Did not match:
         - @ConditionalOnClass did not find required class 'io.rsocket.RSocket' (OnClassCondition)

   RSocketSecurityAutoConfiguration:
      Did not match:
         - @ConditionalOnClass did not find required class 'org.springframework.security.rsocket.core.SecuritySocketAcceptorInterceptor' (OnClassCondition)

   RSocketServerAutoConfiguration:
      Did not match:
         - @ConditionalOnClass did not find required class 'io.rsocket.core.RSocketServer' (OnClassCondition)

   RSocketStrategiesAutoConfiguration:
      Did not match:
         - @ConditionalOnClass did not find required class 'io.rsocket.RSocket' (OnClassCondition)

   RabbitAutoConfiguration:
      Did not match:
         - @ConditionalOnClass did not find required class 'com.rabbitmq.client.Channel' (OnClassCondition)

   ReactiveElasticsearchClientAutoConfiguration:
      Did not match:
         - @ConditionalOnClass did not find required class 'co.elastic.clients.transport.ElasticsearchTransport' (OnClassCondition)

   ReactiveElasticsearchRepositoriesAutoConfiguration:
      Did not match:
         - @ConditionalOnClass did not find required class 'org.springframework.data.elasticsearch.client.elc.ReactiveElasticsearchClient' (OnClassCondition)

   ReactiveMultipartAutoConfiguration:
      Did not match:
         - not a reactive web application (OnWebApplicationCondition)
      Matched:
         - @ConditionalOnClass found required classes 'org.springframework.http.codec.multipart.DefaultPartHttpMessageReader', 'org.springframework.web.reactive.config.WebFluxConfigurer' (OnClassCondition)

   ReactiveOAuth2ClientAutoConfiguration:
      Did not match:
         - @ConditionalOnClass did not find required class 'org.springframework.security.config.annotation.web.reactive.EnableWebFluxSecurity' (OnClassCondition)

   ReactiveOAuth2ResourceServerAutoConfiguration:
      Did not match:
         - @ConditionalOnClass did not find required class 'org.springframework.security.config.annotation.web.reactive.EnableWebFluxSecurity' (OnClassCondition)

   ReactiveSecurityAutoConfiguration:
      Did not match:
         - @ConditionalOnClass did not find required class 'org.springframework.security.config.annotation.web.reactive.EnableWebFluxSecurity' (OnClassCondition)

   ReactiveUserDetailsServiceAutoConfiguration:
      Did not match:
         - @ConditionalOnClass did not find required class 'org.springframework.security.authentication.ReactiveAuthenticationManager' (OnClassCondition)

   ReactiveWebServerFactoryAutoConfiguration:
      Did not match:
         - not a reactive web application (OnWebApplicationCondition)
      Matched:
         - @ConditionalOnClass found required class 'org.springframework.http.ReactiveHttpInputMessage' (OnClassCondition)

   RedisAutoConfiguration:
      Did not match:
         - @ConditionalOnClass did not find required class 'org.springframework.data.redis.core.RedisOperations' (OnClassCondition)

   RedisCacheConfiguration:
      Did not match:
         - @ConditionalOnClass did not find required class 'org.springframework.data.redis.connection.RedisConnectionFactory' (OnClassCondition)

   RedisReactiveAutoConfiguration:
      Did not match:
         - @ConditionalOnClass did not find required class 'org.springframework.data.redis.connection.ReactiveRedisConnectionFactory' (OnClassCondition)

   RedisRepositoriesAutoConfiguration:
      Did not match:
         - @ConditionalOnClass did not find required class 'org.springframework.data.redis.repository.configuration.EnableRedisRepositories' (OnClassCondition)

   RepositoryRestMvcAutoConfiguration:
      Did not match:
         - @ConditionalOnClass did not find required class 'org.springframework.data.rest.webmvc.config.RepositoryRestMvcConfiguration' (OnClassCondition)

   Saml2RelyingPartyAutoConfiguration:
      Did not match:
         - @ConditionalOnClass did not find required class 'org.springframework.security.saml2.provider.service.registration.RelyingPartyRegistrationRepository' (OnClassCondition)

   SecurityAutoConfiguration:
      Did not match:
         - @ConditionalOnClass did not find required class 'org.springframework.security.authentication.DefaultAuthenticationEventPublisher' (OnClassCondition)

   SecurityFilterAutoConfiguration:
      Did not match:
         - @ConditionalOnClass did not find required class 'org.springframework.security.config.http.SessionCreationPolicy' (OnClassCondition)

   SendGridAutoConfiguration:
      Did not match:
         - @ConditionalOnClass did not find required class 'com.sendgrid.SendGrid' (OnClassCondition)

   ServletWebServerFactoryAutoConfiguration.ForwardedHeaderFilterConfiguration:
      Did not match:
         - @ConditionalOnProperty (server.forward-headers-strategy=framework) did not find property 'server.forward-headers-strategy' (OnPropertyCondition)

   ServletWebServerFactoryConfiguration.EmbeddedJetty:
      Did not match:
         - @ConditionalOnClass did not find required classes 'org.eclipse.jetty.server.Server', 'org.eclipse.jetty.util.Loader', 'org.eclipse.jetty.ee10.webapp.WebAppContext' (OnClassCondition)

   ServletWebServerFactoryConfiguration.EmbeddedUndertow:
      Did not match:
         - @ConditionalOnClass did not find required classes 'io.undertow.Undertow', 'org.xnio.SslClientAuthMode' (OnClassCondition)

   SessionAutoConfiguration:
      Did not match:
         - @ConditionalOnClass did not find required class 'org.springframework.session.Session' (OnClassCondition)

   SpringApplicationAdminJmxAutoConfiguration:
      Did not match:
         - @ConditionalOnProperty (spring.application.admin.enabled=true) did not find property 'enabled' (OnPropertyCondition)

   TaskExecutorConfigurations.SimpleAsyncTaskExecutorBuilderConfiguration#simpleAsyncTaskExecutorBuilderVirtualThreads:
      Did not match:
         - @ConditionalOnMissingBean (types: org.springframework.boot.task.SimpleAsyncTaskExecutorBuilder; SearchStrategy: all) found beans of type 'org.springframework.boot.task.SimpleAsyncTaskExecutorBuilder' simpleAsyncTaskExecutorBuilder (OnBeanCondition)

   TaskExecutorConfigurations.TaskExecutorConfiguration#applicationTaskExecutorVirtualThreads:
      Did not match:
         - @ConditionalOnThreading did not find VIRTUAL (OnThreadingCondition)

   TaskSchedulingAutoConfiguration#scheduledBeanLazyInitializationExcludeFilter:
      Did not match:
         - @ConditionalOnBean (names: org.springframework.context.annotation.internalScheduledAnnotationProcessor; SearchStrategy: all) did not find any beans named org.springframework.context.annotation.internalScheduledAnnotationProcessor (OnBeanCondition)

   TaskSchedulingConfigurations.SimpleAsyncTaskSchedulerBuilderConfiguration#simpleAsyncTaskSchedulerBuilderVirtualThreads:
      Did not match:
         - @ConditionalOnMissingBean (types: org.springframework.boot.task.SimpleAsyncTaskSchedulerBuilder; SearchStrategy: all) found beans of type 'org.springframework.boot.task.SimpleAsyncTaskSchedulerBuilder' simpleAsyncTaskSchedulerBuilder (OnBeanCondition)

   TaskSchedulingConfigurations.TaskSchedulerConfiguration:
      Did not match:
         - @ConditionalOnBean (names: org.springframework.context.annotation.internalScheduledAnnotationProcessor; SearchStrategy: all) did not find any beans named org.springframework.context.annotation.internalScheduledAnnotationProcessor (OnBeanCondition)

   ThymeleafAutoConfiguration:
      Did not match:
         - @ConditionalOnClass did not find required class 'org.thymeleaf.spring6.SpringTemplateEngine' (OnClassCondition)

   TransactionAutoConfiguration#transactionalOperator:
      Did not match:
         - @ConditionalOnSingleCandidate (types: org.springframework.transaction.ReactiveTransactionManager; SearchStrategy: all) did not find any beans (OnBeanCondition)

   TransactionAutoConfiguration.AspectJTransactionManagementConfiguration:
      Did not match:
         - @ConditionalOnBean (types: org.springframework.transaction.aspectj.AbstractTransactionAspect; SearchStrategy: all) did not find any beans of type org.springframework.transaction.aspectj.AbstractTransactionAspect (OnBeanCondition)

   TransactionAutoConfiguration.EnableTransactionManagementConfiguration.JdkDynamicAutoProxyConfiguration:
      Did not match:
         - @ConditionalOnProperty (spring.aop.proxy-target-class=false) did not find property 'proxy-target-class' (OnPropertyCondition)

   UserDetailsServiceAutoConfiguration:
      Did not match:
         - @ConditionalOnClass did not find required class 'org.springframework.security.authentication.AuthenticationManager' (OnClassCondition)

   ValidationAutoConfiguration:
      Did not match:
         - @ConditionalOnClass did not find required class 'jakarta.validation.executable.ExecutableValidator' (OnClassCondition)

   WebFluxAutoConfiguration:
      Did not match:
         - not a reactive web application (OnWebApplicationCondition)
      Matched:
         - @ConditionalOnClass found required class 'org.springframework.web.reactive.config.WebFluxConfigurer' (OnClassCondition)

   WebMvcAutoConfiguration#hiddenHttpMethodFilter:
      Did not match:
         - @ConditionalOnProperty (spring.mvc.hiddenmethod.filter.enabled) did not find property 'enabled' (OnPropertyCondition)

   WebMvcAutoConfiguration.ProblemDetailsErrorHandlingConfiguration:
      Did not match:
         - @ConditionalOnProperty (spring.mvc.problemdetails.enabled=true) did not find property 'enabled' (OnPropertyCondition)

   WebMvcAutoConfiguration.ResourceChainCustomizerConfiguration:
      Did not match:
         - @ConditionalOnEnabledResourceChain did not find class org.webjars.WebJarAssetLocator (OnEnabledResourceChainCondition)

   WebMvcAutoConfiguration.WebMvcAutoConfigurationAdapter#beanNameViewResolver:
      Did not match:
         - @ConditionalOnMissingBean (types: org.springframework.web.servlet.view.BeanNameViewResolver; SearchStrategy: all) found beans of type 'org.springframework.web.servlet.view.BeanNameViewResolver' beanNameViewResolver (OnBeanCondition)

   WebServiceTemplateAutoConfiguration:
      Did not match:
         - @ConditionalOnClass did not find required class 'org.springframework.oxm.Marshaller' (OnClassCondition)

   WebServicesAutoConfiguration:
      Did not match:
         - @ConditionalOnClass did not find required class 'org.springframework.ws.transport.http.MessageDispatcherServlet' (OnClassCondition)

   WebSessionIdResolverAutoConfiguration:
      Did not match:
         - not a reactive web application (OnWebApplicationCondition)
      Matched:
         - @ConditionalOnClass found required classes 'org.springframework.web.server.session.WebSessionManager', 'reactor.core.publisher.Mono' (OnClassCondition)

   WebSocketMessagingAutoConfiguration:
      Did not match:
         - @ConditionalOnClass did not find required class 'org.springframework.web.socket.config.annotation.WebSocketMessageBrokerConfigurer' (OnClassCondition)

   WebSocketReactiveAutoConfiguration:
      Did not match:
         - not a reactive web application (OnWebApplicationCondition)
      Matched:
         - @ConditionalOnClass found required classes 'jakarta.servlet.Servlet', 'jakarta.websocket.server.ServerContainer' (OnClassCondition)

   WebSocketServletAutoConfiguration.JettyWebSocketConfiguration:
      Did not match:
         - @ConditionalOnClass did not find required class 'org.eclipse.jetty.ee10.websocket.jakarta.server.config.JakartaWebSocketServletContainerInitializer' (OnClassCondition)

   WebSocketServletAutoConfiguration.UndertowWebSocketConfiguration:
      Did not match:
         - @ConditionalOnClass did not find required class 'io.undertow.websockets.jsr.Bootstrap' (OnClassCondition)

   XADataSourceAutoConfiguration:
      Did not match:
         - @ConditionalOnBean (types: org.springframework.boot.jdbc.XADataSourceWrapper; SearchStrategy: all) did not find any beans of type org.springframework.boot.jdbc.XADataSourceWrapper (OnBeanCondition)
      Matched:
         - @ConditionalOnClass found required classes 'javax.sql.DataSource', 'jakarta.transaction.TransactionManager', 'org.springframework.jdbc.datasource.embedded.EmbeddedDatabaseType' (OnClassCondition)


Exclusions:
-----------

    None


Unconditional classes:
----------------------

    org.springframework.boot.autoconfigure.context.ConfigurationPropertiesAutoConfiguration

    org.springframework.boot.autoconfigure.ssl.SslAutoConfiguration

    org.springframework.boot.autoconfigure.context.PropertyPlaceholderAutoConfiguration

    org.springframework.boot.autoconfigure.context.LifecycleAutoConfiguration

    org.springframework.boot.autoconfigure.availability.ApplicationAvailabilityAutoConfiguration

    org.springframework.boot.autoconfigure.info.ProjectInfoAutoConfiguration



2024-09-28T22:19:47.925-05:00  INFO 3320 --- [Store] [    Test worker] com.Store.Store.StoreApplicationTests    : Started StoreApplicationTests in 16.699 seconds (process running for 22.187)
2024-09-28T22:19:47.930-05:00 DEBUG 3320 --- [Store] [    Test worker] o.s.b.a.ApplicationAvailabilityBean      : Application availability state LivenessState changed to CORRECT
2024-09-28T22:19:47.963-05:00  INFO 3320 --- [Store] [    Test worker] com.Store.Store.StoreApplication         : ========================== Memory Info ==========================
2024-09-28T22:19:47.963-05:00  INFO 3320 --- [Store] [    Test worker] com.Store.Store.StoreApplication         : Free memory: 25 MB
2024-09-28T22:19:47.963-05:00  INFO 3320 --- [Store] [    Test worker] com.Store.Store.StoreApplication         : Allocated memory: 57 MB
2024-09-28T22:19:47.963-05:00  INFO 3320 --- [Store] [    Test worker] com.Store.Store.StoreApplication         : Max memory: 512 MB
2024-09-28T22:19:47.964-05:00  INFO 3320 --- [Store] [    Test worker] com.Store.Store.StoreApplication         : Total free memory: 480 MB
2024-09-28T22:19:47.964-05:00  INFO 3320 --- [Store] [    Test worker] com.Store.Store.StoreApplication         : =================================================================
2024-09-28T22:19:47.965-05:00 DEBUG 3320 --- [Store] [    Test worker] o.s.b.a.ApplicationAvailabilityBean      : Application availability state ReadinessState changed to ACCEPTING_TRAFFIC
2024-09-28T22:19:47.968-05:00 DEBUG 3320 --- [Store] [    Test worker] org.springframework.test.context.cache   : Spring test ApplicationContext cache statistics: [DefaultContextCache@173da924 size = 1, maxSize = 32, parentContextCount = 0, hitCount = 0, missCount = 1, failureCount = 0]
2024-09-28T22:19:47.969-05:00 DEBUG 3320 --- [Store] [    Test worker] o.s.t.c.w.ServletTestExecutionListener   : Setting up MockHttpServletRequest, MockHttpServletResponse, ServletWebRequest, and RequestContextHolder for test class com.Store.Store.StoreApplicationTests
2024-09-28T22:19:47.990-05:00 DEBUG 3320 --- [Store] [    Test worker] DependencyInjectionTestExecutionListener : Performing dependency injection for test class com.Store.Store.StoreApplicationTests
2024-09-28T22:19:47.991-05:00 DEBUG 3320 --- [Store] [    Test worker] org.springframework.test.context.cache   : Spring test ApplicationContext cache statistics: [DefaultContextCache@173da924 size = 1, maxSize = 32, parentContextCount = 0, hitCount = 1, missCount = 1, failureCount = 0]
2024-09-28T22:19:47.993-05:00 DEBUG 3320 --- [Store] [    Test worker] org.springframework.test.context.cache   : Spring test ApplicationContext cache statistics: [DefaultContextCache@173da924 size = 1, maxSize = 32, parentContextCount = 0, hitCount = 2, missCount = 1, failureCount = 0]
2024-09-28T22:19:48.010-05:00 DEBUG 3320 --- [Store] [    Test worker] sContextBeforeModesTestExecutionListener : Before test method: class [StoreApplicationTests], method [contextLoads], class annotated with @DirtiesContext [false] with mode [null], method annotated with @DirtiesContext [false] with mode [null]
2024-09-28T22:19:48.022-05:00 DEBUG 3320 --- [Store] [    Test worker] org.springframework.test.context.cache   : Spring test ApplicationContext cache statistics: [DefaultContextCache@173da924 size = 1, maxSize = 32, parentContextCount = 0, hitCount = 3, missCount = 1, failureCount = 0]
2024-09-28T22:19:48.023-05:00 DEBUG 3320 --- [Store] [    Test worker] org.springframework.test.context.cache   : Spring test ApplicationContext cache statistics: [DefaultContextCache@173da924 size = 1, maxSize = 32, parentContextCount = 0, hitCount = 4, missCount = 1, failureCount = 0]
2024-09-28T22:19:49.250-05:00 DEBUG 3320 --- [Store] [    Test worker] org.springframework.test.context.cache   : Spring test ApplicationContext cache statistics: [DefaultContextCache@173da924 size = 1, maxSize = 32, parentContextCount = 0, hitCount = 5, missCount = 1, failureCount = 0]
2024-09-28T22:19:49.282-05:00 DEBUG 3320 --- [Store] [    Test worker] org.springframework.test.context.cache   : Spring test ApplicationContext cache statistics: [DefaultContextCache@173da924 size = 1, maxSize = 32, parentContextCount = 0, hitCount = 6, missCount = 1, failureCount = 0]
2024-09-28T22:19:49.288-05:00 DEBUG 3320 --- [Store] [    Test worker] org.springframework.test.context.cache   : Spring test ApplicationContext cache statistics: [DefaultContextCache@173da924 size = 1, maxSize = 32, parentContextCount = 0, hitCount = 7, missCount = 1, failureCount = 0]
2024-09-28T22:19:49.294-05:00 DEBUG 3320 --- [Store] [    Test worker] org.springframework.test.context.cache   : Spring test ApplicationContext cache statistics: [DefaultContextCache@173da924 size = 1, maxSize = 32, parentContextCount = 0, hitCount = 8, missCount = 1, failureCount = 0]
2024-09-28T22:19:49.300-05:00 DEBUG 3320 --- [Store] [    Test worker] org.springframework.test.context.cache   : Spring test ApplicationContext cache statistics: [DefaultContextCache@173da924 size = 1, maxSize = 32, parentContextCount = 0, hitCount = 9, missCount = 1, failureCount = 0]
2024-09-28T22:19:49.307-05:00 DEBUG 3320 --- [Store] [    Test worker] org.springframework.test.context.cache   : Spring test ApplicationContext cache statistics: [DefaultContextCache@173da924 size = 1, maxSize = 32, parentContextCount = 0, hitCount = 10, missCount = 1, failureCount = 0]
2024-09-28T22:19:49.320-05:00 DEBUG 3320 --- [Store] [    Test worker] org.springframework.test.context.cache   : Spring test ApplicationContext cache statistics: [DefaultContextCache@173da924 size = 1, maxSize = 32, parentContextCount = 0, hitCount = 11, missCount = 1, failureCount = 0]
2024-09-28T22:19:49.323-05:00 DEBUG 3320 --- [Store] [    Test worker] .c.s.DirtiesContextTestExecutionListener : After test method: class [StoreApplicationTests], method [contextLoads], class annotated with @DirtiesContext [false] with mode [null], method annotated with @DirtiesContext [false] with mode [null]
2024-09-28T22:19:49.324-05:00 DEBUG 3320 --- [Store] [    Test worker] o.s.t.c.w.ServletTestExecutionListener   : Resetting RequestContextHolder for test class com.Store.Store.StoreApplicationTests
2024-09-28T22:19:49.350-05:00 DEBUG 3320 --- [Store] [    Test worker] org.springframework.test.context.cache   : Spring test ApplicationContext cache statistics: [DefaultContextCache@173da924 size = 1, maxSize = 32, parentContextCount = 0, hitCount = 12, missCount = 1, failureCount = 0]
2024-09-28T22:19:49.350-05:00 DEBUG 3320 --- [Store] [    Test worker] .c.s.DirtiesContextTestExecutionListener : After test class: class [StoreApplicationTests], class annotated with @DirtiesContext [false] with mode [null]
]]></system-out>
  <system-err><![CDATA[]]></system-err>
</testsuite>
