<?xml version="1.0" encoding="UTF-8"?>
<testsuite name="com.Store.Store.StoreApplicationTests" tests="1" skipped="0" failures="0" errors="0" timestamp="2024-09-28T21:25:03" hostname="PSOFKA0723" time="0.651">
  <properties/>
  <testcase name="contextLoads()" classname="com.Store.Store.StoreApplicationTests" time="0.651"/>
  <system-out><![CDATA[16:24:57.822 [Test worker] INFO org.springframework.test.context.support.AnnotationConfigContextLoaderUtils -- Could not detect default configuration classes for test class [com.Store.Store.StoreApplicationTests]: StoreApplicationTests does not declare any static, non-private, non-final, nested classes annotated with @Configuration.
16:24:57.935 [Test worker] INFO org.springframework.boot.test.context.SpringBootTestContextBootstrapper -- Found @SpringBootConfiguration com.Store.Store.StoreApplication for test class com.Store.Store.StoreApplicationTests

  .   ____          _            __ _ _
 /\\ / ___'_ __ _ _(_)_ __  __ _ \ \ \ \
( ( )\___ | '_ | '_| | '_ \/ _` | \ \ \ \
 \\/  ___)| |_)| | | | | || (_| |  ) ) ) )
  '  |____| .__|_| |_|_| |_\__, | / / / /
 =========|_|==============|___/=/_/_/_/

 :: Spring Boot ::                (v3.3.4)

2024-09-28T16:24:58.364-05:00  INFO 24096 --- [Store] [    Test worker] com.Store.Store.StoreApplicationTests    : Starting StoreApplicationTests using Java 17.0.11 with PID 24096 (started by leonel.borja in D:\Leobor\Store\Store)
2024-09-28T16:24:58.366-05:00  INFO 24096 --- [Store] [    Test worker] com.Store.Store.StoreApplicationTests    : No active profile set, falling back to 1 default profile: "default"
2024-09-28T16:24:59.120-05:00  INFO 24096 --- [Store] [    Test worker] .s.d.r.c.RepositoryConfigurationDelegate : Bootstrapping Spring Data JPA repositories in DEFAULT mode.
2024-09-28T16:24:59.259-05:00  INFO 24096 --- [Store] [    Test worker] .s.d.r.c.RepositoryConfigurationDelegate : Finished Spring Data repository scanning in 127 ms. Found 2 JPA repository interfaces.
2024-09-28T16:24:59.842-05:00  INFO 24096 --- [Store] [    Test worker] o.hibernate.jpa.internal.util.LogHelper  : HHH000204: Processing PersistenceUnitInfo [name: default]
2024-09-28T16:24:59.922-05:00  INFO 24096 --- [Store] [    Test worker] org.hibernate.Version                    : HHH000412: Hibernate ORM core version 6.5.3.Final
2024-09-28T16:24:59.971-05:00  INFO 24096 --- [Store] [    Test worker] o.h.c.internal.RegionFactoryInitiator    : HHH000026: Second-level cache disabled
2024-09-28T16:25:00.340-05:00  INFO 24096 --- [Store] [    Test worker] o.s.o.j.p.SpringPersistenceUnitInfo      : No LoadTimeWeaver setup: ignoring JPA class transformer
2024-09-28T16:25:00.366-05:00  INFO 24096 --- [Store] [    Test worker] com.zaxxer.hikari.HikariDataSource       : HikariPool-1 - Starting...
2024-09-28T16:25:00.719-05:00  INFO 24096 --- [Store] [    Test worker] com.zaxxer.hikari.pool.HikariPool        : HikariPool-1 - Added connection com.mysql.cj.jdbc.ConnectionImpl@413eaf5d
2024-09-28T16:25:00.721-05:00  INFO 24096 --- [Store] [    Test worker] com.zaxxer.hikari.HikariDataSource       : HikariPool-1 - Start completed.
2024-09-28T16:25:00.773-05:00  WARN 24096 --- [Store] [    Test worker] org.hibernate.orm.deprecation            : HHH90000025: MySQLDialect does not need to be specified explicitly using 'hibernate.dialect' (remove the property setting and it will be selected by default)
2024-09-28T16:25:01.589-05:00  INFO 24096 --- [Store] [    Test worker] o.h.e.t.j.p.i.JtaPlatformInitiator       : HHH000489: No JTA platform available (set 'hibernate.transaction.jta.platform' to enable JTA platform integration)
2024-09-28T16:25:01.646-05:00  INFO 24096 --- [Store] [    Test worker] j.LocalContainerEntityManagerFactoryBean : Initialized JPA EntityManagerFactory for persistence unit 'default'
2024-09-28T16:25:02.406-05:00  WARN 24096 --- [Store] [    Test worker] JpaBaseConfiguration$JpaWebConfiguration : spring.jpa.open-in-view is enabled by default. Therefore, database queries may be performed during view rendering. Explicitly configure spring.jpa.open-in-view to disable this warning
2024-09-28T16:25:02.970-05:00  INFO 24096 --- [Store] [    Test worker] com.Store.Store.StoreApplicationTests    : Started StoreApplicationTests in 4.817 seconds (process running for 6.209)
2024-09-28T16:25:02.977-05:00  INFO 24096 --- [Store] [    Test worker] com.Store.Store.StoreApplication         : ========================== Memory Info ==========================
2024-09-28T16:25:02.977-05:00  INFO 24096 --- [Store] [    Test worker] com.Store.Store.StoreApplication         : Free memory: 33 MB
2024-09-28T16:25:02.978-05:00  INFO 24096 --- [Store] [    Test worker] com.Store.Store.StoreApplication         : Allocated memory: 87 MB
2024-09-28T16:25:02.978-05:00  INFO 24096 --- [Store] [    Test worker] com.Store.Store.StoreApplication         : Max memory: 512 MB
2024-09-28T16:25:02.978-05:00  INFO 24096 --- [Store] [    Test worker] com.Store.Store.StoreApplication         : Total free memory: 458 MB
2024-09-28T16:25:02.978-05:00  INFO 24096 --- [Store] [    Test worker] com.Store.Store.StoreApplication         : =================================================================
]]></system-out>
  <system-err><![CDATA[]]></system-err>
</testsuite>
