<?xml version="1.0" encoding="UTF-8"?>
<testsuite name="com.Store.Store.StoreApplicationTests" tests="1" skipped="0" failures="0" errors="0" timestamp="2024-09-22T01:00:50" hostname="PSOFKA0723" time="0.624">
  <properties/>
  <testcase name="contextLoads()" classname="com.Store.Store.StoreApplicationTests" time="0.624"/>
  <system-out><![CDATA[20:00:43.080 [Test worker] INFO org.springframework.test.context.support.AnnotationConfigContextLoaderUtils -- Could not detect default configuration classes for test class [com.Store.Store.StoreApplicationTests]: StoreApplicationTests does not declare any static, non-private, non-final, nested classes annotated with @Configuration.
20:00:43.192 [Test worker] INFO org.springframework.boot.test.context.SpringBootTestContextBootstrapper -- Found @SpringBootConfiguration com.Store.Store.StoreApplication for test class com.Store.Store.StoreApplicationTests

  .   ____          _            __ _ _
 /\\ / ___'_ __ _ _(_)_ __  __ _ \ \ \ \
( ( )\___ | '_ | '_| | '_ \/ _` | \ \ \ \
 \\/  ___)| |_)| | | | | || (_| |  ) ) ) )
  '  |____| .__|_| |_|_| |_\__, | / / / /
 =========|_|==============|___/=/_/_/_/

 :: Spring Boot ::                (v3.3.4)

2024-09-21T20:00:43.625-05:00  INFO 3476 --- [Store] [    Test worker] com.Store.Store.StoreApplicationTests    : Starting StoreApplicationTests using Java 17.0.11 with PID 3476 (started by leonel.borja in D:\Leobor\Store\Store)
2024-09-21T20:00:43.628-05:00  INFO 3476 --- [Store] [    Test worker] com.Store.Store.StoreApplicationTests    : No active profile set, falling back to 1 default profile: "default"
2024-09-21T20:00:44.558-05:00  INFO 3476 --- [Store] [    Test worker] .s.d.r.c.RepositoryConfigurationDelegate : Bootstrapping Spring Data JPA repositories in DEFAULT mode.
2024-09-21T20:00:44.800-05:00  INFO 3476 --- [Store] [    Test worker] .s.d.r.c.RepositoryConfigurationDelegate : Finished Spring Data repository scanning in 231 ms. Found 1 JPA repository interface.
2024-09-21T20:00:45.397-05:00  INFO 3476 --- [Store] [    Test worker] o.hibernate.jpa.internal.util.LogHelper  : HHH000204: Processing PersistenceUnitInfo [name: default]
2024-09-21T20:00:45.465-05:00  INFO 3476 --- [Store] [    Test worker] org.hibernate.Version                    : HHH000412: Hibernate ORM core version 6.5.3.Final
2024-09-21T20:00:45.534-05:00  INFO 3476 --- [Store] [    Test worker] o.h.c.internal.RegionFactoryInitiator    : HHH000026: Second-level cache disabled
2024-09-21T20:00:45.981-05:00  INFO 3476 --- [Store] [    Test worker] o.s.o.j.p.SpringPersistenceUnitInfo      : No LoadTimeWeaver setup: ignoring JPA class transformer
2024-09-21T20:00:46.020-05:00  INFO 3476 --- [Store] [    Test worker] com.zaxxer.hikari.HikariDataSource       : HikariPool-1 - Starting...
2024-09-21T20:00:47.657-05:00  INFO 3476 --- [Store] [    Test worker] com.zaxxer.hikari.pool.HikariPool        : HikariPool-1 - Added connection org.postgresql.jdbc.PgConnection@bf4e48e
2024-09-21T20:00:47.659-05:00  INFO 3476 --- [Store] [    Test worker] com.zaxxer.hikari.HikariDataSource       : HikariPool-1 - Start completed.
2024-09-21T20:00:47.803-05:00  WARN 3476 --- [Store] [    Test worker] org.hibernate.orm.deprecation            : HHH90000025: PostgreSQLDialect does not need to be specified explicitly using 'hibernate.dialect' (remove the property setting and it will be selected by default)
2024-09-21T20:00:48.740-05:00  INFO 3476 --- [Store] [    Test worker] o.h.e.t.j.p.i.JtaPlatformInitiator       : HHH000489: No JTA platform available (set 'hibernate.transaction.jta.platform' to enable JTA platform integration)
2024-09-21T20:00:49.237-05:00  INFO 3476 --- [Store] [    Test worker] j.LocalContainerEntityManagerFactoryBean : Initialized JPA EntityManagerFactory for persistence unit 'default'
2024-09-21T20:00:49.883-05:00  WARN 3476 --- [Store] [    Test worker] JpaBaseConfiguration$JpaWebConfiguration : spring.jpa.open-in-view is enabled by default. Therefore, database queries may be performed during view rendering. Explicitly configure spring.jpa.open-in-view to disable this warning
2024-09-21T20:00:50.421-05:00  INFO 3476 --- [Store] [    Test worker] com.Store.Store.StoreApplicationTests    : Started StoreApplicationTests in 7.059 seconds (process running for 8.349)
2024-09-21T20:00:50.427-05:00  INFO 3476 --- [Store] [    Test worker] com.Store.Store.StoreApplication         : ========================== Memory Info ==========================
2024-09-21T20:00:50.428-05:00  INFO 3476 --- [Store] [    Test worker] com.Store.Store.StoreApplication         : Free memory: 17 MB
2024-09-21T20:00:50.428-05:00  INFO 3476 --- [Store] [    Test worker] com.Store.Store.StoreApplication         : Allocated memory: 52 MB
2024-09-21T20:00:50.428-05:00  INFO 3476 --- [Store] [    Test worker] com.Store.Store.StoreApplication         : Max memory: 512 MB
2024-09-21T20:00:50.428-05:00  INFO 3476 --- [Store] [    Test worker] com.Store.Store.StoreApplication         : Total free memory: 477 MB
2024-09-21T20:00:50.428-05:00  INFO 3476 --- [Store] [    Test worker] com.Store.Store.StoreApplication         : =================================================================
]]></system-out>
  <system-err><![CDATA[]]></system-err>
</testsuite>
